[ 2015-12-01T08:08:47+08:00 ]EXCEPTION: INSERT INTO lashou_category (`tid`,`cname`,`sort`,`pid`)VALUES(?,?,?,?) ;BindParams:array (
  0 => '7',
  1 => '照片冲印',
  2 => '0',
  3 => '81',
)23000;1062;Duplicate entry '照片冲印' for key 'cname'
[ 2015-12-01T08:08:56+08:00 ]EXCEPTION: INSERT INTO lashou_category (`tid`,`cname`,`sort`,`pid`)VALUES(?,?,?,?) ;BindParams:array (
  0 => '7',
  1 => '照片冲印',
  2 => '0',
  3 => '81',
)23000;1062;Duplicate entry '照片冲印' for key 'cname'
[ 2015-12-01T08:09:16+08:00 ]EXCEPTION: INSERT INTO lashou_category (`tid`,`cname`,`sort`,`pid`)VALUES(?,?,?,?) ;BindParams:array (
  0 => '7',
  1 => '照片冲印',
  2 => '0',
  3 => '81',
)23000;1062;Duplicate entry '照片冲印' for key 'cname'
[ 2015-12-01T08:25:17+08:00 ]EXCEPTION: INSERT INTO lashou_category (`tid`,`cname`,`sort`,`pid`)VALUES(?,?,?,?) ;BindParams:array (
  0 => '9',
  1 => '母婴玩具',
  2 => '0',
  3 => '110',
)23000;1062;Duplicate entry '母婴玩具' for key 'cname'
[ 2015-12-01T09:10:35+08:00 ]NOTICE: Undefined variable: tidD:\wamp\www\shangcheng\App\Admin\Controller\GoodsController.php (39).
[ 2015-12-01T15:59:48+08:00 ]NOTICE: Undefined variable: vD:\wamp\www\shangcheng\Storage\view\compile\ffcb0c0bd4ea3a4be866de63f55f6c30.php (22).
[ 2015-12-01T16:36:09+08:00 ]NOTICE: Undefined variable: typedataD:\wamp\www\shangcheng\Storage\view\compile\aeb5e996ca86586c48fe3dd3c337a98b.php (22).
[ 2015-12-01T16:36:09+08:00 ]NOTICE: Invalid argument supplied for foreach()D:\wamp\www\shangcheng\Storage\view\compile\aeb5e996ca86586c48fe3dd3c337a98b.php (22).
[ 2015-12-01T16:36:09+08:00 ]NOTICE: Undefined variable: cdataD:\wamp\www\shangcheng\Storage\view\compile\aeb5e996ca86586c48fe3dd3c337a98b.php (42).
[ 2015-12-01T16:36:09+08:00 ]NOTICE: Undefined variable: cdataD:\wamp\www\shangcheng\Storage\view\compile\aeb5e996ca86586c48fe3dd3c337a98b.php (43).
[ 2015-12-01T16:47:55+08:00 ]NOTICE: Undefined variable: typedataD:\wamp\www\shangcheng\Storage\view\compile\aeb5e996ca86586c48fe3dd3c337a98b.php (22).
[ 2015-12-01T16:47:55+08:00 ]NOTICE: Invalid argument supplied for foreach()D:\wamp\www\shangcheng\Storage\view\compile\aeb5e996ca86586c48fe3dd3c337a98b.php (22).
[ 2015-12-01T16:47:55+08:00 ]NOTICE: Undefined variable: cdataD:\wamp\www\shangcheng\Storage\view\compile\aeb5e996ca86586c48fe3dd3c337a98b.php (42).
[ 2015-12-01T16:47:55+08:00 ]NOTICE: Undefined variable: cdataD:\wamp\www\shangcheng\Storage\view\compile\aeb5e996ca86586c48fe3dd3c337a98b.php (43).
[ 2015-12-01T16:49:33+08:00 ]NOTICE: Undefined variable: cdataD:\wamp\www\shangcheng\Storage\view\compile\aeb5e996ca86586c48fe3dd3c337a98b.php (42).
[ 2015-12-01T16:49:33+08:00 ]NOTICE: Undefined variable: cdataD:\wamp\www\shangcheng\Storage\view\compile\aeb5e996ca86586c48fe3dd3c337a98b.php (43).
[ 2015-12-01T16:50:46+08:00 ]NOTICE: Undefined variable: cdataD:\wamp\www\shangcheng\Storage\view\compile\aeb5e996ca86586c48fe3dd3c337a98b.php (48).
[ 2015-12-01T16:50:46+08:00 ]NOTICE: Undefined variable: cdataD:\wamp\www\shangcheng\Storage\view\compile\aeb5e996ca86586c48fe3dd3c337a98b.php (49).
[ 2015-12-01T16:50:53+08:00 ]NOTICE: Undefined variable: cdataD:\wamp\www\shangcheng\Storage\view\compile\aeb5e996ca86586c48fe3dd3c337a98b.php (48).
[ 2015-12-01T16:50:53+08:00 ]NOTICE: Undefined variable: cdataD:\wamp\www\shangcheng\Storage\view\compile\aeb5e996ca86586c48fe3dd3c337a98b.php (49).
[ 2015-12-01T16:53:09+08:00 ]NOTICE: Use of undefined constant Admin - assumed 'Admin'D:\wamp\www\shangcheng\Storage\view\compile\aeb5e996ca86586c48fe3dd3c337a98b.php (10).
[ 2015-12-01T16:53:09+08:00 ]NOTICE: Use of undefined constant Category - assumed 'Category'D:\wamp\www\shangcheng\Storage\view\compile\aeb5e996ca86586c48fe3dd3c337a98b.php (10).
[ 2015-12-01T16:53:09+08:00 ]NOTICE: Division by zeroD:\wamp\www\shangcheng\Storage\view\compile\aeb5e996ca86586c48fe3dd3c337a98b.php (10).
[ 2015-12-01T16:53:09+08:00 ]NOTICE: Use of undefined constant editCategory - assumed 'editCategory'D:\wamp\www\shangcheng\Storage\view\compile\aeb5e996ca86586c48fe3dd3c337a98b.php (10).
[ 2015-12-01T16:53:09+08:00 ]NOTICE: Division by zeroD:\wamp\www\shangcheng\Storage\view\compile\aeb5e996ca86586c48fe3dd3c337a98b.php (10).
[ 2015-12-01T16:53:09+08:00 ]NOTICE: Undefined variable: cdataD:\wamp\www\shangcheng\Storage\view\compile\aeb5e996ca86586c48fe3dd3c337a98b.php (49).
[ 2015-12-01T16:54:39+08:00 ]NOTICE: Use of undefined constant Admin - assumed 'Admin'D:\wamp\www\shangcheng\Storage\view\compile\aeb5e996ca86586c48fe3dd3c337a98b.php (10).
[ 2015-12-01T16:54:39+08:00 ]NOTICE: Use of undefined constant Category - assumed 'Category'D:\wamp\www\shangcheng\Storage\view\compile\aeb5e996ca86586c48fe3dd3c337a98b.php (10).
[ 2015-12-01T16:54:39+08:00 ]NOTICE: Division by zeroD:\wamp\www\shangcheng\Storage\view\compile\aeb5e996ca86586c48fe3dd3c337a98b.php (10).
[ 2015-12-01T16:54:39+08:00 ]NOTICE: Use of undefined constant editCategory - assumed 'editCategory'D:\wamp\www\shangcheng\Storage\view\compile\aeb5e996ca86586c48fe3dd3c337a98b.php (10).
[ 2015-12-01T16:54:39+08:00 ]NOTICE: Division by zeroD:\wamp\www\shangcheng\Storage\view\compile\aeb5e996ca86586c48fe3dd3c337a98b.php (10).
[ 2015-12-01T16:54:39+08:00 ]NOTICE: Undefined variable: cdataD:\wamp\www\shangcheng\Storage\view\compile\aeb5e996ca86586c48fe3dd3c337a98b.php (49).
[ 2015-12-01T16:55:07+08:00 ]NOTICE: Undefined variable: cdataD:\wamp\www\shangcheng\Storage\view\compile\aeb5e996ca86586c48fe3dd3c337a98b.php (49).
[ 2015-12-01T16:55:17+08:00 ]NOTICE: Undefined variable: cdataD:\wamp\www\shangcheng\Storage\view\compile\aeb5e996ca86586c48fe3dd3c337a98b.php (49).
[ 2015-12-01T16:56:07+08:00 ]NOTICE: Undefined variable: cdataD:\wamp\www\shangcheng\Storage\view\compile\aeb5e996ca86586c48fe3dd3c337a98b.php (49).
[ 2015-12-01T16:56:18+08:00 ]NOTICE: Undefined variable: cdataD:\wamp\www\shangcheng\Storage\view\compile\aeb5e996ca86586c48fe3dd3c337a98b.php (49).
[ 2015-12-01T16:57:42+08:00 ]NOTICE: Undefined variable: cdataD:\wamp\www\shangcheng\Storage\view\compile\aeb5e996ca86586c48fe3dd3c337a98b.php (49).
[ 2015-12-01T16:57:51+08:00 ]NOTICE: Undefined variable: cdataD:\wamp\www\shangcheng\Storage\view\compile\aeb5e996ca86586c48fe3dd3c337a98b.php (49).
[ 2015-12-01T16:58:02+08:00 ]NOTICE: Undefined variable: cdataD:\wamp\www\shangcheng\Storage\view\compile\aeb5e996ca86586c48fe3dd3c337a98b.php (49).
[ 2015-12-01T19:54:33+08:00 ]NOTICE: Undefined index: logintimeD:\wamp\www\shangcheng\Storage\view\compile\29f4a0d5f5907712f6a1f63cac0c62c7.php (85).
[ 2015-12-01T19:55:56+08:00 ]NOTICE: Undefined index: logintimeD:\wamp\www\shangcheng\Storage\view\compile\29f4a0d5f5907712f6a1f63cac0c62c7.php (85).
[ 2015-12-01T19:56:17+08:00 ]NOTICE: Undefined index: logintimeD:\wamp\www\shangcheng\Storage\view\compile\29f4a0d5f5907712f6a1f63cac0c62c7.php (85).
[ 2015-12-01T19:56:49+08:00 ]NOTICE: Undefined index: logintimeD:\wamp\www\shangcheng\Storage\view\compile\29f4a0d5f5907712f6a1f63cac0c62c7.php (85).
[ 2015-12-01T19:57:21+08:00 ]NOTICE: Undefined index: logintimeD:\wamp\www\shangcheng\Storage\view\compile\29f4a0d5f5907712f6a1f63cac0c62c7.php (85).
[ 2015-12-01T19:59:49+08:00 ]NOTICE: Use of undefined constant HTTP_CLIENT_IP - assumed 'HTTP_CLIENT_IP'D:\wamp\www\shangcheng\App\Admin\Controller\IndexController.php (23).
[ 2015-12-01T20:00:20+08:00 ]NOTICE: Undefined index: HTTP_CLIENT_IPD:\wamp\www\shangcheng\App\Admin\Controller\IndexController.php (23).
[ 2015-12-01T20:01:36+08:00 ]NOTICE: Undefined index: HTTP_X_FORWARDED_FORD:\wamp\www\shangcheng\App\Admin\Controller\IndexController.php (23).
[ 2015-12-01T20:24:48+08:00 ]NOTICE: Undefined variable: ipD:\wamp\www\shangcheng\Hdphp\Client\client.php (90).
[ 2015-12-01T20:24:48+08:00 ]NOTICE: Undefined variable: ipsD:\wamp\www\shangcheng\Hdphp\Client\client.php (93).
[ 2015-12-01T20:25:43+08:00 ]NOTICE: Undefined variable: ipD:\wamp\www\shangcheng\Hdphp\Client\client.php (90).
[ 2015-12-01T20:25:43+08:00 ]NOTICE: Undefined variable: ipsD:\wamp\www\shangcheng\Hdphp\Client\client.php (93).
[ 2015-12-01T20:27:30+08:00 ]NOTICE: Undefined variable: ipsD:\wamp\www\shangcheng\Hdphp\Client\client.php (93).
[ 2015-12-01T20:27:46+08:00 ]NOTICE: Undefined variable: ipsD:\wamp\www\shangcheng\Hdphp\Client\client.php (93).
[ 2015-12-01T20:28:32+08:00 ]NOTICE: Undefined variable: ipsD:\wamp\www\shangcheng\Hdphp\Client\client.php (93).
[ 2015-12-01T20:28:52+08:00 ]NOTICE: Undefined variable: ipsD:\wamp\www\shangcheng\Hdphp\Client\client.php (93).
[ 2015-12-01T20:29:12+08:00 ]NOTICE: Undefined variable: ipsD:\wamp\www\shangcheng\Hdphp\Client\client.php (93).
[ 2015-12-01T20:29:28+08:00 ]NOTICE: Undefined variable: ipsD:\wamp\www\shangcheng\Hdphp\Client\client.php (93).
[ 2015-12-01T20:29:59+08:00 ]NOTICE: Undefined variable: ipsD:\wamp\www\shangcheng\Hdphp\Client\client.php (95).
[ 2015-12-01T20:29:59+08:00 ]NOTICE: Undefined variable: ipsD:\wamp\www\shangcheng\Hdphp\Client\client.php (96).
[ 2015-12-01T20:34:46+08:00 ]NOTICE: file_get_contents(http://ip.taobao.com/service/getIpInfo.php?ip=myip) [<a href='function.file-get-contents'>function.file-get-contents</a>]: failed to open stream: HTTP request failed! D:\wamp\www\shangcheng\Hdphp\Client\client.php (112).
[ 2015-12-01T20:35:24+08:00 ]NOTICE: file_get_contents(http://ip.taobao.com/service/getIpInfo.php?ip=myip) [<a href='function.file-get-contents'>function.file-get-contents</a>]: failed to open stream: HTTP request failed! D:\wamp\www\shangcheng\Hdphp\Client\client.php (112).
[ 2015-12-01T23:41:22+08:00 ]NOTICE: Use of undefined constant Admin - assumed 'Admin'D:\wamp\www\shangcheng\Storage\view\compile\f016ac81760ad8338fb52072b09c685c.php (10).
[ 2015-12-01T23:41:22+08:00 ]NOTICE: Use of undefined constant Category - assumed 'Category'D:\wamp\www\shangcheng\Storage\view\compile\f016ac81760ad8338fb52072b09c685c.php (10).
[ 2015-12-01T23:41:22+08:00 ]NOTICE: Division by zeroD:\wamp\www\shangcheng\Storage\view\compile\f016ac81760ad8338fb52072b09c685c.php (10).
[ 2015-12-01T23:41:22+08:00 ]NOTICE: Use of undefined constant addCategory - assumed 'addCategory'D:\wamp\www\shangcheng\Storage\view\compile\f016ac81760ad8338fb52072b09c685c.php (10).
[ 2015-12-01T23:41:22+08:00 ]NOTICE: Division by zeroD:\wamp\www\shangcheng\Storage\view\compile\f016ac81760ad8338fb52072b09c685c.php (10).
