[ 2015-12-03T09:08:36+08:00 ]NOTICE: Undefined variable: cateDataD:\wamp\www\shangcheng\Storage\view\compile\d1789a3e220e607bb98342c6e716939b.php (69).
[ 2015-12-03T09:08:36+08:00 ]NOTICE: Invalid argument supplied for foreach()D:\wamp\www\shangcheng\Storage\view\compile\d1789a3e220e607bb98342c6e716939b.php (69).
[ 2015-12-03T09:08:36+08:00 ]NOTICE: Undefined variable: brandDataD:\wamp\www\shangcheng\Storage\view\compile\d1789a3e220e607bb98342c6e716939b.php (88).
[ 2015-12-03T09:08:36+08:00 ]NOTICE: Invalid argument supplied for foreach()D:\wamp\www\shangcheng\Storage\view\compile\d1789a3e220e607bb98342c6e716939b.php (88).
[ 2015-12-03T09:13:44+08:00 ]EXCEPTION: SELECT  *  FROM lashou_goods INNER JOIN lashou_lashou_detail la ON lashou_goods lg.gid = la.gid WHERE  gid = ?  LIMIT 1 ;BindParams:array (
  0 => '1',
)42000;1064;You have an error in your SQL syntax; check the manual that corresponds to your MySQL server version for the right syntax to use near 'lg.gid = la.gid WHERE  gid = '1'  LIMIT 1' at line 1
[ 2015-12-03T09:14:19+08:00 ]EXCEPTION: SELECT  *  FROM lashou_goods INNER JOIN lashou_lashou_detail la ON lashou_goods.gid = la.gid WHERE  gid = ?  LIMIT 1 ;BindParams:array (
  0 => '1',
)42S02;1146;Table 'hd_lashou.lashou_lashou_detail' doesn't exist
[ 2015-12-03T09:14:46+08:00 ]EXCEPTION: SELECT  *  FROM lashou_goods INNER JOIN lashou_detail la ON goods.gid = la.gid WHERE  gid = ?  LIMIT 1 ;BindParams:array (
  0 => '1',
)23000;1052;Column 'gid' in where clause is ambiguous
[ 2015-12-03T09:16:20+08:00 ]EXCEPTION: SELECT  *  FROM lashou_goods INNER JOIN lashou_detail ON goods.gid = detail.gid WHERE  gid = ?  LIMIT 1 ;BindParams:array (
  0 => '1',
)23000;1052;Column 'gid' in where clause is ambiguous
[ 2015-12-03T09:16:56+08:00 ]EXCEPTION: SELECT  *  FROM lashou_goods INNER JOIN lashou_detail ON goods.gid = detail.gid LIMIT 1 ;BindParams:array (
)42S22;1054;Unknown column 'goods.gid' in 'on clause'
[ 2015-12-03T09:17:28+08:00 ]NOTICE: Undefined variable: cateDataD:\wamp\www\shangcheng\Storage\view\compile\d1789a3e220e607bb98342c6e716939b.php (69).
[ 2015-12-03T09:17:28+08:00 ]NOTICE: Invalid argument supplied for foreach()D:\wamp\www\shangcheng\Storage\view\compile\d1789a3e220e607bb98342c6e716939b.php (69).
[ 2015-12-03T09:17:28+08:00 ]NOTICE: Undefined variable: brandDataD:\wamp\www\shangcheng\Storage\view\compile\d1789a3e220e607bb98342c6e716939b.php (88).
[ 2015-12-03T09:17:28+08:00 ]NOTICE: Invalid argument supplied for foreach()D:\wamp\www\shangcheng\Storage\view\compile\d1789a3e220e607bb98342c6e716939b.php (88).
[ 2015-12-03T09:25:26+08:00 ]NOTICE: Undefined index: cidD:\wamp\www\shangcheng\Hdphp\Data\Data.php (75).
[ 2015-12-03T09:25:26+08:00 ]NOTICE: Undefined index: pidD:\wamp\www\shangcheng\Hdphp\Data\Data.php (76).
[ 2015-12-03T09:25:26+08:00 ]NOTICE: Undefined index: cidD:\wamp\www\shangcheng\Hdphp\Data\Data.php (75).
[ 2015-12-03T09:25:26+08:00 ]NOTICE: Undefined index: pidD:\wamp\www\shangcheng\Hdphp\Data\Data.php (76).
[ 2015-12-03T09:25:26+08:00 ]NOTICE: Undefined index: cidD:\wamp\www\shangcheng\Hdphp\Data\Data.php (75).
[ 2015-12-03T09:25:26+08:00 ]NOTICE: Undefined index: pidD:\wamp\www\shangcheng\Hdphp\Data\Data.php (76).
[ 2015-12-03T09:25:26+08:00 ]NOTICE: Undefined index: cidD:\wamp\www\shangcheng\Hdphp\Data\Data.php (75).
[ 2015-12-03T09:25:26+08:00 ]NOTICE: Undefined index: pidD:\wamp\www\shangcheng\Hdphp\Data\Data.php (76).
[ 2015-12-03T09:25:26+08:00 ]NOTICE: Undefined index: cidD:\wamp\www\shangcheng\Hdphp\Data\Data.php (75).
[ 2015-12-03T09:25:26+08:00 ]NOTICE: Undefined index: pidD:\wamp\www\shangcheng\Hdphp\Data\Data.php (76).
[ 2015-12-03T09:25:26+08:00 ]NOTICE: Undefined index: cidD:\wamp\www\shangcheng\Hdphp\Data\Data.php (75).
[ 2015-12-03T09:25:26+08:00 ]NOTICE: Undefined index: pidD:\wamp\www\shangcheng\Hdphp\Data\Data.php (76).
[ 2015-12-03T09:25:26+08:00 ]NOTICE: Undefined index: cidD:\wamp\www\shangcheng\Hdphp\Data\Data.php (75).
[ 2015-12-03T09:25:26+08:00 ]NOTICE: Undefined index: pidD:\wamp\www\shangcheng\Hdphp\Data\Data.php (76).
[ 2015-12-03T09:25:26+08:00 ]NOTICE: Undefined index: cidD:\wamp\www\shangcheng\Hdphp\Data\Data.php (75).
[ 2015-12-03T09:25:26+08:00 ]NOTICE: Undefined index: pidD:\wamp\www\shangcheng\Hdphp\Data\Data.php (76).
[ 2015-12-03T09:25:26+08:00 ]NOTICE: Undefined index: cidD:\wamp\www\shangcheng\Hdphp\Data\Data.php (75).
[ 2015-12-03T09:25:26+08:00 ]NOTICE: Undefined index: pidD:\wamp\www\shangcheng\Hdphp\Data\Data.php (76).
[ 2015-12-03T09:25:26+08:00 ]NOTICE: Undefined index: cidD:\wamp\www\shangcheng\Hdphp\Data\Data.php (75).
[ 2015-12-03T09:25:26+08:00 ]NOTICE: Undefined index: pidD:\wamp\www\shangcheng\Hdphp\Data\Data.php (76).
[ 2015-12-03T09:25:26+08:00 ]NOTICE: Undefined index: cidD:\wamp\www\shangcheng\Hdphp\Data\Data.php (75).
[ 2015-12-03T09:25:26+08:00 ]NOTICE: Undefined index: pidD:\wamp\www\shangcheng\Hdphp\Data\Data.php (76).
[ 2015-12-03T09:25:26+08:00 ]NOTICE: Undefined index: cidD:\wamp\www\shangcheng\Hdphp\Data\Data.php (75).
[ 2015-12-03T09:25:26+08:00 ]NOTICE: Undefined index: pidD:\wamp\www\shangcheng\Hdphp\Data\Data.php (76).
[ 2015-12-03T09:25:26+08:00 ]NOTICE: Undefined index: cidD:\wamp\www\shangcheng\Hdphp\Data\Data.php (75).
[ 2015-12-03T09:25:26+08:00 ]NOTICE: Undefined index: pidD:\wamp\www\shangcheng\Hdphp\Data\Data.php (76).
[ 2015-12-03T09:25:26+08:00 ]NOTICE: Undefined index: cidD:\wamp\www\shangcheng\Hdphp\Data\Data.php (75).
[ 2015-12-03T09:25:26+08:00 ]NOTICE: Undefined index: pidD:\wamp\www\shangcheng\Hdphp\Data\Data.php (76).
[ 2015-12-03T09:25:26+08:00 ]NOTICE: Undefined index: cidD:\wamp\www\shangcheng\Hdphp\Data\Data.php (75).
[ 2015-12-03T09:25:26+08:00 ]NOTICE: Undefined index: pidD:\wamp\www\shangcheng\Hdphp\Data\Data.php (76).
[ 2015-12-03T09:25:26+08:00 ]NOTICE: Undefined index: cidD:\wamp\www\shangcheng\Hdphp\Data\Data.php (75).
[ 2015-12-03T09:25:26+08:00 ]NOTICE: Undefined index: pidD:\wamp\www\shangcheng\Hdphp\Data\Data.php (76).
[ 2015-12-03T09:25:26+08:00 ]NOTICE: Undefined index: cidD:\wamp\www\shangcheng\Hdphp\Data\Data.php (75).
[ 2015-12-03T09:25:26+08:00 ]NOTICE: Undefined index: pidD:\wamp\www\shangcheng\Hdphp\Data\Data.php (76).
[ 2015-12-03T09:25:26+08:00 ]NOTICE: Undefined index: cidD:\wamp\www\shangcheng\Hdphp\Data\Data.php (75).
[ 2015-12-03T09:25:26+08:00 ]NOTICE: Undefined index: pidD:\wamp\www\shangcheng\Hdphp\Data\Data.php (76).
[ 2015-12-03T09:25:26+08:00 ]NOTICE: Undefined index: cidD:\wamp\www\shangcheng\Hdphp\Data\Data.php (75).
[ 2015-12-03T09:25:26+08:00 ]NOTICE: Undefined index: pidD:\wamp\www\shangcheng\Hdphp\Data\Data.php (76).
[ 2015-12-03T09:25:26+08:00 ]NOTICE: Undefined index: cidD:\wamp\www\shangcheng\Hdphp\Data\Data.php (75).
[ 2015-12-03T09:25:26+08:00 ]NOTICE: Undefined index: pidD:\wamp\www\shangcheng\Hdphp\Data\Data.php (76).
[ 2015-12-03T09:25:26+08:00 ]NOTICE: Undefined index: cidD:\wamp\www\shangcheng\Hdphp\Data\Data.php (75).
[ 2015-12-03T09:25:26+08:00 ]NOTICE: Undefined index: pidD:\wamp\www\shangcheng\Hdphp\Data\Data.php (76).
[ 2015-12-03T09:25:26+08:00 ]NOTICE: Undefined index: cidD:\wamp\www\shangcheng\Hdphp\Data\Data.php (75).
[ 2015-12-03T09:25:26+08:00 ]NOTICE: Undefined index: pidD:\wamp\www\shangcheng\Hdphp\Data\Data.php (76).
[ 2015-12-03T09:25:26+08:00 ]NOTICE: Undefined index: cidD:\wamp\www\shangcheng\Hdphp\Data\Data.php (75).
[ 2015-12-03T09:25:26+08:00 ]NOTICE: Undefined index: pidD:\wamp\www\shangcheng\Hdphp\Data\Data.php (76).
[ 2015-12-03T09:25:26+08:00 ]NOTICE: Undefined index: cidD:\wamp\www\shangcheng\Hdphp\Data\Data.php (75).
[ 2015-12-03T09:25:26+08:00 ]NOTICE: Undefined index: pidD:\wamp\www\shangcheng\Hdphp\Data\Data.php (76).
[ 2015-12-03T09:25:26+08:00 ]NOTICE: Undefined index: cidD:\wamp\www\shangcheng\Hdphp\Data\Data.php (75).
[ 2015-12-03T09:25:26+08:00 ]NOTICE: Undefined index: pidD:\wamp\www\shangcheng\Hdphp\Data\Data.php (76).
[ 2015-12-03T09:25:26+08:00 ]NOTICE: Undefined index: cidD:\wamp\www\shangcheng\Hdphp\Data\Data.php (75).
[ 2015-12-03T09:25:26+08:00 ]NOTICE: Undefined index: pidD:\wamp\www\shangcheng\Hdphp\Data\Data.php (76).
[ 2015-12-03T09:25:26+08:00 ]NOTICE: Undefined index: cidD:\wamp\www\shangcheng\Hdphp\Data\Data.php (75).
[ 2015-12-03T09:25:26+08:00 ]NOTICE: Undefined index: pidD:\wamp\www\shangcheng\Hdphp\Data\Data.php (76).
[ 2015-12-03T09:25:26+08:00 ]NOTICE: Undefined index: cidD:\wamp\www\shangcheng\Hdphp\Data\Data.php (75).
[ 2015-12-03T09:25:26+08:00 ]NOTICE: Undefined index: pidD:\wamp\www\shangcheng\Hdphp\Data\Data.php (76).
[ 2015-12-03T09:25:26+08:00 ]NOTICE: Undefined index: cidD:\wamp\www\shangcheng\Hdphp\Data\Data.php (75).
[ 2015-12-03T09:25:26+08:00 ]NOTICE: Undefined index: pidD:\wamp\www\shangcheng\Hdphp\Data\Data.php (76).
[ 2015-12-03T09:25:26+08:00 ]NOTICE: Undefined index: cidD:\wamp\www\shangcheng\Hdphp\Data\Data.php (75).
[ 2015-12-03T09:25:26+08:00 ]NOTICE: Undefined index: pidD:\wamp\www\shangcheng\Hdphp\Data\Data.php (76).
[ 2015-12-03T09:25:26+08:00 ]NOTICE: Undefined index: cidD:\wamp\www\shangcheng\Hdphp\Data\Data.php (75).
[ 2015-12-03T09:25:26+08:00 ]NOTICE: Undefined index: pidD:\wamp\www\shangcheng\Hdphp\Data\Data.php (76).
[ 2015-12-03T09:25:26+08:00 ]NOTICE: Undefined index: cidD:\wamp\www\shangcheng\Hdphp\Data\Data.php (75).
[ 2015-12-03T09:25:26+08:00 ]NOTICE: Undefined index: pidD:\wamp\www\shangcheng\Hdphp\Data\Data.php (76).
[ 2015-12-03T09:25:26+08:00 ]NOTICE: Undefined index: cidD:\wamp\www\shangcheng\Hdphp\Data\Data.php (75).
[ 2015-12-03T09:25:26+08:00 ]NOTICE: Undefined index: pidD:\wamp\www\shangcheng\Hdphp\Data\Data.php (76).
[ 2015-12-03T09:25:26+08:00 ]NOTICE: Undefined index: cidD:\wamp\www\shangcheng\Hdphp\Data\Data.php (75).
[ 2015-12-03T09:25:26+08:00 ]NOTICE: Undefined index: pidD:\wamp\www\shangcheng\Hdphp\Data\Data.php (76).
[ 2015-12-03T09:25:26+08:00 ]NOTICE: Undefined index: cidD:\wamp\www\shangcheng\Hdphp\Data\Data.php (75).
[ 2015-12-03T09:25:26+08:00 ]NOTICE: Undefined index: pidD:\wamp\www\shangcheng\Hdphp\Data\Data.php (76).
[ 2015-12-03T09:25:26+08:00 ]NOTICE: Undefined index: cidD:\wamp\www\shangcheng\Hdphp\Data\Data.php (75).
[ 2015-12-03T09:25:26+08:00 ]NOTICE: Undefined index: pidD:\wamp\www\shangcheng\Hdphp\Data\Data.php (76).
[ 2015-12-03T09:25:26+08:00 ]NOTICE: Undefined index: cidD:\wamp\www\shangcheng\Hdphp\Data\Data.php (75).
[ 2015-12-03T09:25:26+08:00 ]NOTICE: Undefined index: pidD:\wamp\www\shangcheng\Hdphp\Data\Data.php (76).
[ 2015-12-03T09:25:26+08:00 ]NOTICE: Undefined index: cidD:\wamp\www\shangcheng\Hdphp\Data\Data.php (75).
[ 2015-12-03T09:25:26+08:00 ]NOTICE: Undefined index: pidD:\wamp\www\shangcheng\Hdphp\Data\Data.php (76).
[ 2015-12-03T09:25:26+08:00 ]NOTICE: Undefined index: cidD:\wamp\www\shangcheng\Hdphp\Data\Data.php (75).
[ 2015-12-03T09:25:26+08:00 ]NOTICE: Undefined index: pidD:\wamp\www\shangcheng\Hdphp\Data\Data.php (76).
[ 2015-12-03T09:25:26+08:00 ]NOTICE: Undefined index: cidD:\wamp\www\shangcheng\Hdphp\Data\Data.php (75).
[ 2015-12-03T09:25:26+08:00 ]NOTICE: Undefined index: pidD:\wamp\www\shangcheng\Hdphp\Data\Data.php (76).
[ 2015-12-03T09:25:26+08:00 ]NOTICE: Undefined index: cidD:\wamp\www\shangcheng\Hdphp\Data\Data.php (75).
[ 2015-12-03T09:25:26+08:00 ]NOTICE: Undefined index: pidD:\wamp\www\shangcheng\Hdphp\Data\Data.php (76).
[ 2015-12-03T09:25:26+08:00 ]NOTICE: Undefined index: cidD:\wamp\www\shangcheng\Hdphp\Data\Data.php (75).
[ 2015-12-03T09:25:26+08:00 ]NOTICE: Undefined index: pidD:\wamp\www\shangcheng\Hdphp\Data\Data.php (76).
[ 2015-12-03T09:25:26+08:00 ]NOTICE: Undefined index: cidD:\wamp\www\shangcheng\Hdphp\Data\Data.php (75).
[ 2015-12-03T09:25:26+08:00 ]NOTICE: Undefined index: pidD:\wamp\www\shangcheng\Hdphp\Data\Data.php (76).
[ 2015-12-03T09:25:26+08:00 ]NOTICE: Undefined index: cidD:\wamp\www\shangcheng\Hdphp\Data\Data.php (75).
[ 2015-12-03T09:25:26+08:00 ]NOTICE: Undefined index: pidD:\wamp\www\shangcheng\Hdphp\Data\Data.php (76).
[ 2015-12-03T09:25:26+08:00 ]NOTICE: Undefined index: cidD:\wamp\www\shangcheng\Hdphp\Data\Data.php (75).
[ 2015-12-03T09:25:26+08:00 ]NOTICE: Undefined index: pidD:\wamp\www\shangcheng\Hdphp\Data\Data.php (76).
[ 2015-12-03T09:25:26+08:00 ]NOTICE: Undefined index: cidD:\wamp\www\shangcheng\Hdphp\Data\Data.php (75).
[ 2015-12-03T09:25:26+08:00 ]NOTICE: Undefined index: pidD:\wamp\www\shangcheng\Hdphp\Data\Data.php (76).
[ 2015-12-03T09:25:26+08:00 ]NOTICE: Undefined index: cidD:\wamp\www\shangcheng\Hdphp\Data\Data.php (75).
[ 2015-12-03T09:25:26+08:00 ]NOTICE: Undefined index: pidD:\wamp\www\shangcheng\Hdphp\Data\Data.php (76).
[ 2015-12-03T09:25:26+08:00 ]NOTICE: Undefined index: cidD:\wamp\www\shangcheng\Hdphp\Data\Data.php (75).
[ 2015-12-03T09:25:26+08:00 ]NOTICE: Undefined index: pidD:\wamp\www\shangcheng\Hdphp\Data\Data.php (76).
[ 2015-12-03T09:25:26+08:00 ]NOTICE: Undefined index: cidD:\wamp\www\shangcheng\Hdphp\Data\Data.php (75).
[ 2015-12-03T09:25:26+08:00 ]NOTICE: Undefined index: pidD:\wamp\www\shangcheng\Hdphp\Data\Data.php (76).
[ 2015-12-03T09:25:26+08:00 ]NOTICE: Undefined index: cidD:\wamp\www\shangcheng\Hdphp\Data\Data.php (75).
[ 2015-12-03T09:25:26+08:00 ]NOTICE: Undefined index: pidD:\wamp\www\shangcheng\Hdphp\Data\Data.php (76).
[ 2015-12-03T09:25:26+08:00 ]NOTICE: Undefined index: cidD:\wamp\www\shangcheng\Hdphp\Data\Data.php (75).
[ 2015-12-03T09:25:26+08:00 ]NOTICE: Undefined index: pidD:\wamp\www\shangcheng\Hdphp\Data\Data.php (76).
[ 2015-12-03T09:25:26+08:00 ]NOTICE: Undefined index: cidD:\wamp\www\shangcheng\Hdphp\Data\Data.php (75).
[ 2015-12-03T09:25:26+08:00 ]NOTICE: Undefined index: pidD:\wamp\www\shangcheng\Hdphp\Data\Data.php (76).
[ 2015-12-03T09:25:26+08:00 ]NOTICE: Undefined index: cidD:\wamp\www\shangcheng\Hdphp\Data\Data.php (75).
[ 2015-12-03T09:25:26+08:00 ]NOTICE: Undefined index: pidD:\wamp\www\shangcheng\Hdphp\Data\Data.php (76).
[ 2015-12-03T09:25:26+08:00 ]NOTICE: Undefined index: cidD:\wamp\www\shangcheng\Hdphp\Data\Data.php (75).
[ 2015-12-03T09:25:26+08:00 ]NOTICE: Undefined index: pidD:\wamp\www\shangcheng\Hdphp\Data\Data.php (76).
[ 2015-12-03T09:25:26+08:00 ]NOTICE: Undefined index: cidD:\wamp\www\shangcheng\Hdphp\Data\Data.php (75).
[ 2015-12-03T09:25:26+08:00 ]NOTICE: Undefined index: pidD:\wamp\www\shangcheng\Hdphp\Data\Data.php (76).
[ 2015-12-03T09:25:26+08:00 ]NOTICE: Undefined index: cidD:\wamp\www\shangcheng\Hdphp\Data\Data.php (75).
[ 2015-12-03T09:25:26+08:00 ]NOTICE: Undefined index: pidD:\wamp\www\shangcheng\Hdphp\Data\Data.php (76).
[ 2015-12-03T09:25:26+08:00 ]NOTICE: Undefined index: cidD:\wamp\www\shangcheng\Hdphp\Data\Data.php (75).
[ 2015-12-03T09:25:26+08:00 ]NOTICE: Undefined index: pidD:\wamp\www\shangcheng\Hdphp\Data\Data.php (76).
[ 2015-12-03T09:25:26+08:00 ]NOTICE: Undefined index: cidD:\wamp\www\shangcheng\Hdphp\Data\Data.php (75).
[ 2015-12-03T09:25:26+08:00 ]NOTICE: Undefined index: pidD:\wamp\www\shangcheng\Hdphp\Data\Data.php (76).
[ 2015-12-03T09:25:26+08:00 ]NOTICE: Undefined index: cidD:\wamp\www\shangcheng\Hdphp\Data\Data.php (75).
[ 2015-12-03T09:25:26+08:00 ]NOTICE: Undefined index: pidD:\wamp\www\shangcheng\Hdphp\Data\Data.php (76).
[ 2015-12-03T09:25:26+08:00 ]NOTICE: Undefined index: cidD:\wamp\www\shangcheng\Hdphp\Data\Data.php (75).
[ 2015-12-03T09:25:26+08:00 ]NOTICE: Undefined index: pidD:\wamp\www\shangcheng\Hdphp\Data\Data.php (76).
[ 2015-12-03T09:25:26+08:00 ]NOTICE: Undefined index: cidD:\wamp\www\shangcheng\Hdphp\Data\Data.php (75).
[ 2015-12-03T09:25:26+08:00 ]NOTICE: Undefined index: pidD:\wamp\www\shangcheng\Hdphp\Data\Data.php (76).
[ 2015-12-03T09:25:26+08:00 ]NOTICE: Undefined index: cidD:\wamp\www\shangcheng\Hdphp\Data\Data.php (75).
[ 2015-12-03T09:25:26+08:00 ]NOTICE: Undefined index: pidD:\wamp\www\shangcheng\Hdphp\Data\Data.php (76).
[ 2015-12-03T09:25:26+08:00 ]NOTICE: Undefined index: cidD:\wamp\www\shangcheng\Hdphp\Data\Data.php (75).
[ 2015-12-03T09:25:26+08:00 ]NOTICE: Undefined index: pidD:\wamp\www\shangcheng\Hdphp\Data\Data.php (76).
[ 2015-12-03T09:25:26+08:00 ]NOTICE: Undefined index: cidD:\wamp\www\shangcheng\Hdphp\Data\Data.php (75).
[ 2015-12-03T09:25:26+08:00 ]NOTICE: Undefined index: pidD:\wamp\www\shangcheng\Hdphp\Data\Data.php (76).
[ 2015-12-03T09:25:26+08:00 ]NOTICE: Undefined index: cidD:\wamp\www\shangcheng\Hdphp\Data\Data.php (75).
[ 2015-12-03T09:25:26+08:00 ]NOTICE: Undefined index: pidD:\wamp\www\shangcheng\Hdphp\Data\Data.php (76).
[ 2015-12-03T09:25:26+08:00 ]NOTICE: Undefined index: cidD:\wamp\www\shangcheng\Hdphp\Data\Data.php (75).
[ 2015-12-03T09:25:26+08:00 ]NOTICE: Undefined index: pidD:\wamp\www\shangcheng\Hdphp\Data\Data.php (76).
[ 2015-12-03T09:25:26+08:00 ]NOTICE: Undefined index: cidD:\wamp\www\shangcheng\Hdphp\Data\Data.php (75).
[ 2015-12-03T09:25:26+08:00 ]NOTICE: Undefined index: pidD:\wamp\www\shangcheng\Hdphp\Data\Data.php (76).
[ 2015-12-03T09:25:26+08:00 ]NOTICE: Undefined index: cidD:\wamp\www\shangcheng\Hdphp\Data\Data.php (75).
[ 2015-12-03T09:25:26+08:00 ]NOTICE: Undefined index: pidD:\wamp\www\shangcheng\Hdphp\Data\Data.php (76).
[ 2015-12-03T09:25:26+08:00 ]NOTICE: Undefined index: cidD:\wamp\www\shangcheng\Hdphp\Data\Data.php (75).
[ 2015-12-03T09:25:26+08:00 ]NOTICE: Undefined index: pidD:\wamp\www\shangcheng\Hdphp\Data\Data.php (76).
[ 2015-12-03T09:25:26+08:00 ]NOTICE: Undefined index: cidD:\wamp\www\shangcheng\Hdphp\Data\Data.php (75).
[ 2015-12-03T09:25:26+08:00 ]NOTICE: Undefined index: pidD:\wamp\www\shangcheng\Hdphp\Data\Data.php (76).
[ 2015-12-03T09:25:26+08:00 ]NOTICE: Undefined index: cidD:\wamp\www\shangcheng\Hdphp\Data\Data.php (75).
[ 2015-12-03T09:25:26+08:00 ]NOTICE: Undefined index: pidD:\wamp\www\shangcheng\Hdphp\Data\Data.php (76).
[ 2015-12-03T09:25:26+08:00 ]NOTICE: Undefined index: cidD:\wamp\www\shangcheng\Hdphp\Data\Data.php (75).
[ 2015-12-03T09:25:26+08:00 ]NOTICE: Undefined index: pidD:\wamp\www\shangcheng\Hdphp\Data\Data.php (76).
[ 2015-12-03T09:25:26+08:00 ]NOTICE: Undefined index: cidD:\wamp\www\shangcheng\Hdphp\Data\Data.php (75).
[ 2015-12-03T09:25:26+08:00 ]NOTICE: Undefined index: pidD:\wamp\www\shangcheng\Hdphp\Data\Data.php (76).
[ 2015-12-03T09:25:26+08:00 ]NOTICE: Undefined index: cidD:\wamp\www\shangcheng\Hdphp\Data\Data.php (75).
[ 2015-12-03T09:25:26+08:00 ]NOTICE: Undefined index: pidD:\wamp\www\shangcheng\Hdphp\Data\Data.php (76).
[ 2015-12-03T09:25:26+08:00 ]NOTICE: Undefined index: cidD:\wamp\www\shangcheng\Hdphp\Data\Data.php (75).
[ 2015-12-03T09:25:26+08:00 ]NOTICE: Undefined index: pidD:\wamp\www\shangcheng\Hdphp\Data\Data.php (76).
[ 2015-12-03T09:25:26+08:00 ]NOTICE: Undefined index: cidD:\wamp\www\shangcheng\Hdphp\Data\Data.php (75).
[ 2015-12-03T09:25:26+08:00 ]NOTICE: Undefined index: pidD:\wamp\www\shangcheng\Hdphp\Data\Data.php (76).
[ 2015-12-03T09:25:26+08:00 ]NOTICE: Undefined index: cidD:\wamp\www\shangcheng\Hdphp\Data\Data.php (75).
[ 2015-12-03T09:25:26+08:00 ]NOTICE: Undefined index: pidD:\wamp\www\shangcheng\Hdphp\Data\Data.php (76).
[ 2015-12-03T09:25:26+08:00 ]NOTICE: Undefined index: cidD:\wamp\www\shangcheng\Hdphp\Data\Data.php (75).
[ 2015-12-03T09:25:26+08:00 ]NOTICE: Undefined index: pidD:\wamp\www\shangcheng\Hdphp\Data\Data.php (76).
[ 2015-12-03T09:25:26+08:00 ]NOTICE: Undefined index: cidD:\wamp\www\shangcheng\Hdphp\Data\Data.php (75).
[ 2015-12-03T09:25:26+08:00 ]NOTICE: Undefined index: pidD:\wamp\www\shangcheng\Hdphp\Data\Data.php (76).
[ 2015-12-03T09:25:26+08:00 ]NOTICE: Undefined index: cidD:\wamp\www\shangcheng\Hdphp\Data\Data.php (75).
[ 2015-12-03T09:25:26+08:00 ]NOTICE: Undefined index: pidD:\wamp\www\shangcheng\Hdphp\Data\Data.php (76).
[ 2015-12-03T09:25:26+08:00 ]NOTICE: Undefined index: cidD:\wamp\www\shangcheng\Hdphp\Data\Data.php (75).
[ 2015-12-03T09:25:26+08:00 ]NOTICE: Undefined index: pidD:\wamp\www\shangcheng\Hdphp\Data\Data.php (76).
[ 2015-12-03T09:25:26+08:00 ]NOTICE: Undefined index: cidD:\wamp\www\shangcheng\Hdphp\Data\Data.php (75).
[ 2015-12-03T09:25:26+08:00 ]NOTICE: Undefined index: pidD:\wamp\www\shangcheng\Hdphp\Data\Data.php (76).
[ 2015-12-03T09:25:26+08:00 ]NOTICE: Undefined index: cidD:\wamp\www\shangcheng\Hdphp\Data\Data.php (75).
[ 2015-12-03T09:25:26+08:00 ]NOTICE: Undefined index: pidD:\wamp\www\shangcheng\Hdphp\Data\Data.php (76).
[ 2015-12-03T09:27:29+08:00 ]NOTICE: Undefined index: cidD:\wamp\www\shangcheng\Hdphp\Data\Data.php (75).
[ 2015-12-03T09:27:29+08:00 ]NOTICE: Undefined index: pidD:\wamp\www\shangcheng\Hdphp\Data\Data.php (76).
[ 2015-12-03T09:27:29+08:00 ]NOTICE: Undefined index: cidD:\wamp\www\shangcheng\Hdphp\Data\Data.php (75).
[ 2015-12-03T09:27:29+08:00 ]NOTICE: Undefined index: pidD:\wamp\www\shangcheng\Hdphp\Data\Data.php (76).
[ 2015-12-03T09:27:29+08:00 ]NOTICE: Undefined index: cidD:\wamp\www\shangcheng\Hdphp\Data\Data.php (75).
[ 2015-12-03T09:27:29+08:00 ]NOTICE: Undefined index: pidD:\wamp\www\shangcheng\Hdphp\Data\Data.php (76).
[ 2015-12-03T09:27:29+08:00 ]NOTICE: Undefined index: cidD:\wamp\www\shangcheng\Hdphp\Data\Data.php (75).
[ 2015-12-03T09:27:29+08:00 ]NOTICE: Undefined index: pidD:\wamp\www\shangcheng\Hdphp\Data\Data.php (76).
[ 2015-12-03T09:27:29+08:00 ]NOTICE: Undefined index: cidD:\wamp\www\shangcheng\Hdphp\Data\Data.php (75).
[ 2015-12-03T09:27:29+08:00 ]NOTICE: Undefined index: pidD:\wamp\www\shangcheng\Hdphp\Data\Data.php (76).
[ 2015-12-03T09:27:29+08:00 ]NOTICE: Undefined index: cidD:\wamp\www\shangcheng\Hdphp\Data\Data.php (75).
[ 2015-12-03T09:27:29+08:00 ]NOTICE: Undefined index: pidD:\wamp\www\shangcheng\Hdphp\Data\Data.php (76).
[ 2015-12-03T09:27:29+08:00 ]NOTICE: Undefined index: cidD:\wamp\www\shangcheng\Hdphp\Data\Data.php (75).
[ 2015-12-03T09:27:29+08:00 ]NOTICE: Undefined index: pidD:\wamp\www\shangcheng\Hdphp\Data\Data.php (76).
[ 2015-12-03T09:27:29+08:00 ]NOTICE: Undefined index: cidD:\wamp\www\shangcheng\Hdphp\Data\Data.php (75).
[ 2015-12-03T09:27:29+08:00 ]NOTICE: Undefined index: pidD:\wamp\www\shangcheng\Hdphp\Data\Data.php (76).
[ 2015-12-03T09:27:29+08:00 ]NOTICE: Undefined index: cidD:\wamp\www\shangcheng\Hdphp\Data\Data.php (75).
[ 2015-12-03T09:27:29+08:00 ]NOTICE: Undefined index: pidD:\wamp\www\shangcheng\Hdphp\Data\Data.php (76).
[ 2015-12-03T09:27:29+08:00 ]NOTICE: Undefined index: cidD:\wamp\www\shangcheng\Hdphp\Data\Data.php (75).
[ 2015-12-03T09:27:29+08:00 ]NOTICE: Undefined index: pidD:\wamp\www\shangcheng\Hdphp\Data\Data.php (76).
[ 2015-12-03T09:27:29+08:00 ]NOTICE: Undefined index: cidD:\wamp\www\shangcheng\Hdphp\Data\Data.php (75).
[ 2015-12-03T09:27:29+08:00 ]NOTICE: Undefined index: pidD:\wamp\www\shangcheng\Hdphp\Data\Data.php (76).
[ 2015-12-03T09:27:29+08:00 ]NOTICE: Undefined index: cidD:\wamp\www\shangcheng\Hdphp\Data\Data.php (75).
[ 2015-12-03T09:27:29+08:00 ]NOTICE: Undefined index: pidD:\wamp\www\shangcheng\Hdphp\Data\Data.php (76).
[ 2015-12-03T09:27:29+08:00 ]NOTICE: Undefined index: cidD:\wamp\www\shangcheng\Hdphp\Data\Data.php (75).
[ 2015-12-03T09:27:29+08:00 ]NOTICE: Undefined index: pidD:\wamp\www\shangcheng\Hdphp\Data\Data.php (76).
[ 2015-12-03T09:27:29+08:00 ]NOTICE: Undefined index: cidD:\wamp\www\shangcheng\Hdphp\Data\Data.php (75).
[ 2015-12-03T09:27:29+08:00 ]NOTICE: Undefined index: pidD:\wamp\www\shangcheng\Hdphp\Data\Data.php (76).
[ 2015-12-03T09:27:29+08:00 ]NOTICE: Undefined index: cidD:\wamp\www\shangcheng\Hdphp\Data\Data.php (75).
[ 2015-12-03T09:27:29+08:00 ]NOTICE: Undefined index: pidD:\wamp\www\shangcheng\Hdphp\Data\Data.php (76).
[ 2015-12-03T09:27:29+08:00 ]NOTICE: Undefined index: cidD:\wamp\www\shangcheng\Hdphp\Data\Data.php (75).
[ 2015-12-03T09:27:29+08:00 ]NOTICE: Undefined index: pidD:\wamp\www\shangcheng\Hdphp\Data\Data.php (76).
[ 2015-12-03T09:27:29+08:00 ]NOTICE: Undefined index: cidD:\wamp\www\shangcheng\Hdphp\Data\Data.php (75).
[ 2015-12-03T09:27:29+08:00 ]NOTICE: Undefined index: pidD:\wamp\www\shangcheng\Hdphp\Data\Data.php (76).
[ 2015-12-03T09:27:29+08:00 ]NOTICE: Undefined index: cidD:\wamp\www\shangcheng\Hdphp\Data\Data.php (75).
[ 2015-12-03T09:27:29+08:00 ]NOTICE: Undefined index: pidD:\wamp\www\shangcheng\Hdphp\Data\Data.php (76).
[ 2015-12-03T09:27:29+08:00 ]NOTICE: Undefined index: cidD:\wamp\www\shangcheng\Hdphp\Data\Data.php (75).
[ 2015-12-03T09:27:29+08:00 ]NOTICE: Undefined index: pidD:\wamp\www\shangcheng\Hdphp\Data\Data.php (76).
[ 2015-12-03T09:27:29+08:00 ]NOTICE: Undefined index: cidD:\wamp\www\shangcheng\Hdphp\Data\Data.php (75).
[ 2015-12-03T09:27:29+08:00 ]NOTICE: Undefined index: pidD:\wamp\www\shangcheng\Hdphp\Data\Data.php (76).
[ 2015-12-03T09:27:29+08:00 ]NOTICE: Undefined index: cidD:\wamp\www\shangcheng\Hdphp\Data\Data.php (75).
[ 2015-12-03T09:27:29+08:00 ]NOTICE: Undefined index: pidD:\wamp\www\shangcheng\Hdphp\Data\Data.php (76).
[ 2015-12-03T09:27:29+08:00 ]NOTICE: Undefined index: cidD:\wamp\www\shangcheng\Hdphp\Data\Data.php (75).
[ 2015-12-03T09:27:29+08:00 ]NOTICE: Undefined index: pidD:\wamp\www\shangcheng\Hdphp\Data\Data.php (76).
[ 2015-12-03T09:27:29+08:00 ]NOTICE: Undefined index: cidD:\wamp\www\shangcheng\Hdphp\Data\Data.php (75).
[ 2015-12-03T09:27:29+08:00 ]NOTICE: Undefined index: pidD:\wamp\www\shangcheng\Hdphp\Data\Data.php (76).
[ 2015-12-03T09:27:29+08:00 ]NOTICE: Undefined index: cidD:\wamp\www\shangcheng\Hdphp\Data\Data.php (75).
[ 2015-12-03T09:27:29+08:00 ]NOTICE: Undefined index: pidD:\wamp\www\shangcheng\Hdphp\Data\Data.php (76).
[ 2015-12-03T09:27:29+08:00 ]NOTICE: Undefined index: cidD:\wamp\www\shangcheng\Hdphp\Data\Data.php (75).
[ 2015-12-03T09:27:29+08:00 ]NOTICE: Undefined index: pidD:\wamp\www\shangcheng\Hdphp\Data\Data.php (76).
[ 2015-12-03T09:27:29+08:00 ]NOTICE: Undefined index: cidD:\wamp\www\shangcheng\Hdphp\Data\Data.php (75).
[ 2015-12-03T09:27:29+08:00 ]NOTICE: Undefined index: pidD:\wamp\www\shangcheng\Hdphp\Data\Data.php (76).
[ 2015-12-03T09:27:29+08:00 ]NOTICE: Undefined index: cidD:\wamp\www\shangcheng\Hdphp\Data\Data.php (75).
[ 2015-12-03T09:27:29+08:00 ]NOTICE: Undefined index: pidD:\wamp\www\shangcheng\Hdphp\Data\Data.php (76).
[ 2015-12-03T09:27:29+08:00 ]NOTICE: Undefined index: cidD:\wamp\www\shangcheng\Hdphp\Data\Data.php (75).
[ 2015-12-03T09:27:29+08:00 ]NOTICE: Undefined index: pidD:\wamp\www\shangcheng\Hdphp\Data\Data.php (76).
[ 2015-12-03T09:27:29+08:00 ]NOTICE: Undefined index: cidD:\wamp\www\shangcheng\Hdphp\Data\Data.php (75).
[ 2015-12-03T09:27:29+08:00 ]NOTICE: Undefined index: pidD:\wamp\www\shangcheng\Hdphp\Data\Data.php (76).
[ 2015-12-03T09:27:29+08:00 ]NOTICE: Undefined index: cidD:\wamp\www\shangcheng\Hdphp\Data\Data.php (75).
[ 2015-12-03T09:27:29+08:00 ]NOTICE: Undefined index: pidD:\wamp\www\shangcheng\Hdphp\Data\Data.php (76).
[ 2015-12-03T09:27:29+08:00 ]NOTICE: Undefined index: cidD:\wamp\www\shangcheng\Hdphp\Data\Data.php (75).
[ 2015-12-03T09:27:29+08:00 ]NOTICE: Undefined index: pidD:\wamp\www\shangcheng\Hdphp\Data\Data.php (76).
[ 2015-12-03T09:27:29+08:00 ]NOTICE: Undefined index: cidD:\wamp\www\shangcheng\Hdphp\Data\Data.php (75).
[ 2015-12-03T09:27:29+08:00 ]NOTICE: Undefined index: pidD:\wamp\www\shangcheng\Hdphp\Data\Data.php (76).
[ 2015-12-03T09:27:29+08:00 ]NOTICE: Undefined index: cidD:\wamp\www\shangcheng\Hdphp\Data\Data.php (75).
[ 2015-12-03T09:27:29+08:00 ]NOTICE: Undefined index: pidD:\wamp\www\shangcheng\Hdphp\Data\Data.php (76).
[ 2015-12-03T09:27:29+08:00 ]NOTICE: Undefined index: cidD:\wamp\www\shangcheng\Hdphp\Data\Data.php (75).
[ 2015-12-03T09:27:29+08:00 ]NOTICE: Undefined index: pidD:\wamp\www\shangcheng\Hdphp\Data\Data.php (76).
[ 2015-12-03T09:27:29+08:00 ]NOTICE: Undefined index: cidD:\wamp\www\shangcheng\Hdphp\Data\Data.php (75).
[ 2015-12-03T09:27:29+08:00 ]NOTICE: Undefined index: pidD:\wamp\www\shangcheng\Hdphp\Data\Data.php (76).
[ 2015-12-03T09:27:29+08:00 ]NOTICE: Undefined index: cidD:\wamp\www\shangcheng\Hdphp\Data\Data.php (75).
[ 2015-12-03T09:27:29+08:00 ]NOTICE: Undefined index: pidD:\wamp\www\shangcheng\Hdphp\Data\Data.php (76).
[ 2015-12-03T09:27:29+08:00 ]NOTICE: Undefined index: cidD:\wamp\www\shangcheng\Hdphp\Data\Data.php (75).
[ 2015-12-03T09:27:29+08:00 ]NOTICE: Undefined index: pidD:\wamp\www\shangcheng\Hdphp\Data\Data.php (76).
[ 2015-12-03T09:27:29+08:00 ]NOTICE: Undefined index: cidD:\wamp\www\shangcheng\Hdphp\Data\Data.php (75).
[ 2015-12-03T09:27:29+08:00 ]NOTICE: Undefined index: pidD:\wamp\www\shangcheng\Hdphp\Data\Data.php (76).
[ 2015-12-03T09:27:29+08:00 ]NOTICE: Undefined index: cidD:\wamp\www\shangcheng\Hdphp\Data\Data.php (75).
[ 2015-12-03T09:27:29+08:00 ]NOTICE: Undefined index: pidD:\wamp\www\shangcheng\Hdphp\Data\Data.php (76).
[ 2015-12-03T09:27:29+08:00 ]NOTICE: Undefined index: cidD:\wamp\www\shangcheng\Hdphp\Data\Data.php (75).
[ 2015-12-03T09:27:29+08:00 ]NOTICE: Undefined index: pidD:\wamp\www\shangcheng\Hdphp\Data\Data.php (76).
[ 2015-12-03T09:27:29+08:00 ]NOTICE: Undefined index: cidD:\wamp\www\shangcheng\Hdphp\Data\Data.php (75).
[ 2015-12-03T09:27:29+08:00 ]NOTICE: Undefined index: pidD:\wamp\www\shangcheng\Hdphp\Data\Data.php (76).
[ 2015-12-03T09:27:29+08:00 ]NOTICE: Undefined index: cidD:\wamp\www\shangcheng\Hdphp\Data\Data.php (75).
[ 2015-12-03T09:27:29+08:00 ]NOTICE: Undefined index: pidD:\wamp\www\shangcheng\Hdphp\Data\Data.php (76).
[ 2015-12-03T09:27:29+08:00 ]NOTICE: Undefined index: cidD:\wamp\www\shangcheng\Hdphp\Data\Data.php (75).
[ 2015-12-03T09:27:29+08:00 ]NOTICE: Undefined index: pidD:\wamp\www\shangcheng\Hdphp\Data\Data.php (76).
[ 2015-12-03T09:27:29+08:00 ]NOTICE: Undefined index: cidD:\wamp\www\shangcheng\Hdphp\Data\Data.php (75).
[ 2015-12-03T09:27:29+08:00 ]NOTICE: Undefined index: pidD:\wamp\www\shangcheng\Hdphp\Data\Data.php (76).
[ 2015-12-03T09:27:29+08:00 ]NOTICE: Undefined index: cidD:\wamp\www\shangcheng\Hdphp\Data\Data.php (75).
[ 2015-12-03T09:27:29+08:00 ]NOTICE: Undefined index: pidD:\wamp\www\shangcheng\Hdphp\Data\Data.php (76).
[ 2015-12-03T09:27:29+08:00 ]NOTICE: Undefined index: cidD:\wamp\www\shangcheng\Hdphp\Data\Data.php (75).
[ 2015-12-03T09:27:29+08:00 ]NOTICE: Undefined index: pidD:\wamp\www\shangcheng\Hdphp\Data\Data.php (76).
[ 2015-12-03T09:27:29+08:00 ]NOTICE: Undefined index: cidD:\wamp\www\shangcheng\Hdphp\Data\Data.php (75).
[ 2015-12-03T09:27:29+08:00 ]NOTICE: Undefined index: pidD:\wamp\www\shangcheng\Hdphp\Data\Data.php (76).
[ 2015-12-03T09:27:29+08:00 ]NOTICE: Undefined index: cidD:\wamp\www\shangcheng\Hdphp\Data\Data.php (75).
[ 2015-12-03T09:27:29+08:00 ]NOTICE: Undefined index: pidD:\wamp\www\shangcheng\Hdphp\Data\Data.php (76).
[ 2015-12-03T09:27:29+08:00 ]NOTICE: Undefined index: cidD:\wamp\www\shangcheng\Hdphp\Data\Data.php (75).
[ 2015-12-03T09:27:29+08:00 ]NOTICE: Undefined index: pidD:\wamp\www\shangcheng\Hdphp\Data\Data.php (76).
[ 2015-12-03T09:27:29+08:00 ]NOTICE: Undefined index: cidD:\wamp\www\shangcheng\Hdphp\Data\Data.php (75).
[ 2015-12-03T09:27:29+08:00 ]NOTICE: Undefined index: pidD:\wamp\www\shangcheng\Hdphp\Data\Data.php (76).
[ 2015-12-03T09:27:29+08:00 ]NOTICE: Undefined index: cidD:\wamp\www\shangcheng\Hdphp\Data\Data.php (75).
[ 2015-12-03T09:27:29+08:00 ]NOTICE: Undefined index: pidD:\wamp\www\shangcheng\Hdphp\Data\Data.php (76).
[ 2015-12-03T09:27:29+08:00 ]NOTICE: Undefined index: cidD:\wamp\www\shangcheng\Hdphp\Data\Data.php (75).
[ 2015-12-03T09:27:29+08:00 ]NOTICE: Undefined index: pidD:\wamp\www\shangcheng\Hdphp\Data\Data.php (76).
[ 2015-12-03T09:27:29+08:00 ]NOTICE: Undefined index: cidD:\wamp\www\shangcheng\Hdphp\Data\Data.php (75).
[ 2015-12-03T09:27:29+08:00 ]NOTICE: Undefined index: pidD:\wamp\www\shangcheng\Hdphp\Data\Data.php (76).
[ 2015-12-03T09:27:29+08:00 ]NOTICE: Undefined index: cidD:\wamp\www\shangcheng\Hdphp\Data\Data.php (75).
[ 2015-12-03T09:27:29+08:00 ]NOTICE: Undefined index: pidD:\wamp\www\shangcheng\Hdphp\Data\Data.php (76).
[ 2015-12-03T09:27:29+08:00 ]NOTICE: Undefined index: cidD:\wamp\www\shangcheng\Hdphp\Data\Data.php (75).
[ 2015-12-03T09:27:29+08:00 ]NOTICE: Undefined index: pidD:\wamp\www\shangcheng\Hdphp\Data\Data.php (76).
[ 2015-12-03T09:27:29+08:00 ]NOTICE: Undefined index: cidD:\wamp\www\shangcheng\Hdphp\Data\Data.php (75).
[ 2015-12-03T09:27:29+08:00 ]NOTICE: Undefined index: pidD:\wamp\www\shangcheng\Hdphp\Data\Data.php (76).
[ 2015-12-03T09:27:29+08:00 ]NOTICE: Undefined index: cidD:\wamp\www\shangcheng\Hdphp\Data\Data.php (75).
[ 2015-12-03T09:27:29+08:00 ]NOTICE: Undefined index: pidD:\wamp\www\shangcheng\Hdphp\Data\Data.php (76).
[ 2015-12-03T09:27:29+08:00 ]NOTICE: Undefined index: cidD:\wamp\www\shangcheng\Hdphp\Data\Data.php (75).
[ 2015-12-03T09:27:29+08:00 ]NOTICE: Undefined index: pidD:\wamp\www\shangcheng\Hdphp\Data\Data.php (76).
[ 2015-12-03T09:27:29+08:00 ]NOTICE: Undefined index: cidD:\wamp\www\shangcheng\Hdphp\Data\Data.php (75).
[ 2015-12-03T09:27:29+08:00 ]NOTICE: Undefined index: pidD:\wamp\www\shangcheng\Hdphp\Data\Data.php (76).
[ 2015-12-03T09:27:29+08:00 ]NOTICE: Undefined index: cidD:\wamp\www\shangcheng\Hdphp\Data\Data.php (75).
[ 2015-12-03T09:27:29+08:00 ]NOTICE: Undefined index: pidD:\wamp\www\shangcheng\Hdphp\Data\Data.php (76).
[ 2015-12-03T09:27:29+08:00 ]NOTICE: Undefined index: cidD:\wamp\www\shangcheng\Hdphp\Data\Data.php (75).
[ 2015-12-03T09:27:29+08:00 ]NOTICE: Undefined index: pidD:\wamp\www\shangcheng\Hdphp\Data\Data.php (76).
[ 2015-12-03T09:27:29+08:00 ]NOTICE: Undefined index: cidD:\wamp\www\shangcheng\Hdphp\Data\Data.php (75).
[ 2015-12-03T09:27:29+08:00 ]NOTICE: Undefined index: pidD:\wamp\www\shangcheng\Hdphp\Data\Data.php (76).
[ 2015-12-03T09:27:29+08:00 ]NOTICE: Undefined index: cidD:\wamp\www\shangcheng\Hdphp\Data\Data.php (75).
[ 2015-12-03T09:27:29+08:00 ]NOTICE: Undefined index: pidD:\wamp\www\shangcheng\Hdphp\Data\Data.php (76).
[ 2015-12-03T09:27:29+08:00 ]NOTICE: Undefined index: cidD:\wamp\www\shangcheng\Hdphp\Data\Data.php (75).
[ 2015-12-03T09:27:29+08:00 ]NOTICE: Undefined index: pidD:\wamp\www\shangcheng\Hdphp\Data\Data.php (76).
[ 2015-12-03T09:27:29+08:00 ]NOTICE: Undefined index: cidD:\wamp\www\shangcheng\Hdphp\Data\Data.php (75).
[ 2015-12-03T09:27:29+08:00 ]NOTICE: Undefined index: pidD:\wamp\www\shangcheng\Hdphp\Data\Data.php (76).
[ 2015-12-03T09:27:29+08:00 ]NOTICE: Undefined index: cidD:\wamp\www\shangcheng\Hdphp\Data\Data.php (75).
[ 2015-12-03T09:27:29+08:00 ]NOTICE: Undefined index: pidD:\wamp\www\shangcheng\Hdphp\Data\Data.php (76).
[ 2015-12-03T09:27:29+08:00 ]NOTICE: Undefined index: cidD:\wamp\www\shangcheng\Hdphp\Data\Data.php (75).
[ 2015-12-03T09:27:29+08:00 ]NOTICE: Undefined index: pidD:\wamp\www\shangcheng\Hdphp\Data\Data.php (76).
[ 2015-12-03T09:27:29+08:00 ]NOTICE: Undefined index: cidD:\wamp\www\shangcheng\Hdphp\Data\Data.php (75).
[ 2015-12-03T09:27:29+08:00 ]NOTICE: Undefined index: pidD:\wamp\www\shangcheng\Hdphp\Data\Data.php (76).
[ 2015-12-03T09:27:29+08:00 ]NOTICE: Undefined index: cidD:\wamp\www\shangcheng\Hdphp\Data\Data.php (75).
[ 2015-12-03T09:27:29+08:00 ]NOTICE: Undefined index: pidD:\wamp\www\shangcheng\Hdphp\Data\Data.php (76).
[ 2015-12-03T09:27:29+08:00 ]NOTICE: Undefined index: cidD:\wamp\www\shangcheng\Hdphp\Data\Data.php (75).
[ 2015-12-03T09:27:29+08:00 ]NOTICE: Undefined index: pidD:\wamp\www\shangcheng\Hdphp\Data\Data.php (76).
[ 2015-12-03T09:27:29+08:00 ]NOTICE: Undefined index: cidD:\wamp\www\shangcheng\Hdphp\Data\Data.php (75).
[ 2015-12-03T09:27:29+08:00 ]NOTICE: Undefined index: pidD:\wamp\www\shangcheng\Hdphp\Data\Data.php (76).
[ 2015-12-03T09:27:29+08:00 ]NOTICE: Undefined index: cidD:\wamp\www\shangcheng\Hdphp\Data\Data.php (75).
[ 2015-12-03T09:27:29+08:00 ]NOTICE: Undefined index: pidD:\wamp\www\shangcheng\Hdphp\Data\Data.php (76).
[ 2015-12-03T09:27:29+08:00 ]NOTICE: Undefined index: cidD:\wamp\www\shangcheng\Hdphp\Data\Data.php (75).
[ 2015-12-03T09:27:29+08:00 ]NOTICE: Undefined index: pidD:\wamp\www\shangcheng\Hdphp\Data\Data.php (76).
[ 2015-12-03T09:27:29+08:00 ]NOTICE: Undefined index: cidD:\wamp\www\shangcheng\Hdphp\Data\Data.php (75).
[ 2015-12-03T09:27:29+08:00 ]NOTICE: Undefined index: pidD:\wamp\www\shangcheng\Hdphp\Data\Data.php (76).
[ 2015-12-03T09:27:29+08:00 ]NOTICE: Undefined index: cidD:\wamp\www\shangcheng\Hdphp\Data\Data.php (75).
[ 2015-12-03T09:27:29+08:00 ]NOTICE: Undefined index: pidD:\wamp\www\shangcheng\Hdphp\Data\Data.php (76).
[ 2015-12-03T09:27:29+08:00 ]NOTICE: Undefined index: cidD:\wamp\www\shangcheng\Hdphp\Data\Data.php (75).
[ 2015-12-03T09:27:29+08:00 ]NOTICE: Undefined index: pidD:\wamp\www\shangcheng\Hdphp\Data\Data.php (76).
[ 2015-12-03T09:27:29+08:00 ]NOTICE: Undefined index: cidD:\wamp\www\shangcheng\Hdphp\Data\Data.php (75).
[ 2015-12-03T09:27:29+08:00 ]NOTICE: Undefined index: pidD:\wamp\www\shangcheng\Hdphp\Data\Data.php (76).
[ 2015-12-03T09:27:29+08:00 ]NOTICE: Undefined index: cidD:\wamp\www\shangcheng\Hdphp\Data\Data.php (75).
[ 2015-12-03T09:27:29+08:00 ]NOTICE: Undefined index: pidD:\wamp\www\shangcheng\Hdphp\Data\Data.php (76).
[ 2015-12-03T09:27:29+08:00 ]NOTICE: Undefined index: cidD:\wamp\www\shangcheng\Hdphp\Data\Data.php (75).
[ 2015-12-03T09:27:29+08:00 ]NOTICE: Undefined index: pidD:\wamp\www\shangcheng\Hdphp\Data\Data.php (76).
[ 2015-12-03T09:27:29+08:00 ]NOTICE: Undefined index: cidD:\wamp\www\shangcheng\Hdphp\Data\Data.php (75).
[ 2015-12-03T09:27:29+08:00 ]NOTICE: Undefined index: pidD:\wamp\www\shangcheng\Hdphp\Data\Data.php (76).
[ 2015-12-03T09:27:29+08:00 ]NOTICE: Undefined index: cidD:\wamp\www\shangcheng\Hdphp\Data\Data.php (75).
[ 2015-12-03T09:27:29+08:00 ]NOTICE: Undefined index: pidD:\wamp\www\shangcheng\Hdphp\Data\Data.php (76).
[ 2015-12-03T09:27:29+08:00 ]NOTICE: Undefined index: cidD:\wamp\www\shangcheng\Hdphp\Data\Data.php (75).
[ 2015-12-03T09:27:29+08:00 ]NOTICE: Undefined index: pidD:\wamp\www\shangcheng\Hdphp\Data\Data.php (76).
[ 2015-12-03T09:27:29+08:00 ]NOTICE: Undefined index: cidD:\wamp\www\shangcheng\Hdphp\Data\Data.php (75).
[ 2015-12-03T09:27:29+08:00 ]NOTICE: Undefined index: pidD:\wamp\www\shangcheng\Hdphp\Data\Data.php (76).
[ 2015-12-03T09:28:11+08:00 ]NOTICE: Undefined index: cidD:\wamp\www\shangcheng\Hdphp\Data\Data.php (75).
[ 2015-12-03T09:28:11+08:00 ]NOTICE: Undefined index: pidD:\wamp\www\shangcheng\Hdphp\Data\Data.php (76).
[ 2015-12-03T09:28:11+08:00 ]NOTICE: Undefined index: cidD:\wamp\www\shangcheng\Hdphp\Data\Data.php (75).
[ 2015-12-03T09:28:11+08:00 ]NOTICE: Undefined index: pidD:\wamp\www\shangcheng\Hdphp\Data\Data.php (76).
[ 2015-12-03T09:28:11+08:00 ]NOTICE: Undefined index: cidD:\wamp\www\shangcheng\Hdphp\Data\Data.php (75).
[ 2015-12-03T09:28:11+08:00 ]NOTICE: Undefined index: pidD:\wamp\www\shangcheng\Hdphp\Data\Data.php (76).
[ 2015-12-03T09:28:11+08:00 ]NOTICE: Undefined index: cidD:\wamp\www\shangcheng\Hdphp\Data\Data.php (75).
[ 2015-12-03T09:28:11+08:00 ]NOTICE: Undefined index: pidD:\wamp\www\shangcheng\Hdphp\Data\Data.php (76).
[ 2015-12-03T09:28:11+08:00 ]NOTICE: Undefined index: cidD:\wamp\www\shangcheng\Hdphp\Data\Data.php (75).
[ 2015-12-03T09:28:11+08:00 ]NOTICE: Undefined index: pidD:\wamp\www\shangcheng\Hdphp\Data\Data.php (76).
[ 2015-12-03T09:28:11+08:00 ]NOTICE: Undefined index: cidD:\wamp\www\shangcheng\Hdphp\Data\Data.php (75).
[ 2015-12-03T09:28:11+08:00 ]NOTICE: Undefined index: pidD:\wamp\www\shangcheng\Hdphp\Data\Data.php (76).
[ 2015-12-03T09:28:11+08:00 ]NOTICE: Undefined index: cidD:\wamp\www\shangcheng\Hdphp\Data\Data.php (75).
[ 2015-12-03T09:28:11+08:00 ]NOTICE: Undefined index: pidD:\wamp\www\shangcheng\Hdphp\Data\Data.php (76).
[ 2015-12-03T09:28:11+08:00 ]NOTICE: Undefined index: cidD:\wamp\www\shangcheng\Hdphp\Data\Data.php (75).
[ 2015-12-03T09:28:11+08:00 ]NOTICE: Undefined index: pidD:\wamp\www\shangcheng\Hdphp\Data\Data.php (76).
[ 2015-12-03T09:28:11+08:00 ]NOTICE: Undefined index: cidD:\wamp\www\shangcheng\Hdphp\Data\Data.php (75).
[ 2015-12-03T09:28:11+08:00 ]NOTICE: Undefined index: pidD:\wamp\www\shangcheng\Hdphp\Data\Data.php (76).
[ 2015-12-03T09:28:11+08:00 ]NOTICE: Undefined index: cidD:\wamp\www\shangcheng\Hdphp\Data\Data.php (75).
[ 2015-12-03T09:28:11+08:00 ]NOTICE: Undefined index: pidD:\wamp\www\shangcheng\Hdphp\Data\Data.php (76).
[ 2015-12-03T09:28:11+08:00 ]NOTICE: Undefined index: cidD:\wamp\www\shangcheng\Hdphp\Data\Data.php (75).
[ 2015-12-03T09:28:11+08:00 ]NOTICE: Undefined index: pidD:\wamp\www\shangcheng\Hdphp\Data\Data.php (76).
[ 2015-12-03T09:28:11+08:00 ]NOTICE: Undefined index: cidD:\wamp\www\shangcheng\Hdphp\Data\Data.php (75).
[ 2015-12-03T09:28:11+08:00 ]NOTICE: Undefined index: pidD:\wamp\www\shangcheng\Hdphp\Data\Data.php (76).
[ 2015-12-03T09:28:11+08:00 ]NOTICE: Undefined index: cidD:\wamp\www\shangcheng\Hdphp\Data\Data.php (75).
[ 2015-12-03T09:28:11+08:00 ]NOTICE: Undefined index: pidD:\wamp\www\shangcheng\Hdphp\Data\Data.php (76).
[ 2015-12-03T09:28:11+08:00 ]NOTICE: Undefined index: cidD:\wamp\www\shangcheng\Hdphp\Data\Data.php (75).
[ 2015-12-03T09:28:11+08:00 ]NOTICE: Undefined index: pidD:\wamp\www\shangcheng\Hdphp\Data\Data.php (76).
[ 2015-12-03T09:28:11+08:00 ]NOTICE: Undefined index: cidD:\wamp\www\shangcheng\Hdphp\Data\Data.php (75).
[ 2015-12-03T09:28:11+08:00 ]NOTICE: Undefined index: pidD:\wamp\www\shangcheng\Hdphp\Data\Data.php (76).
[ 2015-12-03T09:28:11+08:00 ]NOTICE: Undefined index: cidD:\wamp\www\shangcheng\Hdphp\Data\Data.php (75).
[ 2015-12-03T09:28:11+08:00 ]NOTICE: Undefined index: pidD:\wamp\www\shangcheng\Hdphp\Data\Data.php (76).
[ 2015-12-03T09:28:11+08:00 ]NOTICE: Undefined index: cidD:\wamp\www\shangcheng\Hdphp\Data\Data.php (75).
[ 2015-12-03T09:28:11+08:00 ]NOTICE: Undefined index: pidD:\wamp\www\shangcheng\Hdphp\Data\Data.php (76).
[ 2015-12-03T09:28:11+08:00 ]NOTICE: Undefined index: cidD:\wamp\www\shangcheng\Hdphp\Data\Data.php (75).
[ 2015-12-03T09:28:11+08:00 ]NOTICE: Undefined index: pidD:\wamp\www\shangcheng\Hdphp\Data\Data.php (76).
[ 2015-12-03T09:28:11+08:00 ]NOTICE: Undefined index: cidD:\wamp\www\shangcheng\Hdphp\Data\Data.php (75).
[ 2015-12-03T09:28:11+08:00 ]NOTICE: Undefined index: pidD:\wamp\www\shangcheng\Hdphp\Data\Data.php (76).
[ 2015-12-03T09:28:11+08:00 ]NOTICE: Undefined index: cidD:\wamp\www\shangcheng\Hdphp\Data\Data.php (75).
[ 2015-12-03T09:28:11+08:00 ]NOTICE: Undefined index: pidD:\wamp\www\shangcheng\Hdphp\Data\Data.php (76).
[ 2015-12-03T09:28:11+08:00 ]NOTICE: Undefined index: cidD:\wamp\www\shangcheng\Hdphp\Data\Data.php (75).
[ 2015-12-03T09:28:11+08:00 ]NOTICE: Undefined index: pidD:\wamp\www\shangcheng\Hdphp\Data\Data.php (76).
[ 2015-12-03T09:28:11+08:00 ]NOTICE: Undefined index: cidD:\wamp\www\shangcheng\Hdphp\Data\Data.php (75).
[ 2015-12-03T09:28:11+08:00 ]NOTICE: Undefined index: pidD:\wamp\www\shangcheng\Hdphp\Data\Data.php (76).
[ 2015-12-03T09:28:11+08:00 ]NOTICE: Undefined index: cidD:\wamp\www\shangcheng\Hdphp\Data\Data.php (75).
[ 2015-12-03T09:28:11+08:00 ]NOTICE: Undefined index: pidD:\wamp\www\shangcheng\Hdphp\Data\Data.php (76).
[ 2015-12-03T09:28:11+08:00 ]NOTICE: Undefined index: cidD:\wamp\www\shangcheng\Hdphp\Data\Data.php (75).
[ 2015-12-03T09:28:11+08:00 ]NOTICE: Undefined index: pidD:\wamp\www\shangcheng\Hdphp\Data\Data.php (76).
[ 2015-12-03T09:28:11+08:00 ]NOTICE: Undefined index: cidD:\wamp\www\shangcheng\Hdphp\Data\Data.php (75).
[ 2015-12-03T09:28:11+08:00 ]NOTICE: Undefined index: pidD:\wamp\www\shangcheng\Hdphp\Data\Data.php (76).
[ 2015-12-03T09:28:11+08:00 ]NOTICE: Undefined index: cidD:\wamp\www\shangcheng\Hdphp\Data\Data.php (75).
[ 2015-12-03T09:28:11+08:00 ]NOTICE: Undefined index: pidD:\wamp\www\shangcheng\Hdphp\Data\Data.php (76).
[ 2015-12-03T09:28:11+08:00 ]NOTICE: Undefined index: cidD:\wamp\www\shangcheng\Hdphp\Data\Data.php (75).
[ 2015-12-03T09:28:11+08:00 ]NOTICE: Undefined index: pidD:\wamp\www\shangcheng\Hdphp\Data\Data.php (76).
[ 2015-12-03T09:28:11+08:00 ]NOTICE: Undefined index: cidD:\wamp\www\shangcheng\Hdphp\Data\Data.php (75).
[ 2015-12-03T09:28:11+08:00 ]NOTICE: Undefined index: pidD:\wamp\www\shangcheng\Hdphp\Data\Data.php (76).
[ 2015-12-03T09:28:11+08:00 ]NOTICE: Undefined index: cidD:\wamp\www\shangcheng\Hdphp\Data\Data.php (75).
[ 2015-12-03T09:28:11+08:00 ]NOTICE: Undefined index: pidD:\wamp\www\shangcheng\Hdphp\Data\Data.php (76).
[ 2015-12-03T09:28:11+08:00 ]NOTICE: Undefined index: cidD:\wamp\www\shangcheng\Hdphp\Data\Data.php (75).
[ 2015-12-03T09:28:11+08:00 ]NOTICE: Undefined index: pidD:\wamp\www\shangcheng\Hdphp\Data\Data.php (76).
[ 2015-12-03T09:28:11+08:00 ]NOTICE: Undefined index: cidD:\wamp\www\shangcheng\Hdphp\Data\Data.php (75).
[ 2015-12-03T09:28:11+08:00 ]NOTICE: Undefined index: pidD:\wamp\www\shangcheng\Hdphp\Data\Data.php (76).
[ 2015-12-03T09:28:11+08:00 ]NOTICE: Undefined index: cidD:\wamp\www\shangcheng\Hdphp\Data\Data.php (75).
[ 2015-12-03T09:28:11+08:00 ]NOTICE: Undefined index: pidD:\wamp\www\shangcheng\Hdphp\Data\Data.php (76).
[ 2015-12-03T09:28:11+08:00 ]NOTICE: Undefined index: cidD:\wamp\www\shangcheng\Hdphp\Data\Data.php (75).
[ 2015-12-03T09:28:11+08:00 ]NOTICE: Undefined index: pidD:\wamp\www\shangcheng\Hdphp\Data\Data.php (76).
[ 2015-12-03T09:28:11+08:00 ]NOTICE: Undefined index: cidD:\wamp\www\shangcheng\Hdphp\Data\Data.php (75).
[ 2015-12-03T09:28:11+08:00 ]NOTICE: Undefined index: pidD:\wamp\www\shangcheng\Hdphp\Data\Data.php (76).
[ 2015-12-03T09:28:11+08:00 ]NOTICE: Undefined index: cidD:\wamp\www\shangcheng\Hdphp\Data\Data.php (75).
[ 2015-12-03T09:28:11+08:00 ]NOTICE: Undefined index: pidD:\wamp\www\shangcheng\Hdphp\Data\Data.php (76).
[ 2015-12-03T09:28:11+08:00 ]NOTICE: Undefined index: cidD:\wamp\www\shangcheng\Hdphp\Data\Data.php (75).
[ 2015-12-03T09:28:11+08:00 ]NOTICE: Undefined index: pidD:\wamp\www\shangcheng\Hdphp\Data\Data.php (76).
[ 2015-12-03T09:28:11+08:00 ]NOTICE: Undefined index: cidD:\wamp\www\shangcheng\Hdphp\Data\Data.php (75).
[ 2015-12-03T09:28:11+08:00 ]NOTICE: Undefined index: pidD:\wamp\www\shangcheng\Hdphp\Data\Data.php (76).
[ 2015-12-03T09:28:11+08:00 ]NOTICE: Undefined index: cidD:\wamp\www\shangcheng\Hdphp\Data\Data.php (75).
[ 2015-12-03T09:28:11+08:00 ]NOTICE: Undefined index: pidD:\wamp\www\shangcheng\Hdphp\Data\Data.php (76).
[ 2015-12-03T09:28:11+08:00 ]NOTICE: Undefined index: cidD:\wamp\www\shangcheng\Hdphp\Data\Data.php (75).
[ 2015-12-03T09:28:11+08:00 ]NOTICE: Undefined index: pidD:\wamp\www\shangcheng\Hdphp\Data\Data.php (76).
[ 2015-12-03T09:28:11+08:00 ]NOTICE: Undefined index: cidD:\wamp\www\shangcheng\Hdphp\Data\Data.php (75).
[ 2015-12-03T09:28:11+08:00 ]NOTICE: Undefined index: pidD:\wamp\www\shangcheng\Hdphp\Data\Data.php (76).
[ 2015-12-03T09:28:11+08:00 ]NOTICE: Undefined index: cidD:\wamp\www\shangcheng\Hdphp\Data\Data.php (75).
[ 2015-12-03T09:28:11+08:00 ]NOTICE: Undefined index: pidD:\wamp\www\shangcheng\Hdphp\Data\Data.php (76).
[ 2015-12-03T09:28:11+08:00 ]NOTICE: Undefined index: cidD:\wamp\www\shangcheng\Hdphp\Data\Data.php (75).
[ 2015-12-03T09:28:11+08:00 ]NOTICE: Undefined index: pidD:\wamp\www\shangcheng\Hdphp\Data\Data.php (76).
[ 2015-12-03T09:28:11+08:00 ]NOTICE: Undefined index: cidD:\wamp\www\shangcheng\Hdphp\Data\Data.php (75).
[ 2015-12-03T09:28:11+08:00 ]NOTICE: Undefined index: pidD:\wamp\www\shangcheng\Hdphp\Data\Data.php (76).
[ 2015-12-03T09:28:11+08:00 ]NOTICE: Undefined index: cidD:\wamp\www\shangcheng\Hdphp\Data\Data.php (75).
[ 2015-12-03T09:28:11+08:00 ]NOTICE: Undefined index: pidD:\wamp\www\shangcheng\Hdphp\Data\Data.php (76).
[ 2015-12-03T09:28:11+08:00 ]NOTICE: Undefined index: cidD:\wamp\www\shangcheng\Hdphp\Data\Data.php (75).
[ 2015-12-03T09:28:11+08:00 ]NOTICE: Undefined index: pidD:\wamp\www\shangcheng\Hdphp\Data\Data.php (76).
[ 2015-12-03T09:28:11+08:00 ]NOTICE: Undefined index: cidD:\wamp\www\shangcheng\Hdphp\Data\Data.php (75).
[ 2015-12-03T09:28:11+08:00 ]NOTICE: Undefined index: pidD:\wamp\www\shangcheng\Hdphp\Data\Data.php (76).
[ 2015-12-03T09:28:11+08:00 ]NOTICE: Undefined index: cidD:\wamp\www\shangcheng\Hdphp\Data\Data.php (75).
[ 2015-12-03T09:28:11+08:00 ]NOTICE: Undefined index: pidD:\wamp\www\shangcheng\Hdphp\Data\Data.php (76).
[ 2015-12-03T09:28:11+08:00 ]NOTICE: Undefined index: cidD:\wamp\www\shangcheng\Hdphp\Data\Data.php (75).
[ 2015-12-03T09:28:11+08:00 ]NOTICE: Undefined index: pidD:\wamp\www\shangcheng\Hdphp\Data\Data.php (76).
[ 2015-12-03T09:28:11+08:00 ]NOTICE: Undefined index: cidD:\wamp\www\shangcheng\Hdphp\Data\Data.php (75).
[ 2015-12-03T09:28:11+08:00 ]NOTICE: Undefined index: pidD:\wamp\www\shangcheng\Hdphp\Data\Data.php (76).
[ 2015-12-03T09:28:11+08:00 ]NOTICE: Undefined index: cidD:\wamp\www\shangcheng\Hdphp\Data\Data.php (75).
[ 2015-12-03T09:28:11+08:00 ]NOTICE: Undefined index: pidD:\wamp\www\shangcheng\Hdphp\Data\Data.php (76).
[ 2015-12-03T09:28:11+08:00 ]NOTICE: Undefined index: cidD:\wamp\www\shangcheng\Hdphp\Data\Data.php (75).
[ 2015-12-03T09:28:11+08:00 ]NOTICE: Undefined index: pidD:\wamp\www\shangcheng\Hdphp\Data\Data.php (76).
[ 2015-12-03T09:28:11+08:00 ]NOTICE: Undefined index: cidD:\wamp\www\shangcheng\Hdphp\Data\Data.php (75).
[ 2015-12-03T09:28:11+08:00 ]NOTICE: Undefined index: pidD:\wamp\www\shangcheng\Hdphp\Data\Data.php (76).
[ 2015-12-03T09:28:11+08:00 ]NOTICE: Undefined index: cidD:\wamp\www\shangcheng\Hdphp\Data\Data.php (75).
[ 2015-12-03T09:28:11+08:00 ]NOTICE: Undefined index: pidD:\wamp\www\shangcheng\Hdphp\Data\Data.php (76).
[ 2015-12-03T09:28:11+08:00 ]NOTICE: Undefined index: cidD:\wamp\www\shangcheng\Hdphp\Data\Data.php (75).
[ 2015-12-03T09:28:11+08:00 ]NOTICE: Undefined index: pidD:\wamp\www\shangcheng\Hdphp\Data\Data.php (76).
[ 2015-12-03T09:28:11+08:00 ]NOTICE: Undefined index: cidD:\wamp\www\shangcheng\Hdphp\Data\Data.php (75).
[ 2015-12-03T09:28:11+08:00 ]NOTICE: Undefined index: pidD:\wamp\www\shangcheng\Hdphp\Data\Data.php (76).
[ 2015-12-03T09:28:11+08:00 ]NOTICE: Undefined index: cidD:\wamp\www\shangcheng\Hdphp\Data\Data.php (75).
[ 2015-12-03T09:28:11+08:00 ]NOTICE: Undefined index: pidD:\wamp\www\shangcheng\Hdphp\Data\Data.php (76).
[ 2015-12-03T09:28:11+08:00 ]NOTICE: Undefined index: cidD:\wamp\www\shangcheng\Hdphp\Data\Data.php (75).
[ 2015-12-03T09:28:11+08:00 ]NOTICE: Undefined index: pidD:\wamp\www\shangcheng\Hdphp\Data\Data.php (76).
[ 2015-12-03T09:28:11+08:00 ]NOTICE: Undefined index: cidD:\wamp\www\shangcheng\Hdphp\Data\Data.php (75).
[ 2015-12-03T09:28:11+08:00 ]NOTICE: Undefined index: pidD:\wamp\www\shangcheng\Hdphp\Data\Data.php (76).
[ 2015-12-03T09:28:11+08:00 ]NOTICE: Undefined index: cidD:\wamp\www\shangcheng\Hdphp\Data\Data.php (75).
[ 2015-12-03T09:28:11+08:00 ]NOTICE: Undefined index: pidD:\wamp\www\shangcheng\Hdphp\Data\Data.php (76).
[ 2015-12-03T09:28:11+08:00 ]NOTICE: Undefined index: cidD:\wamp\www\shangcheng\Hdphp\Data\Data.php (75).
[ 2015-12-03T09:28:11+08:00 ]NOTICE: Undefined index: pidD:\wamp\www\shangcheng\Hdphp\Data\Data.php (76).
[ 2015-12-03T09:28:11+08:00 ]NOTICE: Undefined index: cidD:\wamp\www\shangcheng\Hdphp\Data\Data.php (75).
[ 2015-12-03T09:28:11+08:00 ]NOTICE: Undefined index: pidD:\wamp\www\shangcheng\Hdphp\Data\Data.php (76).
[ 2015-12-03T09:28:11+08:00 ]NOTICE: Undefined index: cidD:\wamp\www\shangcheng\Hdphp\Data\Data.php (75).
[ 2015-12-03T09:28:11+08:00 ]NOTICE: Undefined index: pidD:\wamp\www\shangcheng\Hdphp\Data\Data.php (76).
[ 2015-12-03T09:28:11+08:00 ]NOTICE: Undefined index: cidD:\wamp\www\shangcheng\Hdphp\Data\Data.php (75).
[ 2015-12-03T09:28:11+08:00 ]NOTICE: Undefined index: pidD:\wamp\www\shangcheng\Hdphp\Data\Data.php (76).
[ 2015-12-03T09:28:11+08:00 ]NOTICE: Undefined index: cidD:\wamp\www\shangcheng\Hdphp\Data\Data.php (75).
[ 2015-12-03T09:28:11+08:00 ]NOTICE: Undefined index: pidD:\wamp\www\shangcheng\Hdphp\Data\Data.php (76).
[ 2015-12-03T09:28:11+08:00 ]NOTICE: Undefined index: cidD:\wamp\www\shangcheng\Hdphp\Data\Data.php (75).
[ 2015-12-03T09:28:11+08:00 ]NOTICE: Undefined index: pidD:\wamp\www\shangcheng\Hdphp\Data\Data.php (76).
[ 2015-12-03T09:28:11+08:00 ]NOTICE: Undefined index: cidD:\wamp\www\shangcheng\Hdphp\Data\Data.php (75).
[ 2015-12-03T09:28:11+08:00 ]NOTICE: Undefined index: pidD:\wamp\www\shangcheng\Hdphp\Data\Data.php (76).
[ 2015-12-03T09:28:11+08:00 ]NOTICE: Undefined index: cidD:\wamp\www\shangcheng\Hdphp\Data\Data.php (75).
[ 2015-12-03T09:28:11+08:00 ]NOTICE: Undefined index: pidD:\wamp\www\shangcheng\Hdphp\Data\Data.php (76).
[ 2015-12-03T09:28:11+08:00 ]NOTICE: Undefined index: cidD:\wamp\www\shangcheng\Hdphp\Data\Data.php (75).
[ 2015-12-03T09:28:11+08:00 ]NOTICE: Undefined index: pidD:\wamp\www\shangcheng\Hdphp\Data\Data.php (76).
[ 2015-12-03T09:28:11+08:00 ]NOTICE: Undefined index: cidD:\wamp\www\shangcheng\Hdphp\Data\Data.php (75).
[ 2015-12-03T09:28:11+08:00 ]NOTICE: Undefined index: pidD:\wamp\www\shangcheng\Hdphp\Data\Data.php (76).
[ 2015-12-03T09:28:11+08:00 ]NOTICE: Undefined index: cidD:\wamp\www\shangcheng\Hdphp\Data\Data.php (75).
[ 2015-12-03T09:28:11+08:00 ]NOTICE: Undefined index: pidD:\wamp\www\shangcheng\Hdphp\Data\Data.php (76).
[ 2015-12-03T09:28:11+08:00 ]NOTICE: Undefined index: cidD:\wamp\www\shangcheng\Hdphp\Data\Data.php (75).
[ 2015-12-03T09:28:11+08:00 ]NOTICE: Undefined index: pidD:\wamp\www\shangcheng\Hdphp\Data\Data.php (76).
[ 2015-12-03T09:28:11+08:00 ]NOTICE: Undefined index: cidD:\wamp\www\shangcheng\Hdphp\Data\Data.php (75).
[ 2015-12-03T09:28:11+08:00 ]NOTICE: Undefined index: pidD:\wamp\www\shangcheng\Hdphp\Data\Data.php (76).
[ 2015-12-03T09:28:11+08:00 ]NOTICE: Undefined index: cidD:\wamp\www\shangcheng\Hdphp\Data\Data.php (75).
[ 2015-12-03T09:28:11+08:00 ]NOTICE: Undefined index: pidD:\wamp\www\shangcheng\Hdphp\Data\Data.php (76).
[ 2015-12-03T09:28:11+08:00 ]NOTICE: Undefined index: cidD:\wamp\www\shangcheng\Hdphp\Data\Data.php (75).
[ 2015-12-03T09:28:11+08:00 ]NOTICE: Undefined index: pidD:\wamp\www\shangcheng\Hdphp\Data\Data.php (76).
[ 2015-12-03T09:28:11+08:00 ]NOTICE: Undefined index: cidD:\wamp\www\shangcheng\Hdphp\Data\Data.php (75).
[ 2015-12-03T09:28:11+08:00 ]NOTICE: Undefined index: pidD:\wamp\www\shangcheng\Hdphp\Data\Data.php (76).
[ 2015-12-03T09:28:11+08:00 ]NOTICE: Undefined index: cidD:\wamp\www\shangcheng\Hdphp\Data\Data.php (75).
[ 2015-12-03T09:28:11+08:00 ]NOTICE: Undefined index: pidD:\wamp\www\shangcheng\Hdphp\Data\Data.php (76).
[ 2015-12-03T09:28:11+08:00 ]NOTICE: Undefined index: cidD:\wamp\www\shangcheng\Hdphp\Data\Data.php (75).
[ 2015-12-03T09:28:11+08:00 ]NOTICE: Undefined index: pidD:\wamp\www\shangcheng\Hdphp\Data\Data.php (76).
[ 2015-12-03T09:28:11+08:00 ]NOTICE: Undefined index: cidD:\wamp\www\shangcheng\Hdphp\Data\Data.php (75).
[ 2015-12-03T09:28:11+08:00 ]NOTICE: Undefined index: pidD:\wamp\www\shangcheng\Hdphp\Data\Data.php (76).
[ 2015-12-03T09:28:11+08:00 ]NOTICE: Undefined index: cidD:\wamp\www\shangcheng\Hdphp\Data\Data.php (75).
[ 2015-12-03T09:28:11+08:00 ]NOTICE: Undefined index: pidD:\wamp\www\shangcheng\Hdphp\Data\Data.php (76).
[ 2015-12-03T09:28:11+08:00 ]NOTICE: Undefined index: cidD:\wamp\www\shangcheng\Hdphp\Data\Data.php (75).
[ 2015-12-03T09:28:11+08:00 ]NOTICE: Undefined index: pidD:\wamp\www\shangcheng\Hdphp\Data\Data.php (76).
[ 2015-12-03T09:28:11+08:00 ]NOTICE: Undefined index: cidD:\wamp\www\shangcheng\Hdphp\Data\Data.php (75).
[ 2015-12-03T09:28:11+08:00 ]NOTICE: Undefined index: pidD:\wamp\www\shangcheng\Hdphp\Data\Data.php (76).
[ 2015-12-03T09:28:11+08:00 ]NOTICE: Undefined index: cidD:\wamp\www\shangcheng\Hdphp\Data\Data.php (75).
[ 2015-12-03T09:28:11+08:00 ]NOTICE: Undefined index: pidD:\wamp\www\shangcheng\Hdphp\Data\Data.php (76).
[ 2015-12-03T09:28:11+08:00 ]NOTICE: Undefined index: cidD:\wamp\www\shangcheng\Hdphp\Data\Data.php (75).
[ 2015-12-03T09:28:11+08:00 ]NOTICE: Undefined index: pidD:\wamp\www\shangcheng\Hdphp\Data\Data.php (76).
[ 2015-12-03T09:29:04+08:00 ]NOTICE: Undefined variable: bdataD:\wamp\www\shangcheng\App\Admin\Controller\GoodsController.php (198).
[ 2015-12-03T10:35:41+08:00 ]NOTICE: Undefined index: taidD:\wamp\www\shangcheng\App\Admin\Controller\GoodsController.php (194).
[ 2015-12-03T10:35:41+08:00 ]NOTICE: Undefined variable: taidD:\wamp\www\shangcheng\App\Admin\Controller\GoodsController.php (205).
[ 2015-12-03T10:36:22+08:00 ]NOTICE: Undefined index: taidD:\wamp\www\shangcheng\App\Admin\Controller\GoodsController.php (194).
[ 2015-12-03T10:39:47+08:00 ]NOTICE: Undefined index: gtvalueD:\wamp\www\shangcheng\App\Admin\Controller\GoodsController.php (210).
[ 2015-12-03T10:39:47+08:00 ]NOTICE: Undefined index: gtvalueD:\wamp\www\shangcheng\App\Admin\Controller\GoodsController.php (210).
[ 2015-12-03T10:39:47+08:00 ]NOTICE: Undefined index: gtvalueD:\wamp\www\shangcheng\App\Admin\Controller\GoodsController.php (210).
[ 2015-12-03T10:39:47+08:00 ]NOTICE: Undefined index: gtvalueD:\wamp\www\shangcheng\App\Admin\Controller\GoodsController.php (210).
[ 2015-12-03T10:39:47+08:00 ]NOTICE: Undefined index: gtvalueD:\wamp\www\shangcheng\App\Admin\Controller\GoodsController.php (210).
[ 2015-12-03T10:39:47+08:00 ]NOTICE: Undefined index: gtvalueD:\wamp\www\shangcheng\App\Admin\Controller\GoodsController.php (210).
[ 2015-12-03T10:39:47+08:00 ]NOTICE: Undefined index: gtvalueD:\wamp\www\shangcheng\App\Admin\Controller\GoodsController.php (210).
[ 2015-12-03T11:39:05+08:00 ]NOTICE: Undefined variable: str2D:\wamp\www\shangcheng\App\Admin\Controller\GoodsController.php (247).
[ 2015-12-03T15:09:12+08:00 ]NOTICE: Undefined index: usernameD:\wamp\www\shangcheng\App\Admin\Controller\GoodsController.php (161).
[ 2015-12-03T15:09:12+08:00 ]NOTICE: Undefined variable: editGoodsResD:\wamp\www\shangcheng\App\Admin\Controller\GoodsController.php (170).
[ 2015-12-03T15:09:12+08:00 ]NOTICE: Undefined variable: detailresD:\wamp\www\shangcheng\App\Admin\Controller\GoodsController.php (181).
[ 2015-12-03T15:09:12+08:00 ]NOTICE: Undefined offset: 3D:\wamp\www\shangcheng\App\Admin\Controller\GoodsController.php (190).
[ 2015-12-03T15:09:12+08:00 ]NOTICE: Undefined offset: 4D:\wamp\www\shangcheng\App\Admin\Controller\GoodsController.php (190).
[ 2015-12-03T15:09:12+08:00 ]NOTICE: Undefined index: attrD:\wamp\www\shangcheng\App\Admin\Controller\GoodsController.php (194).
[ 2015-12-03T15:09:12+08:00 ]NOTICE: Invalid argument supplied for foreach()D:\wamp\www\shangcheng\App\Admin\Controller\GoodsController.php (194).
[ 2015-12-03T15:11:54+08:00 ]NOTICE: Undefined variable: detailresD:\wamp\www\shangcheng\App\Admin\Controller\GoodsController.php (181).
[ 2015-12-03T15:11:54+08:00 ]NOTICE: Undefined offset: 3D:\wamp\www\shangcheng\App\Admin\Controller\GoodsController.php (190).
[ 2015-12-03T15:11:54+08:00 ]NOTICE: Undefined offset: 4D:\wamp\www\shangcheng\App\Admin\Controller\GoodsController.php (190).
[ 2015-12-03T15:11:54+08:00 ]NOTICE: Undefined index: attrD:\wamp\www\shangcheng\App\Admin\Controller\GoodsController.php (194).
[ 2015-12-03T15:11:54+08:00 ]NOTICE: Invalid argument supplied for foreach()D:\wamp\www\shangcheng\App\Admin\Controller\GoodsController.php (194).
[ 2015-12-03T15:12:19+08:00 ]NOTICE: Undefined offset: 3D:\wamp\www\shangcheng\App\Admin\Controller\GoodsController.php (190).
[ 2015-12-03T15:12:19+08:00 ]NOTICE: Undefined offset: 4D:\wamp\www\shangcheng\App\Admin\Controller\GoodsController.php (190).
[ 2015-12-03T15:12:19+08:00 ]NOTICE: Undefined index: attrD:\wamp\www\shangcheng\App\Admin\Controller\GoodsController.php (194).
[ 2015-12-03T15:12:19+08:00 ]NOTICE: Invalid argument supplied for foreach()D:\wamp\www\shangcheng\App\Admin\Controller\GoodsController.php (194).
[ 2015-12-03T15:39:07+08:00 ]NOTICE: Undefined offset: 2D:\wamp\www\shangcheng\App\Admin\Controller\GoodsController.php (190).
[ 2015-12-03T15:39:07+08:00 ]NOTICE: Undefined offset: 2D:\wamp\www\shangcheng\App\Admin\Controller\GoodsController.php (190).
[ 2015-12-03T15:39:07+08:00 ]NOTICE: Undefined offset: 3D:\wamp\www\shangcheng\App\Admin\Controller\GoodsController.php (190).
[ 2015-12-03T15:39:07+08:00 ]NOTICE: Undefined offset: 4D:\wamp\www\shangcheng\App\Admin\Controller\GoodsController.php (190).
[ 2015-12-03T15:39:07+08:00 ]NOTICE: Undefined offset: 5D:\wamp\www\shangcheng\App\Admin\Controller\GoodsController.php (190).
[ 2015-12-03T15:41:27+08:00 ]NOTICE: Undefined offset: 2D:\wamp\www\shangcheng\App\Admin\Controller\GoodsController.php (190).
[ 2015-12-03T15:41:27+08:00 ]NOTICE: Undefined offset: 2D:\wamp\www\shangcheng\App\Admin\Controller\GoodsController.php (190).
[ 2015-12-03T15:41:27+08:00 ]NOTICE: Undefined offset: 3D:\wamp\www\shangcheng\App\Admin\Controller\GoodsController.php (190).
[ 2015-12-03T15:41:27+08:00 ]NOTICE: Undefined offset: 4D:\wamp\www\shangcheng\App\Admin\Controller\GoodsController.php (190).
[ 2015-12-03T15:41:27+08:00 ]NOTICE: Undefined offset: 5D:\wamp\www\shangcheng\App\Admin\Controller\GoodsController.php (190).
[ 2015-12-03T15:44:03+08:00 ]NOTICE: Undefined offset: 2D:\wamp\www\shangcheng\App\Admin\Controller\GoodsController.php (190).
[ 2015-12-03T15:44:03+08:00 ]NOTICE: Undefined offset: 2D:\wamp\www\shangcheng\App\Admin\Controller\GoodsController.php (190).
[ 2015-12-03T15:44:03+08:00 ]NOTICE: Undefined offset: 3D:\wamp\www\shangcheng\App\Admin\Controller\GoodsController.php (190).
[ 2015-12-03T15:44:03+08:00 ]NOTICE: Undefined offset: 4D:\wamp\www\shangcheng\App\Admin\Controller\GoodsController.php (190).
[ 2015-12-03T15:44:03+08:00 ]NOTICE: Undefined offset: 5D:\wamp\www\shangcheng\App\Admin\Controller\GoodsController.php (190).
[ 2015-12-03T15:44:33+08:00 ]NOTICE: Undefined offset: 2D:\wamp\www\shangcheng\App\Admin\Controller\GoodsController.php (190).
[ 2015-12-03T15:44:33+08:00 ]NOTICE: Undefined offset: 2D:\wamp\www\shangcheng\App\Admin\Controller\GoodsController.php (190).
[ 2015-12-03T15:44:33+08:00 ]NOTICE: Undefined offset: 3D:\wamp\www\shangcheng\App\Admin\Controller\GoodsController.php (190).
[ 2015-12-03T15:44:33+08:00 ]NOTICE: Undefined offset: 4D:\wamp\www\shangcheng\App\Admin\Controller\GoodsController.php (190).
[ 2015-12-03T15:44:33+08:00 ]NOTICE: Undefined offset: 5D:\wamp\www\shangcheng\App\Admin\Controller\GoodsController.php (190).
[ 2015-12-03T15:48:00+08:00 ]NOTICE: Undefined offset: 2D:\wamp\www\shangcheng\App\Admin\Controller\GoodsController.php (190).
[ 2015-12-03T15:48:00+08:00 ]NOTICE: Undefined offset: 2D:\wamp\www\shangcheng\App\Admin\Controller\GoodsController.php (190).
[ 2015-12-03T15:48:00+08:00 ]NOTICE: Undefined offset: 3D:\wamp\www\shangcheng\App\Admin\Controller\GoodsController.php (190).
[ 2015-12-03T15:48:00+08:00 ]NOTICE: Undefined offset: 4D:\wamp\www\shangcheng\App\Admin\Controller\GoodsController.php (190).
[ 2015-12-03T15:48:00+08:00 ]NOTICE: Undefined offset: 5D:\wamp\www\shangcheng\App\Admin\Controller\GoodsController.php (190).
[ 2015-12-03T15:54:26+08:00 ]NOTICE: Undefined offset: 2D:\wamp\www\shangcheng\App\Admin\Controller\GoodsController.php (190).
[ 2015-12-03T15:54:26+08:00 ]NOTICE: Undefined offset: 2D:\wamp\www\shangcheng\App\Admin\Controller\GoodsController.php (190).
[ 2015-12-03T15:54:26+08:00 ]NOTICE: Undefined offset: 3D:\wamp\www\shangcheng\App\Admin\Controller\GoodsController.php (190).
[ 2015-12-03T15:54:26+08:00 ]NOTICE: Undefined offset: 4D:\wamp\www\shangcheng\App\Admin\Controller\GoodsController.php (190).
[ 2015-12-03T15:54:26+08:00 ]NOTICE: Undefined offset: 5D:\wamp\www\shangcheng\App\Admin\Controller\GoodsController.php (190).
[ 2015-12-03T15:56:11+08:00 ]NOTICE: Undefined offset: 2D:\wamp\www\shangcheng\App\Admin\Controller\GoodsController.php (190).
[ 2015-12-03T15:56:11+08:00 ]NOTICE: Undefined offset: 2D:\wamp\www\shangcheng\App\Admin\Controller\GoodsController.php (190).
[ 2015-12-03T15:56:11+08:00 ]NOTICE: Undefined offset: 3D:\wamp\www\shangcheng\App\Admin\Controller\GoodsController.php (190).
[ 2015-12-03T15:56:11+08:00 ]NOTICE: Undefined offset: 4D:\wamp\www\shangcheng\App\Admin\Controller\GoodsController.php (190).
[ 2015-12-03T15:56:11+08:00 ]NOTICE: Undefined offset: 5D:\wamp\www\shangcheng\App\Admin\Controller\GoodsController.php (190).
[ 2015-12-03T15:57:57+08:00 ]NOTICE: Undefined offset: 2D:\wamp\www\shangcheng\App\Admin\Controller\GoodsController.php (190).
[ 2015-12-03T15:57:57+08:00 ]NOTICE: Undefined offset: 2D:\wamp\www\shangcheng\App\Admin\Controller\GoodsController.php (190).
[ 2015-12-03T15:57:57+08:00 ]NOTICE: Undefined offset: 3D:\wamp\www\shangcheng\App\Admin\Controller\GoodsController.php (190).
[ 2015-12-03T15:57:57+08:00 ]NOTICE: Undefined offset: 4D:\wamp\www\shangcheng\App\Admin\Controller\GoodsController.php (190).
[ 2015-12-03T15:57:57+08:00 ]NOTICE: Undefined offset: 5D:\wamp\www\shangcheng\App\Admin\Controller\GoodsController.php (190).
[ 2015-12-03T16:09:22+08:00 ]NOTICE: Invalid argument supplied for foreach()D:\wamp\www\shangcheng\App\Admin\Controller\GoodsController.php (191).
[ 2015-12-03T16:09:22+08:00 ]NOTICE: Invalid argument supplied for foreach()D:\wamp\www\shangcheng\App\Admin\Controller\GoodsController.php (191).
[ 2015-12-03T16:09:22+08:00 ]NOTICE: Invalid argument supplied for foreach()D:\wamp\www\shangcheng\App\Admin\Controller\GoodsController.php (191).
[ 2015-12-03T16:09:22+08:00 ]NOTICE: Invalid argument supplied for foreach()D:\wamp\www\shangcheng\App\Admin\Controller\GoodsController.php (191).
[ 2015-12-03T16:09:22+08:00 ]NOTICE: Invalid argument supplied for foreach()D:\wamp\www\shangcheng\App\Admin\Controller\GoodsController.php (191).
[ 2015-12-03T16:09:22+08:00 ]NOTICE: Invalid argument supplied for foreach()D:\wamp\www\shangcheng\App\Admin\Controller\GoodsController.php (191).
[ 2015-12-03T16:09:22+08:00 ]NOTICE: Invalid argument supplied for foreach()D:\wamp\www\shangcheng\App\Admin\Controller\GoodsController.php (191).
[ 2015-12-03T16:09:22+08:00 ]NOTICE: Invalid argument supplied for foreach()D:\wamp\www\shangcheng\App\Admin\Controller\GoodsController.php (191).
[ 2015-12-03T16:09:22+08:00 ]NOTICE: Invalid argument supplied for foreach()D:\wamp\www\shangcheng\App\Admin\Controller\GoodsController.php (191).
[ 2015-12-03T16:09:22+08:00 ]NOTICE: Invalid argument supplied for foreach()D:\wamp\www\shangcheng\App\Admin\Controller\GoodsController.php (191).
[ 2015-12-03T16:43:17+08:00 ]NOTICE: Undefined offset: 3D:\wamp\www\shangcheng\App\Admin\Controller\GoodsController.php (195).
[ 2015-12-03T16:43:17+08:00 ]NOTICE: Undefined offset: 4D:\wamp\www\shangcheng\App\Admin\Controller\GoodsController.php (195).
[ 2015-12-03T16:52:29+08:00 ]EXCEPTION: UPDATE lashou_goods_attr SET `taid`=?,`gtvalue`=?,`added`=?,`gid`=?,`gtid`=?  ;BindParams:array (
  'taid' => 1,
  'gtvalue' => '11',
  'added' => '1211',
  'gid' => '1',
  'gtid' => '1',
)23000;1062;Duplicate entry '1' for key 'PRIMARY'
[ 2015-12-03T17:03:38+08:00 ]NOTICE: Undefined variable: goodsListsDataD:\wamp\www\shangcheng\Storage\view\compile\10a97e1dbe33a534ec10c3823b84da0d.php (42).
[ 2015-12-03T17:03:38+08:00 ]NOTICE: Invalid argument supplied for foreach()D:\wamp\www\shangcheng\Storage\view\compile\10a97e1dbe33a534ec10c3823b84da0d.php (42).
