[ 2015-12-04T08:51:43+08:00 ]NOTICE: Undefined variable: goodsListsDataD:\wamp\www\shangcheng\Storage\view\compile\10a97e1dbe33a534ec10c3823b84da0d.php (42).
[ 2015-12-04T08:51:43+08:00 ]NOTICE: Invalid argument supplied for foreach()D:\wamp\www\shangcheng\Storage\view\compile\10a97e1dbe33a534ec10c3823b84da0d.php (42).
[ 2015-12-04T09:06:55+08:00 ]EXCEPTION: SELECT  tname,taid  FROM lashou_type_attr WHERE tid=1 and gid=1 ;BindParams:array (
)42S22;1054;Unknown column 'tname' in 'field list'
[ 2015-12-04T09:07:38+08:00 ]EXCEPTION: SELECT  tname,taid  FROM lashou_type_attr WHERE gid=1 and class=1 ;BindParams:array (
)42S22;1054;Unknown column 'tname' in 'field list'
[ 2015-12-04T09:08:02+08:00 ]EXCEPTION: SELECT  *  FROM lashou_type_attr WHERE gid=1 and class=1 ;BindParams:array (
)42S22;1054;Unknown column 'gid' in 'where clause'
[ 2015-12-04T09:08:23+08:00 ]NOTICE: Undefined variable: goodsListsDataD:\wamp\www\shangcheng\Storage\view\compile\10a97e1dbe33a534ec10c3823b84da0d.php (42).
[ 2015-12-04T09:08:23+08:00 ]NOTICE: Invalid argument supplied for foreach()D:\wamp\www\shangcheng\Storage\view\compile\10a97e1dbe33a534ec10c3823b84da0d.php (42).
[ 2015-12-04T09:08:46+08:00 ]NOTICE: Undefined variable: goodsListsDataD:\wamp\www\shangcheng\Storage\view\compile\10a97e1dbe33a534ec10c3823b84da0d.php (42).
[ 2015-12-04T09:08:46+08:00 ]NOTICE: Invalid argument supplied for foreach()D:\wamp\www\shangcheng\Storage\view\compile\10a97e1dbe33a534ec10c3823b84da0d.php (42).
[ 2015-12-04T09:12:35+08:00 ]NOTICE: Undefined variable: goodsListsDataD:\wamp\www\shangcheng\Storage\view\compile\10a97e1dbe33a534ec10c3823b84da0d.php (42).
[ 2015-12-04T09:12:35+08:00 ]NOTICE: Invalid argument supplied for foreach()D:\wamp\www\shangcheng\Storage\view\compile\10a97e1dbe33a534ec10c3823b84da0d.php (42).
[ 2015-12-04T09:24:43+08:00 ]NOTICE: Undefined index: valueD:\wamp\www\shangcheng\Hdphp\View\HdphpTag.php (132).
[ 2015-12-04T09:25:14+08:00 ]NOTICE: Undefined index: valueD:\wamp\www\shangcheng\Hdphp\View\HdphpTag.php (132).
[ 2015-12-04T09:25:43+08:00 ]NOTICE: Undefined index: valueD:\wamp\www\shangcheng\Hdphp\View\HdphpTag.php (132).
[ 2015-12-04T09:26:22+08:00 ]NOTICE: Undefined variable: specD:\wamp\www\shangcheng\Storage\view\compile\10a97e1dbe33a534ec10c3823b84da0d.php (27).
[ 2015-12-04T09:26:22+08:00 ]NOTICE: Invalid argument supplied for foreach()D:\wamp\www\shangcheng\Storage\view\compile\10a97e1dbe33a534ec10c3823b84da0d.php (27).
[ 2015-12-04T09:41:26+08:00 ]EXCEPTION: Admin\Controller\GoodsListController ä¸å­˜åœ¨
[ 2015-12-04T09:47:03+08:00 ]EXCEPTION: INSERT INTO lashou_goods_list (`combine`,`inventory`,`number`,`gid`,`tid`)VALUES(?,?,?,?,?) ;BindParams:array (
  0 => '1|2|9',
  1 => '123',
  2 => '321',
  3 => '',
  4 => '',
)42S22;1054;Unknown column 'tid' in 'field list'
[ 2015-12-04T09:50:43+08:00 ]NOTICE: Undefined index: gidD:\wamp\www\shangcheng\App\Admin\Controller\GoodsListsController.php (21).
[ 2015-12-04T09:50:43+08:00 ]NOTICE: Undefined index: tidD:\wamp\www\shangcheng\App\Admin\Controller\GoodsListsController.php (22).
[ 2015-12-04T09:50:43+08:00 ]EXCEPTION: SELECT  taname,taid  FROM lashou_type_attr WHERE tid= and class=1 ;BindParams:array (
)42000;1064;You have an error in your SQL syntax; check the manual that corresponds to your MySQL server version for the right syntax to use near 'and class=1' at line 1
[ 2015-12-04T10:25:19+08:00 ]NOTICE: Undefined index: gidD:\wamp\www\shangcheng\App\Admin\Controller\GoodsListsController.php (10).
[ 2015-12-04T10:25:19+08:00 ]NOTICE: Undefined index: tidD:\wamp\www\shangcheng\App\Admin\Controller\GoodsListsController.php (11).
[ 2015-12-04T10:25:19+08:00 ]EXCEPTION: INSERT INTO lashou_goods_list (`combine`,`inventory`,`number`,`gid`)VALUES(?,?,?,?) ;BindParams:array (
  0 => '1|3|5',
  1 => '',
  2 => '123',
  3 => NULL,
)23000;1048;Column 'gid' cannot be null
[ 2015-12-04T10:26:33+08:00 ]NOTICE: Undefined index: gidD:\wamp\www\shangcheng\App\Admin\Controller\GoodsListsController.php (10).
[ 2015-12-04T10:26:33+08:00 ]NOTICE: Undefined index: tidD:\wamp\www\shangcheng\App\Admin\Controller\GoodsListsController.php (11).
[ 2015-12-04T10:27:47+08:00 ]NOTICE: Undefined index: gidD:\wamp\www\shangcheng\App\Admin\Controller\GoodsListsController.php (10).
[ 2015-12-04T10:27:47+08:00 ]NOTICE: Undefined index: tidD:\wamp\www\shangcheng\App\Admin\Controller\GoodsListsController.php (11).
[ 2015-12-04T10:27:47+08:00 ]EXCEPTION: INSERT INTO lashou_goods_list (`combine`,`inventory`,`number`,`gid`)VALUES(?,?,?,?) ;BindParams:array (
  0 => '1|3|5',
  1 => '',
  2 => '1449196067_',
  3 => NULL,
)23000;1048;Column 'gid' cannot be null
[ 2015-12-04T10:37:44+08:00 ]NOTICE: Undefined index: gidD:\wamp\www\shangcheng\App\Admin\Controller\GoodsListsController.php (10).
[ 2015-12-04T10:37:44+08:00 ]NOTICE: Undefined index: tidD:\wamp\www\shangcheng\App\Admin\Controller\GoodsListsController.php (11).
[ 2015-12-04T10:42:15+08:00 ]NOTICE: Undefined index: gidD:\wamp\www\shangcheng\App\Admin\Controller\GoodsListsController.php (26).
[ 2015-12-04T10:42:15+08:00 ]NOTICE: Undefined index: tidD:\wamp\www\shangcheng\App\Admin\Controller\GoodsListsController.php (27).
[ 2015-12-04T10:42:15+08:00 ]EXCEPTION: SELECT  taname,taid  FROM lashou_type_attr WHERE tid= and class=1 ;BindParams:array (
)42000;1064;You have an error in your SQL syntax; check the manual that corresponds to your MySQL server version for the right syntax to use near 'and class=1' at line 1
[ 2015-12-04T10:46:56+08:00 ]NOTICE: Undefined variable: _FETD:\wamp\www\shangcheng\App\Admin\Controller\GoodsListsController.php (12).
[ 2015-12-04T10:46:56+08:00 ]EXCEPTION: INSERT INTO lashou_goods_list (`combine`,`inventory`,`number`,`gid`)VALUES(?,?,?,?) ;BindParams:array (
  0 => '1,3,5',
  1 => '',
  2 => '222222',
  3 => NULL,
)23000;1048;Column 'gid' cannot be null
[ 2015-12-04T11:22:39+08:00 ]NOTICE: Undefined index: gidD:\wamp\www\shangcheng\App\Admin\Controller\GoodsListsController.php (36).
[ 2015-12-04T11:22:39+08:00 ]NOTICE: Undefined index: tidD:\wamp\www\shangcheng\App\Admin\Controller\GoodsListsController.php (37).
[ 2015-12-04T11:22:39+08:00 ]EXCEPTION: SELECT  taname,taid  FROM lashou_type_attr WHERE tid= and class=1 ;BindParams:array (
)42000;1064;You have an error in your SQL syntax; check the manual that corresponds to your MySQL server version for the right syntax to use near 'and class=1' at line 1
[ 2015-12-04T12:08:53+08:00 ]NOTICE: PDO::__construct() [<a href='pdo.--construct'>pdo.--construct</a>]: [2002] ÓÉÓÚÄ¿±ê¼ÆËã»ú»ý¼«¾Ü¾ø£¬ÎÞ·¨Á¬½Ó¡£
 (trying to connect via tcp://127.0.0.1:3306)D:\wamp\www\shangcheng\Hdphp\Db\Mysql.php (62).
[ 2015-12-04T12:08:53+08:00 ]EXCEPTION: SQLSTATE[HY000] [2002] ÓÉÓÚÄ¿±ê¼ÆËã»ú»ý¼«¾Ü¾ø£¬ÎÞ·¨Á¬½Ó¡£

[ 2015-12-04T12:10:05+08:00 ]NOTICE: Undefined variable: sysD:\wamp\www\shangcheng\Storage\view\compile\29f4a0d5f5907712f6a1f63cac0c62c7.php (26).
[ 2015-12-04T12:10:05+08:00 ]NOTICE: Undefined variable: sysD:\wamp\www\shangcheng\Storage\view\compile\29f4a0d5f5907712f6a1f63cac0c62c7.php (34).
[ 2015-12-04T12:10:05+08:00 ]NOTICE: Undefined variable: sysD:\wamp\www\shangcheng\Storage\view\compile\29f4a0d5f5907712f6a1f63cac0c62c7.php (42).
[ 2015-12-04T12:10:05+08:00 ]NOTICE: Undefined variable: sysD:\wamp\www\shangcheng\Storage\view\compile\29f4a0d5f5907712f6a1f63cac0c62c7.php (50).
[ 2015-12-04T12:10:05+08:00 ]NOTICE: Undefined variable: sysD:\wamp\www\shangcheng\Storage\view\compile\29f4a0d5f5907712f6a1f63cac0c62c7.php (58).
[ 2015-12-04T12:10:05+08:00 ]NOTICE: Undefined variable: sysD:\wamp\www\shangcheng\Storage\view\compile\29f4a0d5f5907712f6a1f63cac0c62c7.php (66).
[ 2015-12-04T12:10:05+08:00 ]NOTICE: Undefined variable: sysD:\wamp\www\shangcheng\Storage\view\compile\29f4a0d5f5907712f6a1f63cac0c62c7.php (125).
[ 2015-12-04T12:10:05+08:00 ]NOTICE: Undefined variable: sysD:\wamp\www\shangcheng\Storage\view\compile\29f4a0d5f5907712f6a1f63cac0c62c7.php (133).
[ 2015-12-04T14:15:22+08:00 ]NOTICE: Undefined variable: sumInventoryD:\wamp\www\shangcheng\App\Admin\Controller\GoodsController.php (20).
[ 2015-12-04T15:26:43+08:00 ]NOTICE: Undefined variable: sysD:\wamp\www\shangcheng\Storage\view\compile\29f4a0d5f5907712f6a1f63cac0c62c7.php (26).
[ 2015-12-04T15:26:43+08:00 ]NOTICE: Undefined variable: sysD:\wamp\www\shangcheng\Storage\view\compile\29f4a0d5f5907712f6a1f63cac0c62c7.php (34).
[ 2015-12-04T15:26:43+08:00 ]NOTICE: Undefined variable: sysD:\wamp\www\shangcheng\Storage\view\compile\29f4a0d5f5907712f6a1f63cac0c62c7.php (42).
[ 2015-12-04T15:26:43+08:00 ]NOTICE: Undefined variable: sysD:\wamp\www\shangcheng\Storage\view\compile\29f4a0d5f5907712f6a1f63cac0c62c7.php (50).
[ 2015-12-04T15:26:43+08:00 ]NOTICE: Undefined variable: sysD:\wamp\www\shangcheng\Storage\view\compile\29f4a0d5f5907712f6a1f63cac0c62c7.php (58).
[ 2015-12-04T15:26:43+08:00 ]NOTICE: Undefined variable: sysD:\wamp\www\shangcheng\Storage\view\compile\29f4a0d5f5907712f6a1f63cac0c62c7.php (66).
[ 2015-12-04T15:26:43+08:00 ]NOTICE: Undefined variable: sysD:\wamp\www\shangcheng\Storage\view\compile\29f4a0d5f5907712f6a1f63cac0c62c7.php (125).
[ 2015-12-04T15:26:43+08:00 ]NOTICE: Undefined variable: sysD:\wamp\www\shangcheng\Storage\view\compile\29f4a0d5f5907712f6a1f63cac0c62c7.php (133).
