[ 2015-12-06T09:35:57+08:00 ]EXCEPTION: Method Admin\Controller\GoodsListsController::edit() does not exist
[ 2015-12-06T09:36:09+08:00 ]EXCEPTION: Method Admin\Controller\GoodsListsController::edit() does not exist
[ 2015-12-06T09:37:51+08:00 ]EXCEPTION: Method Admin\Controller\GoodsListsController::edit() does not exist
[ 2015-12-06T09:39:16+08:00 ]EXCEPTION: Method Admin\Controller\GoodsListsController::edit() does not exist
[ 2015-12-06T09:45:11+08:00 ]EXCEPTION: Method Admin\Controller\GoodsListsController::edit() does not exist
[ 2015-12-06T09:50:11+08:00 ]EXCEPTION: Method Admin\Controller\GoodsListsController::edit() does not exist
[ 2015-12-06T09:51:04+08:00 ]EXCEPTION: Method Admin\Controller\GoodsListsController::edit() does not exist
[ 2015-12-06T10:06:29+08:00 ]EXCEPTION: Method Admin\Controller\GoodsListsController::edit() does not exist
[ 2015-12-06T10:40:12+08:00 ]NOTICE: Undefined variable: sgvD:\wamp\www\shangcheng\Storage\view\compile\10a97e1dbe33a534ec10c3823b84da0d.php (60).
[ 2015-12-06T10:40:12+08:00 ]NOTICE: Undefined variable: sgvD:\wamp\www\shangcheng\Storage\view\compile\10a97e1dbe33a534ec10c3823b84da0d.php (60).
[ 2015-12-06T10:40:12+08:00 ]NOTICE: Undefined variable: sgvD:\wamp\www\shangcheng\Storage\view\compile\10a97e1dbe33a534ec10c3823b84da0d.php (60).
[ 2015-12-06T10:40:12+08:00 ]NOTICE: Undefined variable: sgvD:\wamp\www\shangcheng\Storage\view\compile\10a97e1dbe33a534ec10c3823b84da0d.php (60).
[ 2015-12-06T10:40:12+08:00 ]NOTICE: Undefined variable: sgvD:\wamp\www\shangcheng\Storage\view\compile\10a97e1dbe33a534ec10c3823b84da0d.php (60).
[ 2015-12-06T15:48:20+08:00 ]NOTICE: Undefined variable: categoryD:\wamp\www\shangcheng\App\Home\Controller\IndexController.php (16).
[ 2015-12-06T17:06:15+08:00 ]NOTICE: Undefined index: nameD:\wamp\www\shangcheng\Hdphp\View\HdphpTag.php (64).
[ 2015-12-06T17:07:57+08:00 ]NOTICE: Undefined index: nameD:\wamp\www\shangcheng\Hdphp\View\HdphpTag.php (64).
[ 2015-12-06T17:08:42+08:00 ]NOTICE: Undefined index: nameD:\wamp\www\shangcheng\Hdphp\View\HdphpTag.php (64).
[ 2015-12-06T17:10:09+08:00 ]NOTICE: Undefined index: nameD:\wamp\www\shangcheng\Hdphp\View\HdphpTag.php (64).
[ 2015-12-06T17:11:10+08:00 ]NOTICE: Undefined index: nameD:\wamp\www\shangcheng\Hdphp\View\HdphpTag.php (64).
[ 2015-12-06T17:11:24+08:00 ]NOTICE: Undefined index: nameD:\wamp\www\shangcheng\Hdphp\View\HdphpTag.php (64).
[ 2015-12-06T17:12:18+08:00 ]NOTICE: Undefined index: nameD:\wamp\www\shangcheng\Hdphp\View\HdphpTag.php (64).
[ 2015-12-06T17:13:24+08:00 ]NOTICE: Undefined index: nameD:\wamp\www\shangcheng\Hdphp\View\HdphpTag.php (64).
[ 2015-12-06T17:13:26+08:00 ]NOTICE: Undefined index: nameD:\wamp\www\shangcheng\Hdphp\View\HdphpTag.php (64).
[ 2015-12-06T17:14:26+08:00 ]NOTICE: Undefined index: nameD:\wamp\www\shangcheng\Hdphp\View\HdphpTag.php (64).
[ 2015-12-06T17:16:59+08:00 ]NOTICE: Undefined index: nameD:\wamp\www\shangcheng\Hdphp\View\HdphpTag.php (64).
[ 2015-12-06T17:17:34+08:00 ]NOTICE: Undefined index: nameD:\wamp\www\shangcheng\Hdphp\View\HdphpTag.php (64).
[ 2015-12-06T17:17:47+08:00 ]NOTICE: Undefined index: nameD:\wamp\www\shangcheng\Hdphp\View\HdphpTag.php (64).
[ 2015-12-06T17:24:52+08:00 ]NOTICE: Undefined variable: vvD:\wamp\www\shangcheng\Storage\view\compile\0c28e7150ba5d668f4a1564650d3d0d8.php (259).
[ 2015-12-06T17:24:52+08:00 ]NOTICE: Undefined variable: vvD:\wamp\www\shangcheng\Storage\view\compile\0c28e7150ba5d668f4a1564650d3d0d8.php (259).
[ 2015-12-06T17:24:52+08:00 ]NOTICE: Undefined variable: vvD:\wamp\www\shangcheng\Storage\view\compile\0c28e7150ba5d668f4a1564650d3d0d8.php (259).
[ 2015-12-06T17:24:52+08:00 ]NOTICE: Undefined variable: vvD:\wamp\www\shangcheng\Storage\view\compile\0c28e7150ba5d668f4a1564650d3d0d8.php (259).
[ 2015-12-06T17:24:52+08:00 ]NOTICE: Undefined variable: vvD:\wamp\www\shangcheng\Storage\view\compile\0c28e7150ba5d668f4a1564650d3d0d8.php (259).
[ 2015-12-06T17:24:52+08:00 ]NOTICE: Undefined variable: vvD:\wamp\www\shangcheng\Storage\view\compile\0c28e7150ba5d668f4a1564650d3d0d8.php (259).
[ 2015-12-06T17:24:52+08:00 ]NOTICE: Undefined variable: vvD:\wamp\www\shangcheng\Storage\view\compile\0c28e7150ba5d668f4a1564650d3d0d8.php (259).
[ 2015-12-06T17:24:52+08:00 ]NOTICE: Undefined variable: vvD:\wamp\www\shangcheng\Storage\view\compile\0c28e7150ba5d668f4a1564650d3d0d8.php (259).
[ 2015-12-06T17:24:52+08:00 ]NOTICE: Undefined variable: vvD:\wamp\www\shangcheng\Storage\view\compile\0c28e7150ba5d668f4a1564650d3d0d8.php (259).
[ 2015-12-06T17:24:52+08:00 ]NOTICE: Undefined variable: vvD:\wamp\www\shangcheng\Storage\view\compile\0c28e7150ba5d668f4a1564650d3d0d8.php (259).
[ 2015-12-06T17:24:52+08:00 ]NOTICE: Undefined variable: vvD:\wamp\www\shangcheng\Storage\view\compile\0c28e7150ba5d668f4a1564650d3d0d8.php (259).
[ 2015-12-06T17:24:52+08:00 ]NOTICE: Undefined variable: vvD:\wamp\www\shangcheng\Storage\view\compile\0c28e7150ba5d668f4a1564650d3d0d8.php (259).
[ 2015-12-06T17:24:52+08:00 ]NOTICE: Undefined variable: vvD:\wamp\www\shangcheng\Storage\view\compile\0c28e7150ba5d668f4a1564650d3d0d8.php (259).
[ 2015-12-06T17:24:52+08:00 ]NOTICE: Undefined variable: vvD:\wamp\www\shangcheng\Storage\view\compile\0c28e7150ba5d668f4a1564650d3d0d8.php (259).
[ 2015-12-06T17:24:52+08:00 ]NOTICE: Undefined variable: vvD:\wamp\www\shangcheng\Storage\view\compile\0c28e7150ba5d668f4a1564650d3d0d8.php (259).
[ 2015-12-06T17:24:52+08:00 ]NOTICE: Undefined variable: vvD:\wamp\www\shangcheng\Storage\view\compile\0c28e7150ba5d668f4a1564650d3d0d8.php (259).
[ 2015-12-06T17:24:52+08:00 ]NOTICE: Undefined variable: vvD:\wamp\www\shangcheng\Storage\view\compile\0c28e7150ba5d668f4a1564650d3d0d8.php (259).
[ 2015-12-06T17:24:52+08:00 ]NOTICE: Undefined variable: vvD:\wamp\www\shangcheng\Storage\view\compile\0c28e7150ba5d668f4a1564650d3d0d8.php (259).
[ 2015-12-06T17:24:52+08:00 ]NOTICE: Undefined variable: vvD:\wamp\www\shangcheng\Storage\view\compile\0c28e7150ba5d668f4a1564650d3d0d8.php (259).
[ 2015-12-06T17:24:52+08:00 ]NOTICE: Undefined variable: vvD:\wamp\www\shangcheng\Storage\view\compile\0c28e7150ba5d668f4a1564650d3d0d8.php (259).
[ 2015-12-06T17:24:52+08:00 ]NOTICE: Undefined variable: vvD:\wamp\www\shangcheng\Storage\view\compile\0c28e7150ba5d668f4a1564650d3d0d8.php (259).
[ 2015-12-06T17:24:52+08:00 ]NOTICE: Undefined variable: vvD:\wamp\www\shangcheng\Storage\view\compile\0c28e7150ba5d668f4a1564650d3d0d8.php (259).
[ 2015-12-06T17:24:52+08:00 ]NOTICE: Undefined variable: vvD:\wamp\www\shangcheng\Storage\view\compile\0c28e7150ba5d668f4a1564650d3d0d8.php (259).
[ 2015-12-06T17:24:52+08:00 ]NOTICE: Undefined variable: vvD:\wamp\www\shangcheng\Storage\view\compile\0c28e7150ba5d668f4a1564650d3d0d8.php (259).
[ 2015-12-06T17:24:52+08:00 ]NOTICE: Undefined variable: vvD:\wamp\www\shangcheng\Storage\view\compile\0c28e7150ba5d668f4a1564650d3d0d8.php (259).
[ 2015-12-06T17:24:52+08:00 ]NOTICE: Undefined variable: vvD:\wamp\www\shangcheng\Storage\view\compile\0c28e7150ba5d668f4a1564650d3d0d8.php (259).
[ 2015-12-06T17:25:43+08:00 ]NOTICE: Use of undefined constant cname - assumed 'cname'D:\wamp\www\shangcheng\Storage\view\compile\0c28e7150ba5d668f4a1564650d3d0d8.php (259).
[ 2015-12-06T17:25:43+08:00 ]NOTICE: Undefined variable: nameD:\wamp\www\shangcheng\Storage\view\compile\0c28e7150ba5d668f4a1564650d3d0d8.php (259).
[ 2015-12-06T17:25:43+08:00 ]NOTICE: Use of undefined constant cname - assumed 'cname'D:\wamp\www\shangcheng\Storage\view\compile\0c28e7150ba5d668f4a1564650d3d0d8.php (259).
[ 2015-12-06T17:25:43+08:00 ]NOTICE: Undefined variable: nameD:\wamp\www\shangcheng\Storage\view\compile\0c28e7150ba5d668f4a1564650d3d0d8.php (259).
[ 2015-12-06T17:25:43+08:00 ]NOTICE: Use of undefined constant cname - assumed 'cname'D:\wamp\www\shangcheng\Storage\view\compile\0c28e7150ba5d668f4a1564650d3d0d8.php (259).
[ 2015-12-06T17:25:43+08:00 ]NOTICE: Undefined variable: nameD:\wamp\www\shangcheng\Storage\view\compile\0c28e7150ba5d668f4a1564650d3d0d8.php (259).
[ 2015-12-06T17:25:43+08:00 ]NOTICE: Use of undefined constant cname - assumed 'cname'D:\wamp\www\shangcheng\Storage\view\compile\0c28e7150ba5d668f4a1564650d3d0d8.php (259).
[ 2015-12-06T17:25:43+08:00 ]NOTICE: Undefined variable: nameD:\wamp\www\shangcheng\Storage\view\compile\0c28e7150ba5d668f4a1564650d3d0d8.php (259).
[ 2015-12-06T17:25:43+08:00 ]NOTICE: Use of undefined constant cname - assumed 'cname'D:\wamp\www\shangcheng\Storage\view\compile\0c28e7150ba5d668f4a1564650d3d0d8.php (259).
[ 2015-12-06T17:25:43+08:00 ]NOTICE: Undefined variable: nameD:\wamp\www\shangcheng\Storage\view\compile\0c28e7150ba5d668f4a1564650d3d0d8.php (259).
[ 2015-12-06T17:25:43+08:00 ]NOTICE: Use of undefined constant cname - assumed 'cname'D:\wamp\www\shangcheng\Storage\view\compile\0c28e7150ba5d668f4a1564650d3d0d8.php (259).
[ 2015-12-06T17:25:43+08:00 ]NOTICE: Undefined variable: nameD:\wamp\www\shangcheng\Storage\view\compile\0c28e7150ba5d668f4a1564650d3d0d8.php (259).
[ 2015-12-06T17:25:43+08:00 ]NOTICE: Use of undefined constant cname - assumed 'cname'D:\wamp\www\shangcheng\Storage\view\compile\0c28e7150ba5d668f4a1564650d3d0d8.php (259).
[ 2015-12-06T17:25:43+08:00 ]NOTICE: Undefined variable: nameD:\wamp\www\shangcheng\Storage\view\compile\0c28e7150ba5d668f4a1564650d3d0d8.php (259).
[ 2015-12-06T17:25:43+08:00 ]NOTICE: Use of undefined constant cname - assumed 'cname'D:\wamp\www\shangcheng\Storage\view\compile\0c28e7150ba5d668f4a1564650d3d0d8.php (259).
[ 2015-12-06T17:25:43+08:00 ]NOTICE: Undefined variable: nameD:\wamp\www\shangcheng\Storage\view\compile\0c28e7150ba5d668f4a1564650d3d0d8.php (259).
[ 2015-12-06T17:25:43+08:00 ]NOTICE: Use of undefined constant cname - assumed 'cname'D:\wamp\www\shangcheng\Storage\view\compile\0c28e7150ba5d668f4a1564650d3d0d8.php (259).
[ 2015-12-06T17:25:43+08:00 ]NOTICE: Undefined variable: nameD:\wamp\www\shangcheng\Storage\view\compile\0c28e7150ba5d668f4a1564650d3d0d8.php (259).
[ 2015-12-06T17:25:43+08:00 ]NOTICE: Use of undefined constant cname - assumed 'cname'D:\wamp\www\shangcheng\Storage\view\compile\0c28e7150ba5d668f4a1564650d3d0d8.php (259).
[ 2015-12-06T17:25:43+08:00 ]NOTICE: Undefined variable: nameD:\wamp\www\shangcheng\Storage\view\compile\0c28e7150ba5d668f4a1564650d3d0d8.php (259).
[ 2015-12-06T17:25:43+08:00 ]NOTICE: Use of undefined constant cname - assumed 'cname'D:\wamp\www\shangcheng\Storage\view\compile\0c28e7150ba5d668f4a1564650d3d0d8.php (259).
[ 2015-12-06T17:25:43+08:00 ]NOTICE: Undefined variable: nameD:\wamp\www\shangcheng\Storage\view\compile\0c28e7150ba5d668f4a1564650d3d0d8.php (259).
[ 2015-12-06T17:25:43+08:00 ]NOTICE: Use of undefined constant cname - assumed 'cname'D:\wamp\www\shangcheng\Storage\view\compile\0c28e7150ba5d668f4a1564650d3d0d8.php (259).
[ 2015-12-06T17:25:43+08:00 ]NOTICE: Undefined variable: nameD:\wamp\www\shangcheng\Storage\view\compile\0c28e7150ba5d668f4a1564650d3d0d8.php (259).
[ 2015-12-06T17:25:43+08:00 ]NOTICE: Use of undefined constant cname - assumed 'cname'D:\wamp\www\shangcheng\Storage\view\compile\0c28e7150ba5d668f4a1564650d3d0d8.php (259).
[ 2015-12-06T17:25:43+08:00 ]NOTICE: Undefined variable: nameD:\wamp\www\shangcheng\Storage\view\compile\0c28e7150ba5d668f4a1564650d3d0d8.php (259).
[ 2015-12-06T17:25:43+08:00 ]NOTICE: Use of undefined constant cname - assumed 'cname'D:\wamp\www\shangcheng\Storage\view\compile\0c28e7150ba5d668f4a1564650d3d0d8.php (259).
[ 2015-12-06T17:25:43+08:00 ]NOTICE: Undefined variable: nameD:\wamp\www\shangcheng\Storage\view\compile\0c28e7150ba5d668f4a1564650d3d0d8.php (259).
[ 2015-12-06T17:25:43+08:00 ]NOTICE: Use of undefined constant cname - assumed 'cname'D:\wamp\www\shangcheng\Storage\view\compile\0c28e7150ba5d668f4a1564650d3d0d8.php (259).
[ 2015-12-06T17:25:43+08:00 ]NOTICE: Undefined variable: nameD:\wamp\www\shangcheng\Storage\view\compile\0c28e7150ba5d668f4a1564650d3d0d8.php (259).
[ 2015-12-06T17:25:43+08:00 ]NOTICE: Use of undefined constant cname - assumed 'cname'D:\wamp\www\shangcheng\Storage\view\compile\0c28e7150ba5d668f4a1564650d3d0d8.php (259).
[ 2015-12-06T17:25:43+08:00 ]NOTICE: Undefined variable: nameD:\wamp\www\shangcheng\Storage\view\compile\0c28e7150ba5d668f4a1564650d3d0d8.php (259).
[ 2015-12-06T17:25:43+08:00 ]NOTICE: Use of undefined constant cname - assumed 'cname'D:\wamp\www\shangcheng\Storage\view\compile\0c28e7150ba5d668f4a1564650d3d0d8.php (259).
[ 2015-12-06T17:25:43+08:00 ]NOTICE: Undefined variable: nameD:\wamp\www\shangcheng\Storage\view\compile\0c28e7150ba5d668f4a1564650d3d0d8.php (259).
[ 2015-12-06T17:25:43+08:00 ]NOTICE: Use of undefined constant cname - assumed 'cname'D:\wamp\www\shangcheng\Storage\view\compile\0c28e7150ba5d668f4a1564650d3d0d8.php (259).
[ 2015-12-06T17:25:43+08:00 ]NOTICE: Undefined variable: nameD:\wamp\www\shangcheng\Storage\view\compile\0c28e7150ba5d668f4a1564650d3d0d8.php (259).
[ 2015-12-06T17:25:43+08:00 ]NOTICE: Use of undefined constant cname - assumed 'cname'D:\wamp\www\shangcheng\Storage\view\compile\0c28e7150ba5d668f4a1564650d3d0d8.php (259).
[ 2015-12-06T17:25:43+08:00 ]NOTICE: Undefined variable: nameD:\wamp\www\shangcheng\Storage\view\compile\0c28e7150ba5d668f4a1564650d3d0d8.php (259).
[ 2015-12-06T17:25:43+08:00 ]NOTICE: Use of undefined constant cname - assumed 'cname'D:\wamp\www\shangcheng\Storage\view\compile\0c28e7150ba5d668f4a1564650d3d0d8.php (259).
[ 2015-12-06T17:25:43+08:00 ]NOTICE: Undefined variable: nameD:\wamp\www\shangcheng\Storage\view\compile\0c28e7150ba5d668f4a1564650d3d0d8.php (259).
[ 2015-12-06T17:25:43+08:00 ]NOTICE: Use of undefined constant cname - assumed 'cname'D:\wamp\www\shangcheng\Storage\view\compile\0c28e7150ba5d668f4a1564650d3d0d8.php (259).
[ 2015-12-06T17:25:43+08:00 ]NOTICE: Undefined variable: nameD:\wamp\www\shangcheng\Storage\view\compile\0c28e7150ba5d668f4a1564650d3d0d8.php (259).
[ 2015-12-06T17:25:43+08:00 ]NOTICE: Use of undefined constant cname - assumed 'cname'D:\wamp\www\shangcheng\Storage\view\compile\0c28e7150ba5d668f4a1564650d3d0d8.php (259).
[ 2015-12-06T17:25:43+08:00 ]NOTICE: Undefined variable: nameD:\wamp\www\shangcheng\Storage\view\compile\0c28e7150ba5d668f4a1564650d3d0d8.php (259).
[ 2015-12-06T17:25:43+08:00 ]NOTICE: Use of undefined constant cname - assumed 'cname'D:\wamp\www\shangcheng\Storage\view\compile\0c28e7150ba5d668f4a1564650d3d0d8.php (259).
[ 2015-12-06T17:25:43+08:00 ]NOTICE: Undefined variable: nameD:\wamp\www\shangcheng\Storage\view\compile\0c28e7150ba5d668f4a1564650d3d0d8.php (259).
[ 2015-12-06T17:25:43+08:00 ]NOTICE: Use of undefined constant cname - assumed 'cname'D:\wamp\www\shangcheng\Storage\view\compile\0c28e7150ba5d668f4a1564650d3d0d8.php (259).
[ 2015-12-06T17:25:43+08:00 ]NOTICE: Undefined variable: nameD:\wamp\www\shangcheng\Storage\view\compile\0c28e7150ba5d668f4a1564650d3d0d8.php (259).
[ 2015-12-06T17:25:43+08:00 ]NOTICE: Use of undefined constant cname - assumed 'cname'D:\wamp\www\shangcheng\Storage\view\compile\0c28e7150ba5d668f4a1564650d3d0d8.php (259).
[ 2015-12-06T17:25:43+08:00 ]NOTICE: Undefined variable: nameD:\wamp\www\shangcheng\Storage\view\compile\0c28e7150ba5d668f4a1564650d3d0d8.php (259).
[ 2015-12-06T17:25:43+08:00 ]NOTICE: Use of undefined constant cname - assumed 'cname'D:\wamp\www\shangcheng\Storage\view\compile\0c28e7150ba5d668f4a1564650d3d0d8.php (259).
[ 2015-12-06T17:25:43+08:00 ]NOTICE: Undefined variable: nameD:\wamp\www\shangcheng\Storage\view\compile\0c28e7150ba5d668f4a1564650d3d0d8.php (259).
[ 2015-12-06T21:07:32+08:00 ]NOTICE: Undefined index: child2D:\wamp\www\shangcheng\Storage\view\compile\0c28e7150ba5d668f4a1564650d3d0d8.php (267).
[ 2015-12-06T21:07:32+08:00 ]NOTICE: Undefined index: child2D:\wamp\www\shangcheng\Storage\view\compile\0c28e7150ba5d668f4a1564650d3d0d8.php (267).
[ 2015-12-06T21:07:32+08:00 ]NOTICE: Undefined index: child2D:\wamp\www\shangcheng\Storage\view\compile\0c28e7150ba5d668f4a1564650d3d0d8.php (267).
[ 2015-12-06T21:07:32+08:00 ]NOTICE: Undefined index: child2D:\wamp\www\shangcheng\Storage\view\compile\0c28e7150ba5d668f4a1564650d3d0d8.php (267).
[ 2015-12-06T21:07:32+08:00 ]NOTICE: Undefined index: child2D:\wamp\www\shangcheng\Storage\view\compile\0c28e7150ba5d668f4a1564650d3d0d8.php (267).
[ 2015-12-06T21:07:32+08:00 ]NOTICE: Undefined index: child2D:\wamp\www\shangcheng\Storage\view\compile\0c28e7150ba5d668f4a1564650d3d0d8.php (267).
[ 2015-12-06T21:07:32+08:00 ]NOTICE: Undefined index: child2D:\wamp\www\shangcheng\Storage\view\compile\0c28e7150ba5d668f4a1564650d3d0d8.php (267).
[ 2015-12-06T21:07:32+08:00 ]NOTICE: Undefined index: child2D:\wamp\www\shangcheng\Storage\view\compile\0c28e7150ba5d668f4a1564650d3d0d8.php (267).
[ 2015-12-06T21:07:32+08:00 ]NOTICE: Undefined index: child2D:\wamp\www\shangcheng\Storage\view\compile\0c28e7150ba5d668f4a1564650d3d0d8.php (267).
[ 2015-12-06T21:09:32+08:00 ]NOTICE: Undefined index: child2D:\wamp\www\shangcheng\Storage\view\compile\0c28e7150ba5d668f4a1564650d3d0d8.php (267).
[ 2015-12-06T21:09:33+08:00 ]NOTICE: Undefined index: child2D:\wamp\www\shangcheng\Storage\view\compile\0c28e7150ba5d668f4a1564650d3d0d8.php (267).
[ 2015-12-06T21:09:33+08:00 ]NOTICE: Undefined index: child2D:\wamp\www\shangcheng\Storage\view\compile\0c28e7150ba5d668f4a1564650d3d0d8.php (267).
[ 2015-12-06T21:09:33+08:00 ]NOTICE: Undefined index: child2D:\wamp\www\shangcheng\Storage\view\compile\0c28e7150ba5d668f4a1564650d3d0d8.php (267).
[ 2015-12-06T21:09:33+08:00 ]NOTICE: Undefined index: child2D:\wamp\www\shangcheng\Storage\view\compile\0c28e7150ba5d668f4a1564650d3d0d8.php (267).
[ 2015-12-06T21:09:33+08:00 ]NOTICE: Undefined index: child2D:\wamp\www\shangcheng\Storage\view\compile\0c28e7150ba5d668f4a1564650d3d0d8.php (267).
[ 2015-12-06T21:09:33+08:00 ]NOTICE: Undefined index: child2D:\wamp\www\shangcheng\Storage\view\compile\0c28e7150ba5d668f4a1564650d3d0d8.php (267).
[ 2015-12-06T21:09:33+08:00 ]NOTICE: Undefined index: child2D:\wamp\www\shangcheng\Storage\view\compile\0c28e7150ba5d668f4a1564650d3d0d8.php (267).
[ 2015-12-06T21:09:33+08:00 ]NOTICE: Undefined index: child2D:\wamp\www\shangcheng\Storage\view\compile\0c28e7150ba5d668f4a1564650d3d0d8.php (267).
[ 2015-12-06T21:10:15+08:00 ]NOTICE: Undefined index: child2D:\wamp\www\shangcheng\Storage\view\compile\0c28e7150ba5d668f4a1564650d3d0d8.php (267).
[ 2015-12-06T21:10:15+08:00 ]NOTICE: Undefined index: child2D:\wamp\www\shangcheng\Storage\view\compile\0c28e7150ba5d668f4a1564650d3d0d8.php (267).
[ 2015-12-06T21:10:15+08:00 ]NOTICE: Undefined index: child2D:\wamp\www\shangcheng\Storage\view\compile\0c28e7150ba5d668f4a1564650d3d0d8.php (267).
[ 2015-12-06T21:10:15+08:00 ]NOTICE: Undefined index: child2D:\wamp\www\shangcheng\Storage\view\compile\0c28e7150ba5d668f4a1564650d3d0d8.php (267).
[ 2015-12-06T21:10:15+08:00 ]NOTICE: Undefined index: child2D:\wamp\www\shangcheng\Storage\view\compile\0c28e7150ba5d668f4a1564650d3d0d8.php (267).
[ 2015-12-06T21:10:15+08:00 ]NOTICE: Undefined index: child2D:\wamp\www\shangcheng\Storage\view\compile\0c28e7150ba5d668f4a1564650d3d0d8.php (267).
[ 2015-12-06T21:10:15+08:00 ]NOTICE: Undefined index: child2D:\wamp\www\shangcheng\Storage\view\compile\0c28e7150ba5d668f4a1564650d3d0d8.php (267).
[ 2015-12-06T21:10:15+08:00 ]NOTICE: Undefined index: child2D:\wamp\www\shangcheng\Storage\view\compile\0c28e7150ba5d668f4a1564650d3d0d8.php (267).
[ 2015-12-06T21:10:15+08:00 ]NOTICE: Undefined index: child2D:\wamp\www\shangcheng\Storage\view\compile\0c28e7150ba5d668f4a1564650d3d0d8.php (267).
[ 2015-12-06T21:34:13+08:00 ]NOTICE: Undefined variable: mnD:\wamp\www\shangcheng\Storage\view\compile\0c28e7150ba5d668f4a1564650d3d0d8.php (352).
[ 2015-12-06T21:34:13+08:00 ]NOTICE: Invalid argument supplied for foreach()D:\wamp\www\shangcheng\Storage\view\compile\0c28e7150ba5d668f4a1564650d3d0d8.php (352).
[ 2015-12-06T21:34:13+08:00 ]NOTICE: Undefined variable: mnD:\wamp\www\shangcheng\Storage\view\compile\0c28e7150ba5d668f4a1564650d3d0d8.php (352).
[ 2015-12-06T21:34:13+08:00 ]NOTICE: Invalid argument supplied for foreach()D:\wamp\www\shangcheng\Storage\view\compile\0c28e7150ba5d668f4a1564650d3d0d8.php (352).
