[ 2015-12-08T00:17:02+08:00 ]NOTICE: Undefined index: attrD:\wamp\www\shangcheng\App\Admin\Controller\GoodsController.php (67).
[ 2015-12-08T00:17:02+08:00 ]NOTICE: Invalid argument supplied for foreach()D:\wamp\www\shangcheng\App\Admin\Controller\GoodsController.php (67).
[ 2015-12-08T06:36:05+08:00 ]NOTICE: Undefined index: usernameD:\wamp\www\shangcheng\App\Admin\Controller\GoodsController.php (34).
[ 2015-12-08T06:36:05+08:00 ]EXCEPTION: INSERT INTO lashou_goods (`gname`,`unit`,`marketprice`,`shopprice`,`pic`,`click`,`time`,`uid`,`bid`,`cid`,`tid`)VALUES(?,?,?,?,?,?,?,?,?,?,?) ;BindParams:array (
  0 => '【黄村】汉釜宫韩式自助烤肉',
  1 => '份',
  2 => '59',
  3 => '52',
  4 => 'Upload/951449527548.jpg',
  5 => '2342',
  6 => 1449527765,
  7 => NULL,
  8 => '11',
  9 => '2',
  10 => '3',
)23000;1048;Column 'uid' cannot be null
[ 2015-12-08T06:38:40+08:00 ]NOTICE: Undefined index: attrD:\wamp\www\shangcheng\App\Admin\Controller\GoodsController.php (66).
[ 2015-12-08T06:38:40+08:00 ]NOTICE: Invalid argument supplied for foreach()D:\wamp\www\shangcheng\App\Admin\Controller\GoodsController.php (66).
[ 2015-12-08T06:42:00+08:00 ]NOTICE: Undefined index: attrD:\wamp\www\shangcheng\App\Admin\Controller\GoodsController.php (66).
[ 2015-12-08T06:42:00+08:00 ]NOTICE: Invalid argument supplied for foreach()D:\wamp\www\shangcheng\App\Admin\Controller\GoodsController.php (66).
[ 2015-12-08T08:19:08+08:00 ]NOTICE: array_filter() expects at most 2 parameters, 3 givenD:\wamp\www\shangcheng\App\Home\Controller\CateController.php (28).
[ 2015-12-08T09:14:08+08:00 ]EXCEPTION: SELECT  gid  FROM lashou_goods WHERE  cid IN () ;BindParams:array (
)42000;1064;You have an error in your SQL syntax; check the manual that corresponds to your MySQL server version for the right syntax to use near ')' at line 1
[ 2015-12-08T09:15:44+08:00 ]EXCEPTION: SELECT  gid  FROM lashou_goods WHERE  cid IN () ;BindParams:array (
)42000;1064;You have an error in your SQL syntax; check the manual that corresponds to your MySQL server version for the right syntax to use near ')' at line 1
[ 2015-12-08T09:16:36+08:00 ]EXCEPTION: SELECT  gid  FROM lashou_goods WHERE  cid IN () ;BindParams:array (
)42000;1064;You have an error in your SQL syntax; check the manual that corresponds to your MySQL server version for the right syntax to use near ')' at line 1
[ 2015-12-08T09:18:31+08:00 ]NOTICE: Undefined variable: filterD:\wamp\www\shangcheng\App\Home\Controller\CateController.php (84).
[ 2015-12-08T09:18:31+08:00 ]NOTICE: Invalid argument supplied for foreach()D:\wamp\www\shangcheng\App\Home\Controller\CateController.php (84).
[ 2015-12-08T09:19:18+08:00 ]NOTICE: Undefined variable: filterD:\wamp\www\shangcheng\App\Home\Controller\CateController.php (84).
[ 2015-12-08T09:19:18+08:00 ]NOTICE: Invalid argument supplied for foreach()D:\wamp\www\shangcheng\App\Home\Controller\CateController.php (84).
[ 2015-12-08T09:19:18+08:00 ]NOTICE: Undefined variable: filterD:\wamp\www\shangcheng\App\Home\Controller\CateController.php (31).
[ 2015-12-08T09:19:54+08:00 ]NOTICE: Undefined variable: filterD:\wamp\www\shangcheng\App\Home\Controller\CateController.php (29).
[ 2015-12-08T09:19:54+08:00 ]NOTICE: Invalid argument supplied for foreach()D:\wamp\www\shangcheng\App\Home\Controller\CateController.php (84).
[ 2015-12-08T09:19:54+08:00 ]NOTICE: Undefined variable: filterD:\wamp\www\shangcheng\App\Home\Controller\CateController.php (31).
[ 2015-12-08T09:23:36+08:00 ]NOTICE: Undefined variable: attrD:\wamp\www\shangcheng\Storage\view\compile\393f03eaec8b0863a95dee62ff5da6ed.php (1003).
[ 2015-12-08T09:23:36+08:00 ]NOTICE: Invalid argument supplied for foreach()D:\wamp\www\shangcheng\Storage\view\compile\393f03eaec8b0863a95dee62ff5da6ed.php (1003).
[ 2015-12-08T09:28:08+08:00 ]NOTICE: Undefined index: idD:\wamp\www\shangcheng\Storage\view\compile\393f03eaec8b0863a95dee62ff5da6ed.php (1005).
[ 2015-12-08T09:28:08+08:00 ]NOTICE: Undefined index: idD:\wamp\www\shangcheng\Storage\view\compile\393f03eaec8b0863a95dee62ff5da6ed.php (1005).
[ 2015-12-08T09:28:08+08:00 ]NOTICE: Undefined index: idD:\wamp\www\shangcheng\Storage\view\compile\393f03eaec8b0863a95dee62ff5da6ed.php (1005).
[ 2015-12-08T09:29:25+08:00 ]NOTICE: Undefined index: idD:\wamp\www\shangcheng\Storage\view\compile\393f03eaec8b0863a95dee62ff5da6ed.php (1012).
[ 2015-12-08T09:29:25+08:00 ]NOTICE: Undefined index: idD:\wamp\www\shangcheng\Storage\view\compile\393f03eaec8b0863a95dee62ff5da6ed.php (1012).
[ 2015-12-08T09:29:25+08:00 ]NOTICE: Undefined index: idD:\wamp\www\shangcheng\Storage\view\compile\393f03eaec8b0863a95dee62ff5da6ed.php (1012).
[ 2015-12-08T09:29:25+08:00 ]NOTICE: Undefined index: idD:\wamp\www\shangcheng\Storage\view\compile\393f03eaec8b0863a95dee62ff5da6ed.php (1012).
[ 2015-12-08T09:29:25+08:00 ]NOTICE: Undefined index: idD:\wamp\www\shangcheng\Storage\view\compile\393f03eaec8b0863a95dee62ff5da6ed.php (1012).
[ 2015-12-08T09:29:25+08:00 ]NOTICE: Undefined index: idD:\wamp\www\shangcheng\Storage\view\compile\393f03eaec8b0863a95dee62ff5da6ed.php (1012).
[ 2015-12-08T09:29:25+08:00 ]NOTICE: Undefined index: idD:\wamp\www\shangcheng\Storage\view\compile\393f03eaec8b0863a95dee62ff5da6ed.php (1012).
[ 2015-12-08T09:29:25+08:00 ]NOTICE: Undefined index: idD:\wamp\www\shangcheng\Storage\view\compile\393f03eaec8b0863a95dee62ff5da6ed.php (1012).
[ 2015-12-08T09:29:25+08:00 ]NOTICE: Undefined index: idD:\wamp\www\shangcheng\Storage\view\compile\393f03eaec8b0863a95dee62ff5da6ed.php (1012).
[ 2015-12-08T09:29:58+08:00 ]NOTICE: Undefined index: idD:\wamp\www\shangcheng\Storage\view\compile\393f03eaec8b0863a95dee62ff5da6ed.php (1012).
[ 2015-12-08T09:29:58+08:00 ]NOTICE: Undefined index: idD:\wamp\www\shangcheng\Storage\view\compile\393f03eaec8b0863a95dee62ff5da6ed.php (1012).
[ 2015-12-08T09:29:58+08:00 ]NOTICE: Undefined index: idD:\wamp\www\shangcheng\Storage\view\compile\393f03eaec8b0863a95dee62ff5da6ed.php (1012).
[ 2015-12-08T09:29:58+08:00 ]NOTICE: Undefined index: idD:\wamp\www\shangcheng\Storage\view\compile\393f03eaec8b0863a95dee62ff5da6ed.php (1012).
[ 2015-12-08T09:29:58+08:00 ]NOTICE: Undefined index: idD:\wamp\www\shangcheng\Storage\view\compile\393f03eaec8b0863a95dee62ff5da6ed.php (1012).
[ 2015-12-08T09:29:58+08:00 ]NOTICE: Undefined index: idD:\wamp\www\shangcheng\Storage\view\compile\393f03eaec8b0863a95dee62ff5da6ed.php (1012).
[ 2015-12-08T09:29:58+08:00 ]NOTICE: Undefined index: idD:\wamp\www\shangcheng\Storage\view\compile\393f03eaec8b0863a95dee62ff5da6ed.php (1012).
[ 2015-12-08T09:29:58+08:00 ]NOTICE: Undefined index: idD:\wamp\www\shangcheng\Storage\view\compile\393f03eaec8b0863a95dee62ff5da6ed.php (1012).
[ 2015-12-08T09:29:58+08:00 ]NOTICE: Undefined index: idD:\wamp\www\shangcheng\Storage\view\compile\393f03eaec8b0863a95dee62ff5da6ed.php (1012).
[ 2015-12-08T09:34:30+08:00 ]NOTICE: Undefined index: cidD:\wamp\www\shangcheng\App\Home\Controller\CateController.php (17).
[ 2015-12-08T09:34:30+08:00 ]EXCEPTION: SELECT  gid  FROM lashou_goods WHERE  cid IN () ;BindParams:array (
)42000;1064;You have an error in your SQL syntax; check the manual that corresponds to your MySQL server version for the right syntax to use near ')' at line 1
[ 2015-12-08T10:15:30+08:00 ]EXCEPTION: SELECT  *  FROM lashou_goods g INNER JOIN lashou_goods_detail d ON g.gid = d.gid WHERE  g.gid=?  LIMIT 1 ;BindParams:array (
  0 => '2',
)42S02;1146;Table 'hd_lashou.lashou_goods_detail' doesn't exist
[ 2015-12-08T11:14:43+08:00 ]EXCEPTION: SELECT  gid  FROM lashou_goods WHERE  cid IN () ;BindParams:array (
)42000;1064;You have an error in your SQL syntax; check the manual that corresponds to your MySQL server version for the right syntax to use near ')' at line 1
[ 2015-12-08T11:14:49+08:00 ]EXCEPTION: SELECT  gid  FROM lashou_goods WHERE  cid IN () ;BindParams:array (
)42000;1064;You have an error in your SQL syntax; check the manual that corresponds to your MySQL server version for the right syntax to use near ')' at line 1
[ 2015-12-08T11:14:53+08:00 ]EXCEPTION: SELECT  gid  FROM lashou_goods WHERE  cid IN () ;BindParams:array (
)42000;1064;You have an error in your SQL syntax; check the manual that corresponds to your MySQL server version for the right syntax to use near ')' at line 1
[ 2015-12-08T11:39:57+08:00 ]EXCEPTION: SELECT  gid  FROM lashou_goods WHERE  cid IN () ;BindParams:array (
)42000;1064;You have an error in your SQL syntax; check the manual that corresponds to your MySQL server version for the right syntax to use near ')' at line 1
[ 2015-12-08T11:45:32+08:00 ]NOTICE: Undefined variable: filterD:\wamp\www\shangcheng\Storage\view\compile\393f03eaec8b0863a95dee62ff5da6ed.php (1001).
[ 2015-12-08T11:45:32+08:00 ]NOTICE: Undefined variable: attrsD:\wamp\www\shangcheng\Storage\view\compile\393f03eaec8b0863a95dee62ff5da6ed.php (1003).
[ 2015-12-08T11:45:32+08:00 ]NOTICE: Invalid argument supplied for foreach()D:\wamp\www\shangcheng\Storage\view\compile\393f03eaec8b0863a95dee62ff5da6ed.php (1003).
[ 2015-12-08T11:45:32+08:00 ]NOTICE: Undefined variable: goodsD:\wamp\www\shangcheng\Storage\view\compile\393f03eaec8b0863a95dee62ff5da6ed.php (1072).
[ 2015-12-08T11:45:32+08:00 ]NOTICE: Invalid argument supplied for foreach()D:\wamp\www\shangcheng\Storage\view\compile\393f03eaec8b0863a95dee62ff5da6ed.php (1072).
[ 2015-12-08T11:45:35+08:00 ]EXCEPTION: SELECT  gid  FROM lashou_goods WHERE  cid IN () ;BindParams:array (
)42000;1064;You have an error in your SQL syntax; check the manual that corresponds to your MySQL server version for the right syntax to use near ')' at line 1
[ 2015-12-08T11:45:39+08:00 ]NOTICE: Undefined variable: filterD:\wamp\www\shangcheng\Storage\view\compile\393f03eaec8b0863a95dee62ff5da6ed.php (1001).
[ 2015-12-08T11:45:39+08:00 ]NOTICE: Undefined variable: attrsD:\wamp\www\shangcheng\Storage\view\compile\393f03eaec8b0863a95dee62ff5da6ed.php (1003).
[ 2015-12-08T11:45:39+08:00 ]NOTICE: Invalid argument supplied for foreach()D:\wamp\www\shangcheng\Storage\view\compile\393f03eaec8b0863a95dee62ff5da6ed.php (1003).
[ 2015-12-08T11:45:39+08:00 ]NOTICE: Undefined variable: goodsD:\wamp\www\shangcheng\Storage\view\compile\393f03eaec8b0863a95dee62ff5da6ed.php (1072).
[ 2015-12-08T11:45:39+08:00 ]NOTICE: Invalid argument supplied for foreach()D:\wamp\www\shangcheng\Storage\view\compile\393f03eaec8b0863a95dee62ff5da6ed.php (1072).
[ 2015-12-08T11:56:07+08:00 ]NOTICE: Invalid argument supplied for foreach()D:\wamp\www\shangcheng\Hdphp\Db\Mysql.php (690).
[ 2015-12-08T11:56:07+08:00 ]EXCEPTION: SELECT  *  FROM lashou_goods_attr WHERE  gid IN () GROUP BY gtvalue ;BindParams:array (
)42000;1064;You have an error in your SQL syntax; check the manual that corresponds to your MySQL server version for the right syntax to use near ') GROUP BY gtvalue' at line 1
[ 2015-12-08T11:56:13+08:00 ]EXCEPTION: SELECT  gid  FROM lashou_goods WHERE  cid IN () ;BindParams:array (
)42000;1064;You have an error in your SQL syntax; check the manual that corresponds to your MySQL server version for the right syntax to use near ')' at line 1
[ 2015-12-08T12:18:37+08:00 ]NOTICE: Undefined variable: filterD:\wamp\www\shangcheng\Storage\view\compile\393f03eaec8b0863a95dee62ff5da6ed.php (1001).
[ 2015-12-08T12:18:37+08:00 ]NOTICE: Undefined variable: attrsD:\wamp\www\shangcheng\Storage\view\compile\393f03eaec8b0863a95dee62ff5da6ed.php (1003).
[ 2015-12-08T12:18:37+08:00 ]NOTICE: Invalid argument supplied for foreach()D:\wamp\www\shangcheng\Storage\view\compile\393f03eaec8b0863a95dee62ff5da6ed.php (1003).
[ 2015-12-08T12:18:37+08:00 ]NOTICE: Undefined variable: goodsD:\wamp\www\shangcheng\Storage\view\compile\393f03eaec8b0863a95dee62ff5da6ed.php (1072).
[ 2015-12-08T12:18:37+08:00 ]NOTICE: Invalid argument supplied for foreach()D:\wamp\www\shangcheng\Storage\view\compile\393f03eaec8b0863a95dee62ff5da6ed.php (1072).
[ 2015-12-08T12:18:39+08:00 ]NOTICE: Undefined variable: filterD:\wamp\www\shangcheng\Storage\view\compile\393f03eaec8b0863a95dee62ff5da6ed.php (1001).
[ 2015-12-08T12:18:39+08:00 ]NOTICE: Undefined variable: attrsD:\wamp\www\shangcheng\Storage\view\compile\393f03eaec8b0863a95dee62ff5da6ed.php (1003).
[ 2015-12-08T12:18:39+08:00 ]NOTICE: Invalid argument supplied for foreach()D:\wamp\www\shangcheng\Storage\view\compile\393f03eaec8b0863a95dee62ff5da6ed.php (1003).
[ 2015-12-08T12:18:39+08:00 ]NOTICE: Undefined variable: goodsD:\wamp\www\shangcheng\Storage\view\compile\393f03eaec8b0863a95dee62ff5da6ed.php (1072).
[ 2015-12-08T12:18:39+08:00 ]NOTICE: Invalid argument supplied for foreach()D:\wamp\www\shangcheng\Storage\view\compile\393f03eaec8b0863a95dee62ff5da6ed.php (1072).
[ 2015-12-08T12:18:42+08:00 ]NOTICE: Undefined variable: filterD:\wamp\www\shangcheng\Storage\view\compile\393f03eaec8b0863a95dee62ff5da6ed.php (1001).
[ 2015-12-08T12:18:42+08:00 ]NOTICE: Undefined variable: attrsD:\wamp\www\shangcheng\Storage\view\compile\393f03eaec8b0863a95dee62ff5da6ed.php (1003).
[ 2015-12-08T12:18:42+08:00 ]NOTICE: Invalid argument supplied for foreach()D:\wamp\www\shangcheng\Storage\view\compile\393f03eaec8b0863a95dee62ff5da6ed.php (1003).
[ 2015-12-08T12:18:42+08:00 ]NOTICE: Undefined variable: goodsD:\wamp\www\shangcheng\Storage\view\compile\393f03eaec8b0863a95dee62ff5da6ed.php (1072).
[ 2015-12-08T12:18:42+08:00 ]NOTICE: Invalid argument supplied for foreach()D:\wamp\www\shangcheng\Storage\view\compile\393f03eaec8b0863a95dee62ff5da6ed.php (1072).
[ 2015-12-08T12:18:43+08:00 ]NOTICE: Undefined variable: filterD:\wamp\www\shangcheng\Storage\view\compile\393f03eaec8b0863a95dee62ff5da6ed.php (1001).
[ 2015-12-08T12:18:43+08:00 ]NOTICE: Undefined variable: attrsD:\wamp\www\shangcheng\Storage\view\compile\393f03eaec8b0863a95dee62ff5da6ed.php (1003).
[ 2015-12-08T12:18:43+08:00 ]NOTICE: Invalid argument supplied for foreach()D:\wamp\www\shangcheng\Storage\view\compile\393f03eaec8b0863a95dee62ff5da6ed.php (1003).
[ 2015-12-08T12:18:43+08:00 ]NOTICE: Undefined variable: goodsD:\wamp\www\shangcheng\Storage\view\compile\393f03eaec8b0863a95dee62ff5da6ed.php (1072).
[ 2015-12-08T12:18:43+08:00 ]NOTICE: Invalid argument supplied for foreach()D:\wamp\www\shangcheng\Storage\view\compile\393f03eaec8b0863a95dee62ff5da6ed.php (1072).
[ 2015-12-08T12:18:46+08:00 ]NOTICE: Undefined variable: filterD:\wamp\www\shangcheng\Storage\view\compile\393f03eaec8b0863a95dee62ff5da6ed.php (1001).
[ 2015-12-08T12:18:46+08:00 ]NOTICE: Undefined variable: attrsD:\wamp\www\shangcheng\Storage\view\compile\393f03eaec8b0863a95dee62ff5da6ed.php (1003).
[ 2015-12-08T12:18:46+08:00 ]NOTICE: Invalid argument supplied for foreach()D:\wamp\www\shangcheng\Storage\view\compile\393f03eaec8b0863a95dee62ff5da6ed.php (1003).
[ 2015-12-08T12:18:46+08:00 ]NOTICE: Undefined variable: goodsD:\wamp\www\shangcheng\Storage\view\compile\393f03eaec8b0863a95dee62ff5da6ed.php (1072).
[ 2015-12-08T12:18:46+08:00 ]NOTICE: Invalid argument supplied for foreach()D:\wamp\www\shangcheng\Storage\view\compile\393f03eaec8b0863a95dee62ff5da6ed.php (1072).
[ 2015-12-08T12:18:47+08:00 ]NOTICE: Undefined variable: filterD:\wamp\www\shangcheng\Storage\view\compile\393f03eaec8b0863a95dee62ff5da6ed.php (1001).
[ 2015-12-08T12:18:47+08:00 ]NOTICE: Undefined variable: attrsD:\wamp\www\shangcheng\Storage\view\compile\393f03eaec8b0863a95dee62ff5da6ed.php (1003).
[ 2015-12-08T12:18:47+08:00 ]NOTICE: Invalid argument supplied for foreach()D:\wamp\www\shangcheng\Storage\view\compile\393f03eaec8b0863a95dee62ff5da6ed.php (1003).
[ 2015-12-08T12:18:47+08:00 ]NOTICE: Undefined variable: goodsD:\wamp\www\shangcheng\Storage\view\compile\393f03eaec8b0863a95dee62ff5da6ed.php (1072).
[ 2015-12-08T12:18:47+08:00 ]NOTICE: Invalid argument supplied for foreach()D:\wamp\www\shangcheng\Storage\view\compile\393f03eaec8b0863a95dee62ff5da6ed.php (1072).
[ 2015-12-08T12:18:49+08:00 ]NOTICE: Undefined variable: filterD:\wamp\www\shangcheng\Storage\view\compile\393f03eaec8b0863a95dee62ff5da6ed.php (1001).
[ 2015-12-08T12:18:49+08:00 ]NOTICE: Undefined variable: attrsD:\wamp\www\shangcheng\Storage\view\compile\393f03eaec8b0863a95dee62ff5da6ed.php (1003).
[ 2015-12-08T12:18:49+08:00 ]NOTICE: Invalid argument supplied for foreach()D:\wamp\www\shangcheng\Storage\view\compile\393f03eaec8b0863a95dee62ff5da6ed.php (1003).
[ 2015-12-08T12:18:49+08:00 ]NOTICE: Undefined variable: goodsD:\wamp\www\shangcheng\Storage\view\compile\393f03eaec8b0863a95dee62ff5da6ed.php (1072).
[ 2015-12-08T12:18:49+08:00 ]NOTICE: Invalid argument supplied for foreach()D:\wamp\www\shangcheng\Storage\view\compile\393f03eaec8b0863a95dee62ff5da6ed.php (1072).
[ 2015-12-08T12:18:51+08:00 ]NOTICE: Undefined variable: filterD:\wamp\www\shangcheng\Storage\view\compile\393f03eaec8b0863a95dee62ff5da6ed.php (1001).
[ 2015-12-08T12:18:51+08:00 ]NOTICE: Undefined variable: attrsD:\wamp\www\shangcheng\Storage\view\compile\393f03eaec8b0863a95dee62ff5da6ed.php (1003).
[ 2015-12-08T12:18:51+08:00 ]NOTICE: Invalid argument supplied for foreach()D:\wamp\www\shangcheng\Storage\view\compile\393f03eaec8b0863a95dee62ff5da6ed.php (1003).
[ 2015-12-08T12:18:51+08:00 ]NOTICE: Undefined variable: goodsD:\wamp\www\shangcheng\Storage\view\compile\393f03eaec8b0863a95dee62ff5da6ed.php (1072).
[ 2015-12-08T12:18:51+08:00 ]NOTICE: Invalid argument supplied for foreach()D:\wamp\www\shangcheng\Storage\view\compile\393f03eaec8b0863a95dee62ff5da6ed.php (1072).
[ 2015-12-08T12:18:52+08:00 ]NOTICE: Undefined variable: filterD:\wamp\www\shangcheng\Storage\view\compile\393f03eaec8b0863a95dee62ff5da6ed.php (1001).
[ 2015-12-08T12:18:52+08:00 ]NOTICE: Undefined variable: attrsD:\wamp\www\shangcheng\Storage\view\compile\393f03eaec8b0863a95dee62ff5da6ed.php (1003).
[ 2015-12-08T12:18:52+08:00 ]NOTICE: Invalid argument supplied for foreach()D:\wamp\www\shangcheng\Storage\view\compile\393f03eaec8b0863a95dee62ff5da6ed.php (1003).
[ 2015-12-08T12:18:52+08:00 ]NOTICE: Undefined variable: goodsD:\wamp\www\shangcheng\Storage\view\compile\393f03eaec8b0863a95dee62ff5da6ed.php (1072).
[ 2015-12-08T12:18:52+08:00 ]NOTICE: Invalid argument supplied for foreach()D:\wamp\www\shangcheng\Storage\view\compile\393f03eaec8b0863a95dee62ff5da6ed.php (1072).
[ 2015-12-08T12:18:54+08:00 ]NOTICE: Undefined variable: filterD:\wamp\www\shangcheng\Storage\view\compile\393f03eaec8b0863a95dee62ff5da6ed.php (1001).
[ 2015-12-08T12:18:54+08:00 ]NOTICE: Undefined variable: attrsD:\wamp\www\shangcheng\Storage\view\compile\393f03eaec8b0863a95dee62ff5da6ed.php (1003).
[ 2015-12-08T12:18:54+08:00 ]NOTICE: Invalid argument supplied for foreach()D:\wamp\www\shangcheng\Storage\view\compile\393f03eaec8b0863a95dee62ff5da6ed.php (1003).
[ 2015-12-08T12:18:54+08:00 ]NOTICE: Undefined variable: goodsD:\wamp\www\shangcheng\Storage\view\compile\393f03eaec8b0863a95dee62ff5da6ed.php (1072).
[ 2015-12-08T12:18:54+08:00 ]NOTICE: Invalid argument supplied for foreach()D:\wamp\www\shangcheng\Storage\view\compile\393f03eaec8b0863a95dee62ff5da6ed.php (1072).
[ 2015-12-08T12:20:07+08:00 ]NOTICE: Undefined variable: filterD:\wamp\www\shangcheng\Storage\view\compile\393f03eaec8b0863a95dee62ff5da6ed.php (1001).
[ 2015-12-08T12:20:07+08:00 ]NOTICE: Undefined variable: attrsD:\wamp\www\shangcheng\Storage\view\compile\393f03eaec8b0863a95dee62ff5da6ed.php (1003).
[ 2015-12-08T12:20:07+08:00 ]NOTICE: Invalid argument supplied for foreach()D:\wamp\www\shangcheng\Storage\view\compile\393f03eaec8b0863a95dee62ff5da6ed.php (1003).
[ 2015-12-08T12:20:07+08:00 ]NOTICE: Undefined variable: goodsD:\wamp\www\shangcheng\Storage\view\compile\393f03eaec8b0863a95dee62ff5da6ed.php (1072).
[ 2015-12-08T12:20:07+08:00 ]NOTICE: Invalid argument supplied for foreach()D:\wamp\www\shangcheng\Storage\view\compile\393f03eaec8b0863a95dee62ff5da6ed.php (1072).
[ 2015-12-08T12:20:08+08:00 ]NOTICE: Undefined variable: filterD:\wamp\www\shangcheng\Storage\view\compile\393f03eaec8b0863a95dee62ff5da6ed.php (1001).
[ 2015-12-08T12:20:08+08:00 ]NOTICE: Undefined variable: attrsD:\wamp\www\shangcheng\Storage\view\compile\393f03eaec8b0863a95dee62ff5da6ed.php (1003).
[ 2015-12-08T12:20:08+08:00 ]NOTICE: Invalid argument supplied for foreach()D:\wamp\www\shangcheng\Storage\view\compile\393f03eaec8b0863a95dee62ff5da6ed.php (1003).
[ 2015-12-08T12:20:08+08:00 ]NOTICE: Undefined variable: goodsD:\wamp\www\shangcheng\Storage\view\compile\393f03eaec8b0863a95dee62ff5da6ed.php (1072).
[ 2015-12-08T12:20:08+08:00 ]NOTICE: Invalid argument supplied for foreach()D:\wamp\www\shangcheng\Storage\view\compile\393f03eaec8b0863a95dee62ff5da6ed.php (1072).
[ 2015-12-08T12:20:09+08:00 ]NOTICE: Undefined variable: filterD:\wamp\www\shangcheng\Storage\view\compile\393f03eaec8b0863a95dee62ff5da6ed.php (1001).
[ 2015-12-08T12:20:09+08:00 ]NOTICE: Undefined variable: attrsD:\wamp\www\shangcheng\Storage\view\compile\393f03eaec8b0863a95dee62ff5da6ed.php (1003).
[ 2015-12-08T12:20:09+08:00 ]NOTICE: Invalid argument supplied for foreach()D:\wamp\www\shangcheng\Storage\view\compile\393f03eaec8b0863a95dee62ff5da6ed.php (1003).
[ 2015-12-08T12:20:09+08:00 ]NOTICE: Undefined variable: goodsD:\wamp\www\shangcheng\Storage\view\compile\393f03eaec8b0863a95dee62ff5da6ed.php (1072).
[ 2015-12-08T12:20:09+08:00 ]NOTICE: Invalid argument supplied for foreach()D:\wamp\www\shangcheng\Storage\view\compile\393f03eaec8b0863a95dee62ff5da6ed.php (1072).
[ 2015-12-08T12:20:10+08:00 ]NOTICE: Undefined variable: filterD:\wamp\www\shangcheng\Storage\view\compile\393f03eaec8b0863a95dee62ff5da6ed.php (1001).
[ 2015-12-08T12:20:10+08:00 ]NOTICE: Undefined variable: attrsD:\wamp\www\shangcheng\Storage\view\compile\393f03eaec8b0863a95dee62ff5da6ed.php (1003).
[ 2015-12-08T12:20:10+08:00 ]NOTICE: Invalid argument supplied for foreach()D:\wamp\www\shangcheng\Storage\view\compile\393f03eaec8b0863a95dee62ff5da6ed.php (1003).
[ 2015-12-08T12:20:10+08:00 ]NOTICE: Undefined variable: goodsD:\wamp\www\shangcheng\Storage\view\compile\393f03eaec8b0863a95dee62ff5da6ed.php (1072).
[ 2015-12-08T12:20:10+08:00 ]NOTICE: Invalid argument supplied for foreach()D:\wamp\www\shangcheng\Storage\view\compile\393f03eaec8b0863a95dee62ff5da6ed.php (1072).
[ 2015-12-08T12:20:16+08:00 ]NOTICE: Undefined variable: filterD:\wamp\www\shangcheng\Storage\view\compile\393f03eaec8b0863a95dee62ff5da6ed.php (1001).
[ 2015-12-08T12:20:16+08:00 ]NOTICE: Undefined variable: attrsD:\wamp\www\shangcheng\Storage\view\compile\393f03eaec8b0863a95dee62ff5da6ed.php (1003).
[ 2015-12-08T12:20:16+08:00 ]NOTICE: Invalid argument supplied for foreach()D:\wamp\www\shangcheng\Storage\view\compile\393f03eaec8b0863a95dee62ff5da6ed.php (1003).
[ 2015-12-08T12:20:16+08:00 ]NOTICE: Undefined variable: goodsD:\wamp\www\shangcheng\Storage\view\compile\393f03eaec8b0863a95dee62ff5da6ed.php (1072).
[ 2015-12-08T12:20:16+08:00 ]NOTICE: Invalid argument supplied for foreach()D:\wamp\www\shangcheng\Storage\view\compile\393f03eaec8b0863a95dee62ff5da6ed.php (1072).
[ 2015-12-08T12:20:21+08:00 ]NOTICE: Undefined variable: filterD:\wamp\www\shangcheng\Storage\view\compile\393f03eaec8b0863a95dee62ff5da6ed.php (1001).
[ 2015-12-08T12:20:21+08:00 ]NOTICE: Undefined variable: attrsD:\wamp\www\shangcheng\Storage\view\compile\393f03eaec8b0863a95dee62ff5da6ed.php (1003).
[ 2015-12-08T12:20:21+08:00 ]NOTICE: Invalid argument supplied for foreach()D:\wamp\www\shangcheng\Storage\view\compile\393f03eaec8b0863a95dee62ff5da6ed.php (1003).
[ 2015-12-08T12:20:21+08:00 ]NOTICE: Undefined variable: goodsD:\wamp\www\shangcheng\Storage\view\compile\393f03eaec8b0863a95dee62ff5da6ed.php (1072).
[ 2015-12-08T12:20:21+08:00 ]NOTICE: Invalid argument supplied for foreach()D:\wamp\www\shangcheng\Storage\view\compile\393f03eaec8b0863a95dee62ff5da6ed.php (1072).
[ 2015-12-08T12:20:24+08:00 ]NOTICE: Undefined variable: filterD:\wamp\www\shangcheng\Storage\view\compile\393f03eaec8b0863a95dee62ff5da6ed.php (1001).
[ 2015-12-08T12:20:24+08:00 ]NOTICE: Undefined variable: attrsD:\wamp\www\shangcheng\Storage\view\compile\393f03eaec8b0863a95dee62ff5da6ed.php (1003).
[ 2015-12-08T12:20:24+08:00 ]NOTICE: Invalid argument supplied for foreach()D:\wamp\www\shangcheng\Storage\view\compile\393f03eaec8b0863a95dee62ff5da6ed.php (1003).
[ 2015-12-08T12:20:24+08:00 ]NOTICE: Undefined variable: goodsD:\wamp\www\shangcheng\Storage\view\compile\393f03eaec8b0863a95dee62ff5da6ed.php (1072).
[ 2015-12-08T12:20:24+08:00 ]NOTICE: Invalid argument supplied for foreach()D:\wamp\www\shangcheng\Storage\view\compile\393f03eaec8b0863a95dee62ff5da6ed.php (1072).
[ 2015-12-08T12:20:25+08:00 ]NOTICE: Undefined variable: filterD:\wamp\www\shangcheng\Storage\view\compile\393f03eaec8b0863a95dee62ff5da6ed.php (1001).
[ 2015-12-08T12:20:25+08:00 ]NOTICE: Undefined variable: attrsD:\wamp\www\shangcheng\Storage\view\compile\393f03eaec8b0863a95dee62ff5da6ed.php (1003).
[ 2015-12-08T12:20:25+08:00 ]NOTICE: Invalid argument supplied for foreach()D:\wamp\www\shangcheng\Storage\view\compile\393f03eaec8b0863a95dee62ff5da6ed.php (1003).
[ 2015-12-08T12:20:25+08:00 ]NOTICE: Undefined variable: goodsD:\wamp\www\shangcheng\Storage\view\compile\393f03eaec8b0863a95dee62ff5da6ed.php (1072).
[ 2015-12-08T12:20:25+08:00 ]NOTICE: Invalid argument supplied for foreach()D:\wamp\www\shangcheng\Storage\view\compile\393f03eaec8b0863a95dee62ff5da6ed.php (1072).
[ 2015-12-08T12:21:23+08:00 ]EXCEPTION: SELECT  gid  FROM lashou_goods WHERE  cid IN () ;BindParams:array (
)42000;1064;You have an error in your SQL syntax; check the manual that corresponds to your MySQL server version for the right syntax to use near ')' at line 1
[ 2015-12-08T12:22:50+08:00 ]NOTICE: Undefined variable: filterD:\wamp\www\shangcheng\Storage\view\compile\393f03eaec8b0863a95dee62ff5da6ed.php (1001).
[ 2015-12-08T12:22:50+08:00 ]NOTICE: Undefined variable: attrsD:\wamp\www\shangcheng\Storage\view\compile\393f03eaec8b0863a95dee62ff5da6ed.php (1003).
[ 2015-12-08T12:22:50+08:00 ]NOTICE: Invalid argument supplied for foreach()D:\wamp\www\shangcheng\Storage\view\compile\393f03eaec8b0863a95dee62ff5da6ed.php (1003).
[ 2015-12-08T12:22:50+08:00 ]NOTICE: Undefined variable: goodsD:\wamp\www\shangcheng\Storage\view\compile\393f03eaec8b0863a95dee62ff5da6ed.php (1072).
[ 2015-12-08T12:22:50+08:00 ]NOTICE: Invalid argument supplied for foreach()D:\wamp\www\shangcheng\Storage\view\compile\393f03eaec8b0863a95dee62ff5da6ed.php (1072).
[ 2015-12-08T12:22:53+08:00 ]NOTICE: Undefined variable: filterD:\wamp\www\shangcheng\Storage\view\compile\393f03eaec8b0863a95dee62ff5da6ed.php (1001).
[ 2015-12-08T12:22:53+08:00 ]NOTICE: Undefined variable: attrsD:\wamp\www\shangcheng\Storage\view\compile\393f03eaec8b0863a95dee62ff5da6ed.php (1003).
[ 2015-12-08T12:22:53+08:00 ]NOTICE: Invalid argument supplied for foreach()D:\wamp\www\shangcheng\Storage\view\compile\393f03eaec8b0863a95dee62ff5da6ed.php (1003).
[ 2015-12-08T12:22:53+08:00 ]NOTICE: Undefined variable: goodsD:\wamp\www\shangcheng\Storage\view\compile\393f03eaec8b0863a95dee62ff5da6ed.php (1072).
[ 2015-12-08T12:22:53+08:00 ]NOTICE: Invalid argument supplied for foreach()D:\wamp\www\shangcheng\Storage\view\compile\393f03eaec8b0863a95dee62ff5da6ed.php (1072).
[ 2015-12-08T12:23:28+08:00 ]NOTICE: Undefined variable: filterD:\wamp\www\shangcheng\Storage\view\compile\393f03eaec8b0863a95dee62ff5da6ed.php (1001).
[ 2015-12-08T12:23:28+08:00 ]NOTICE: Undefined variable: attrsD:\wamp\www\shangcheng\Storage\view\compile\393f03eaec8b0863a95dee62ff5da6ed.php (1003).
[ 2015-12-08T12:23:28+08:00 ]NOTICE: Invalid argument supplied for foreach()D:\wamp\www\shangcheng\Storage\view\compile\393f03eaec8b0863a95dee62ff5da6ed.php (1003).
[ 2015-12-08T12:23:28+08:00 ]NOTICE: Undefined variable: goodsD:\wamp\www\shangcheng\Storage\view\compile\393f03eaec8b0863a95dee62ff5da6ed.php (1072).
[ 2015-12-08T12:23:28+08:00 ]NOTICE: Invalid argument supplied for foreach()D:\wamp\www\shangcheng\Storage\view\compile\393f03eaec8b0863a95dee62ff5da6ed.php (1072).
[ 2015-12-08T12:23:31+08:00 ]NOTICE: Undefined variable: filterD:\wamp\www\shangcheng\Storage\view\compile\393f03eaec8b0863a95dee62ff5da6ed.php (1001).
[ 2015-12-08T12:23:31+08:00 ]NOTICE: Undefined variable: attrsD:\wamp\www\shangcheng\Storage\view\compile\393f03eaec8b0863a95dee62ff5da6ed.php (1003).
[ 2015-12-08T12:23:31+08:00 ]NOTICE: Invalid argument supplied for foreach()D:\wamp\www\shangcheng\Storage\view\compile\393f03eaec8b0863a95dee62ff5da6ed.php (1003).
[ 2015-12-08T12:23:31+08:00 ]NOTICE: Undefined variable: goodsD:\wamp\www\shangcheng\Storage\view\compile\393f03eaec8b0863a95dee62ff5da6ed.php (1072).
[ 2015-12-08T12:23:31+08:00 ]NOTICE: Invalid argument supplied for foreach()D:\wamp\www\shangcheng\Storage\view\compile\393f03eaec8b0863a95dee62ff5da6ed.php (1072).
[ 2015-12-08T12:23:32+08:00 ]NOTICE: Undefined variable: filterD:\wamp\www\shangcheng\Storage\view\compile\393f03eaec8b0863a95dee62ff5da6ed.php (1001).
[ 2015-12-08T12:23:32+08:00 ]NOTICE: Undefined variable: attrsD:\wamp\www\shangcheng\Storage\view\compile\393f03eaec8b0863a95dee62ff5da6ed.php (1003).
[ 2015-12-08T12:23:32+08:00 ]NOTICE: Invalid argument supplied for foreach()D:\wamp\www\shangcheng\Storage\view\compile\393f03eaec8b0863a95dee62ff5da6ed.php (1003).
[ 2015-12-08T12:23:32+08:00 ]NOTICE: Undefined variable: goodsD:\wamp\www\shangcheng\Storage\view\compile\393f03eaec8b0863a95dee62ff5da6ed.php (1072).
[ 2015-12-08T12:23:32+08:00 ]NOTICE: Invalid argument supplied for foreach()D:\wamp\www\shangcheng\Storage\view\compile\393f03eaec8b0863a95dee62ff5da6ed.php (1072).
[ 2015-12-08T12:25:02+08:00 ]EXCEPTION: SELECT  gid  FROM lashou_goods WHERE  cid IN () ;BindParams:array (
)42000;1064;You have an error in your SQL syntax; check the manual that corresponds to your MySQL server version for the right syntax to use near ')' at line 1
[ 2015-12-08T13:54:44+08:00 ]EXCEPTION: SELECT  gid  FROM lashou_goods WHERE  cid IN () ;BindParams:array (
)42000;1064;You have an error in your SQL syntax; check the manual that corresponds to your MySQL server version for the right syntax to use near ')' at line 1
[ 2015-12-08T13:55:53+08:00 ]NOTICE: Invalid argument supplied for foreach()D:\wamp\www\shangcheng\Hdphp\Db\Mysql.php (690).
[ 2015-12-08T13:55:53+08:00 ]EXCEPTION: SELECT  *  FROM lashou_goods_attr WHERE  gid IN () GROUP BY gtvalue ;BindParams:array (
)42000;1064;You have an error in your SQL syntax; check the manual that corresponds to your MySQL server version for the right syntax to use near ') GROUP BY gtvalue' at line 1
[ 2015-12-08T13:55:58+08:00 ]NOTICE: Invalid argument supplied for foreach()D:\wamp\www\shangcheng\Hdphp\Db\Mysql.php (690).
[ 2015-12-08T13:55:58+08:00 ]EXCEPTION: SELECT  *  FROM lashou_goods_attr WHERE  gid IN () GROUP BY gtvalue ;BindParams:array (
)42000;1064;You have an error in your SQL syntax; check the manual that corresponds to your MySQL server version for the right syntax to use near ') GROUP BY gtvalue' at line 1
[ 2015-12-08T14:15:31+08:00 ]EXCEPTION: SELECT  gid  FROM lashou_goods WHERE  cid IN () ;BindParams:array (
)42000;1064;You have an error in your SQL syntax; check the manual that corresponds to your MySQL server version for the right syntax to use near ')' at line 1
[ 2015-12-08T14:20:35+08:00 ]EXCEPTION: SELECT  gid  FROM lashou_goods WHERE  cid IN () ;BindParams:array (
)42000;1064;You have an error in your SQL syntax; check the manual that corresponds to your MySQL server version for the right syntax to use near ')' at line 1
[ 2015-12-08T14:21:45+08:00 ]EXCEPTION: SELECT  gid  FROM lashou_goods WHERE  cid IN () ;BindParams:array (
)42000;1064;You have an error in your SQL syntax; check the manual that corresponds to your MySQL server version for the right syntax to use near ')' at line 1
[ 2015-12-08T14:22:03+08:00 ]EXCEPTION: SELECT  gid  FROM lashou_goods WHERE  cid IN () ;BindParams:array (
)42000;1064;You have an error in your SQL syntax; check the manual that corresponds to your MySQL server version for the right syntax to use near ')' at line 1
[ 2015-12-08T14:23:17+08:00 ]EXCEPTION: SELECT  gid  FROM lashou_goods WHERE  cid IN () ;BindParams:array (
)42000;1064;You have an error in your SQL syntax; check the manual that corresponds to your MySQL server version for the right syntax to use near ')' at line 1
[ 2015-12-08T14:23:52+08:00 ]EXCEPTION: SELECT  gid  FROM lashou_goods WHERE  cid IN () ;BindParams:array (
)42000;1064;You have an error in your SQL syntax; check the manual that corresponds to your MySQL server version for the right syntax to use near ')' at line 1
[ 2015-12-08T14:25:35+08:00 ]NOTICE: Undefined variable: cdataD:\wamp\www\shangcheng\Storage\view\compile\393f03eaec8b0863a95dee62ff5da6ed.php (952).
[ 2015-12-08T14:25:35+08:00 ]NOTICE: Invalid argument supplied for foreach()D:\wamp\www\shangcheng\Storage\view\compile\393f03eaec8b0863a95dee62ff5da6ed.php (952).
[ 2015-12-08T14:25:35+08:00 ]NOTICE: Undefined variable: cdataD:\wamp\www\shangcheng\Storage\view\compile\393f03eaec8b0863a95dee62ff5da6ed.php (977).
[ 2015-12-08T14:25:35+08:00 ]NOTICE: Invalid argument supplied for foreach()D:\wamp\www\shangcheng\Storage\view\compile\393f03eaec8b0863a95dee62ff5da6ed.php (977).
[ 2015-12-08T14:25:49+08:00 ]NOTICE: Undefined variable: cdataD:\wamp\www\shangcheng\Storage\view\compile\393f03eaec8b0863a95dee62ff5da6ed.php (952).
[ 2015-12-08T14:25:49+08:00 ]NOTICE: Invalid argument supplied for foreach()D:\wamp\www\shangcheng\Storage\view\compile\393f03eaec8b0863a95dee62ff5da6ed.php (952).
[ 2015-12-08T14:25:49+08:00 ]NOTICE: Undefined variable: cdataD:\wamp\www\shangcheng\Storage\view\compile\393f03eaec8b0863a95dee62ff5da6ed.php (977).
[ 2015-12-08T14:25:49+08:00 ]NOTICE: Invalid argument supplied for foreach()D:\wamp\www\shangcheng\Storage\view\compile\393f03eaec8b0863a95dee62ff5da6ed.php (977).
[ 2015-12-08T14:26:59+08:00 ]NOTICE: Undefined variable: cdataD:\wamp\www\shangcheng\Storage\view\compile\393f03eaec8b0863a95dee62ff5da6ed.php (952).
[ 2015-12-08T14:26:59+08:00 ]NOTICE: Invalid argument supplied for foreach()D:\wamp\www\shangcheng\Storage\view\compile\393f03eaec8b0863a95dee62ff5da6ed.php (952).
[ 2015-12-08T14:26:59+08:00 ]NOTICE: Undefined variable: cdataD:\wamp\www\shangcheng\Storage\view\compile\393f03eaec8b0863a95dee62ff5da6ed.php (977).
[ 2015-12-08T14:26:59+08:00 ]NOTICE: Invalid argument supplied for foreach()D:\wamp\www\shangcheng\Storage\view\compile\393f03eaec8b0863a95dee62ff5da6ed.php (977).
[ 2015-12-08T14:27:01+08:00 ]NOTICE: Undefined variable: cdataD:\wamp\www\shangcheng\Storage\view\compile\393f03eaec8b0863a95dee62ff5da6ed.php (952).
[ 2015-12-08T14:27:01+08:00 ]NOTICE: Invalid argument supplied for foreach()D:\wamp\www\shangcheng\Storage\view\compile\393f03eaec8b0863a95dee62ff5da6ed.php (952).
[ 2015-12-08T14:27:01+08:00 ]NOTICE: Undefined variable: cdataD:\wamp\www\shangcheng\Storage\view\compile\393f03eaec8b0863a95dee62ff5da6ed.php (977).
[ 2015-12-08T14:27:01+08:00 ]NOTICE: Invalid argument supplied for foreach()D:\wamp\www\shangcheng\Storage\view\compile\393f03eaec8b0863a95dee62ff5da6ed.php (977).
[ 2015-12-08T14:27:02+08:00 ]NOTICE: Undefined variable: cdataD:\wamp\www\shangcheng\Storage\view\compile\393f03eaec8b0863a95dee62ff5da6ed.php (952).
[ 2015-12-08T14:27:02+08:00 ]NOTICE: Invalid argument supplied for foreach()D:\wamp\www\shangcheng\Storage\view\compile\393f03eaec8b0863a95dee62ff5da6ed.php (952).
[ 2015-12-08T14:27:02+08:00 ]NOTICE: Undefined variable: cdataD:\wamp\www\shangcheng\Storage\view\compile\393f03eaec8b0863a95dee62ff5da6ed.php (977).
[ 2015-12-08T14:27:02+08:00 ]NOTICE: Invalid argument supplied for foreach()D:\wamp\www\shangcheng\Storage\view\compile\393f03eaec8b0863a95dee62ff5da6ed.php (977).
[ 2015-12-08T14:27:03+08:00 ]NOTICE: Undefined variable: cdataD:\wamp\www\shangcheng\Storage\view\compile\393f03eaec8b0863a95dee62ff5da6ed.php (952).
[ 2015-12-08T14:27:03+08:00 ]NOTICE: Invalid argument supplied for foreach()D:\wamp\www\shangcheng\Storage\view\compile\393f03eaec8b0863a95dee62ff5da6ed.php (952).
[ 2015-12-08T14:27:03+08:00 ]NOTICE: Undefined variable: cdataD:\wamp\www\shangcheng\Storage\view\compile\393f03eaec8b0863a95dee62ff5da6ed.php (977).
[ 2015-12-08T14:27:03+08:00 ]NOTICE: Invalid argument supplied for foreach()D:\wamp\www\shangcheng\Storage\view\compile\393f03eaec8b0863a95dee62ff5da6ed.php (977).
[ 2015-12-08T14:27:10+08:00 ]NOTICE: Undefined variable: filterD:\wamp\www\shangcheng\Storage\view\compile\393f03eaec8b0863a95dee62ff5da6ed.php (995).
[ 2015-12-08T14:27:10+08:00 ]NOTICE: Undefined variable: attrsD:\wamp\www\shangcheng\Storage\view\compile\393f03eaec8b0863a95dee62ff5da6ed.php (997).
[ 2015-12-08T14:27:10+08:00 ]NOTICE: Invalid argument supplied for foreach()D:\wamp\www\shangcheng\Storage\view\compile\393f03eaec8b0863a95dee62ff5da6ed.php (997).
[ 2015-12-08T14:27:10+08:00 ]NOTICE: Undefined variable: goodsD:\wamp\www\shangcheng\Storage\view\compile\393f03eaec8b0863a95dee62ff5da6ed.php (1066).
[ 2015-12-08T14:27:10+08:00 ]NOTICE: Invalid argument supplied for foreach()D:\wamp\www\shangcheng\Storage\view\compile\393f03eaec8b0863a95dee62ff5da6ed.php (1066).
[ 2015-12-08T14:29:01+08:00 ]EXCEPTION: SELECT  gid  FROM lashou_goods WHERE  cid IN () ;BindParams:array (
)42000;1064;You have an error in your SQL syntax; check the manual that corresponds to your MySQL server version for the right syntax to use near ')' at line 1
[ 2015-12-08T07:14:34+08:00 ]NOTICE: Undefined variable: cdataD:\wamp\www\shangcheng\Storage\view\compile\393f03eaec8b0863a95dee62ff5da6ed.php (958).
[ 2015-12-08T07:14:34+08:00 ]NOTICE: Invalid argument supplied for foreach()D:\wamp\www\shangcheng\Storage\view\compile\393f03eaec8b0863a95dee62ff5da6ed.php (958).
[ 2015-12-08T07:14:34+08:00 ]NOTICE: Undefined variable: cdataD:\wamp\www\shangcheng\Storage\view\compile\393f03eaec8b0863a95dee62ff5da6ed.php (983).
[ 2015-12-08T07:14:34+08:00 ]NOTICE: Invalid argument supplied for foreach()D:\wamp\www\shangcheng\Storage\view\compile\393f03eaec8b0863a95dee62ff5da6ed.php (983).
[ 2015-12-08T07:15:45+08:00 ]EXCEPTION: SELECT  gid  FROM lashou_goods WHERE  cid IN () ;BindParams:array (
)42000;1064;You have an error in your SQL syntax; check the manual that corresponds to your MySQL server version for the right syntax to use near ')' at line 1
[ 2015-12-08T07:20:15+08:00 ]NOTICE: Undefined variable: filterD:\wamp\www\shangcheng\Storage\view\compile\393f03eaec8b0863a95dee62ff5da6ed.php (1001).
[ 2015-12-08T07:20:15+08:00 ]NOTICE: Undefined variable: attrsD:\wamp\www\shangcheng\Storage\view\compile\393f03eaec8b0863a95dee62ff5da6ed.php (1003).
[ 2015-12-08T07:20:15+08:00 ]NOTICE: Invalid argument supplied for foreach()D:\wamp\www\shangcheng\Storage\view\compile\393f03eaec8b0863a95dee62ff5da6ed.php (1003).
[ 2015-12-08T07:20:15+08:00 ]NOTICE: Undefined variable: goodsD:\wamp\www\shangcheng\Storage\view\compile\393f03eaec8b0863a95dee62ff5da6ed.php (1072).
[ 2015-12-08T07:20:15+08:00 ]NOTICE: Invalid argument supplied for foreach()D:\wamp\www\shangcheng\Storage\view\compile\393f03eaec8b0863a95dee62ff5da6ed.php (1072).
[ 2015-12-08T07:25:27+08:00 ]NOTICE: Invalid argument supplied for foreach()D:\wamp\www\shangcheng\Hdphp\Db\Mysql.php (690).
[ 2015-12-08T07:25:27+08:00 ]EXCEPTION: SELECT  *  FROM lashou_goods_attr WHERE  gid IN () GROUP BY gtvalue ;BindParams:array (
)42000;1064;You have an error in your SQL syntax; check the manual that corresponds to your MySQL server version for the right syntax to use near ') GROUP BY gtvalue' at line 1
[ 2015-12-08T07:25:56+08:00 ]NOTICE: Invalid argument supplied for foreach()D:\wamp\www\shangcheng\Hdphp\Db\Mysql.php (690).
[ 2015-12-08T07:25:56+08:00 ]EXCEPTION: SELECT  *  FROM lashou_goods_attr WHERE  gid IN () GROUP BY gtvalue ;BindParams:array (
)42000;1064;You have an error in your SQL syntax; check the manual that corresponds to your MySQL server version for the right syntax to use near ') GROUP BY gtvalue' at line 1
[ 2015-12-08T07:29:06+08:00 ]EXCEPTION: SELECT  gid  FROM lashou_goods WHERE  cid IN () ;BindParams:array (
)42000;1064;You have an error in your SQL syntax; check the manual that corresponds to your MySQL server version for the right syntax to use near ')' at line 1
[ 2015-12-08T07:30:14+08:00 ]EXCEPTION: SELECT  gid  FROM lashou_goods WHERE  cid IN () ;BindParams:array (
)42000;1064;You have an error in your SQL syntax; check the manual that corresponds to your MySQL server version for the right syntax to use near ')' at line 1
[ 2015-12-08T07:31:21+08:00 ]EXCEPTION: SELECT  gid  FROM lashou_goods WHERE  cid IN () ;BindParams:array (
)42000;1064;You have an error in your SQL syntax; check the manual that corresponds to your MySQL server version for the right syntax to use near ')' at line 1
[ 2015-12-08T07:31:59+08:00 ]EXCEPTION: SELECT  gid  FROM lashou_goods WHERE  cid IN () ;BindParams:array (
)42000;1064;You have an error in your SQL syntax; check the manual that corresponds to your MySQL server version for the right syntax to use near ')' at line 1
[ 2015-12-08T07:32:40+08:00 ]EXCEPTION: SELECT  gid  FROM lashou_goods WHERE  cid IN () ;BindParams:array (
)42000;1064;You have an error in your SQL syntax; check the manual that corresponds to your MySQL server version for the right syntax to use near ')' at line 1
[ 2015-12-08T07:32:44+08:00 ]EXCEPTION: SELECT  gid  FROM lashou_goods WHERE  cid IN () ;BindParams:array (
)42000;1064;You have an error in your SQL syntax; check the manual that corresponds to your MySQL server version for the right syntax to use near ')' at line 1
[ 2015-12-08T07:34:02+08:00 ]EXCEPTION: SELECT  gid  FROM lashou_goods WHERE  cid IN () ;BindParams:array (
)42000;1064;You have an error in your SQL syntax; check the manual that corresponds to your MySQL server version for the right syntax to use near ')' at line 1
[ 2015-12-08T07:35:48+08:00 ]EXCEPTION: SELECT  gid  FROM lashou_goods WHERE  cid IN () ;BindParams:array (
)42000;1064;You have an error in your SQL syntax; check the manual that corresponds to your MySQL server version for the right syntax to use near ')' at line 1
[ 2015-12-08T07:44:59+08:00 ]NOTICE: Invalid argument supplied for foreach()D:\wamp\www\shangcheng\Hdphp\Db\Mysql.php (690).
[ 2015-12-08T07:44:59+08:00 ]EXCEPTION: SELECT  gid  FROM lashou_goods WHERE  cid IN () ;BindParams:array (
)42000;1064;You have an error in your SQL syntax; check the manual that corresponds to your MySQL server version for the right syntax to use near ')' at line 1
[ 2015-12-08T07:45:37+08:00 ]NOTICE: Invalid argument supplied for foreach()D:\wamp\www\shangcheng\Hdphp\Db\Mysql.php (690).
[ 2015-12-08T07:45:37+08:00 ]EXCEPTION: SELECT  *  FROM lashou_goods_attr WHERE  gid IN () GROUP BY gtvalue ;BindParams:array (
)42000;1064;You have an error in your SQL syntax; check the manual that corresponds to your MySQL server version for the right syntax to use near ') GROUP BY gtvalue' at line 1
[ 2015-12-08T07:45:38+08:00 ]NOTICE: Invalid argument supplied for foreach()D:\wamp\www\shangcheng\Hdphp\Db\Mysql.php (690).
[ 2015-12-08T07:45:39+08:00 ]EXCEPTION: SELECT  *  FROM lashou_goods_attr WHERE  gid IN () GROUP BY gtvalue ;BindParams:array (
)42000;1064;You have an error in your SQL syntax; check the manual that corresponds to your MySQL server version for the right syntax to use near ') GROUP BY gtvalue' at line 1
[ 2015-12-08T07:45:40+08:00 ]NOTICE: Invalid argument supplied for foreach()D:\wamp\www\shangcheng\Hdphp\Db\Mysql.php (690).
[ 2015-12-08T07:45:40+08:00 ]EXCEPTION: SELECT  *  FROM lashou_goods_attr WHERE  gid IN () GROUP BY gtvalue ;BindParams:array (
)42000;1064;You have an error in your SQL syntax; check the manual that corresponds to your MySQL server version for the right syntax to use near ') GROUP BY gtvalue' at line 1
[ 2015-12-08T07:45:41+08:00 ]NOTICE: Invalid argument supplied for foreach()D:\wamp\www\shangcheng\Hdphp\Db\Mysql.php (690).
[ 2015-12-08T07:45:41+08:00 ]EXCEPTION: SELECT  *  FROM lashou_goods_attr WHERE  gid IN () GROUP BY gtvalue ;BindParams:array (
)42000;1064;You have an error in your SQL syntax; check the manual that corresponds to your MySQL server version for the right syntax to use near ') GROUP BY gtvalue' at line 1
[ 2015-12-08T07:45:42+08:00 ]NOTICE: Invalid argument supplied for foreach()D:\wamp\www\shangcheng\Hdphp\Db\Mysql.php (690).
[ 2015-12-08T07:45:42+08:00 ]EXCEPTION: SELECT  *  FROM lashou_goods_attr WHERE  gid IN () GROUP BY gtvalue ;BindParams:array (
)42000;1064;You have an error in your SQL syntax; check the manual that corresponds to your MySQL server version for the right syntax to use near ') GROUP BY gtvalue' at line 1
[ 2015-12-08T07:45:56+08:00 ]NOTICE: Invalid argument supplied for foreach()D:\wamp\www\shangcheng\Hdphp\Db\Mysql.php (690).
[ 2015-12-08T07:45:56+08:00 ]EXCEPTION: SELECT  *  FROM lashou_goods_attr WHERE  gid IN () GROUP BY gtvalue ;BindParams:array (
)42000;1064;You have an error in your SQL syntax; check the manual that corresponds to your MySQL server version for the right syntax to use near ') GROUP BY gtvalue' at line 1
[ 2015-12-08T07:46:52+08:00 ]NOTICE: Invalid argument supplied for foreach()D:\wamp\www\shangcheng\Hdphp\Db\Mysql.php (690).
[ 2015-12-08T07:46:52+08:00 ]EXCEPTION: SELECT  *  FROM lashou_goods_attr WHERE  gid IN () GROUP BY gtvalue ;BindParams:array (
)42000;1064;You have an error in your SQL syntax; check the manual that corresponds to your MySQL server version for the right syntax to use near ') GROUP BY gtvalue' at line 1
[ 2015-12-08T07:47:03+08:00 ]NOTICE: Invalid argument supplied for foreach()D:\wamp\www\shangcheng\Hdphp\Db\Mysql.php (690).
[ 2015-12-08T07:47:03+08:00 ]EXCEPTION: SELECT  *  FROM lashou_goods_attr WHERE  gid IN () GROUP BY gtvalue ;BindParams:array (
)42000;1064;You have an error in your SQL syntax; check the manual that corresponds to your MySQL server version for the right syntax to use near ') GROUP BY gtvalue' at line 1
[ 2015-12-08T07:47:15+08:00 ]NOTICE: Invalid argument supplied for foreach()D:\wamp\www\shangcheng\Hdphp\Db\Mysql.php (690).
[ 2015-12-08T07:47:15+08:00 ]EXCEPTION: SELECT  *  FROM lashou_goods_attr WHERE  gid IN () GROUP BY gtvalue ;BindParams:array (
)42000;1064;You have an error in your SQL syntax; check the manual that corresponds to your MySQL server version for the right syntax to use near ') GROUP BY gtvalue' at line 1
[ 2015-12-08T07:47:17+08:00 ]NOTICE: Invalid argument supplied for foreach()D:\wamp\www\shangcheng\Hdphp\Db\Mysql.php (690).
[ 2015-12-08T07:47:17+08:00 ]EXCEPTION: SELECT  *  FROM lashou_goods_attr WHERE  gid IN () GROUP BY gtvalue ;BindParams:array (
)42000;1064;You have an error in your SQL syntax; check the manual that corresponds to your MySQL server version for the right syntax to use near ') GROUP BY gtvalue' at line 1
[ 2015-12-08T07:49:18+08:00 ]NOTICE: Invalid argument supplied for foreach()D:\wamp\www\shangcheng\Hdphp\Db\Mysql.php (690).
[ 2015-12-08T07:49:18+08:00 ]EXCEPTION: SELECT  *  FROM lashou_goods_attr WHERE  gid IN () GROUP BY gtvalue ;BindParams:array (
)42000;1064;You have an error in your SQL syntax; check the manual that corresponds to your MySQL server version for the right syntax to use near ') GROUP BY gtvalue' at line 1
[ 2015-12-08T07:49:27+08:00 ]NOTICE: Invalid argument supplied for foreach()D:\wamp\www\shangcheng\Hdphp\Db\Mysql.php (690).
[ 2015-12-08T07:49:27+08:00 ]EXCEPTION: SELECT  *  FROM lashou_goods_attr WHERE  gid IN () GROUP BY gtvalue ;BindParams:array (
)42000;1064;You have an error in your SQL syntax; check the manual that corresponds to your MySQL server version for the right syntax to use near ') GROUP BY gtvalue' at line 1
[ 2015-12-08T16:01:16+08:00 ]NOTICE: Invalid argument supplied for foreach()D:\wamp\www\shangcheng\Hdphp\Db\Mysql.php (690).
[ 2015-12-08T16:01:16+08:00 ]EXCEPTION: SELECT  *  FROM lashou_goods_attr WHERE  gid IN () GROUP BY gtvalue ;BindParams:array (
)42000;1064;You have an error in your SQL syntax; check the manual that corresponds to your MySQL server version for the right syntax to use near ') GROUP BY gtvalue' at line 1
[ 2015-12-08T16:09:48+08:00 ]NOTICE: Undefined index: usernameD:\wamp\www\shangcheng\App\Admin\Controller\GoodsController.php (34).
[ 2015-12-08T16:09:48+08:00 ]EXCEPTION: INSERT INTO lashou_goods (`gname`,`unit`,`marketprice`,`shopprice`,`pic`,`click`,`time`,`uid`,`bid`,`cid`,`tid`)VALUES(?,?,?,?,?,?,?,?,?,?,?) ;BindParams:array (
  0 => '【3店通用】禾木烤肉',
  1 => '份',
  2 => '100',
  3 => '70',
  4 => 'Upload/47351449562163.jpg',
  5 => '2341',
  6 => 1449562188,
  7 => NULL,
  8 => '11',
  9 => '4',
  10 => '3',
)23000;1048;Column 'uid' cannot be null
[ 2015-12-08T16:20:52+08:00 ]NOTICE: array_fill() [<a href='function.array-fill'>function.array-fill</a>]: Number of elements must be positiveD:\wamp\www\shangcheng\App\Home\Controller\CateController.php (34).
[ 2015-12-08T16:20:52+08:00 ]NOTICE: Invalid argument supplied for foreach()D:\wamp\www\shangcheng\App\Home\Controller\CateController.php (92).
[ 2015-12-08T16:20:53+08:00 ]NOTICE: Invalid argument supplied for foreach()D:\wamp\www\shangcheng\Storage\view\compile\393f03eaec8b0863a95dee62ff5da6ed.php (1004).
[ 2015-12-08T16:28:07+08:00 ]NOTICE: Invalid argument supplied for foreach()D:\wamp\www\shangcheng\App\Home\Controller\CateController.php (91).
[ 2015-12-08T16:28:07+08:00 ]NOTICE: Cannot use a scalar value as an arrayD:\wamp\www\shangcheng\Storage\view\compile\393f03eaec8b0863a95dee62ff5da6ed.php (1013).
[ 2015-12-08T16:28:07+08:00 ]NOTICE: implode() [<a href='function.implode'>function.implode</a>]: Invalid arguments passedD:\wamp\www\shangcheng\Storage\view\compile\393f03eaec8b0863a95dee62ff5da6ed.php (1014).
[ 2015-12-08T16:28:07+08:00 ]NOTICE: Cannot use a scalar value as an arrayD:\wamp\www\shangcheng\Storage\view\compile\393f03eaec8b0863a95dee62ff5da6ed.php (1013).
[ 2015-12-08T16:28:07+08:00 ]NOTICE: implode() [<a href='function.implode'>function.implode</a>]: Invalid arguments passedD:\wamp\www\shangcheng\Storage\view\compile\393f03eaec8b0863a95dee62ff5da6ed.php (1014).
[ 2015-12-08T16:28:07+08:00 ]NOTICE: Cannot use a scalar value as an arrayD:\wamp\www\shangcheng\Storage\view\compile\393f03eaec8b0863a95dee62ff5da6ed.php (1013).
[ 2015-12-08T16:28:07+08:00 ]NOTICE: implode() [<a href='function.implode'>function.implode</a>]: Invalid arguments passedD:\wamp\www\shangcheng\Storage\view\compile\393f03eaec8b0863a95dee62ff5da6ed.php (1014).
[ 2015-12-08T16:28:07+08:00 ]NOTICE: Cannot use a scalar value as an arrayD:\wamp\www\shangcheng\Storage\view\compile\393f03eaec8b0863a95dee62ff5da6ed.php (1013).
[ 2015-12-08T16:28:07+08:00 ]NOTICE: implode() [<a href='function.implode'>function.implode</a>]: Invalid arguments passedD:\wamp\www\shangcheng\Storage\view\compile\393f03eaec8b0863a95dee62ff5da6ed.php (1014).
[ 2015-12-08T16:28:07+08:00 ]NOTICE: Cannot use a scalar value as an arrayD:\wamp\www\shangcheng\Storage\view\compile\393f03eaec8b0863a95dee62ff5da6ed.php (1013).
[ 2015-12-08T16:28:07+08:00 ]NOTICE: implode() [<a href='function.implode'>function.implode</a>]: Invalid arguments passedD:\wamp\www\shangcheng\Storage\view\compile\393f03eaec8b0863a95dee62ff5da6ed.php (1014).
[ 2015-12-08T16:28:07+08:00 ]NOTICE: Cannot use a scalar value as an arrayD:\wamp\www\shangcheng\Storage\view\compile\393f03eaec8b0863a95dee62ff5da6ed.php (1013).
[ 2015-12-08T16:28:07+08:00 ]NOTICE: implode() [<a href='function.implode'>function.implode</a>]: Invalid arguments passedD:\wamp\www\shangcheng\Storage\view\compile\393f03eaec8b0863a95dee62ff5da6ed.php (1014).
[ 2015-12-08T16:28:07+08:00 ]NOTICE: Cannot use a scalar value as an arrayD:\wamp\www\shangcheng\Storage\view\compile\393f03eaec8b0863a95dee62ff5da6ed.php (1013).
[ 2015-12-08T16:28:07+08:00 ]NOTICE: implode() [<a href='function.implode'>function.implode</a>]: Invalid arguments passedD:\wamp\www\shangcheng\Storage\view\compile\393f03eaec8b0863a95dee62ff5da6ed.php (1014).
[ 2015-12-08T16:28:07+08:00 ]NOTICE: Cannot use a scalar value as an arrayD:\wamp\www\shangcheng\Storage\view\compile\393f03eaec8b0863a95dee62ff5da6ed.php (1013).
[ 2015-12-08T16:28:07+08:00 ]NOTICE: implode() [<a href='function.implode'>function.implode</a>]: Invalid arguments passedD:\wamp\www\shangcheng\Storage\view\compile\393f03eaec8b0863a95dee62ff5da6ed.php (1014).
[ 2015-12-08T16:28:07+08:00 ]NOTICE: Cannot use a scalar value as an arrayD:\wamp\www\shangcheng\Storage\view\compile\393f03eaec8b0863a95dee62ff5da6ed.php (1013).
[ 2015-12-08T16:28:07+08:00 ]NOTICE: implode() [<a href='function.implode'>function.implode</a>]: Invalid arguments passedD:\wamp\www\shangcheng\Storage\view\compile\393f03eaec8b0863a95dee62ff5da6ed.php (1014).
[ 2015-12-08T16:28:07+08:00 ]NOTICE: Cannot use a scalar value as an arrayD:\wamp\www\shangcheng\Storage\view\compile\393f03eaec8b0863a95dee62ff5da6ed.php (1013).
[ 2015-12-08T16:28:07+08:00 ]NOTICE: implode() [<a href='function.implode'>function.implode</a>]: Invalid arguments passedD:\wamp\www\shangcheng\Storage\view\compile\393f03eaec8b0863a95dee62ff5da6ed.php (1014).
[ 2015-12-08T16:29:20+08:00 ]EXCEPTION: SELECT  *  FROM lashou_goods_attr ga INNER JOIN lashou_type_attr ta ON ga.gid = ta.gid WHERE  ta.class=?  AND  gid IN (?,?,?,?,?,?,?,?,?) GROUP BY gtvalue ;BindParams:array (
  0 => 1,
  1 => '1',
  2 => '2',
  3 => '3',
  4 => '4',
  5 => '5',
  6 => '6',
  7 => '7',
  8 => '8',
  9 => '9',
)42S22;1054;Unknown column 'ta.gid' in 'on clause'
[ 2015-12-08T16:29:24+08:00 ]EXCEPTION: SELECT  *  FROM lashou_goods_attr ga INNER JOIN lashou_type_attr ta ON ga.gid = ta.gid WHERE  ta.class=?  AND  gid IN (?,?,?,?) GROUP BY gtvalue ;BindParams:array (
  0 => 1,
  1 => '1',
  2 => '2',
  3 => '3',
  4 => '4',
)42S22;1054;Unknown column 'ta.gid' in 'on clause'
[ 2015-12-08T16:29:25+08:00 ]EXCEPTION: SELECT  *  FROM lashou_goods_attr ga INNER JOIN lashou_type_attr ta ON ga.gid = ta.gid WHERE  ta.class=?  AND  gid IN (?,?,?,?) GROUP BY gtvalue ;BindParams:array (
  0 => 1,
  1 => '5',
  2 => '6',
  3 => '7',
  4 => '8',
)42S22;1054;Unknown column 'ta.gid' in 'on clause'
[ 2015-12-08T16:29:26+08:00 ]EXCEPTION: SELECT  *  FROM lashou_goods_attr ga INNER JOIN lashou_type_attr ta ON ga.gid = ta.gid WHERE  ta.class=?  AND  gid IN (?,?,?,?,?,?,?,?,?) GROUP BY gtvalue ;BindParams:array (
  0 => 1,
  1 => '1',
  2 => '2',
  3 => '3',
  4 => '4',
  5 => '5',
  6 => '6',
  7 => '7',
  8 => '8',
  9 => '9',
)42S22;1054;Unknown column 'ta.gid' in 'on clause'
[ 2015-12-08T17:09:20+08:00 ]NOTICE: Undefined variable: kD:\wamp\www\shangcheng\App\Admin\Controller\GoodsController.php (23).
[ 2015-12-08T17:09:20+08:00 ]NOTICE: Undefined variable: kD:\wamp\www\shangcheng\App\Admin\Controller\GoodsController.php (23).
[ 2015-12-08T17:09:20+08:00 ]NOTICE: Undefined variable: kD:\wamp\www\shangcheng\App\Admin\Controller\GoodsController.php (23).
[ 2015-12-08T17:09:20+08:00 ]NOTICE: Undefined variable: kD:\wamp\www\shangcheng\App\Admin\Controller\GoodsController.php (23).
[ 2015-12-08T17:09:20+08:00 ]NOTICE: Undefined variable: kD:\wamp\www\shangcheng\App\Admin\Controller\GoodsController.php (23).
[ 2015-12-08T17:09:20+08:00 ]NOTICE: Undefined variable: kD:\wamp\www\shangcheng\App\Admin\Controller\GoodsController.php (23).
[ 2015-12-08T17:09:20+08:00 ]NOTICE: Undefined variable: kD:\wamp\www\shangcheng\App\Admin\Controller\GoodsController.php (23).
[ 2015-12-08T17:09:20+08:00 ]NOTICE: Undefined variable: kD:\wamp\www\shangcheng\App\Admin\Controller\GoodsController.php (23).
[ 2015-12-08T17:09:20+08:00 ]NOTICE: Undefined variable: kD:\wamp\www\shangcheng\App\Admin\Controller\GoodsController.php (23).
[ 2015-12-08T17:09:20+08:00 ]NOTICE: Undefined variable: kD:\wamp\www\shangcheng\App\Admin\Controller\GoodsController.php (23).
[ 2015-12-08T17:09:20+08:00 ]NOTICE: Undefined variable: kD:\wamp\www\shangcheng\App\Admin\Controller\GoodsController.php (23).
[ 2015-12-08T17:09:20+08:00 ]NOTICE: Undefined variable: kD:\wamp\www\shangcheng\App\Admin\Controller\GoodsController.php (23).
[ 2015-12-08T17:09:20+08:00 ]NOTICE: Undefined variable: kD:\wamp\www\shangcheng\App\Admin\Controller\GoodsController.php (23).
[ 2015-12-08T17:09:20+08:00 ]NOTICE: Undefined variable: kD:\wamp\www\shangcheng\App\Admin\Controller\GoodsController.php (23).
[ 2015-12-08T17:09:20+08:00 ]NOTICE: Undefined variable: kD:\wamp\www\shangcheng\App\Admin\Controller\GoodsController.php (23).
[ 2015-12-08T17:09:20+08:00 ]NOTICE: Undefined variable: kD:\wamp\www\shangcheng\App\Admin\Controller\GoodsController.php (23).
[ 2015-12-08T17:09:20+08:00 ]NOTICE: Undefined variable: kD:\wamp\www\shangcheng\App\Admin\Controller\GoodsController.php (23).
[ 2015-12-08T17:09:20+08:00 ]NOTICE: Undefined variable: kD:\wamp\www\shangcheng\App\Admin\Controller\GoodsController.php (23).
[ 2015-12-08T17:09:20+08:00 ]NOTICE: Undefined variable: kD:\wamp\www\shangcheng\App\Admin\Controller\GoodsController.php (23).
[ 2015-12-08T17:09:20+08:00 ]NOTICE: Undefined variable: kD:\wamp\www\shangcheng\App\Admin\Controller\GoodsController.php (23).
[ 2015-12-08T17:09:20+08:00 ]NOTICE: Undefined variable: kD:\wamp\www\shangcheng\App\Admin\Controller\GoodsController.php (23).
[ 2015-12-08T17:09:20+08:00 ]NOTICE: Undefined variable: kD:\wamp\www\shangcheng\App\Admin\Controller\GoodsController.php (23).
[ 2015-12-08T17:09:20+08:00 ]NOTICE: Undefined variable: kD:\wamp\www\shangcheng\App\Admin\Controller\GoodsController.php (23).
[ 2015-12-08T17:09:20+08:00 ]NOTICE: Undefined variable: kD:\wamp\www\shangcheng\App\Admin\Controller\GoodsController.php (23).
[ 2015-12-08T17:09:20+08:00 ]NOTICE: Undefined variable: kD:\wamp\www\shangcheng\App\Admin\Controller\GoodsController.php (23).
[ 2015-12-08T17:09:20+08:00 ]NOTICE: Undefined variable: kD:\wamp\www\shangcheng\App\Admin\Controller\GoodsController.php (23).
[ 2015-12-08T17:09:20+08:00 ]NOTICE: Undefined index: gidD:\wamp\www\shangcheng\Storage\view\compile\cdaf1e7d3fd0104d7450493dfb6fc61e.php (32).
[ 2015-12-08T17:09:20+08:00 ]NOTICE: Undefined index: gnameD:\wamp\www\shangcheng\Storage\view\compile\cdaf1e7d3fd0104d7450493dfb6fc61e.php (35).
[ 2015-12-08T17:09:20+08:00 ]NOTICE: Undefined index: marketpriceD:\wamp\www\shangcheng\Storage\view\compile\cdaf1e7d3fd0104d7450493dfb6fc61e.php (39).
[ 2015-12-08T17:09:20+08:00 ]NOTICE: Undefined index: shoppriceD:\wamp\www\shangcheng\Storage\view\compile\cdaf1e7d3fd0104d7450493dfb6fc61e.php (40).
[ 2015-12-08T17:09:20+08:00 ]NOTICE: Undefined index: clickD:\wamp\www\shangcheng\Storage\view\compile\cdaf1e7d3fd0104d7450493dfb6fc61e.php (46).
[ 2015-12-08T17:09:20+08:00 ]NOTICE: Undefined index: timeD:\wamp\www\shangcheng\Storage\view\compile\cdaf1e7d3fd0104d7450493dfb6fc61e.php (47).
[ 2015-12-08T17:09:20+08:00 ]NOTICE: Undefined index: gidD:\wamp\www\shangcheng\Storage\view\compile\cdaf1e7d3fd0104d7450493dfb6fc61e.php (49).
[ 2015-12-08T17:09:20+08:00 ]NOTICE: Undefined index: tidD:\wamp\www\shangcheng\Storage\view\compile\cdaf1e7d3fd0104d7450493dfb6fc61e.php (49).
[ 2015-12-08T17:09:20+08:00 ]NOTICE: Undefined index: gidD:\wamp\www\shangcheng\Storage\view\compile\cdaf1e7d3fd0104d7450493dfb6fc61e.php (50).
[ 2015-12-08T17:09:20+08:00 ]NOTICE: Undefined index: tidD:\wamp\www\shangcheng\Storage\view\compile\cdaf1e7d3fd0104d7450493dfb6fc61e.php (50).
[ 2015-12-08T17:09:21+08:00 ]NOTICE: Undefined variable: kD:\wamp\www\shangcheng\App\Admin\Controller\GoodsController.php (23).
[ 2015-12-08T17:09:21+08:00 ]NOTICE: Undefined variable: kD:\wamp\www\shangcheng\App\Admin\Controller\GoodsController.php (23).
[ 2015-12-08T17:09:21+08:00 ]NOTICE: Undefined variable: kD:\wamp\www\shangcheng\App\Admin\Controller\GoodsController.php (23).
[ 2015-12-08T17:09:21+08:00 ]NOTICE: Undefined variable: kD:\wamp\www\shangcheng\App\Admin\Controller\GoodsController.php (23).
[ 2015-12-08T17:09:21+08:00 ]NOTICE: Undefined variable: kD:\wamp\www\shangcheng\App\Admin\Controller\GoodsController.php (23).
[ 2015-12-08T17:09:21+08:00 ]NOTICE: Undefined variable: kD:\wamp\www\shangcheng\App\Admin\Controller\GoodsController.php (23).
[ 2015-12-08T17:09:21+08:00 ]NOTICE: Undefined variable: kD:\wamp\www\shangcheng\App\Admin\Controller\GoodsController.php (23).
[ 2015-12-08T17:09:21+08:00 ]NOTICE: Undefined variable: kD:\wamp\www\shangcheng\App\Admin\Controller\GoodsController.php (23).
[ 2015-12-08T17:09:21+08:00 ]NOTICE: Undefined variable: kD:\wamp\www\shangcheng\App\Admin\Controller\GoodsController.php (23).
[ 2015-12-08T17:09:21+08:00 ]NOTICE: Undefined variable: kD:\wamp\www\shangcheng\App\Admin\Controller\GoodsController.php (23).
[ 2015-12-08T17:09:21+08:00 ]NOTICE: Undefined variable: kD:\wamp\www\shangcheng\App\Admin\Controller\GoodsController.php (23).
[ 2015-12-08T17:09:21+08:00 ]NOTICE: Undefined variable: kD:\wamp\www\shangcheng\App\Admin\Controller\GoodsController.php (23).
[ 2015-12-08T17:09:21+08:00 ]NOTICE: Undefined variable: kD:\wamp\www\shangcheng\App\Admin\Controller\GoodsController.php (23).
[ 2015-12-08T17:09:21+08:00 ]NOTICE: Undefined variable: kD:\wamp\www\shangcheng\App\Admin\Controller\GoodsController.php (23).
[ 2015-12-08T17:09:21+08:00 ]NOTICE: Undefined variable: kD:\wamp\www\shangcheng\App\Admin\Controller\GoodsController.php (23).
[ 2015-12-08T17:09:21+08:00 ]NOTICE: Undefined variable: kD:\wamp\www\shangcheng\App\Admin\Controller\GoodsController.php (23).
[ 2015-12-08T17:09:21+08:00 ]NOTICE: Undefined variable: kD:\wamp\www\shangcheng\App\Admin\Controller\GoodsController.php (23).
[ 2015-12-08T17:09:21+08:00 ]NOTICE: Undefined variable: kD:\wamp\www\shangcheng\App\Admin\Controller\GoodsController.php (23).
[ 2015-12-08T17:09:21+08:00 ]NOTICE: Undefined variable: kD:\wamp\www\shangcheng\App\Admin\Controller\GoodsController.php (23).
[ 2015-12-08T17:09:21+08:00 ]NOTICE: Undefined variable: kD:\wamp\www\shangcheng\App\Admin\Controller\GoodsController.php (23).
[ 2015-12-08T17:09:21+08:00 ]NOTICE: Undefined variable: kD:\wamp\www\shangcheng\App\Admin\Controller\GoodsController.php (23).
[ 2015-12-08T17:09:21+08:00 ]NOTICE: Undefined variable: kD:\wamp\www\shangcheng\App\Admin\Controller\GoodsController.php (23).
[ 2015-12-08T17:09:21+08:00 ]NOTICE: Undefined variable: kD:\wamp\www\shangcheng\App\Admin\Controller\GoodsController.php (23).
[ 2015-12-08T17:09:21+08:00 ]NOTICE: Undefined variable: kD:\wamp\www\shangcheng\App\Admin\Controller\GoodsController.php (23).
[ 2015-12-08T17:09:21+08:00 ]NOTICE: Undefined variable: kD:\wamp\www\shangcheng\App\Admin\Controller\GoodsController.php (23).
[ 2015-12-08T17:09:21+08:00 ]NOTICE: Undefined variable: kD:\wamp\www\shangcheng\App\Admin\Controller\GoodsController.php (23).
[ 2015-12-08T17:09:21+08:00 ]NOTICE: Undefined index: gidD:\wamp\www\shangcheng\Storage\view\compile\cdaf1e7d3fd0104d7450493dfb6fc61e.php (32).
[ 2015-12-08T17:09:21+08:00 ]NOTICE: Undefined index: gnameD:\wamp\www\shangcheng\Storage\view\compile\cdaf1e7d3fd0104d7450493dfb6fc61e.php (35).
[ 2015-12-08T17:09:21+08:00 ]NOTICE: Undefined index: marketpriceD:\wamp\www\shangcheng\Storage\view\compile\cdaf1e7d3fd0104d7450493dfb6fc61e.php (39).
[ 2015-12-08T17:09:21+08:00 ]NOTICE: Undefined index: shoppriceD:\wamp\www\shangcheng\Storage\view\compile\cdaf1e7d3fd0104d7450493dfb6fc61e.php (40).
[ 2015-12-08T17:09:21+08:00 ]NOTICE: Undefined index: clickD:\wamp\www\shangcheng\Storage\view\compile\cdaf1e7d3fd0104d7450493dfb6fc61e.php (46).
[ 2015-12-08T17:09:21+08:00 ]NOTICE: Undefined index: timeD:\wamp\www\shangcheng\Storage\view\compile\cdaf1e7d3fd0104d7450493dfb6fc61e.php (47).
[ 2015-12-08T17:09:21+08:00 ]NOTICE: Undefined index: gidD:\wamp\www\shangcheng\Storage\view\compile\cdaf1e7d3fd0104d7450493dfb6fc61e.php (49).
[ 2015-12-08T17:09:21+08:00 ]NOTICE: Undefined index: tidD:\wamp\www\shangcheng\Storage\view\compile\cdaf1e7d3fd0104d7450493dfb6fc61e.php (49).
[ 2015-12-08T17:09:21+08:00 ]NOTICE: Undefined index: gidD:\wamp\www\shangcheng\Storage\view\compile\cdaf1e7d3fd0104d7450493dfb6fc61e.php (50).
[ 2015-12-08T17:09:21+08:00 ]NOTICE: Undefined index: tidD:\wamp\www\shangcheng\Storage\view\compile\cdaf1e7d3fd0104d7450493dfb6fc61e.php (50).
[ 2015-12-08T20:32:13+08:00 ]NOTICE: implode() [<a href='function.implode'>function.implode</a>]: Invalid arguments passedD:\wamp\www\shangcheng\App\Home\Controller\GoodsController.php (21).
[ 2015-12-08T20:33:46+08:00 ]NOTICE: trim() expects parameter 1 to be string, array givenD:\wamp\www\shangcheng\App\Home\Controller\GoodsController.php (23).
[ 2015-12-08T20:34:08+08:00 ]NOTICE: substr() expects parameter 1 to be string, array givenD:\wamp\www\shangcheng\App\Home\Controller\GoodsController.php (23).
[ 2015-12-08T20:39:23+08:00 ]NOTICE: strchr() expects parameter 1 to be string, array givenD:\wamp\www\shangcheng\App\Home\Controller\GoodsController.php (23).
[ 2015-12-08T20:39:35+08:00 ]NOTICE: strchr() expects parameter 1 to be string, array givenD:\wamp\www\shangcheng\App\Home\Controller\GoodsController.php (23).
[ 2015-12-08T21:57:01+08:00 ]NOTICE: Invalid argument supplied for foreach()D:\wamp\www\shangcheng\Hdphp\Db\Mysql.php (690).
[ 2015-12-08T21:57:01+08:00 ]EXCEPTION: SELECT  *  FROM lashou_goods_attr ga INNER JOIN lashou_type_attr ta ON ga.taid = ta.taid WHERE  ta.class=?  AND  gid IN () GROUP BY gtvalue ;BindParams:array (
  0 => 1,
)42000;1064;You have an error in your SQL syntax; check the manual that corresponds to your MySQL server version for the right syntax to use near ') GROUP BY gtvalue' at line 1
[ 2015-12-08T22:07:55+08:00 ]NOTICE: Invalid argument supplied for foreach()D:\wamp\www\shangcheng\Hdphp\Db\Mysql.php (690).
[ 2015-12-08T22:07:55+08:00 ]EXCEPTION: SELECT  *  FROM lashou_goods_attr ga INNER JOIN lashou_type_attr ta ON ga.taid = ta.taid WHERE  ta.class=?  AND  gid IN () GROUP BY gtvalue ;BindParams:array (
  0 => 1,
)42000;1064;You have an error in your SQL syntax; check the manual that corresponds to your MySQL server version for the right syntax to use near ') GROUP BY gtvalue' at line 1
[ 2015-12-08T22:07:59+08:00 ]NOTICE: Invalid argument supplied for foreach()D:\wamp\www\shangcheng\Hdphp\Db\Mysql.php (690).
[ 2015-12-08T22:07:59+08:00 ]EXCEPTION: SELECT  *  FROM lashou_goods_attr ga INNER JOIN lashou_type_attr ta ON ga.taid = ta.taid WHERE  ta.class=?  AND  gid IN () GROUP BY gtvalue ;BindParams:array (
  0 => 1,
)42000;1064;You have an error in your SQL syntax; check the manual that corresponds to your MySQL server version for the right syntax to use near ') GROUP BY gtvalue' at line 1
[ 2015-12-08T22:16:41+08:00 ]NOTICE: Invalid argument supplied for foreach()D:\wamp\www\shangcheng\Hdphp\Db\Mysql.php (690).
[ 2015-12-08T22:16:41+08:00 ]EXCEPTION: SELECT  *  FROM lashou_goods_attr ga INNER JOIN lashou_type_attr ta ON ga.taid = ta.taid WHERE  ta.class=?  AND  gid IN () GROUP BY gtvalue ;BindParams:array (
  0 => 1,
)42000;1064;You have an error in your SQL syntax; check the manual that corresponds to your MySQL server version for the right syntax to use near ') GROUP BY gtvalue' at line 1
[ 2015-12-08T22:29:43+08:00 ]NOTICE: Invalid argument supplied for foreach()D:\wamp\www\shangcheng\App\Admin\Controller\GoodsController.php (21).
[ 2015-12-08T23:28:40+08:00 ]NOTICE: Undefined variable: goods_attrD:\wamp\www\shangcheng\Storage\view\compile\ee718b02a1111bfb309b30fb46dc9d5a.php (985).
[ 2015-12-08T23:28:40+08:00 ]NOTICE: Invalid argument supplied for foreach()D:\wamp\www\shangcheng\Storage\view\compile\ee718b02a1111bfb309b30fb46dc9d5a.php (985).
[ 2015-12-08T23:28:42+08:00 ]NOTICE: Undefined variable: goods_attrD:\wamp\www\shangcheng\Storage\view\compile\ee718b02a1111bfb309b30fb46dc9d5a.php (985).
[ 2015-12-08T23:28:42+08:00 ]NOTICE: Invalid argument supplied for foreach()D:\wamp\www\shangcheng\Storage\view\compile\ee718b02a1111bfb309b30fb46dc9d5a.php (985).
[ 2015-12-08T23:36:23+08:00 ]NOTICE: Undefined variable: gkD:\wamp\www\shangcheng\Storage\view\compile\ee718b02a1111bfb309b30fb46dc9d5a.php (1039).
[ 2015-12-08T23:36:23+08:00 ]NOTICE: Undefined variable: gkD:\wamp\www\shangcheng\Storage\view\compile\ee718b02a1111bfb309b30fb46dc9d5a.php (1039).
[ 2015-12-08T23:36:23+08:00 ]NOTICE: Undefined variable: gkD:\wamp\www\shangcheng\Storage\view\compile\ee718b02a1111bfb309b30fb46dc9d5a.php (1039).
[ 2015-12-08T23:36:23+08:00 ]NOTICE: Undefined variable: gkD:\wamp\www\shangcheng\Storage\view\compile\ee718b02a1111bfb309b30fb46dc9d5a.php (1039).
[ 2015-12-08T23:36:23+08:00 ]NOTICE: Undefined variable: gkD:\wamp\www\shangcheng\Storage\view\compile\ee718b02a1111bfb309b30fb46dc9d5a.php (1039).
[ 2015-12-08T23:36:23+08:00 ]NOTICE: Undefined variable: gkD:\wamp\www\shangcheng\Storage\view\compile\ee718b02a1111bfb309b30fb46dc9d5a.php (1039).
