[ 2015-12-09T09:03:20+08:00 ]NOTICE: Undefined variable: gooodsD:\wamp\www\shangcheng\Storage\view\compile\9bdc46234dd8d31c151aa4ad10b10f3b.php (291).
[ 2015-12-09T11:15:51+08:00 ]NOTICE: implode() [<a href='function.implode'>function.implode</a>]: Invalid arguments passedD:\wamp\www\shangcheng\App\Home\Controller\GoodsController.php (80).
[ 2015-12-09T13:33:41+08:00 ]NOTICE: Undefined index: cartD:\wamp\www\shangcheng\App\Home\Controller\GoodsController.php (81).
[ 2015-12-09T14:04:30+08:00 ]NOTICE: Undefined variable: goodsD:\wamp\www\shangcheng\Storage\view\compile\9bdc46234dd8d31c151aa4ad10b10f3b.php (185).
[ 2015-12-09T14:04:30+08:00 ]NOTICE: Undefined variable: goodsD:\wamp\www\shangcheng\Storage\view\compile\9bdc46234dd8d31c151aa4ad10b10f3b.php (190).
[ 2015-12-09T14:04:30+08:00 ]NOTICE: Undefined variable: goodsD:\wamp\www\shangcheng\Storage\view\compile\9bdc46234dd8d31c151aa4ad10b10f3b.php (199).
[ 2015-12-09T14:04:30+08:00 ]NOTICE: Undefined variable: goodsD:\wamp\www\shangcheng\Storage\view\compile\9bdc46234dd8d31c151aa4ad10b10f3b.php (219).
[ 2015-12-09T14:04:30+08:00 ]NOTICE: Undefined variable: goodsD:\wamp\www\shangcheng\Storage\view\compile\9bdc46234dd8d31c151aa4ad10b10f3b.php (223).
[ 2015-12-09T14:05:33+08:00 ]NOTICE: Undefined variable: goodsD:\wamp\www\shangcheng\Storage\view\compile\9bdc46234dd8d31c151aa4ad10b10f3b.php (185).
[ 2015-12-09T14:05:33+08:00 ]NOTICE: Undefined variable: goodsD:\wamp\www\shangcheng\Storage\view\compile\9bdc46234dd8d31c151aa4ad10b10f3b.php (190).
[ 2015-12-09T14:05:33+08:00 ]NOTICE: Undefined variable: goodsD:\wamp\www\shangcheng\Storage\view\compile\9bdc46234dd8d31c151aa4ad10b10f3b.php (199).
[ 2015-12-09T14:05:33+08:00 ]NOTICE: Undefined variable: goodsD:\wamp\www\shangcheng\Storage\view\compile\9bdc46234dd8d31c151aa4ad10b10f3b.php (219).
[ 2015-12-09T14:05:33+08:00 ]NOTICE: Undefined variable: goodsD:\wamp\www\shangcheng\Storage\view\compile\9bdc46234dd8d31c151aa4ad10b10f3b.php (223).
[ 2015-12-09T14:06:13+08:00 ]NOTICE: Undefined variable: goodsD:\wamp\www\shangcheng\Storage\view\compile\9bdc46234dd8d31c151aa4ad10b10f3b.php (185).
[ 2015-12-09T14:06:13+08:00 ]NOTICE: Undefined variable: goodsD:\wamp\www\shangcheng\Storage\view\compile\9bdc46234dd8d31c151aa4ad10b10f3b.php (190).
[ 2015-12-09T14:06:13+08:00 ]NOTICE: Undefined variable: goodsD:\wamp\www\shangcheng\Storage\view\compile\9bdc46234dd8d31c151aa4ad10b10f3b.php (199).
[ 2015-12-09T14:06:13+08:00 ]NOTICE: Undefined variable: goodsD:\wamp\www\shangcheng\Storage\view\compile\9bdc46234dd8d31c151aa4ad10b10f3b.php (219).
[ 2015-12-09T14:06:13+08:00 ]NOTICE: Undefined variable: goodsD:\wamp\www\shangcheng\Storage\view\compile\9bdc46234dd8d31c151aa4ad10b10f3b.php (223).
[ 2015-12-09T14:06:34+08:00 ]NOTICE: Undefined variable: goodsD:\wamp\www\shangcheng\Storage\view\compile\9bdc46234dd8d31c151aa4ad10b10f3b.php (185).
[ 2015-12-09T14:06:34+08:00 ]NOTICE: Undefined variable: goodsD:\wamp\www\shangcheng\Storage\view\compile\9bdc46234dd8d31c151aa4ad10b10f3b.php (190).
[ 2015-12-09T14:06:34+08:00 ]NOTICE: Undefined variable: goodsD:\wamp\www\shangcheng\Storage\view\compile\9bdc46234dd8d31c151aa4ad10b10f3b.php (199).
[ 2015-12-09T14:06:34+08:00 ]NOTICE: Undefined variable: goodsD:\wamp\www\shangcheng\Storage\view\compile\9bdc46234dd8d31c151aa4ad10b10f3b.php (219).
[ 2015-12-09T14:06:34+08:00 ]NOTICE: Undefined variable: goodsD:\wamp\www\shangcheng\Storage\view\compile\9bdc46234dd8d31c151aa4ad10b10f3b.php (223).
[ 2015-12-09T14:06:47+08:00 ]NOTICE: Undefined variable: goodsD:\wamp\www\shangcheng\Storage\view\compile\9bdc46234dd8d31c151aa4ad10b10f3b.php (185).
[ 2015-12-09T14:06:47+08:00 ]NOTICE: Undefined variable: goodsD:\wamp\www\shangcheng\Storage\view\compile\9bdc46234dd8d31c151aa4ad10b10f3b.php (190).
[ 2015-12-09T14:06:47+08:00 ]NOTICE: Undefined variable: goodsD:\wamp\www\shangcheng\Storage\view\compile\9bdc46234dd8d31c151aa4ad10b10f3b.php (199).
[ 2015-12-09T14:06:47+08:00 ]NOTICE: Undefined variable: goodsD:\wamp\www\shangcheng\Storage\view\compile\9bdc46234dd8d31c151aa4ad10b10f3b.php (219).
[ 2015-12-09T14:06:47+08:00 ]NOTICE: Undefined variable: goodsD:\wamp\www\shangcheng\Storage\view\compile\9bdc46234dd8d31c151aa4ad10b10f3b.php (223).
[ 2015-12-09T14:07:03+08:00 ]NOTICE: Undefined variable: goodsD:\wamp\www\shangcheng\Storage\view\compile\9bdc46234dd8d31c151aa4ad10b10f3b.php (185).
[ 2015-12-09T14:07:03+08:00 ]NOTICE: Undefined variable: goodsD:\wamp\www\shangcheng\Storage\view\compile\9bdc46234dd8d31c151aa4ad10b10f3b.php (190).
[ 2015-12-09T14:07:03+08:00 ]NOTICE: Undefined variable: goodsD:\wamp\www\shangcheng\Storage\view\compile\9bdc46234dd8d31c151aa4ad10b10f3b.php (199).
[ 2015-12-09T14:07:03+08:00 ]NOTICE: Undefined variable: goodsD:\wamp\www\shangcheng\Storage\view\compile\9bdc46234dd8d31c151aa4ad10b10f3b.php (219).
[ 2015-12-09T14:07:03+08:00 ]NOTICE: Undefined variable: goodsD:\wamp\www\shangcheng\Storage\view\compile\9bdc46234dd8d31c151aa4ad10b10f3b.php (223).
[ 2015-12-09T14:07:08+08:00 ]NOTICE: Undefined variable: taidD:\wamp\www\shangcheng\Storage\view\compile\ee718b02a1111bfb309b30fb46dc9d5a.php (1127).
[ 2015-12-09T14:07:08+08:00 ]NOTICE: Undefined variable: taidD:\wamp\www\shangcheng\Storage\view\compile\ee718b02a1111bfb309b30fb46dc9d5a.php (1143).
[ 2015-12-09T14:07:10+08:00 ]NOTICE: Undefined variable: taidD:\wamp\www\shangcheng\Storage\view\compile\ee718b02a1111bfb309b30fb46dc9d5a.php (1127).
[ 2015-12-09T14:07:10+08:00 ]NOTICE: Undefined variable: taidD:\wamp\www\shangcheng\Storage\view\compile\ee718b02a1111bfb309b30fb46dc9d5a.php (1143).
[ 2015-12-09T14:07:13+08:00 ]NOTICE: Undefined variable: goodsD:\wamp\www\shangcheng\Storage\view\compile\9bdc46234dd8d31c151aa4ad10b10f3b.php (185).
[ 2015-12-09T14:07:13+08:00 ]NOTICE: Undefined variable: goodsD:\wamp\www\shangcheng\Storage\view\compile\9bdc46234dd8d31c151aa4ad10b10f3b.php (190).
[ 2015-12-09T14:07:13+08:00 ]NOTICE: Undefined variable: goodsD:\wamp\www\shangcheng\Storage\view\compile\9bdc46234dd8d31c151aa4ad10b10f3b.php (199).
[ 2015-12-09T14:07:13+08:00 ]NOTICE: Undefined variable: goodsD:\wamp\www\shangcheng\Storage\view\compile\9bdc46234dd8d31c151aa4ad10b10f3b.php (219).
[ 2015-12-09T14:07:13+08:00 ]NOTICE: Undefined variable: goodsD:\wamp\www\shangcheng\Storage\view\compile\9bdc46234dd8d31c151aa4ad10b10f3b.php (223).
[ 2015-12-09T14:14:01+08:00 ]NOTICE: Undefined variable: goodsD:\wamp\www\shangcheng\Storage\view\compile\9bdc46234dd8d31c151aa4ad10b10f3b.php (185).
[ 2015-12-09T14:14:01+08:00 ]NOTICE: Undefined variable: goodsD:\wamp\www\shangcheng\Storage\view\compile\9bdc46234dd8d31c151aa4ad10b10f3b.php (190).
[ 2015-12-09T14:14:01+08:00 ]NOTICE: Undefined variable: goodsD:\wamp\www\shangcheng\Storage\view\compile\9bdc46234dd8d31c151aa4ad10b10f3b.php (199).
[ 2015-12-09T14:14:01+08:00 ]NOTICE: Undefined variable: goodsD:\wamp\www\shangcheng\Storage\view\compile\9bdc46234dd8d31c151aa4ad10b10f3b.php (219).
[ 2015-12-09T14:14:01+08:00 ]NOTICE: Undefined variable: goodsD:\wamp\www\shangcheng\Storage\view\compile\9bdc46234dd8d31c151aa4ad10b10f3b.php (223).
[ 2015-12-09T14:14:11+08:00 ]NOTICE: Undefined variable: goodsD:\wamp\www\shangcheng\Storage\view\compile\9bdc46234dd8d31c151aa4ad10b10f3b.php (185).
[ 2015-12-09T14:14:11+08:00 ]NOTICE: Undefined variable: goodsD:\wamp\www\shangcheng\Storage\view\compile\9bdc46234dd8d31c151aa4ad10b10f3b.php (190).
[ 2015-12-09T14:14:11+08:00 ]NOTICE: Undefined variable: goodsD:\wamp\www\shangcheng\Storage\view\compile\9bdc46234dd8d31c151aa4ad10b10f3b.php (199).
[ 2015-12-09T14:14:11+08:00 ]NOTICE: Undefined variable: goodsD:\wamp\www\shangcheng\Storage\view\compile\9bdc46234dd8d31c151aa4ad10b10f3b.php (219).
[ 2015-12-09T14:14:11+08:00 ]NOTICE: Undefined variable: goodsD:\wamp\www\shangcheng\Storage\view\compile\9bdc46234dd8d31c151aa4ad10b10f3b.php (223).
[ 2015-12-09T14:14:19+08:00 ]NOTICE: Undefined variable: goodsD:\wamp\www\shangcheng\Storage\view\compile\9bdc46234dd8d31c151aa4ad10b10f3b.php (185).
[ 2015-12-09T14:14:19+08:00 ]NOTICE: Undefined variable: goodsD:\wamp\www\shangcheng\Storage\view\compile\9bdc46234dd8d31c151aa4ad10b10f3b.php (190).
[ 2015-12-09T14:14:19+08:00 ]NOTICE: Undefined variable: goodsD:\wamp\www\shangcheng\Storage\view\compile\9bdc46234dd8d31c151aa4ad10b10f3b.php (199).
[ 2015-12-09T14:14:19+08:00 ]NOTICE: Undefined variable: goodsD:\wamp\www\shangcheng\Storage\view\compile\9bdc46234dd8d31c151aa4ad10b10f3b.php (219).
[ 2015-12-09T14:14:19+08:00 ]NOTICE: Undefined variable: goodsD:\wamp\www\shangcheng\Storage\view\compile\9bdc46234dd8d31c151aa4ad10b10f3b.php (223).
[ 2015-12-09T14:14:30+08:00 ]NOTICE: Undefined variable: goodsD:\wamp\www\shangcheng\Storage\view\compile\9bdc46234dd8d31c151aa4ad10b10f3b.php (185).
[ 2015-12-09T14:14:30+08:00 ]NOTICE: Undefined variable: goodsD:\wamp\www\shangcheng\Storage\view\compile\9bdc46234dd8d31c151aa4ad10b10f3b.php (190).
[ 2015-12-09T14:14:30+08:00 ]NOTICE: Undefined variable: goodsD:\wamp\www\shangcheng\Storage\view\compile\9bdc46234dd8d31c151aa4ad10b10f3b.php (199).
[ 2015-12-09T14:14:30+08:00 ]NOTICE: Undefined variable: goodsD:\wamp\www\shangcheng\Storage\view\compile\9bdc46234dd8d31c151aa4ad10b10f3b.php (219).
[ 2015-12-09T14:14:30+08:00 ]NOTICE: Undefined variable: goodsD:\wamp\www\shangcheng\Storage\view\compile\9bdc46234dd8d31c151aa4ad10b10f3b.php (223).
[ 2015-12-09T14:17:02+08:00 ]NOTICE: Undefined variable: goodsD:\wamp\www\shangcheng\Storage\view\compile\9bdc46234dd8d31c151aa4ad10b10f3b.php (185).
[ 2015-12-09T14:17:02+08:00 ]NOTICE: Undefined variable: goodsD:\wamp\www\shangcheng\Storage\view\compile\9bdc46234dd8d31c151aa4ad10b10f3b.php (190).
[ 2015-12-09T14:17:02+08:00 ]NOTICE: Undefined variable: goodsD:\wamp\www\shangcheng\Storage\view\compile\9bdc46234dd8d31c151aa4ad10b10f3b.php (199).
[ 2015-12-09T14:17:02+08:00 ]NOTICE: Undefined variable: goodsD:\wamp\www\shangcheng\Storage\view\compile\9bdc46234dd8d31c151aa4ad10b10f3b.php (219).
[ 2015-12-09T14:17:02+08:00 ]NOTICE: Undefined variable: goodsD:\wamp\www\shangcheng\Storage\view\compile\9bdc46234dd8d31c151aa4ad10b10f3b.php (223).
[ 2015-12-09T14:17:06+08:00 ]NOTICE: Undefined variable: goodsD:\wamp\www\shangcheng\Storage\view\compile\9bdc46234dd8d31c151aa4ad10b10f3b.php (185).
[ 2015-12-09T14:17:06+08:00 ]NOTICE: Undefined variable: goodsD:\wamp\www\shangcheng\Storage\view\compile\9bdc46234dd8d31c151aa4ad10b10f3b.php (190).
[ 2015-12-09T14:17:06+08:00 ]NOTICE: Undefined variable: goodsD:\wamp\www\shangcheng\Storage\view\compile\9bdc46234dd8d31c151aa4ad10b10f3b.php (199).
[ 2015-12-09T14:17:06+08:00 ]NOTICE: Undefined variable: goodsD:\wamp\www\shangcheng\Storage\view\compile\9bdc46234dd8d31c151aa4ad10b10f3b.php (219).
[ 2015-12-09T14:17:06+08:00 ]NOTICE: Undefined variable: goodsD:\wamp\www\shangcheng\Storage\view\compile\9bdc46234dd8d31c151aa4ad10b10f3b.php (223).
[ 2015-12-09T14:18:33+08:00 ]NOTICE: Undefined variable: goodsD:\wamp\www\shangcheng\Storage\view\compile\9bdc46234dd8d31c151aa4ad10b10f3b.php (185).
[ 2015-12-09T14:18:33+08:00 ]NOTICE: Undefined variable: goodsD:\wamp\www\shangcheng\Storage\view\compile\9bdc46234dd8d31c151aa4ad10b10f3b.php (190).
[ 2015-12-09T14:18:33+08:00 ]NOTICE: Undefined variable: goodsD:\wamp\www\shangcheng\Storage\view\compile\9bdc46234dd8d31c151aa4ad10b10f3b.php (199).
[ 2015-12-09T14:18:33+08:00 ]NOTICE: Undefined variable: goodsD:\wamp\www\shangcheng\Storage\view\compile\9bdc46234dd8d31c151aa4ad10b10f3b.php (219).
[ 2015-12-09T14:18:33+08:00 ]NOTICE: Undefined variable: goodsD:\wamp\www\shangcheng\Storage\view\compile\9bdc46234dd8d31c151aa4ad10b10f3b.php (223).
[ 2015-12-09T14:18:40+08:00 ]NOTICE: Undefined variable: goodsD:\wamp\www\shangcheng\Storage\view\compile\9bdc46234dd8d31c151aa4ad10b10f3b.php (185).
[ 2015-12-09T14:18:40+08:00 ]NOTICE: Undefined variable: goodsD:\wamp\www\shangcheng\Storage\view\compile\9bdc46234dd8d31c151aa4ad10b10f3b.php (190).
[ 2015-12-09T14:18:40+08:00 ]NOTICE: Undefined variable: goodsD:\wamp\www\shangcheng\Storage\view\compile\9bdc46234dd8d31c151aa4ad10b10f3b.php (199).
[ 2015-12-09T14:18:40+08:00 ]NOTICE: Undefined variable: goodsD:\wamp\www\shangcheng\Storage\view\compile\9bdc46234dd8d31c151aa4ad10b10f3b.php (219).
[ 2015-12-09T14:18:40+08:00 ]NOTICE: Undefined variable: goodsD:\wamp\www\shangcheng\Storage\view\compile\9bdc46234dd8d31c151aa4ad10b10f3b.php (223).
[ 2015-12-09T14:18:47+08:00 ]NOTICE: Undefined variable: goodsD:\wamp\www\shangcheng\Storage\view\compile\9bdc46234dd8d31c151aa4ad10b10f3b.php (185).
[ 2015-12-09T14:18:47+08:00 ]NOTICE: Undefined variable: goodsD:\wamp\www\shangcheng\Storage\view\compile\9bdc46234dd8d31c151aa4ad10b10f3b.php (190).
[ 2015-12-09T14:18:47+08:00 ]NOTICE: Undefined variable: goodsD:\wamp\www\shangcheng\Storage\view\compile\9bdc46234dd8d31c151aa4ad10b10f3b.php (199).
[ 2015-12-09T14:18:47+08:00 ]NOTICE: Undefined variable: goodsD:\wamp\www\shangcheng\Storage\view\compile\9bdc46234dd8d31c151aa4ad10b10f3b.php (219).
[ 2015-12-09T14:18:47+08:00 ]NOTICE: Undefined variable: goodsD:\wamp\www\shangcheng\Storage\view\compile\9bdc46234dd8d31c151aa4ad10b10f3b.php (223).
[ 2015-12-09T14:18:54+08:00 ]NOTICE: Undefined variable: goodsD:\wamp\www\shangcheng\Storage\view\compile\9bdc46234dd8d31c151aa4ad10b10f3b.php (185).
[ 2015-12-09T14:18:54+08:00 ]NOTICE: Undefined variable: goodsD:\wamp\www\shangcheng\Storage\view\compile\9bdc46234dd8d31c151aa4ad10b10f3b.php (190).
[ 2015-12-09T14:18:54+08:00 ]NOTICE: Undefined variable: goodsD:\wamp\www\shangcheng\Storage\view\compile\9bdc46234dd8d31c151aa4ad10b10f3b.php (199).
[ 2015-12-09T14:18:54+08:00 ]NOTICE: Undefined variable: goodsD:\wamp\www\shangcheng\Storage\view\compile\9bdc46234dd8d31c151aa4ad10b10f3b.php (219).
[ 2015-12-09T14:18:54+08:00 ]NOTICE: Undefined variable: goodsD:\wamp\www\shangcheng\Storage\view\compile\9bdc46234dd8d31c151aa4ad10b10f3b.php (223).
[ 2015-12-09T14:19:10+08:00 ]NOTICE: Undefined variable: goodsD:\wamp\www\shangcheng\Storage\view\compile\9bdc46234dd8d31c151aa4ad10b10f3b.php (185).
[ 2015-12-09T14:19:10+08:00 ]NOTICE: Undefined variable: goodsD:\wamp\www\shangcheng\Storage\view\compile\9bdc46234dd8d31c151aa4ad10b10f3b.php (190).
[ 2015-12-09T14:19:10+08:00 ]NOTICE: Undefined variable: goodsD:\wamp\www\shangcheng\Storage\view\compile\9bdc46234dd8d31c151aa4ad10b10f3b.php (199).
[ 2015-12-09T14:19:10+08:00 ]NOTICE: Undefined variable: goodsD:\wamp\www\shangcheng\Storage\view\compile\9bdc46234dd8d31c151aa4ad10b10f3b.php (219).
[ 2015-12-09T14:19:10+08:00 ]NOTICE: Undefined variable: goodsD:\wamp\www\shangcheng\Storage\view\compile\9bdc46234dd8d31c151aa4ad10b10f3b.php (223).
[ 2015-12-09T14:26:48+08:00 ]NOTICE: Undefined variable: goodsD:\wamp\www\shangcheng\Storage\view\compile\9bdc46234dd8d31c151aa4ad10b10f3b.php (185).
[ 2015-12-09T14:26:48+08:00 ]NOTICE: Undefined variable: goodsD:\wamp\www\shangcheng\Storage\view\compile\9bdc46234dd8d31c151aa4ad10b10f3b.php (190).
[ 2015-12-09T14:26:48+08:00 ]NOTICE: Undefined variable: goodsD:\wamp\www\shangcheng\Storage\view\compile\9bdc46234dd8d31c151aa4ad10b10f3b.php (199).
[ 2015-12-09T14:26:48+08:00 ]NOTICE: Undefined variable: goodsD:\wamp\www\shangcheng\Storage\view\compile\9bdc46234dd8d31c151aa4ad10b10f3b.php (219).
[ 2015-12-09T14:26:48+08:00 ]NOTICE: Undefined variable: goodsD:\wamp\www\shangcheng\Storage\view\compile\9bdc46234dd8d31c151aa4ad10b10f3b.php (223).
[ 2015-12-09T14:30:05+08:00 ]NOTICE: Undefined variable: goodsD:\wamp\www\shangcheng\Storage\view\compile\9bdc46234dd8d31c151aa4ad10b10f3b.php (185).
[ 2015-12-09T14:30:05+08:00 ]NOTICE: Undefined variable: goodsD:\wamp\www\shangcheng\Storage\view\compile\9bdc46234dd8d31c151aa4ad10b10f3b.php (190).
[ 2015-12-09T14:30:05+08:00 ]NOTICE: Undefined variable: goodsD:\wamp\www\shangcheng\Storage\view\compile\9bdc46234dd8d31c151aa4ad10b10f3b.php (199).
[ 2015-12-09T14:30:05+08:00 ]NOTICE: Undefined variable: goodsD:\wamp\www\shangcheng\Storage\view\compile\9bdc46234dd8d31c151aa4ad10b10f3b.php (219).
[ 2015-12-09T14:30:05+08:00 ]NOTICE: Undefined variable: goodsD:\wamp\www\shangcheng\Storage\view\compile\9bdc46234dd8d31c151aa4ad10b10f3b.php (223).
[ 2015-12-09T14:31:10+08:00 ]NOTICE: Undefined variable: goodsD:\wamp\www\shangcheng\Storage\view\compile\9bdc46234dd8d31c151aa4ad10b10f3b.php (185).
[ 2015-12-09T14:31:10+08:00 ]NOTICE: Undefined variable: goodsD:\wamp\www\shangcheng\Storage\view\compile\9bdc46234dd8d31c151aa4ad10b10f3b.php (190).
[ 2015-12-09T14:31:10+08:00 ]NOTICE: Undefined variable: goodsD:\wamp\www\shangcheng\Storage\view\compile\9bdc46234dd8d31c151aa4ad10b10f3b.php (199).
[ 2015-12-09T14:31:10+08:00 ]NOTICE: Undefined variable: goodsD:\wamp\www\shangcheng\Storage\view\compile\9bdc46234dd8d31c151aa4ad10b10f3b.php (219).
[ 2015-12-09T14:31:10+08:00 ]NOTICE: Undefined variable: goodsD:\wamp\www\shangcheng\Storage\view\compile\9bdc46234dd8d31c151aa4ad10b10f3b.php (223).
[ 2015-12-09T14:31:41+08:00 ]NOTICE: Undefined variable: goodsD:\wamp\www\shangcheng\Storage\view\compile\9bdc46234dd8d31c151aa4ad10b10f3b.php (185).
[ 2015-12-09T14:31:41+08:00 ]NOTICE: Undefined variable: goodsD:\wamp\www\shangcheng\Storage\view\compile\9bdc46234dd8d31c151aa4ad10b10f3b.php (190).
[ 2015-12-09T14:31:41+08:00 ]NOTICE: Undefined variable: goodsD:\wamp\www\shangcheng\Storage\view\compile\9bdc46234dd8d31c151aa4ad10b10f3b.php (199).
[ 2015-12-09T14:31:41+08:00 ]NOTICE: Undefined variable: goodsD:\wamp\www\shangcheng\Storage\view\compile\9bdc46234dd8d31c151aa4ad10b10f3b.php (219).
[ 2015-12-09T14:31:41+08:00 ]NOTICE: Undefined variable: goodsD:\wamp\www\shangcheng\Storage\view\compile\9bdc46234dd8d31c151aa4ad10b10f3b.php (223).
[ 2015-12-09T14:31:43+08:00 ]NOTICE: Undefined variable: goodsD:\wamp\www\shangcheng\Storage\view\compile\9bdc46234dd8d31c151aa4ad10b10f3b.php (185).
[ 2015-12-09T14:31:43+08:00 ]NOTICE: Undefined variable: goodsD:\wamp\www\shangcheng\Storage\view\compile\9bdc46234dd8d31c151aa4ad10b10f3b.php (190).
[ 2015-12-09T14:31:43+08:00 ]NOTICE: Undefined variable: goodsD:\wamp\www\shangcheng\Storage\view\compile\9bdc46234dd8d31c151aa4ad10b10f3b.php (199).
[ 2015-12-09T14:31:43+08:00 ]NOTICE: Undefined variable: goodsD:\wamp\www\shangcheng\Storage\view\compile\9bdc46234dd8d31c151aa4ad10b10f3b.php (219).
[ 2015-12-09T14:31:43+08:00 ]NOTICE: Undefined variable: goodsD:\wamp\www\shangcheng\Storage\view\compile\9bdc46234dd8d31c151aa4ad10b10f3b.php (223).
[ 2015-12-09T14:35:01+08:00 ]NOTICE: Undefined variable: goodsD:\wamp\www\shangcheng\Storage\view\compile\9bdc46234dd8d31c151aa4ad10b10f3b.php (186).
[ 2015-12-09T14:35:01+08:00 ]NOTICE: Undefined variable: goodsD:\wamp\www\shangcheng\Storage\view\compile\9bdc46234dd8d31c151aa4ad10b10f3b.php (186).
[ 2015-12-09T14:35:01+08:00 ]NOTICE: Undefined variable: goodsD:\wamp\www\shangcheng\Storage\view\compile\9bdc46234dd8d31c151aa4ad10b10f3b.php (225).
[ 2015-12-09T14:35:59+08:00 ]NOTICE: Undefined variable: goodsD:\wamp\www\shangcheng\Storage\view\compile\9bdc46234dd8d31c151aa4ad10b10f3b.php (186).
[ 2015-12-09T14:35:59+08:00 ]NOTICE: Undefined variable: goodsD:\wamp\www\shangcheng\Storage\view\compile\9bdc46234dd8d31c151aa4ad10b10f3b.php (186).
[ 2015-12-09T15:14:09+08:00 ]NOTICE: Undefined index: gidD:\wamp\www\shangcheng\App\Home\Controller\GoodsController.php (15).
[ 2015-12-09T15:14:09+08:00 ]NOTICE: Division by zeroD:\wamp\www\shangcheng\Storage\view\compile\ee718b02a1111bfb309b30fb46dc9d5a.php (939).
[ 2015-12-09T15:14:09+08:00 ]NOTICE: Undefined variable: specD:\wamp\www\shangcheng\Storage\view\compile\ee718b02a1111bfb309b30fb46dc9d5a.php (1031).
[ 2015-12-09T15:14:09+08:00 ]NOTICE: Invalid argument supplied for foreach()D:\wamp\www\shangcheng\Storage\view\compile\ee718b02a1111bfb309b30fb46dc9d5a.php (1031).
[ 2015-12-09T15:14:09+08:00 ]NOTICE: Undefined index: gidD:\wamp\www\shangcheng\Storage\view\compile\ee718b02a1111bfb309b30fb46dc9d5a.php (1068).
[ 2015-12-09T15:14:09+08:00 ]NOTICE: Undefined variable: taidD:\wamp\www\shangcheng\Storage\view\compile\ee718b02a1111bfb309b30fb46dc9d5a.php (1127).
[ 2015-12-09T15:14:09+08:00 ]NOTICE: Undefined variable: taidD:\wamp\www\shangcheng\Storage\view\compile\ee718b02a1111bfb309b30fb46dc9d5a.php (1143).
[ 2015-12-09T16:34:59+08:00 ]NOTICE: Undefined index: cartD:\wamp\www\shangcheng\Storage\view\compile\6b9b6d44bc2e782f19a8c4d9413d2c92.php (28).
[ 2015-12-09T16:34:59+08:00 ]NOTICE: Undefined index: cartD:\wamp\www\shangcheng\Storage\view\compile\6b9b6d44bc2e782f19a8c4d9413d2c92.php (33).
[ 2015-12-09T16:34:59+08:00 ]NOTICE: Invalid argument supplied for foreach()D:\wamp\www\shangcheng\Storage\view\compile\6b9b6d44bc2e782f19a8c4d9413d2c92.php (33).
[ 2015-12-09T16:35:01+08:00 ]NOTICE: Undefined index: cartD:\wamp\www\shangcheng\Storage\view\compile\6b9b6d44bc2e782f19a8c4d9413d2c92.php (28).
[ 2015-12-09T16:35:01+08:00 ]NOTICE: Undefined index: cartD:\wamp\www\shangcheng\Storage\view\compile\6b9b6d44bc2e782f19a8c4d9413d2c92.php (33).
[ 2015-12-09T16:35:01+08:00 ]NOTICE: Invalid argument supplied for foreach()D:\wamp\www\shangcheng\Storage\view\compile\6b9b6d44bc2e782f19a8c4d9413d2c92.php (33).
[ 2015-12-09T17:23:02+08:00 ]NOTICE: Undefined variable: totalD:\wamp\www\shangcheng\Storage\view\compile\9bdc46234dd8d31c151aa4ad10b10f3b.php (233).
[ 2015-12-09T17:23:19+08:00 ]NOTICE: Undefined variable: totalD:\wamp\www\shangcheng\Storage\view\compile\9bdc46234dd8d31c151aa4ad10b10f3b.php (233).
[ 2015-12-09T17:24:28+08:00 ]NOTICE: Undefined variable: totalD:\wamp\www\shangcheng\Storage\view\compile\9bdc46234dd8d31c151aa4ad10b10f3b.php (233).
[ 2015-12-09T17:24:57+08:00 ]NOTICE: Undefined variable: totalD:\wamp\www\shangcheng\Storage\view\compile\9bdc46234dd8d31c151aa4ad10b10f3b.php (233).
[ 2015-12-09T18:50:41+08:00 ]NOTICE: Undefined index: cartD:\wamp\www\shangcheng\App\Home\Controller\ShoppingCartController.php (16).
[ 2015-12-09T18:50:41+08:00 ]NOTICE: Invalid argument supplied for foreach()D:\wamp\www\shangcheng\App\Home\Controller\ShoppingCartController.php (16).
[ 2015-12-09T18:50:42+08:00 ]NOTICE: Undefined index: cartD:\wamp\www\shangcheng\Storage\view\compile\9bdc46234dd8d31c151aa4ad10b10f3b.php (52).
[ 2015-12-09T18:50:42+08:00 ]NOTICE: Undefined index: cartD:\wamp\www\shangcheng\Storage\view\compile\9bdc46234dd8d31c151aa4ad10b10f3b.php (57).
[ 2015-12-09T18:50:42+08:00 ]NOTICE: Invalid argument supplied for foreach()D:\wamp\www\shangcheng\Storage\view\compile\9bdc46234dd8d31c151aa4ad10b10f3b.php (57).
[ 2015-12-09T18:50:42+08:00 ]NOTICE: Undefined index: cartD:\wamp\www\shangcheng\Storage\view\compile\9bdc46234dd8d31c151aa4ad10b10f3b.php (174).
[ 2015-12-09T18:50:42+08:00 ]NOTICE: Use of undefined constant Home - assumed 'Home'D:\wamp\www\shangcheng\Storage\view\compile\9bdc46234dd8d31c151aa4ad10b10f3b.php (257).
[ 2015-12-09T18:50:42+08:00 ]NOTICE: Use of undefined constant Index - assumed 'Index'D:\wamp\www\shangcheng\Storage\view\compile\9bdc46234dd8d31c151aa4ad10b10f3b.php (257).
[ 2015-12-09T18:50:42+08:00 ]NOTICE: Division by zeroD:\wamp\www\shangcheng\Storage\view\compile\9bdc46234dd8d31c151aa4ad10b10f3b.php (257).
[ 2015-12-09T18:50:42+08:00 ]NOTICE: Use of undefined constant index - assumed 'index'D:\wamp\www\shangcheng\Storage\view\compile\9bdc46234dd8d31c151aa4ad10b10f3b.php (257).
[ 2015-12-09T18:50:42+08:00 ]NOTICE: Division by zeroD:\wamp\www\shangcheng\Storage\view\compile\9bdc46234dd8d31c151aa4ad10b10f3b.php (257).
[ 2015-12-09T18:54:08+08:00 ]NOTICE: Undefined index: cartD:\wamp\www\shangcheng\App\Home\Controller\ShoppingCartController.php (16).
[ 2015-12-09T18:54:08+08:00 ]NOTICE: Invalid argument supplied for foreach()D:\wamp\www\shangcheng\App\Home\Controller\ShoppingCartController.php (16).
[ 2015-12-09T18:54:08+08:00 ]NOTICE: Undefined index: cartD:\wamp\www\shangcheng\Storage\view\compile\9bdc46234dd8d31c151aa4ad10b10f3b.php (52).
[ 2015-12-09T18:54:08+08:00 ]NOTICE: Undefined index: cartD:\wamp\www\shangcheng\Storage\view\compile\9bdc46234dd8d31c151aa4ad10b10f3b.php (57).
[ 2015-12-09T18:54:08+08:00 ]NOTICE: Invalid argument supplied for foreach()D:\wamp\www\shangcheng\Storage\view\compile\9bdc46234dd8d31c151aa4ad10b10f3b.php (57).
[ 2015-12-09T18:54:08+08:00 ]NOTICE: Undefined index: cartD:\wamp\www\shangcheng\Storage\view\compile\9bdc46234dd8d31c151aa4ad10b10f3b.php (174).
[ 2015-12-09T18:54:08+08:00 ]NOTICE: Use of undefined constant Home - assumed 'Home'D:\wamp\www\shangcheng\Storage\view\compile\9bdc46234dd8d31c151aa4ad10b10f3b.php (257).
[ 2015-12-09T18:54:08+08:00 ]NOTICE: Use of undefined constant Index - assumed 'Index'D:\wamp\www\shangcheng\Storage\view\compile\9bdc46234dd8d31c151aa4ad10b10f3b.php (257).
[ 2015-12-09T18:54:08+08:00 ]NOTICE: Division by zeroD:\wamp\www\shangcheng\Storage\view\compile\9bdc46234dd8d31c151aa4ad10b10f3b.php (257).
[ 2015-12-09T18:54:08+08:00 ]NOTICE: Use of undefined constant index - assumed 'index'D:\wamp\www\shangcheng\Storage\view\compile\9bdc46234dd8d31c151aa4ad10b10f3b.php (257).
[ 2015-12-09T18:54:08+08:00 ]NOTICE: Division by zeroD:\wamp\www\shangcheng\Storage\view\compile\9bdc46234dd8d31c151aa4ad10b10f3b.php (257).
[ 2015-12-09T18:54:10+08:00 ]NOTICE: Undefined index: cartD:\wamp\www\shangcheng\Storage\view\compile\6b9b6d44bc2e782f19a8c4d9413d2c92.php (28).
[ 2015-12-09T18:54:10+08:00 ]NOTICE: Undefined index: cartD:\wamp\www\shangcheng\Storage\view\compile\6b9b6d44bc2e782f19a8c4d9413d2c92.php (33).
[ 2015-12-09T18:54:10+08:00 ]NOTICE: Invalid argument supplied for foreach()D:\wamp\www\shangcheng\Storage\view\compile\6b9b6d44bc2e782f19a8c4d9413d2c92.php (33).
[ 2015-12-09T21:26:22+08:00 ]NOTICE: Undefined variable: taidD:\wamp\www\shangcheng\Storage\view\compile\ee718b02a1111bfb309b30fb46dc9d5a.php (1150).
[ 2015-12-09T21:26:22+08:00 ]NOTICE: Undefined variable: taidD:\wamp\www\shangcheng\Storage\view\compile\ee718b02a1111bfb309b30fb46dc9d5a.php (1166).
[ 2015-12-09T21:27:46+08:00 ]NOTICE: Undefined variable: taidD:\wamp\www\shangcheng\Storage\view\compile\ee718b02a1111bfb309b30fb46dc9d5a.php (1150).
[ 2015-12-09T21:27:46+08:00 ]NOTICE: Undefined variable: taidD:\wamp\www\shangcheng\Storage\view\compile\ee718b02a1111bfb309b30fb46dc9d5a.php (1166).
[ 2015-12-09T21:52:08+08:00 ]NOTICE: Undefined variable: taidD:\wamp\www\shangcheng\Storage\view\compile\ee718b02a1111bfb309b30fb46dc9d5a.php (1150).
[ 2015-12-09T21:52:08+08:00 ]NOTICE: Undefined variable: taidD:\wamp\www\shangcheng\Storage\view\compile\ee718b02a1111bfb309b30fb46dc9d5a.php (1166).
[ 2015-12-09T21:52:15+08:00 ]NOTICE: Undefined variable: taidD:\wamp\www\shangcheng\Storage\view\compile\ee718b02a1111bfb309b30fb46dc9d5a.php (1150).
[ 2015-12-09T21:52:15+08:00 ]NOTICE: Undefined variable: taidD:\wamp\www\shangcheng\Storage\view\compile\ee718b02a1111bfb309b30fb46dc9d5a.php (1166).
[ 2015-12-09T22:08:53+08:00 ]NOTICE: Undefined variable: taidD:\wamp\www\shangcheng\Storage\view\compile\ee718b02a1111bfb309b30fb46dc9d5a.php (1123).
[ 2015-12-09T22:08:53+08:00 ]NOTICE: Undefined variable: taidD:\wamp\www\shangcheng\Storage\view\compile\ee718b02a1111bfb309b30fb46dc9d5a.php (1139).
[ 2015-12-09T22:09:32+08:00 ]NOTICE: Undefined variable: taidD:\wamp\www\shangcheng\Storage\view\compile\ee718b02a1111bfb309b30fb46dc9d5a.php (1151).
[ 2015-12-09T22:09:32+08:00 ]NOTICE: Undefined variable: taidD:\wamp\www\shangcheng\Storage\view\compile\ee718b02a1111bfb309b30fb46dc9d5a.php (1167).
[ 2015-12-09T22:10:42+08:00 ]NOTICE: Undefined variable: taidD:\wamp\www\shangcheng\Storage\view\compile\ee718b02a1111bfb309b30fb46dc9d5a.php (1150).
[ 2015-12-09T22:10:42+08:00 ]NOTICE: Undefined variable: taidD:\wamp\www\shangcheng\Storage\view\compile\ee718b02a1111bfb309b30fb46dc9d5a.php (1166).
[ 2015-12-09T22:12:53+08:00 ]NOTICE: Undefined variable: taidD:\wamp\www\shangcheng\Storage\view\compile\ee718b02a1111bfb309b30fb46dc9d5a.php (1150).
[ 2015-12-09T22:12:53+08:00 ]NOTICE: Undefined variable: taidD:\wamp\www\shangcheng\Storage\view\compile\ee718b02a1111bfb309b30fb46dc9d5a.php (1166).
[ 2015-12-09T22:14:26+08:00 ]NOTICE: Undefined variable: taidD:\wamp\www\shangcheng\Storage\view\compile\ee718b02a1111bfb309b30fb46dc9d5a.php (1156).
[ 2015-12-09T22:14:26+08:00 ]NOTICE: Undefined variable: taidD:\wamp\www\shangcheng\Storage\view\compile\ee718b02a1111bfb309b30fb46dc9d5a.php (1172).
[ 2015-12-09T22:16:42+08:00 ]NOTICE: Undefined variable: taidD:\wamp\www\shangcheng\Storage\view\compile\ee718b02a1111bfb309b30fb46dc9d5a.php (1156).
[ 2015-12-09T22:16:42+08:00 ]NOTICE: Undefined variable: taidD:\wamp\www\shangcheng\Storage\view\compile\ee718b02a1111bfb309b30fb46dc9d5a.php (1172).
[ 2015-12-09T22:19:27+08:00 ]NOTICE: Undefined variable: taidD:\wamp\www\shangcheng\Storage\view\compile\ee718b02a1111bfb309b30fb46dc9d5a.php (1157).
[ 2015-12-09T22:19:27+08:00 ]NOTICE: Undefined variable: taidD:\wamp\www\shangcheng\Storage\view\compile\ee718b02a1111bfb309b30fb46dc9d5a.php (1173).
[ 2015-12-09T22:21:27+08:00 ]NOTICE: Undefined variable: taidD:\wamp\www\shangcheng\Storage\view\compile\ee718b02a1111bfb309b30fb46dc9d5a.php (1156).
[ 2015-12-09T22:21:27+08:00 ]NOTICE: Undefined variable: taidD:\wamp\www\shangcheng\Storage\view\compile\ee718b02a1111bfb309b30fb46dc9d5a.php (1172).
[ 2015-12-09T22:29:34+08:00 ]NOTICE: Undefined variable: taidD:\wamp\www\shangcheng\Storage\view\compile\ee718b02a1111bfb309b30fb46dc9d5a.php (1159).
[ 2015-12-09T22:29:34+08:00 ]NOTICE: Undefined variable: taidD:\wamp\www\shangcheng\Storage\view\compile\ee718b02a1111bfb309b30fb46dc9d5a.php (1175).
[ 2015-12-09T22:30:30+08:00 ]NOTICE: Undefined variable: taidD:\wamp\www\shangcheng\Storage\view\compile\ee718b02a1111bfb309b30fb46dc9d5a.php (1169).
[ 2015-12-09T22:30:30+08:00 ]NOTICE: Undefined variable: taidD:\wamp\www\shangcheng\Storage\view\compile\ee718b02a1111bfb309b30fb46dc9d5a.php (1185).
[ 2015-12-09T22:30:32+08:00 ]NOTICE: Undefined variable: taidD:\wamp\www\shangcheng\Storage\view\compile\ee718b02a1111bfb309b30fb46dc9d5a.php (1169).
[ 2015-12-09T22:30:32+08:00 ]NOTICE: Undefined variable: taidD:\wamp\www\shangcheng\Storage\view\compile\ee718b02a1111bfb309b30fb46dc9d5a.php (1185).
[ 2015-12-09T22:31:27+08:00 ]NOTICE: Undefined variable: taidD:\wamp\www\shangcheng\Storage\view\compile\ee718b02a1111bfb309b30fb46dc9d5a.php (1169).
[ 2015-12-09T22:31:27+08:00 ]NOTICE: Undefined variable: taidD:\wamp\www\shangcheng\Storage\view\compile\ee718b02a1111bfb309b30fb46dc9d5a.php (1185).
[ 2015-12-09T22:31:46+08:00 ]NOTICE: Undefined variable: taidD:\wamp\www\shangcheng\Storage\view\compile\ee718b02a1111bfb309b30fb46dc9d5a.php (1169).
[ 2015-12-09T22:31:46+08:00 ]NOTICE: Undefined variable: taidD:\wamp\www\shangcheng\Storage\view\compile\ee718b02a1111bfb309b30fb46dc9d5a.php (1185).
[ 2015-12-09T22:34:55+08:00 ]NOTICE: Undefined variable: taidD:\wamp\www\shangcheng\Storage\view\compile\ee718b02a1111bfb309b30fb46dc9d5a.php (1169).
[ 2015-12-09T22:34:55+08:00 ]NOTICE: Undefined variable: taidD:\wamp\www\shangcheng\Storage\view\compile\ee718b02a1111bfb309b30fb46dc9d5a.php (1185).
[ 2015-12-09T22:35:39+08:00 ]NOTICE: Undefined variable: taidD:\wamp\www\shangcheng\Storage\view\compile\ee718b02a1111bfb309b30fb46dc9d5a.php (1168).
[ 2015-12-09T22:35:39+08:00 ]NOTICE: Undefined variable: taidD:\wamp\www\shangcheng\Storage\view\compile\ee718b02a1111bfb309b30fb46dc9d5a.php (1184).
[ 2015-12-09T22:35:53+08:00 ]NOTICE: Undefined variable: taidD:\wamp\www\shangcheng\Storage\view\compile\ee718b02a1111bfb309b30fb46dc9d5a.php (1168).
[ 2015-12-09T22:35:53+08:00 ]NOTICE: Undefined variable: taidD:\wamp\www\shangcheng\Storage\view\compile\ee718b02a1111bfb309b30fb46dc9d5a.php (1184).
[ 2015-12-09T22:40:56+08:00 ]NOTICE: Undefined variable: taidD:\wamp\www\shangcheng\Storage\view\compile\ee718b02a1111bfb309b30fb46dc9d5a.php (1168).
[ 2015-12-09T22:40:56+08:00 ]NOTICE: Undefined variable: taidD:\wamp\www\shangcheng\Storage\view\compile\ee718b02a1111bfb309b30fb46dc9d5a.php (1184).
[ 2015-12-09T23:03:04+08:00 ]NOTICE: Undefined variable: taidD:\wamp\www\shangcheng\Storage\view\compile\ee718b02a1111bfb309b30fb46dc9d5a.php (1168).
[ 2015-12-09T23:03:04+08:00 ]NOTICE: Undefined variable: taidD:\wamp\www\shangcheng\Storage\view\compile\ee718b02a1111bfb309b30fb46dc9d5a.php (1184).
[ 2015-12-09T23:04:13+08:00 ]NOTICE: Undefined variable: taidD:\wamp\www\shangcheng\Storage\view\compile\ee718b02a1111bfb309b30fb46dc9d5a.php (1168).
[ 2015-12-09T23:04:13+08:00 ]NOTICE: Undefined variable: taidD:\wamp\www\shangcheng\Storage\view\compile\ee718b02a1111bfb309b30fb46dc9d5a.php (1184).
[ 2015-12-09T23:04:15+08:00 ]NOTICE: Undefined variable: taidD:\wamp\www\shangcheng\Storage\view\compile\ee718b02a1111bfb309b30fb46dc9d5a.php (1168).
[ 2015-12-09T23:04:15+08:00 ]NOTICE: Undefined variable: taidD:\wamp\www\shangcheng\Storage\view\compile\ee718b02a1111bfb309b30fb46dc9d5a.php (1184).
[ 2015-12-09T23:06:40+08:00 ]NOTICE: Undefined variable: taidD:\wamp\www\shangcheng\Storage\view\compile\ee718b02a1111bfb309b30fb46dc9d5a.php (1137).
[ 2015-12-09T23:06:40+08:00 ]NOTICE: Undefined variable: taidD:\wamp\www\shangcheng\Storage\view\compile\ee718b02a1111bfb309b30fb46dc9d5a.php (1153).
[ 2015-12-09T23:07:04+08:00 ]NOTICE: Undefined variable: taidD:\wamp\www\shangcheng\Storage\view\compile\ee718b02a1111bfb309b30fb46dc9d5a.php (1137).
[ 2015-12-09T23:07:04+08:00 ]NOTICE: Undefined variable: taidD:\wamp\www\shangcheng\Storage\view\compile\ee718b02a1111bfb309b30fb46dc9d5a.php (1153).
[ 2015-12-09T23:07:13+08:00 ]NOTICE: Undefined variable: taidD:\wamp\www\shangcheng\Storage\view\compile\ee718b02a1111bfb309b30fb46dc9d5a.php (1137).
[ 2015-12-09T23:07:13+08:00 ]NOTICE: Undefined variable: taidD:\wamp\www\shangcheng\Storage\view\compile\ee718b02a1111bfb309b30fb46dc9d5a.php (1153).
[ 2015-12-09T23:08:40+08:00 ]NOTICE: Undefined variable: taidD:\wamp\www\shangcheng\Storage\view\compile\ee718b02a1111bfb309b30fb46dc9d5a.php (1137).
[ 2015-12-09T23:08:40+08:00 ]NOTICE: Undefined variable: taidD:\wamp\www\shangcheng\Storage\view\compile\ee718b02a1111bfb309b30fb46dc9d5a.php (1153).
[ 2015-12-09T23:09:17+08:00 ]NOTICE: Undefined variable: taidD:\wamp\www\shangcheng\Storage\view\compile\ee718b02a1111bfb309b30fb46dc9d5a.php (1168).
[ 2015-12-09T23:09:17+08:00 ]NOTICE: Undefined variable: taidD:\wamp\www\shangcheng\Storage\view\compile\ee718b02a1111bfb309b30fb46dc9d5a.php (1184).
[ 2015-12-09T23:12:24+08:00 ]NOTICE: Undefined variable: taidD:\wamp\www\shangcheng\Storage\view\compile\ee718b02a1111bfb309b30fb46dc9d5a.php (1168).
[ 2015-12-09T23:12:24+08:00 ]NOTICE: Undefined variable: taidD:\wamp\www\shangcheng\Storage\view\compile\ee718b02a1111bfb309b30fb46dc9d5a.php (1184).
[ 2015-12-09T23:12:26+08:00 ]NOTICE: Undefined variable: taidD:\wamp\www\shangcheng\Storage\view\compile\ee718b02a1111bfb309b30fb46dc9d5a.php (1168).
[ 2015-12-09T23:12:26+08:00 ]NOTICE: Undefined variable: taidD:\wamp\www\shangcheng\Storage\view\compile\ee718b02a1111bfb309b30fb46dc9d5a.php (1184).
[ 2015-12-09T23:14:15+08:00 ]NOTICE: Undefined variable: taidD:\wamp\www\shangcheng\Storage\view\compile\ee718b02a1111bfb309b30fb46dc9d5a.php (1168).
[ 2015-12-09T23:14:15+08:00 ]NOTICE: Undefined variable: taidD:\wamp\www\shangcheng\Storage\view\compile\ee718b02a1111bfb309b30fb46dc9d5a.php (1184).
[ 2015-12-09T23:17:38+08:00 ]NOTICE: Undefined variable: taidD:\wamp\www\shangcheng\Storage\view\compile\ee718b02a1111bfb309b30fb46dc9d5a.php (1168).
[ 2015-12-09T23:17:38+08:00 ]NOTICE: Undefined variable: taidD:\wamp\www\shangcheng\Storage\view\compile\ee718b02a1111bfb309b30fb46dc9d5a.php (1184).
[ 2015-12-09T23:18:08+08:00 ]NOTICE: Undefined variable: taidD:\wamp\www\shangcheng\Storage\view\compile\ee718b02a1111bfb309b30fb46dc9d5a.php (1168).
[ 2015-12-09T23:18:08+08:00 ]NOTICE: Undefined variable: taidD:\wamp\www\shangcheng\Storage\view\compile\ee718b02a1111bfb309b30fb46dc9d5a.php (1184).
[ 2015-12-09T23:18:36+08:00 ]NOTICE: Undefined variable: taidD:\wamp\www\shangcheng\Storage\view\compile\ee718b02a1111bfb309b30fb46dc9d5a.php (1169).
[ 2015-12-09T23:18:36+08:00 ]NOTICE: Undefined variable: taidD:\wamp\www\shangcheng\Storage\view\compile\ee718b02a1111bfb309b30fb46dc9d5a.php (1185).
[ 2015-12-09T23:19:19+08:00 ]NOTICE: Undefined variable: taidD:\wamp\www\shangcheng\Storage\view\compile\ee718b02a1111bfb309b30fb46dc9d5a.php (1169).
[ 2015-12-09T23:19:19+08:00 ]NOTICE: Undefined variable: taidD:\wamp\www\shangcheng\Storage\view\compile\ee718b02a1111bfb309b30fb46dc9d5a.php (1185).
[ 2015-12-09T23:19:33+08:00 ]NOTICE: Undefined variable: taidD:\wamp\www\shangcheng\Storage\view\compile\ee718b02a1111bfb309b30fb46dc9d5a.php (1169).
[ 2015-12-09T23:19:33+08:00 ]NOTICE: Undefined variable: taidD:\wamp\www\shangcheng\Storage\view\compile\ee718b02a1111bfb309b30fb46dc9d5a.php (1185).
[ 2015-12-09T23:20:36+08:00 ]NOTICE: Undefined variable: taidD:\wamp\www\shangcheng\Storage\view\compile\ee718b02a1111bfb309b30fb46dc9d5a.php (1169).
[ 2015-12-09T23:20:36+08:00 ]NOTICE: Undefined variable: taidD:\wamp\www\shangcheng\Storage\view\compile\ee718b02a1111bfb309b30fb46dc9d5a.php (1185).
[ 2015-12-09T23:21:46+08:00 ]NOTICE: Undefined variable: taidD:\wamp\www\shangcheng\Storage\view\compile\ee718b02a1111bfb309b30fb46dc9d5a.php (1169).
[ 2015-12-09T23:21:46+08:00 ]NOTICE: Undefined variable: taidD:\wamp\www\shangcheng\Storage\view\compile\ee718b02a1111bfb309b30fb46dc9d5a.php (1185).
[ 2015-12-09T23:22:03+08:00 ]NOTICE: Undefined variable: taidD:\wamp\www\shangcheng\Storage\view\compile\ee718b02a1111bfb309b30fb46dc9d5a.php (1169).
[ 2015-12-09T23:22:03+08:00 ]NOTICE: Undefined variable: taidD:\wamp\www\shangcheng\Storage\view\compile\ee718b02a1111bfb309b30fb46dc9d5a.php (1185).
[ 2015-12-09T23:23:19+08:00 ]NOTICE: Undefined variable: taidD:\wamp\www\shangcheng\Storage\view\compile\ee718b02a1111bfb309b30fb46dc9d5a.php (1169).
[ 2015-12-09T23:23:19+08:00 ]NOTICE: Undefined variable: taidD:\wamp\www\shangcheng\Storage\view\compile\ee718b02a1111bfb309b30fb46dc9d5a.php (1185).
[ 2015-12-09T23:24:33+08:00 ]NOTICE: Undefined variable: taidD:\wamp\www\shangcheng\Storage\view\compile\ee718b02a1111bfb309b30fb46dc9d5a.php (1169).
[ 2015-12-09T23:24:33+08:00 ]NOTICE: Undefined variable: taidD:\wamp\www\shangcheng\Storage\view\compile\ee718b02a1111bfb309b30fb46dc9d5a.php (1185).
[ 2015-12-09T23:25:52+08:00 ]NOTICE: Undefined variable: taidD:\wamp\www\shangcheng\Storage\view\compile\ee718b02a1111bfb309b30fb46dc9d5a.php (1169).
[ 2015-12-09T23:25:52+08:00 ]NOTICE: Undefined variable: taidD:\wamp\www\shangcheng\Storage\view\compile\ee718b02a1111bfb309b30fb46dc9d5a.php (1185).
[ 2015-12-09T23:26:18+08:00 ]NOTICE: Undefined variable: taidD:\wamp\www\shangcheng\Storage\view\compile\ee718b02a1111bfb309b30fb46dc9d5a.php (1169).
[ 2015-12-09T23:26:18+08:00 ]NOTICE: Undefined variable: taidD:\wamp\www\shangcheng\Storage\view\compile\ee718b02a1111bfb309b30fb46dc9d5a.php (1185).
[ 2015-12-09T23:29:04+08:00 ]NOTICE: Undefined variable: taidD:\wamp\www\shangcheng\Storage\view\compile\ee718b02a1111bfb309b30fb46dc9d5a.php (1169).
[ 2015-12-09T23:29:04+08:00 ]NOTICE: Undefined variable: taidD:\wamp\www\shangcheng\Storage\view\compile\ee718b02a1111bfb309b30fb46dc9d5a.php (1185).
[ 2015-12-09T23:29:33+08:00 ]NOTICE: Undefined variable: taidD:\wamp\www\shangcheng\Storage\view\compile\ee718b02a1111bfb309b30fb46dc9d5a.php (1169).
[ 2015-12-09T23:29:33+08:00 ]NOTICE: Undefined variable: taidD:\wamp\www\shangcheng\Storage\view\compile\ee718b02a1111bfb309b30fb46dc9d5a.php (1185).
[ 2015-12-09T23:31:11+08:00 ]NOTICE: Undefined variable: taidD:\wamp\www\shangcheng\Storage\view\compile\ee718b02a1111bfb309b30fb46dc9d5a.php (1168).
[ 2015-12-09T23:31:11+08:00 ]NOTICE: Undefined variable: taidD:\wamp\www\shangcheng\Storage\view\compile\ee718b02a1111bfb309b30fb46dc9d5a.php (1184).
[ 2015-12-09T23:47:39+08:00 ]NOTICE: Undefined variable: taidD:\wamp\www\shangcheng\Storage\view\compile\ee718b02a1111bfb309b30fb46dc9d5a.php (1168).
[ 2015-12-09T23:47:39+08:00 ]NOTICE: Undefined variable: taidD:\wamp\www\shangcheng\Storage\view\compile\ee718b02a1111bfb309b30fb46dc9d5a.php (1184).
[ 2015-12-09T23:53:38+08:00 ]NOTICE: Undefined variable: taidD:\wamp\www\shangcheng\Storage\view\compile\ee718b02a1111bfb309b30fb46dc9d5a.php (1168).
[ 2015-12-09T23:53:38+08:00 ]NOTICE: Undefined variable: taidD:\wamp\www\shangcheng\Storage\view\compile\ee718b02a1111bfb309b30fb46dc9d5a.php (1184).
[ 2015-12-09T23:55:44+08:00 ]NOTICE: Undefined variable: taidD:\wamp\www\shangcheng\Storage\view\compile\ee718b02a1111bfb309b30fb46dc9d5a.php (1168).
[ 2015-12-09T23:55:44+08:00 ]NOTICE: Undefined variable: taidD:\wamp\www\shangcheng\Storage\view\compile\ee718b02a1111bfb309b30fb46dc9d5a.php (1184).
[ 2015-12-09T23:59:39+08:00 ]NOTICE: Undefined variable: taidD:\wamp\www\shangcheng\Storage\view\compile\ee718b02a1111bfb309b30fb46dc9d5a.php (1168).
[ 2015-12-09T23:59:39+08:00 ]NOTICE: Undefined variable: taidD:\wamp\www\shangcheng\Storage\view\compile\ee718b02a1111bfb309b30fb46dc9d5a.php (1184).
