[ 2015-12-10T00:01:00+08:00 ]NOTICE: Undefined variable: taidD:\wamp\www\shangcheng\Storage\view\compile\ee718b02a1111bfb309b30fb46dc9d5a.php (1159).
[ 2015-12-10T00:01:00+08:00 ]NOTICE: Undefined variable: taidD:\wamp\www\shangcheng\Storage\view\compile\ee718b02a1111bfb309b30fb46dc9d5a.php (1175).
[ 2015-12-10T00:04:55+08:00 ]NOTICE: Undefined variable: taidD:\wamp\www\shangcheng\Storage\view\compile\ee718b02a1111bfb309b30fb46dc9d5a.php (1218).
[ 2015-12-10T00:04:55+08:00 ]NOTICE: Undefined variable: taidD:\wamp\www\shangcheng\Storage\view\compile\ee718b02a1111bfb309b30fb46dc9d5a.php (1234).
[ 2015-12-10T00:05:13+08:00 ]NOTICE: Undefined variable: taidD:\wamp\www\shangcheng\Storage\view\compile\ee718b02a1111bfb309b30fb46dc9d5a.php (1218).
[ 2015-12-10T00:05:13+08:00 ]NOTICE: Undefined variable: taidD:\wamp\www\shangcheng\Storage\view\compile\ee718b02a1111bfb309b30fb46dc9d5a.php (1234).
[ 2015-12-10T00:08:10+08:00 ]NOTICE: Undefined variable: taidD:\wamp\www\shangcheng\Storage\view\compile\ee718b02a1111bfb309b30fb46dc9d5a.php (1218).
[ 2015-12-10T00:08:10+08:00 ]NOTICE: Undefined variable: taidD:\wamp\www\shangcheng\Storage\view\compile\ee718b02a1111bfb309b30fb46dc9d5a.php (1234).
[ 2015-12-10T00:10:08+08:00 ]NOTICE: Undefined variable: taidD:\wamp\www\shangcheng\Storage\view\compile\ee718b02a1111bfb309b30fb46dc9d5a.php (1224).
[ 2015-12-10T00:10:08+08:00 ]NOTICE: Undefined variable: taidD:\wamp\www\shangcheng\Storage\view\compile\ee718b02a1111bfb309b30fb46dc9d5a.php (1240).
[ 2015-12-10T00:10:45+08:00 ]NOTICE: Undefined variable: taidD:\wamp\www\shangcheng\Storage\view\compile\ee718b02a1111bfb309b30fb46dc9d5a.php (1224).
[ 2015-12-10T00:10:45+08:00 ]NOTICE: Undefined variable: taidD:\wamp\www\shangcheng\Storage\view\compile\ee718b02a1111bfb309b30fb46dc9d5a.php (1240).
[ 2015-12-10T00:13:11+08:00 ]NOTICE: Undefined variable: taidD:\wamp\www\shangcheng\Storage\view\compile\ee718b02a1111bfb309b30fb46dc9d5a.php (1224).
[ 2015-12-10T00:13:11+08:00 ]NOTICE: Undefined variable: taidD:\wamp\www\shangcheng\Storage\view\compile\ee718b02a1111bfb309b30fb46dc9d5a.php (1240).
[ 2015-12-10T00:14:19+08:00 ]NOTICE: Undefined variable: taidD:\wamp\www\shangcheng\Storage\view\compile\ee718b02a1111bfb309b30fb46dc9d5a.php (1224).
[ 2015-12-10T00:14:19+08:00 ]NOTICE: Undefined variable: taidD:\wamp\www\shangcheng\Storage\view\compile\ee718b02a1111bfb309b30fb46dc9d5a.php (1240).
[ 2015-12-10T00:15:21+08:00 ]NOTICE: Undefined variable: taidD:\wamp\www\shangcheng\Storage\view\compile\ee718b02a1111bfb309b30fb46dc9d5a.php (1224).
[ 2015-12-10T00:15:21+08:00 ]NOTICE: Undefined variable: taidD:\wamp\www\shangcheng\Storage\view\compile\ee718b02a1111bfb309b30fb46dc9d5a.php (1240).
[ 2015-12-10T00:16:22+08:00 ]NOTICE: Undefined variable: taidD:\wamp\www\shangcheng\Storage\view\compile\ee718b02a1111bfb309b30fb46dc9d5a.php (1224).
[ 2015-12-10T00:16:22+08:00 ]NOTICE: Undefined variable: taidD:\wamp\www\shangcheng\Storage\view\compile\ee718b02a1111bfb309b30fb46dc9d5a.php (1240).
[ 2015-12-10T00:17:41+08:00 ]NOTICE: Undefined variable: taidD:\wamp\www\shangcheng\Storage\view\compile\ee718b02a1111bfb309b30fb46dc9d5a.php (1224).
[ 2015-12-10T00:17:41+08:00 ]NOTICE: Undefined variable: taidD:\wamp\www\shangcheng\Storage\view\compile\ee718b02a1111bfb309b30fb46dc9d5a.php (1240).
[ 2015-12-10T00:20:56+08:00 ]NOTICE: Undefined variable: taidD:\wamp\www\shangcheng\Storage\view\compile\ee718b02a1111bfb309b30fb46dc9d5a.php (1230).
[ 2015-12-10T00:20:56+08:00 ]NOTICE: Undefined variable: taidD:\wamp\www\shangcheng\Storage\view\compile\ee718b02a1111bfb309b30fb46dc9d5a.php (1246).
[ 2015-12-10T00:24:24+08:00 ]NOTICE: Undefined variable: taidD:\wamp\www\shangcheng\Storage\view\compile\ee718b02a1111bfb309b30fb46dc9d5a.php (1225).
[ 2015-12-10T00:24:24+08:00 ]NOTICE: Undefined variable: taidD:\wamp\www\shangcheng\Storage\view\compile\ee718b02a1111bfb309b30fb46dc9d5a.php (1241).
[ 2015-12-10T00:24:38+08:00 ]NOTICE: Undefined variable: taidD:\wamp\www\shangcheng\Storage\view\compile\ee718b02a1111bfb309b30fb46dc9d5a.php (1225).
[ 2015-12-10T00:24:38+08:00 ]NOTICE: Undefined variable: taidD:\wamp\www\shangcheng\Storage\view\compile\ee718b02a1111bfb309b30fb46dc9d5a.php (1241).
[ 2015-12-10T00:27:54+08:00 ]NOTICE: Undefined variable: taidD:\wamp\www\shangcheng\Storage\view\compile\ee718b02a1111bfb309b30fb46dc9d5a.php (1225).
[ 2015-12-10T00:27:54+08:00 ]NOTICE: Undefined variable: taidD:\wamp\www\shangcheng\Storage\view\compile\ee718b02a1111bfb309b30fb46dc9d5a.php (1241).
[ 2015-12-10T00:28:17+08:00 ]NOTICE: Undefined variable: taidD:\wamp\www\shangcheng\Storage\view\compile\ee718b02a1111bfb309b30fb46dc9d5a.php (1225).
[ 2015-12-10T00:28:17+08:00 ]NOTICE: Undefined variable: taidD:\wamp\www\shangcheng\Storage\view\compile\ee718b02a1111bfb309b30fb46dc9d5a.php (1241).
[ 2015-12-10T00:29:02+08:00 ]NOTICE: Undefined variable: taidD:\wamp\www\shangcheng\Storage\view\compile\ee718b02a1111bfb309b30fb46dc9d5a.php (1225).
[ 2015-12-10T00:29:02+08:00 ]NOTICE: Undefined variable: taidD:\wamp\www\shangcheng\Storage\view\compile\ee718b02a1111bfb309b30fb46dc9d5a.php (1241).
[ 2015-12-10T00:51:42+08:00 ]NOTICE: Undefined index: glidD:\wamp\www\shangcheng\App\Home\Controller\GoodsController.php (246).
[ 2015-12-10T00:51:42+08:00 ]NOTICE: Undefined index: glidD:\wamp\www\shangcheng\App\Home\Controller\GoodsController.php (246).
[ 2015-12-10T00:51:42+08:00 ]NOTICE: Undefined index: glidD:\wamp\www\shangcheng\App\Home\Controller\GoodsController.php (246).
[ 2015-12-10T00:54:51+08:00 ]NOTICE: Undefined index: picD:\wamp\www\shangcheng\Storage\view\compile\6b9b6d44bc2e782f19a8c4d9413d2c92.php (36).
[ 2015-12-10T00:54:51+08:00 ]NOTICE: Undefined index: gnameD:\wamp\www\shangcheng\Storage\view\compile\6b9b6d44bc2e782f19a8c4d9413d2c92.php (39).
[ 2015-12-10T00:54:51+08:00 ]NOTICE: Undefined index: priceD:\wamp\www\shangcheng\Storage\view\compile\6b9b6d44bc2e782f19a8c4d9413d2c92.php (40).
[ 2015-12-10T00:55:12+08:00 ]NOTICE: Undefined index: picD:\wamp\www\shangcheng\Storage\view\compile\6b9b6d44bc2e782f19a8c4d9413d2c92.php (36).
[ 2015-12-10T00:55:12+08:00 ]NOTICE: Undefined index: gnameD:\wamp\www\shangcheng\Storage\view\compile\6b9b6d44bc2e782f19a8c4d9413d2c92.php (39).
[ 2015-12-10T00:55:12+08:00 ]NOTICE: Undefined index: priceD:\wamp\www\shangcheng\Storage\view\compile\6b9b6d44bc2e782f19a8c4d9413d2c92.php (40).
[ 2015-12-10T00:55:15+08:00 ]NOTICE: Undefined index: picD:\wamp\www\shangcheng\Storage\view\compile\6b9b6d44bc2e782f19a8c4d9413d2c92.php (36).
[ 2015-12-10T00:55:15+08:00 ]NOTICE: Undefined index: gnameD:\wamp\www\shangcheng\Storage\view\compile\6b9b6d44bc2e782f19a8c4d9413d2c92.php (39).
[ 2015-12-10T00:55:15+08:00 ]NOTICE: Undefined index: priceD:\wamp\www\shangcheng\Storage\view\compile\6b9b6d44bc2e782f19a8c4d9413d2c92.php (40).
[ 2015-12-10T01:04:55+08:00 ]NOTICE: Undefined index: picD:\wamp\www\shangcheng\Storage\view\compile\6b9b6d44bc2e782f19a8c4d9413d2c92.php (54).
[ 2015-12-10T01:04:55+08:00 ]NOTICE: Undefined index: gnameD:\wamp\www\shangcheng\Storage\view\compile\6b9b6d44bc2e782f19a8c4d9413d2c92.php (57).
[ 2015-12-10T01:04:55+08:00 ]NOTICE: Undefined index: priceD:\wamp\www\shangcheng\Storage\view\compile\6b9b6d44bc2e782f19a8c4d9413d2c92.php (58).
[ 2015-12-10T01:04:56+08:00 ]NOTICE: Undefined index: picD:\wamp\www\shangcheng\Storage\view\compile\6b9b6d44bc2e782f19a8c4d9413d2c92.php (54).
[ 2015-12-10T01:04:56+08:00 ]NOTICE: Undefined index: gnameD:\wamp\www\shangcheng\Storage\view\compile\6b9b6d44bc2e782f19a8c4d9413d2c92.php (57).
[ 2015-12-10T01:04:56+08:00 ]NOTICE: Undefined index: priceD:\wamp\www\shangcheng\Storage\view\compile\6b9b6d44bc2e782f19a8c4d9413d2c92.php (58).
[ 2015-12-10T01:05:00+08:00 ]NOTICE: Undefined index: picD:\wamp\www\shangcheng\Storage\view\compile\6b9b6d44bc2e782f19a8c4d9413d2c92.php (54).
[ 2015-12-10T01:05:00+08:00 ]NOTICE: Undefined index: gnameD:\wamp\www\shangcheng\Storage\view\compile\6b9b6d44bc2e782f19a8c4d9413d2c92.php (57).
[ 2015-12-10T01:05:00+08:00 ]NOTICE: Undefined index: priceD:\wamp\www\shangcheng\Storage\view\compile\6b9b6d44bc2e782f19a8c4d9413d2c92.php (58).
[ 2015-12-10T01:05:01+08:00 ]NOTICE: Undefined index: gidD:\wamp\www\shangcheng\Storage\view\compile\6b9b6d44bc2e782f19a8c4d9413d2c92.php (33).
[ 2015-12-10T01:05:02+08:00 ]NOTICE: Undefined index: picD:\wamp\www\shangcheng\Storage\view\compile\6b9b6d44bc2e782f19a8c4d9413d2c92.php (54).
[ 2015-12-10T01:05:02+08:00 ]NOTICE: Undefined index: gnameD:\wamp\www\shangcheng\Storage\view\compile\6b9b6d44bc2e782f19a8c4d9413d2c92.php (57).
[ 2015-12-10T01:05:02+08:00 ]NOTICE: Undefined index: priceD:\wamp\www\shangcheng\Storage\view\compile\6b9b6d44bc2e782f19a8c4d9413d2c92.php (58).
[ 2015-12-10T01:05:43+08:00 ]NOTICE: Undefined index: picD:\wamp\www\shangcheng\Storage\view\compile\6b9b6d44bc2e782f19a8c4d9413d2c92.php (55).
[ 2015-12-10T01:05:43+08:00 ]NOTICE: Undefined index: gnameD:\wamp\www\shangcheng\Storage\view\compile\6b9b6d44bc2e782f19a8c4d9413d2c92.php (58).
[ 2015-12-10T01:05:43+08:00 ]NOTICE: Undefined index: priceD:\wamp\www\shangcheng\Storage\view\compile\6b9b6d44bc2e782f19a8c4d9413d2c92.php (59).
[ 2015-12-10T01:06:39+08:00 ]NOTICE: Undefined index: gidD:\wamp\www\shangcheng\Storage\view\compile\6b9b6d44bc2e782f19a8c4d9413d2c92.php (33).
[ 2015-12-10T01:09:51+08:00 ]NOTICE: Undefined index: picD:\wamp\www\shangcheng\Storage\view\compile\6b9b6d44bc2e782f19a8c4d9413d2c92.php (42).
[ 2015-12-10T01:09:51+08:00 ]NOTICE: Undefined index: gnameD:\wamp\www\shangcheng\Storage\view\compile\6b9b6d44bc2e782f19a8c4d9413d2c92.php (45).
[ 2015-12-10T01:09:51+08:00 ]NOTICE: Undefined index: priceD:\wamp\www\shangcheng\Storage\view\compile\6b9b6d44bc2e782f19a8c4d9413d2c92.php (46).
[ 2015-12-10T01:11:49+08:00 ]NOTICE: Undefined index: picD:\wamp\www\shangcheng\Storage\view\compile\6b9b6d44bc2e782f19a8c4d9413d2c92.php (42).
[ 2015-12-10T01:11:49+08:00 ]NOTICE: Undefined index: gnameD:\wamp\www\shangcheng\Storage\view\compile\6b9b6d44bc2e782f19a8c4d9413d2c92.php (45).
[ 2015-12-10T01:11:49+08:00 ]NOTICE: Undefined index: priceD:\wamp\www\shangcheng\Storage\view\compile\6b9b6d44bc2e782f19a8c4d9413d2c92.php (46).
[ 2015-12-10T01:13:36+08:00 ]NOTICE: Undefined index: picD:\wamp\www\shangcheng\Storage\view\compile\6b9b6d44bc2e782f19a8c4d9413d2c92.php (36).
[ 2015-12-10T01:13:36+08:00 ]NOTICE: Undefined index: gnameD:\wamp\www\shangcheng\Storage\view\compile\6b9b6d44bc2e782f19a8c4d9413d2c92.php (39).
[ 2015-12-10T01:13:36+08:00 ]NOTICE: Undefined index: priceD:\wamp\www\shangcheng\Storage\view\compile\6b9b6d44bc2e782f19a8c4d9413d2c92.php (40).
[ 2015-12-10T01:13:38+08:00 ]NOTICE: Undefined index: picD:\wamp\www\shangcheng\Storage\view\compile\6b9b6d44bc2e782f19a8c4d9413d2c92.php (36).
[ 2015-12-10T01:13:38+08:00 ]NOTICE: Undefined index: gnameD:\wamp\www\shangcheng\Storage\view\compile\6b9b6d44bc2e782f19a8c4d9413d2c92.php (39).
[ 2015-12-10T01:13:38+08:00 ]NOTICE: Undefined index: priceD:\wamp\www\shangcheng\Storage\view\compile\6b9b6d44bc2e782f19a8c4d9413d2c92.php (40).
[ 2015-12-10T01:13:49+08:00 ]NOTICE: Undefined index: picD:\wamp\www\shangcheng\Storage\view\compile\6b9b6d44bc2e782f19a8c4d9413d2c92.php (36).
[ 2015-12-10T01:13:49+08:00 ]NOTICE: Undefined index: gnameD:\wamp\www\shangcheng\Storage\view\compile\6b9b6d44bc2e782f19a8c4d9413d2c92.php (39).
[ 2015-12-10T01:13:49+08:00 ]NOTICE: Undefined index: priceD:\wamp\www\shangcheng\Storage\view\compile\6b9b6d44bc2e782f19a8c4d9413d2c92.php (40).
[ 2015-12-10T01:13:51+08:00 ]NOTICE: Undefined index: picD:\wamp\www\shangcheng\Storage\view\compile\6b9b6d44bc2e782f19a8c4d9413d2c92.php (36).
[ 2015-12-10T01:13:51+08:00 ]NOTICE: Undefined index: gnameD:\wamp\www\shangcheng\Storage\view\compile\6b9b6d44bc2e782f19a8c4d9413d2c92.php (39).
[ 2015-12-10T01:13:51+08:00 ]NOTICE: Undefined index: priceD:\wamp\www\shangcheng\Storage\view\compile\6b9b6d44bc2e782f19a8c4d9413d2c92.php (40).
[ 2015-12-10T01:13:54+08:00 ]NOTICE: Undefined index: picD:\wamp\www\shangcheng\Storage\view\compile\6b9b6d44bc2e782f19a8c4d9413d2c92.php (36).
[ 2015-12-10T01:13:54+08:00 ]NOTICE: Undefined index: gnameD:\wamp\www\shangcheng\Storage\view\compile\6b9b6d44bc2e782f19a8c4d9413d2c92.php (39).
[ 2015-12-10T01:13:54+08:00 ]NOTICE: Undefined index: priceD:\wamp\www\shangcheng\Storage\view\compile\6b9b6d44bc2e782f19a8c4d9413d2c92.php (40).
[ 2015-12-10T01:14:00+08:00 ]NOTICE: Undefined index: picD:\wamp\www\shangcheng\Storage\view\compile\6b9b6d44bc2e782f19a8c4d9413d2c92.php (36).
[ 2015-12-10T01:14:00+08:00 ]NOTICE: Undefined index: gnameD:\wamp\www\shangcheng\Storage\view\compile\6b9b6d44bc2e782f19a8c4d9413d2c92.php (39).
[ 2015-12-10T01:14:00+08:00 ]NOTICE: Undefined index: priceD:\wamp\www\shangcheng\Storage\view\compile\6b9b6d44bc2e782f19a8c4d9413d2c92.php (40).
[ 2015-12-10T01:14:01+08:00 ]NOTICE: Undefined index: picD:\wamp\www\shangcheng\Storage\view\compile\6b9b6d44bc2e782f19a8c4d9413d2c92.php (36).
[ 2015-12-10T01:14:01+08:00 ]NOTICE: Undefined index: gnameD:\wamp\www\shangcheng\Storage\view\compile\6b9b6d44bc2e782f19a8c4d9413d2c92.php (39).
[ 2015-12-10T01:14:01+08:00 ]NOTICE: Undefined index: priceD:\wamp\www\shangcheng\Storage\view\compile\6b9b6d44bc2e782f19a8c4d9413d2c92.php (40).
[ 2015-12-10T01:16:00+08:00 ]NOTICE: Undefined index: cartD:\wamp\www\shangcheng\Storage\view\compile\6b9b6d44bc2e782f19a8c4d9413d2c92.php (28).
[ 2015-12-10T01:16:00+08:00 ]NOTICE: Undefined index: cartD:\wamp\www\shangcheng\Storage\view\compile\6b9b6d44bc2e782f19a8c4d9413d2c92.php (33).
[ 2015-12-10T01:16:00+08:00 ]NOTICE: Invalid argument supplied for foreach()D:\wamp\www\shangcheng\Storage\view\compile\6b9b6d44bc2e782f19a8c4d9413d2c92.php (33).
[ 2015-12-10T01:17:14+08:00 ]NOTICE: Undefined index: cartD:\wamp\www\shangcheng\Storage\view\compile\6b9b6d44bc2e782f19a8c4d9413d2c92.php (35).
[ 2015-12-10T01:17:14+08:00 ]NOTICE: Invalid argument supplied for foreach()D:\wamp\www\shangcheng\Storage\view\compile\6b9b6d44bc2e782f19a8c4d9413d2c92.php (35).
[ 2015-12-10T01:19:29+08:00 ]NOTICE: Undefined index: glidD:\wamp\www\shangcheng\App\Home\Controller\GoodsController.php (247).
[ 2015-12-10T01:19:32+08:00 ]NOTICE: Undefined index: picD:\wamp\www\shangcheng\Storage\view\compile\6b9b6d44bc2e782f19a8c4d9413d2c92.php (40).
[ 2015-12-10T01:19:32+08:00 ]NOTICE: Undefined index: gnameD:\wamp\www\shangcheng\Storage\view\compile\6b9b6d44bc2e782f19a8c4d9413d2c92.php (43).
[ 2015-12-10T01:19:32+08:00 ]NOTICE: Undefined index: priceD:\wamp\www\shangcheng\Storage\view\compile\6b9b6d44bc2e782f19a8c4d9413d2c92.php (44).
[ 2015-12-10T01:22:26+08:00 ]NOTICE: Undefined index: picD:\wamp\www\shangcheng\Storage\view\compile\6b9b6d44bc2e782f19a8c4d9413d2c92.php (40).
[ 2015-12-10T01:22:26+08:00 ]NOTICE: Undefined index: gnameD:\wamp\www\shangcheng\Storage\view\compile\6b9b6d44bc2e782f19a8c4d9413d2c92.php (43).
[ 2015-12-10T01:22:26+08:00 ]NOTICE: Undefined index: priceD:\wamp\www\shangcheng\Storage\view\compile\6b9b6d44bc2e782f19a8c4d9413d2c92.php (44).
[ 2015-12-10T01:22:28+08:00 ]NOTICE: Undefined index: picD:\wamp\www\shangcheng\Storage\view\compile\6b9b6d44bc2e782f19a8c4d9413d2c92.php (40).
[ 2015-12-10T01:22:28+08:00 ]NOTICE: Undefined index: gnameD:\wamp\www\shangcheng\Storage\view\compile\6b9b6d44bc2e782f19a8c4d9413d2c92.php (43).
[ 2015-12-10T01:22:28+08:00 ]NOTICE: Undefined index: priceD:\wamp\www\shangcheng\Storage\view\compile\6b9b6d44bc2e782f19a8c4d9413d2c92.php (44).
[ 2015-12-10T01:22:33+08:00 ]NOTICE: Undefined index: picD:\wamp\www\shangcheng\Storage\view\compile\6b9b6d44bc2e782f19a8c4d9413d2c92.php (40).
[ 2015-12-10T01:22:33+08:00 ]NOTICE: Undefined index: gnameD:\wamp\www\shangcheng\Storage\view\compile\6b9b6d44bc2e782f19a8c4d9413d2c92.php (43).
[ 2015-12-10T01:22:33+08:00 ]NOTICE: Undefined index: priceD:\wamp\www\shangcheng\Storage\view\compile\6b9b6d44bc2e782f19a8c4d9413d2c92.php (44).
[ 2015-12-10T01:22:38+08:00 ]NOTICE: Undefined index: picD:\wamp\www\shangcheng\Storage\view\compile\6b9b6d44bc2e782f19a8c4d9413d2c92.php (40).
[ 2015-12-10T01:22:38+08:00 ]NOTICE: Undefined index: gnameD:\wamp\www\shangcheng\Storage\view\compile\6b9b6d44bc2e782f19a8c4d9413d2c92.php (43).
[ 2015-12-10T01:22:38+08:00 ]NOTICE: Undefined index: priceD:\wamp\www\shangcheng\Storage\view\compile\6b9b6d44bc2e782f19a8c4d9413d2c92.php (44).
[ 2015-12-10T01:22:54+08:00 ]NOTICE: Undefined index: picD:\wamp\www\shangcheng\Storage\view\compile\6b9b6d44bc2e782f19a8c4d9413d2c92.php (40).
[ 2015-12-10T01:22:54+08:00 ]NOTICE: Undefined index: gnameD:\wamp\www\shangcheng\Storage\view\compile\6b9b6d44bc2e782f19a8c4d9413d2c92.php (43).
[ 2015-12-10T01:22:54+08:00 ]NOTICE: Undefined index: priceD:\wamp\www\shangcheng\Storage\view\compile\6b9b6d44bc2e782f19a8c4d9413d2c92.php (44).
[ 2015-12-10T01:27:20+08:00 ]NOTICE: Undefined index: picD:\wamp\www\shangcheng\Storage\view\compile\6b9b6d44bc2e782f19a8c4d9413d2c92.php (40).
[ 2015-12-10T01:27:20+08:00 ]NOTICE: Undefined index: gnameD:\wamp\www\shangcheng\Storage\view\compile\6b9b6d44bc2e782f19a8c4d9413d2c92.php (43).
[ 2015-12-10T01:27:20+08:00 ]NOTICE: Undefined index: priceD:\wamp\www\shangcheng\Storage\view\compile\6b9b6d44bc2e782f19a8c4d9413d2c92.php (44).
[ 2015-12-10T01:27:52+08:00 ]NOTICE: Undefined index: picD:\wamp\www\shangcheng\Storage\view\compile\6b9b6d44bc2e782f19a8c4d9413d2c92.php (40).
[ 2015-12-10T01:27:52+08:00 ]NOTICE: Undefined index: gnameD:\wamp\www\shangcheng\Storage\view\compile\6b9b6d44bc2e782f19a8c4d9413d2c92.php (43).
[ 2015-12-10T01:27:52+08:00 ]NOTICE: Undefined index: priceD:\wamp\www\shangcheng\Storage\view\compile\6b9b6d44bc2e782f19a8c4d9413d2c92.php (44).
[ 2015-12-10T01:31:20+08:00 ]NOTICE: Undefined index: picD:\wamp\www\shangcheng\Storage\view\compile\6b9b6d44bc2e782f19a8c4d9413d2c92.php (40).
[ 2015-12-10T01:31:20+08:00 ]NOTICE: Undefined index: gnameD:\wamp\www\shangcheng\Storage\view\compile\6b9b6d44bc2e782f19a8c4d9413d2c92.php (43).
[ 2015-12-10T01:31:20+08:00 ]NOTICE: Undefined index: priceD:\wamp\www\shangcheng\Storage\view\compile\6b9b6d44bc2e782f19a8c4d9413d2c92.php (44).
[ 2015-12-10T08:22:30+08:00 ]NOTICE: Invalid argument supplied for foreach()D:\wamp\www\shangcheng\Hdphp\Db\Mysql.php (690).
[ 2015-12-10T08:22:31+08:00 ]EXCEPTION: SELECT  *  FROM lashou_goods_attr ga INNER JOIN lashou_type_attr ta ON ga.taid = ta.taid WHERE  ta.class=?  AND  gid IN () GROUP BY gtvalue ;BindParams:array (
  0 => 1,
)42000;1064;You have an error in your SQL syntax; check the manual that corresponds to your MySQL server version for the right syntax to use near ') GROUP BY gtvalue' at line 1
[ 2015-12-10T11:32:48+08:00 ]NOTICE: Undefined index: cartD:\wamp\www\shangcheng\App\Home\Controller\ShoppingCartController.php (16).
[ 2015-12-10T11:32:48+08:00 ]NOTICE: Invalid argument supplied for foreach()D:\wamp\www\shangcheng\App\Home\Controller\ShoppingCartController.php (16).
[ 2015-12-10T11:32:48+08:00 ]NOTICE: Undefined index: cartD:\wamp\www\shangcheng\Storage\view\compile\9bdc46234dd8d31c151aa4ad10b10f3b.php (52).
[ 2015-12-10T11:32:48+08:00 ]NOTICE: Undefined index: cartD:\wamp\www\shangcheng\Storage\view\compile\9bdc46234dd8d31c151aa4ad10b10f3b.php (57).
[ 2015-12-10T11:32:48+08:00 ]NOTICE: Invalid argument supplied for foreach()D:\wamp\www\shangcheng\Storage\view\compile\9bdc46234dd8d31c151aa4ad10b10f3b.php (57).
[ 2015-12-10T11:32:48+08:00 ]NOTICE: Undefined index: cartD:\wamp\www\shangcheng\Storage\view\compile\9bdc46234dd8d31c151aa4ad10b10f3b.php (174).
[ 2015-12-10T11:32:48+08:00 ]NOTICE: Use of undefined constant Home - assumed 'Home'D:\wamp\www\shangcheng\Storage\view\compile\9bdc46234dd8d31c151aa4ad10b10f3b.php (317).
[ 2015-12-10T11:32:48+08:00 ]NOTICE: Use of undefined constant Index - assumed 'Index'D:\wamp\www\shangcheng\Storage\view\compile\9bdc46234dd8d31c151aa4ad10b10f3b.php (317).
[ 2015-12-10T11:32:48+08:00 ]NOTICE: Division by zeroD:\wamp\www\shangcheng\Storage\view\compile\9bdc46234dd8d31c151aa4ad10b10f3b.php (317).
[ 2015-12-10T11:32:48+08:00 ]NOTICE: Use of undefined constant index - assumed 'index'D:\wamp\www\shangcheng\Storage\view\compile\9bdc46234dd8d31c151aa4ad10b10f3b.php (317).
[ 2015-12-10T11:32:48+08:00 ]NOTICE: Division by zeroD:\wamp\www\shangcheng\Storage\view\compile\9bdc46234dd8d31c151aa4ad10b10f3b.php (317).
[ 2015-12-10T11:32:51+08:00 ]NOTICE: Undefined index: cartD:\wamp\www\shangcheng\App\Home\Controller\ShoppingCartController.php (16).
[ 2015-12-10T11:32:51+08:00 ]NOTICE: Invalid argument supplied for foreach()D:\wamp\www\shangcheng\App\Home\Controller\ShoppingCartController.php (16).
[ 2015-12-10T11:32:51+08:00 ]NOTICE: Undefined index: cartD:\wamp\www\shangcheng\Storage\view\compile\9bdc46234dd8d31c151aa4ad10b10f3b.php (52).
[ 2015-12-10T11:32:51+08:00 ]NOTICE: Undefined index: cartD:\wamp\www\shangcheng\Storage\view\compile\9bdc46234dd8d31c151aa4ad10b10f3b.php (57).
[ 2015-12-10T11:32:51+08:00 ]NOTICE: Invalid argument supplied for foreach()D:\wamp\www\shangcheng\Storage\view\compile\9bdc46234dd8d31c151aa4ad10b10f3b.php (57).
[ 2015-12-10T11:32:51+08:00 ]NOTICE: Undefined index: cartD:\wamp\www\shangcheng\Storage\view\compile\9bdc46234dd8d31c151aa4ad10b10f3b.php (174).
[ 2015-12-10T11:32:51+08:00 ]NOTICE: Use of undefined constant Home - assumed 'Home'D:\wamp\www\shangcheng\Storage\view\compile\9bdc46234dd8d31c151aa4ad10b10f3b.php (317).
[ 2015-12-10T11:32:51+08:00 ]NOTICE: Use of undefined constant Index - assumed 'Index'D:\wamp\www\shangcheng\Storage\view\compile\9bdc46234dd8d31c151aa4ad10b10f3b.php (317).
[ 2015-12-10T11:32:51+08:00 ]NOTICE: Division by zeroD:\wamp\www\shangcheng\Storage\view\compile\9bdc46234dd8d31c151aa4ad10b10f3b.php (317).
[ 2015-12-10T11:32:51+08:00 ]NOTICE: Use of undefined constant index - assumed 'index'D:\wamp\www\shangcheng\Storage\view\compile\9bdc46234dd8d31c151aa4ad10b10f3b.php (317).
[ 2015-12-10T11:32:51+08:00 ]NOTICE: Division by zeroD:\wamp\www\shangcheng\Storage\view\compile\9bdc46234dd8d31c151aa4ad10b10f3b.php (317).
[ 2015-12-10T12:24:57+08:00 ]NOTICE: Undefined index: orderNumD:\wamp\www\shangcheng\App\Home\Controller\TradeController.php (17).
[ 2015-12-10T12:24:57+08:00 ]NOTICE: Invalid argument supplied for foreach()D:\wamp\www\shangcheng\App\Home\Controller\TradeController.php (17).
[ 2015-12-10T13:58:51+08:00 ]NOTICE: Undefined index: cartD:\wamp\www\shangcheng\App\Home\Controller\ShoppingCartController.php (16).
[ 2015-12-10T13:58:51+08:00 ]NOTICE: Invalid argument supplied for foreach()D:\wamp\www\shangcheng\App\Home\Controller\ShoppingCartController.php (16).
[ 2015-12-10T13:58:51+08:00 ]NOTICE: Undefined index: cartD:\wamp\www\shangcheng\Storage\view\compile\9bdc46234dd8d31c151aa4ad10b10f3b.php (52).
[ 2015-12-10T13:58:51+08:00 ]NOTICE: Undefined index: cartD:\wamp\www\shangcheng\Storage\view\compile\9bdc46234dd8d31c151aa4ad10b10f3b.php (57).
[ 2015-12-10T13:58:51+08:00 ]NOTICE: Invalid argument supplied for foreach()D:\wamp\www\shangcheng\Storage\view\compile\9bdc46234dd8d31c151aa4ad10b10f3b.php (57).
[ 2015-12-10T13:58:51+08:00 ]NOTICE: Undefined index: cartD:\wamp\www\shangcheng\Storage\view\compile\9bdc46234dd8d31c151aa4ad10b10f3b.php (174).
[ 2015-12-10T13:58:51+08:00 ]NOTICE: Use of undefined constant Home - assumed 'Home'D:\wamp\www\shangcheng\Storage\view\compile\9bdc46234dd8d31c151aa4ad10b10f3b.php (317).
[ 2015-12-10T13:58:51+08:00 ]NOTICE: Use of undefined constant Index - assumed 'Index'D:\wamp\www\shangcheng\Storage\view\compile\9bdc46234dd8d31c151aa4ad10b10f3b.php (317).
[ 2015-12-10T13:58:51+08:00 ]NOTICE: Division by zeroD:\wamp\www\shangcheng\Storage\view\compile\9bdc46234dd8d31c151aa4ad10b10f3b.php (317).
[ 2015-12-10T13:58:51+08:00 ]NOTICE: Use of undefined constant index - assumed 'index'D:\wamp\www\shangcheng\Storage\view\compile\9bdc46234dd8d31c151aa4ad10b10f3b.php (317).
[ 2015-12-10T13:58:51+08:00 ]NOTICE: Division by zeroD:\wamp\www\shangcheng\Storage\view\compile\9bdc46234dd8d31c151aa4ad10b10f3b.php (317).
[ 2015-12-10T13:58:57+08:00 ]NOTICE: Undefined index: cartD:\wamp\www\shangcheng\App\Home\Controller\ShoppingCartController.php (16).
[ 2015-12-10T13:58:57+08:00 ]NOTICE: Invalid argument supplied for foreach()D:\wamp\www\shangcheng\App\Home\Controller\ShoppingCartController.php (16).
[ 2015-12-10T13:58:57+08:00 ]NOTICE: Undefined index: cartD:\wamp\www\shangcheng\Storage\view\compile\9bdc46234dd8d31c151aa4ad10b10f3b.php (52).
[ 2015-12-10T13:58:57+08:00 ]NOTICE: Undefined index: cartD:\wamp\www\shangcheng\Storage\view\compile\9bdc46234dd8d31c151aa4ad10b10f3b.php (57).
[ 2015-12-10T13:58:57+08:00 ]NOTICE: Invalid argument supplied for foreach()D:\wamp\www\shangcheng\Storage\view\compile\9bdc46234dd8d31c151aa4ad10b10f3b.php (57).
[ 2015-12-10T13:58:57+08:00 ]NOTICE: Undefined index: cartD:\wamp\www\shangcheng\Storage\view\compile\9bdc46234dd8d31c151aa4ad10b10f3b.php (174).
[ 2015-12-10T13:58:57+08:00 ]NOTICE: Use of undefined constant Home - assumed 'Home'D:\wamp\www\shangcheng\Storage\view\compile\9bdc46234dd8d31c151aa4ad10b10f3b.php (317).
[ 2015-12-10T13:58:57+08:00 ]NOTICE: Use of undefined constant Index - assumed 'Index'D:\wamp\www\shangcheng\Storage\view\compile\9bdc46234dd8d31c151aa4ad10b10f3b.php (317).
[ 2015-12-10T13:58:57+08:00 ]NOTICE: Division by zeroD:\wamp\www\shangcheng\Storage\view\compile\9bdc46234dd8d31c151aa4ad10b10f3b.php (317).
[ 2015-12-10T13:58:57+08:00 ]NOTICE: Use of undefined constant index - assumed 'index'D:\wamp\www\shangcheng\Storage\view\compile\9bdc46234dd8d31c151aa4ad10b10f3b.php (317).
[ 2015-12-10T13:58:57+08:00 ]NOTICE: Division by zeroD:\wamp\www\shangcheng\Storage\view\compile\9bdc46234dd8d31c151aa4ad10b10f3b.php (317).
[ 2015-12-10T13:59:06+08:00 ]NOTICE: Undefined index: orderNumD:\wamp\www\shangcheng\App\Home\Controller\TradeController.php (17).
[ 2015-12-10T13:59:06+08:00 ]NOTICE: Invalid argument supplied for foreach()D:\wamp\www\shangcheng\App\Home\Controller\TradeController.php (17).
[ 2015-12-10T13:59:06+08:00 ]NOTICE: Undefined index: goodsInfoD:\wamp\www\shangcheng\App\Home\Controller\TradeController.php (21).
[ 2015-12-10T14:13:08+08:00 ]NOTICE: Undefined variable: goodsD:\wamp\www\shangcheng\Storage\view\compile\ee718b02a1111bfb309b30fb46dc9d5a.php (917).
[ 2015-12-10T14:13:08+08:00 ]NOTICE: Undefined variable: goodsD:\wamp\www\shangcheng\Storage\view\compile\ee718b02a1111bfb309b30fb46dc9d5a.php (922).
[ 2015-12-10T14:13:08+08:00 ]NOTICE: Undefined variable: goodsD:\wamp\www\shangcheng\Storage\view\compile\ee718b02a1111bfb309b30fb46dc9d5a.php (928).
[ 2015-12-10T14:13:08+08:00 ]NOTICE: Undefined variable: goodsD:\wamp\www\shangcheng\Storage\view\compile\ee718b02a1111bfb309b30fb46dc9d5a.php (935).
[ 2015-12-10T14:13:08+08:00 ]NOTICE: Undefined variable: goodsD:\wamp\www\shangcheng\Storage\view\compile\ee718b02a1111bfb309b30fb46dc9d5a.php (939).
[ 2015-12-10T14:13:08+08:00 ]NOTICE: Undefined variable: goodsD:\wamp\www\shangcheng\Storage\view\compile\ee718b02a1111bfb309b30fb46dc9d5a.php (942).
[ 2015-12-10T14:13:08+08:00 ]NOTICE: Undefined variable: goodsD:\wamp\www\shangcheng\Storage\view\compile\ee718b02a1111bfb309b30fb46dc9d5a.php (942).
[ 2015-12-10T14:13:08+08:00 ]NOTICE: Division by zeroD:\wamp\www\shangcheng\Storage\view\compile\ee718b02a1111bfb309b30fb46dc9d5a.php (942).
[ 2015-12-10T14:15:12+08:00 ]NOTICE: Undefined variable: goodsD:\wamp\www\shangcheng\Storage\view\compile\ee718b02a1111bfb309b30fb46dc9d5a.php (917).
[ 2015-12-10T14:15:12+08:00 ]NOTICE: Undefined variable: goodsD:\wamp\www\shangcheng\Storage\view\compile\ee718b02a1111bfb309b30fb46dc9d5a.php (922).
[ 2015-12-10T14:15:12+08:00 ]NOTICE: Undefined variable: goodsD:\wamp\www\shangcheng\Storage\view\compile\ee718b02a1111bfb309b30fb46dc9d5a.php (928).
[ 2015-12-10T14:15:12+08:00 ]NOTICE: Undefined variable: goodsD:\wamp\www\shangcheng\Storage\view\compile\ee718b02a1111bfb309b30fb46dc9d5a.php (935).
[ 2015-12-10T14:15:12+08:00 ]NOTICE: Undefined variable: goodsD:\wamp\www\shangcheng\Storage\view\compile\ee718b02a1111bfb309b30fb46dc9d5a.php (939).
[ 2015-12-10T14:15:12+08:00 ]NOTICE: Undefined variable: goodsD:\wamp\www\shangcheng\Storage\view\compile\ee718b02a1111bfb309b30fb46dc9d5a.php (942).
[ 2015-12-10T14:15:12+08:00 ]NOTICE: Undefined variable: goodsD:\wamp\www\shangcheng\Storage\view\compile\ee718b02a1111bfb309b30fb46dc9d5a.php (942).
[ 2015-12-10T14:15:12+08:00 ]NOTICE: Division by zeroD:\wamp\www\shangcheng\Storage\view\compile\ee718b02a1111bfb309b30fb46dc9d5a.php (942).
[ 2015-12-10T14:15:56+08:00 ]NOTICE: Undefined variable: goodsD:\wamp\www\shangcheng\Storage\view\compile\ee718b02a1111bfb309b30fb46dc9d5a.php (928).
[ 2015-12-10T14:25:21+08:00 ]NOTICE: Undefined index: picD:\wamp\www\shangcheng\Storage\view\compile\6b9b6d44bc2e782f19a8c4d9413d2c92.php (40).
[ 2015-12-10T14:25:21+08:00 ]NOTICE: Undefined index: gnameD:\wamp\www\shangcheng\Storage\view\compile\6b9b6d44bc2e782f19a8c4d9413d2c92.php (43).
[ 2015-12-10T14:25:21+08:00 ]NOTICE: Undefined index: priceD:\wamp\www\shangcheng\Storage\view\compile\6b9b6d44bc2e782f19a8c4d9413d2c92.php (44).
[ 2015-12-10T14:26:24+08:00 ]NOTICE: Undefined index: picD:\wamp\www\shangcheng\Storage\view\compile\6b9b6d44bc2e782f19a8c4d9413d2c92.php (40).
[ 2015-12-10T14:26:24+08:00 ]NOTICE: Undefined index: gnameD:\wamp\www\shangcheng\Storage\view\compile\6b9b6d44bc2e782f19a8c4d9413d2c92.php (43).
[ 2015-12-10T14:26:24+08:00 ]NOTICE: Undefined index: priceD:\wamp\www\shangcheng\Storage\view\compile\6b9b6d44bc2e782f19a8c4d9413d2c92.php (44).
[ 2015-12-10T14:37:33+08:00 ]NOTICE: Undefined index: picD:\wamp\www\shangcheng\Storage\view\compile\9bdc46234dd8d31c151aa4ad10b10f3b.php (60).
[ 2015-12-10T14:37:33+08:00 ]NOTICE: Undefined index: gnameD:\wamp\www\shangcheng\Storage\view\compile\9bdc46234dd8d31c151aa4ad10b10f3b.php (63).
[ 2015-12-10T14:37:33+08:00 ]NOTICE: Undefined index: priceD:\wamp\www\shangcheng\Storage\view\compile\9bdc46234dd8d31c151aa4ad10b10f3b.php (64).
[ 2015-12-10T14:37:33+08:00 ]NOTICE: Undefined index: picD:\wamp\www\shangcheng\Storage\view\compile\9bdc46234dd8d31c151aa4ad10b10f3b.php (192).
[ 2015-12-10T14:37:33+08:00 ]NOTICE: Undefined index: gnameD:\wamp\www\shangcheng\Storage\view\compile\9bdc46234dd8d31c151aa4ad10b10f3b.php (196).
[ 2015-12-10T14:37:33+08:00 ]NOTICE: Undefined index: gtvalueD:\wamp\www\shangcheng\Storage\view\compile\9bdc46234dd8d31c151aa4ad10b10f3b.php (196).
[ 2015-12-10T14:37:33+08:00 ]NOTICE: Undefined index: gnameD:\wamp\www\shangcheng\Storage\view\compile\9bdc46234dd8d31c151aa4ad10b10f3b.php (197).
[ 2015-12-10T14:37:33+08:00 ]NOTICE: Undefined index: gtvalueD:\wamp\www\shangcheng\Storage\view\compile\9bdc46234dd8d31c151aa4ad10b10f3b.php (197).
[ 2015-12-10T14:37:33+08:00 ]NOTICE: Undefined index: priceD:\wamp\www\shangcheng\Storage\view\compile\9bdc46234dd8d31c151aa4ad10b10f3b.php (206).
[ 2015-12-10T14:37:33+08:00 ]NOTICE: Undefined index: priceD:\wamp\www\shangcheng\Storage\view\compile\9bdc46234dd8d31c151aa4ad10b10f3b.php (228).
[ 2015-12-10T14:39:04+08:00 ]NOTICE: Undefined index: picD:\wamp\www\shangcheng\Storage\view\compile\9bdc46234dd8d31c151aa4ad10b10f3b.php (192).
[ 2015-12-10T14:39:04+08:00 ]NOTICE: Undefined index: gnameD:\wamp\www\shangcheng\Storage\view\compile\9bdc46234dd8d31c151aa4ad10b10f3b.php (196).
[ 2015-12-10T14:39:04+08:00 ]NOTICE: Undefined index: gtvalueD:\wamp\www\shangcheng\Storage\view\compile\9bdc46234dd8d31c151aa4ad10b10f3b.php (196).
[ 2015-12-10T14:39:04+08:00 ]NOTICE: Undefined index: gnameD:\wamp\www\shangcheng\Storage\view\compile\9bdc46234dd8d31c151aa4ad10b10f3b.php (197).
[ 2015-12-10T14:39:04+08:00 ]NOTICE: Undefined index: gtvalueD:\wamp\www\shangcheng\Storage\view\compile\9bdc46234dd8d31c151aa4ad10b10f3b.php (197).
[ 2015-12-10T14:39:04+08:00 ]NOTICE: Undefined index: priceD:\wamp\www\shangcheng\Storage\view\compile\9bdc46234dd8d31c151aa4ad10b10f3b.php (206).
[ 2015-12-10T14:39:04+08:00 ]NOTICE: Undefined index: priceD:\wamp\www\shangcheng\Storage\view\compile\9bdc46234dd8d31c151aa4ad10b10f3b.php (228).
[ 2015-12-10T14:39:15+08:00 ]NOTICE: Undefined index: picD:\wamp\www\shangcheng\Storage\view\compile\9bdc46234dd8d31c151aa4ad10b10f3b.php (192).
[ 2015-12-10T14:39:15+08:00 ]NOTICE: Undefined index: gnameD:\wamp\www\shangcheng\Storage\view\compile\9bdc46234dd8d31c151aa4ad10b10f3b.php (196).
[ 2015-12-10T14:39:15+08:00 ]NOTICE: Undefined index: gtvalueD:\wamp\www\shangcheng\Storage\view\compile\9bdc46234dd8d31c151aa4ad10b10f3b.php (196).
[ 2015-12-10T14:39:15+08:00 ]NOTICE: Undefined index: gnameD:\wamp\www\shangcheng\Storage\view\compile\9bdc46234dd8d31c151aa4ad10b10f3b.php (197).
[ 2015-12-10T14:39:15+08:00 ]NOTICE: Undefined index: gtvalueD:\wamp\www\shangcheng\Storage\view\compile\9bdc46234dd8d31c151aa4ad10b10f3b.php (197).
[ 2015-12-10T14:39:15+08:00 ]NOTICE: Undefined index: priceD:\wamp\www\shangcheng\Storage\view\compile\9bdc46234dd8d31c151aa4ad10b10f3b.php (206).
[ 2015-12-10T14:39:15+08:00 ]NOTICE: Undefined index: priceD:\wamp\www\shangcheng\Storage\view\compile\9bdc46234dd8d31c151aa4ad10b10f3b.php (228).
[ 2015-12-10T14:42:33+08:00 ]NOTICE: Undefined index: gtvalueD:\wamp\www\shangcheng\Storage\view\compile\9bdc46234dd8d31c151aa4ad10b10f3b.php (196).
[ 2015-12-10T14:42:33+08:00 ]NOTICE: Undefined index: gtvalueD:\wamp\www\shangcheng\Storage\view\compile\9bdc46234dd8d31c151aa4ad10b10f3b.php (197).
[ 2015-12-10T14:42:33+08:00 ]NOTICE: Undefined index: priceD:\wamp\www\shangcheng\Storage\view\compile\9bdc46234dd8d31c151aa4ad10b10f3b.php (206).
[ 2015-12-10T14:42:33+08:00 ]NOTICE: Undefined index: numD:\wamp\www\shangcheng\Storage\view\compile\9bdc46234dd8d31c151aa4ad10b10f3b.php (211).
[ 2015-12-10T14:42:33+08:00 ]NOTICE: Undefined index: numD:\wamp\www\shangcheng\Storage\view\compile\9bdc46234dd8d31c151aa4ad10b10f3b.php (217).
[ 2015-12-10T14:42:33+08:00 ]NOTICE: Undefined index: priceD:\wamp\www\shangcheng\Storage\view\compile\9bdc46234dd8d31c151aa4ad10b10f3b.php (228).
[ 2015-12-10T14:42:33+08:00 ]NOTICE: Undefined index: numD:\wamp\www\shangcheng\Storage\view\compile\9bdc46234dd8d31c151aa4ad10b10f3b.php (228).
[ 2015-12-10T14:44:39+08:00 ]NOTICE: Undefined index: gtvalueD:\wamp\www\shangcheng\Storage\view\compile\9bdc46234dd8d31c151aa4ad10b10f3b.php (196).
[ 2015-12-10T14:44:39+08:00 ]NOTICE: Undefined index: priceD:\wamp\www\shangcheng\Storage\view\compile\9bdc46234dd8d31c151aa4ad10b10f3b.php (206).
[ 2015-12-10T14:44:39+08:00 ]NOTICE: Undefined index: numD:\wamp\www\shangcheng\Storage\view\compile\9bdc46234dd8d31c151aa4ad10b10f3b.php (211).
[ 2015-12-10T14:44:39+08:00 ]NOTICE: Undefined index: numD:\wamp\www\shangcheng\Storage\view\compile\9bdc46234dd8d31c151aa4ad10b10f3b.php (217).
[ 2015-12-10T14:44:39+08:00 ]NOTICE: Undefined index: priceD:\wamp\www\shangcheng\Storage\view\compile\9bdc46234dd8d31c151aa4ad10b10f3b.php (228).
[ 2015-12-10T14:44:39+08:00 ]NOTICE: Undefined index: numD:\wamp\www\shangcheng\Storage\view\compile\9bdc46234dd8d31c151aa4ad10b10f3b.php (228).
[ 2015-12-10T14:45:13+08:00 ]NOTICE: Undefined index: gtvalueD:\wamp\www\shangcheng\Storage\view\compile\9bdc46234dd8d31c151aa4ad10b10f3b.php (196).
[ 2015-12-10T14:45:13+08:00 ]NOTICE: Undefined index: priceD:\wamp\www\shangcheng\Storage\view\compile\9bdc46234dd8d31c151aa4ad10b10f3b.php (206).
[ 2015-12-10T14:45:13+08:00 ]NOTICE: Undefined index: numD:\wamp\www\shangcheng\Storage\view\compile\9bdc46234dd8d31c151aa4ad10b10f3b.php (211).
[ 2015-12-10T14:45:13+08:00 ]NOTICE: Undefined index: numD:\wamp\www\shangcheng\Storage\view\compile\9bdc46234dd8d31c151aa4ad10b10f3b.php (217).
[ 2015-12-10T14:45:55+08:00 ]NOTICE: Undefined index: priceD:\wamp\www\shangcheng\Storage\view\compile\9bdc46234dd8d31c151aa4ad10b10f3b.php (206).
[ 2015-12-10T14:45:55+08:00 ]NOTICE: Undefined index: numD:\wamp\www\shangcheng\Storage\view\compile\9bdc46234dd8d31c151aa4ad10b10f3b.php (211).
[ 2015-12-10T14:45:55+08:00 ]NOTICE: Undefined index: numD:\wamp\www\shangcheng\Storage\view\compile\9bdc46234dd8d31c151aa4ad10b10f3b.php (217).
[ 2015-12-10T14:46:43+08:00 ]NOTICE: Undefined index: priceD:\wamp\www\shangcheng\Storage\view\compile\9bdc46234dd8d31c151aa4ad10b10f3b.php (206).
[ 2015-12-10T14:46:43+08:00 ]NOTICE: Undefined index: numD:\wamp\www\shangcheng\Storage\view\compile\9bdc46234dd8d31c151aa4ad10b10f3b.php (211).
[ 2015-12-10T14:46:43+08:00 ]NOTICE: Undefined index: numD:\wamp\www\shangcheng\Storage\view\compile\9bdc46234dd8d31c151aa4ad10b10f3b.php (217).
[ 2015-12-10T14:47:01+08:00 ]NOTICE: Undefined index: numD:\wamp\www\shangcheng\Storage\view\compile\9bdc46234dd8d31c151aa4ad10b10f3b.php (211).
[ 2015-12-10T14:47:01+08:00 ]NOTICE: Undefined index: numD:\wamp\www\shangcheng\Storage\view\compile\9bdc46234dd8d31c151aa4ad10b10f3b.php (217).
[ 2015-12-10T14:55:49+08:00 ]NOTICE: Undefined index: numD:\wamp\www\shangcheng\Storage\view\compile\9bdc46234dd8d31c151aa4ad10b10f3b.php (218).
[ 2015-12-10T14:56:08+08:00 ]NOTICE: Undefined index: numD:\wamp\www\shangcheng\Storage\view\compile\9bdc46234dd8d31c151aa4ad10b10f3b.php (219).
[ 2015-12-10T15:07:23+08:00 ]EXCEPTION: Home\Controller\ShoppingController 不存在
[ 2015-12-10T15:07:47+08:00 ]EXCEPTION: Method Home\Controller\ShoppingCartController::index() does not exist
[ 2015-12-10T15:09:57+08:00 ]NOTICE: Undefined index: cartD:\wamp\www\shangcheng\Storage\view\compile\9bdc46234dd8d31c151aa4ad10b10f3b.php (52).
[ 2015-12-10T15:09:57+08:00 ]NOTICE: Undefined index: cartD:\wamp\www\shangcheng\Storage\view\compile\9bdc46234dd8d31c151aa4ad10b10f3b.php (174).
[ 2015-12-10T15:09:57+08:00 ]NOTICE: Use of undefined constant Home - assumed 'Home'D:\wamp\www\shangcheng\Storage\view\compile\9bdc46234dd8d31c151aa4ad10b10f3b.php (323).
[ 2015-12-10T15:09:57+08:00 ]NOTICE: Use of undefined constant Index - assumed 'Index'D:\wamp\www\shangcheng\Storage\view\compile\9bdc46234dd8d31c151aa4ad10b10f3b.php (323).
[ 2015-12-10T15:09:57+08:00 ]NOTICE: Division by zeroD:\wamp\www\shangcheng\Storage\view\compile\9bdc46234dd8d31c151aa4ad10b10f3b.php (323).
[ 2015-12-10T15:09:57+08:00 ]NOTICE: Use of undefined constant index - assumed 'index'D:\wamp\www\shangcheng\Storage\view\compile\9bdc46234dd8d31c151aa4ad10b10f3b.php (323).
[ 2015-12-10T15:09:57+08:00 ]NOTICE: Division by zeroD:\wamp\www\shangcheng\Storage\view\compile\9bdc46234dd8d31c151aa4ad10b10f3b.php (323).
[ 2015-12-10T15:11:18+08:00 ]NOTICE: Undefined index: cartD:\wamp\www\shangcheng\Storage\view\compile\9bdc46234dd8d31c151aa4ad10b10f3b.php (52).
[ 2015-12-10T15:11:18+08:00 ]NOTICE: Undefined index: cartD:\wamp\www\shangcheng\Storage\view\compile\9bdc46234dd8d31c151aa4ad10b10f3b.php (178).
[ 2015-12-10T15:11:18+08:00 ]NOTICE: Use of undefined constant Home - assumed 'Home'D:\wamp\www\shangcheng\Storage\view\compile\9bdc46234dd8d31c151aa4ad10b10f3b.php (327).
[ 2015-12-10T15:11:18+08:00 ]NOTICE: Use of undefined constant Index - assumed 'Index'D:\wamp\www\shangcheng\Storage\view\compile\9bdc46234dd8d31c151aa4ad10b10f3b.php (327).
[ 2015-12-10T15:11:18+08:00 ]NOTICE: Division by zeroD:\wamp\www\shangcheng\Storage\view\compile\9bdc46234dd8d31c151aa4ad10b10f3b.php (327).
[ 2015-12-10T15:11:18+08:00 ]NOTICE: Use of undefined constant index - assumed 'index'D:\wamp\www\shangcheng\Storage\view\compile\9bdc46234dd8d31c151aa4ad10b10f3b.php (327).
[ 2015-12-10T15:11:18+08:00 ]NOTICE: Division by zeroD:\wamp\www\shangcheng\Storage\view\compile\9bdc46234dd8d31c151aa4ad10b10f3b.php (327).
[ 2015-12-10T15:12:26+08:00 ]NOTICE: Undefined index: cartD:\wamp\www\shangcheng\Storage\view\compile\9bdc46234dd8d31c151aa4ad10b10f3b.php (178).
[ 2015-12-10T15:12:26+08:00 ]NOTICE: Use of undefined constant Home - assumed 'Home'D:\wamp\www\shangcheng\Storage\view\compile\9bdc46234dd8d31c151aa4ad10b10f3b.php (327).
[ 2015-12-10T15:12:26+08:00 ]NOTICE: Use of undefined constant Index - assumed 'Index'D:\wamp\www\shangcheng\Storage\view\compile\9bdc46234dd8d31c151aa4ad10b10f3b.php (327).
[ 2015-12-10T15:12:26+08:00 ]NOTICE: Division by zeroD:\wamp\www\shangcheng\Storage\view\compile\9bdc46234dd8d31c151aa4ad10b10f3b.php (327).
[ 2015-12-10T15:12:26+08:00 ]NOTICE: Use of undefined constant index - assumed 'index'D:\wamp\www\shangcheng\Storage\view\compile\9bdc46234dd8d31c151aa4ad10b10f3b.php (327).
[ 2015-12-10T15:12:26+08:00 ]NOTICE: Division by zeroD:\wamp\www\shangcheng\Storage\view\compile\9bdc46234dd8d31c151aa4ad10b10f3b.php (327).
[ 2015-12-10T15:12:50+08:00 ]NOTICE: Undefined index: cartD:\wamp\www\shangcheng\Storage\view\compile\9bdc46234dd8d31c151aa4ad10b10f3b.php (178).
[ 2015-12-10T15:12:50+08:00 ]NOTICE: Use of undefined constant Home - assumed 'Home'D:\wamp\www\shangcheng\Storage\view\compile\9bdc46234dd8d31c151aa4ad10b10f3b.php (327).
[ 2015-12-10T15:12:50+08:00 ]NOTICE: Use of undefined constant Index - assumed 'Index'D:\wamp\www\shangcheng\Storage\view\compile\9bdc46234dd8d31c151aa4ad10b10f3b.php (327).
[ 2015-12-10T15:12:50+08:00 ]NOTICE: Division by zeroD:\wamp\www\shangcheng\Storage\view\compile\9bdc46234dd8d31c151aa4ad10b10f3b.php (327).
[ 2015-12-10T15:12:50+08:00 ]NOTICE: Use of undefined constant index - assumed 'index'D:\wamp\www\shangcheng\Storage\view\compile\9bdc46234dd8d31c151aa4ad10b10f3b.php (327).
[ 2015-12-10T15:12:50+08:00 ]NOTICE: Division by zeroD:\wamp\www\shangcheng\Storage\view\compile\9bdc46234dd8d31c151aa4ad10b10f3b.php (327).
[ 2015-12-10T15:13:27+08:00 ]NOTICE: Use of undefined constant Home - assumed 'Home'D:\wamp\www\shangcheng\Storage\view\compile\9bdc46234dd8d31c151aa4ad10b10f3b.php (327).
[ 2015-12-10T15:13:27+08:00 ]NOTICE: Use of undefined constant Index - assumed 'Index'D:\wamp\www\shangcheng\Storage\view\compile\9bdc46234dd8d31c151aa4ad10b10f3b.php (327).
[ 2015-12-10T15:13:27+08:00 ]NOTICE: Division by zeroD:\wamp\www\shangcheng\Storage\view\compile\9bdc46234dd8d31c151aa4ad10b10f3b.php (327).
[ 2015-12-10T15:13:27+08:00 ]NOTICE: Use of undefined constant index - assumed 'index'D:\wamp\www\shangcheng\Storage\view\compile\9bdc46234dd8d31c151aa4ad10b10f3b.php (327).
[ 2015-12-10T15:13:27+08:00 ]NOTICE: Division by zeroD:\wamp\www\shangcheng\Storage\view\compile\9bdc46234dd8d31c151aa4ad10b10f3b.php (327).
[ 2015-12-10T16:35:57+08:00 ]NOTICE: Undefined variable: totalpriceD:\wamp\www\shangcheng\Storage\view\compile\f6b7ab362830c08eb9ad82f95f9a5eab.php (216).
[ 2015-12-10T16:37:40+08:00 ]NOTICE: Undefined index: infoIndexD:\wamp\www\shangcheng\App\Home\Controller\TradeController.php (19).
[ 2015-12-10T16:37:40+08:00 ]NOTICE: Invalid argument supplied for foreach()D:\wamp\www\shangcheng\App\Home\Controller\TradeController.php (19).
[ 2015-12-10T16:37:40+08:00 ]NOTICE: Undefined index: infoIndexD:\wamp\www\shangcheng\App\Home\Controller\TradeController.php (23).
[ 2015-12-10T16:39:15+08:00 ]NOTICE: Undefined index: infoIndexD:\wamp\www\shangcheng\App\Home\Controller\TradeController.php (19).
[ 2015-12-10T16:39:15+08:00 ]NOTICE: Invalid argument supplied for foreach()D:\wamp\www\shangcheng\App\Home\Controller\TradeController.php (19).
[ 2015-12-10T16:39:15+08:00 ]NOTICE: Undefined index: infoIndexD:\wamp\www\shangcheng\App\Home\Controller\TradeController.php (23).
[ 2015-12-10T16:40:45+08:00 ]NOTICE: Undefined index: infoIndexD:\wamp\www\shangcheng\App\Home\Controller\TradeController.php (19).
[ 2015-12-10T16:40:45+08:00 ]NOTICE: Invalid argument supplied for foreach()D:\wamp\www\shangcheng\App\Home\Controller\TradeController.php (19).
[ 2015-12-10T16:40:45+08:00 ]NOTICE: Undefined index: infoIndexD:\wamp\www\shangcheng\App\Home\Controller\TradeController.php (23).
[ 2015-12-10T16:40:59+08:00 ]NOTICE: Undefined index: infoIndexD:\wamp\www\shangcheng\App\Home\Controller\TradeController.php (19).
[ 2015-12-10T16:40:59+08:00 ]NOTICE: Invalid argument supplied for foreach()D:\wamp\www\shangcheng\App\Home\Controller\TradeController.php (19).
[ 2015-12-10T16:40:59+08:00 ]NOTICE: Undefined index: infoIndexD:\wamp\www\shangcheng\App\Home\Controller\TradeController.php (23).
[ 2015-12-10T16:42:10+08:00 ]NOTICE: Undefined index: infoIndexD:\wamp\www\shangcheng\App\Home\Controller\TradeController.php (19).
[ 2015-12-10T16:42:10+08:00 ]NOTICE: Invalid argument supplied for foreach()D:\wamp\www\shangcheng\App\Home\Controller\TradeController.php (19).
[ 2015-12-10T16:42:10+08:00 ]NOTICE: Undefined index: infoIndexD:\wamp\www\shangcheng\App\Home\Controller\TradeController.php (23).
[ 2015-12-10T17:18:02+08:00 ]NOTICE: Undefined index: totalD:\wamp\www\shangcheng\App\Home\Controller\TradeController.php (39).
[ 2015-12-10T17:18:02+08:00 ]NOTICE: Undefined index: remarkD:\wamp\www\shangcheng\App\Home\Controller\TradeController.php (41).
[ 2015-12-10T17:18:02+08:00 ]EXCEPTION: INSERT INTO lashou_order (`number`,`consignee`,`address`,`mobile`,`total`,`time`,`remark`,`status`,`uid`)VALUES(?,?,?,?,?,?,?,?,?) ;BindParams:array (
  0 => '201512101718029268',
  1 => '',
  2 => '',
  3 => '',
  4 => NULL,
  5 => 1449739082,
  6 => NULL,
  7 => '未付款',
  8 => 1,
)23000;1048;Column 'total' cannot be null
[ 2015-12-10T17:18:28+08:00 ]NOTICE: Undefined index: infoIndexD:\wamp\www\shangcheng\App\Home\Controller\TradeController.php (19).
[ 2015-12-10T17:18:28+08:00 ]NOTICE: Invalid argument supplied for foreach()D:\wamp\www\shangcheng\App\Home\Controller\TradeController.php (19).
[ 2015-12-10T17:18:28+08:00 ]NOTICE: Undefined index: infoIndexD:\wamp\www\shangcheng\App\Home\Controller\TradeController.php (23).
[ 2015-12-10T17:18:28+08:00 ]EXCEPTION: 模板不存在:App/Home/View/Trade/submitOrder.php
[ 2015-12-10T17:20:58+08:00 ]NOTICE: Undefined index: totalD:\wamp\www\shangcheng\App\Home\Controller\TradeController.php (39).
[ 2015-12-10T17:20:58+08:00 ]NOTICE: Undefined index: remarkD:\wamp\www\shangcheng\App\Home\Controller\TradeController.php (41).
[ 2015-12-10T17:20:58+08:00 ]EXCEPTION: INSERT INTO lashou_order (`number`,`consignee`,`address`,`mobile`,`total`,`time`,`remark`,`status`,`uid`)VALUES(?,?,?,?,?,?,?,?,?) ;BindParams:array (
  0 => '201512101720586836',
  1 => '',
  2 => '',
  3 => '',
  4 => NULL,
  5 => 1449739258,
  6 => NULL,
  7 => '未付款',
  8 => 1,
)23000;1048;Column 'total' cannot be null
[ 2015-12-10T17:25:08+08:00 ]NOTICE: Undefined index: totalD:\wamp\www\shangcheng\App\Home\Controller\TradeController.php (39).
[ 2015-12-10T17:25:08+08:00 ]EXCEPTION: INSERT INTO lashou_order (`number`,`consignee`,`address`,`mobile`,`total`,`time`,`remark`,`status`,`uid`)VALUES(?,?,?,?,?,?,?,?,?) ;BindParams:array (
  0 => '201512101725086181',
  1 => '',
  2 => '',
  3 => '',
  4 => NULL,
  5 => 1449739508,
  6 => '',
  7 => '未付款',
  8 => 1,
)23000;1048;Column 'total' cannot be null
[ 2015-12-10T17:26:06+08:00 ]NOTICE: Undefined index: numD:\wamp\www\shangcheng\App\Home\Controller\TradeController.php (50).
[ 2015-12-10T17:26:06+08:00 ]NOTICE: Undefined index: pidD:\wamp\www\shangcheng\App\Home\Controller\TradeController.php (54).
[ 2015-12-10T17:26:06+08:00 ]EXCEPTION: INSERT INTO lashou_order_list (`quantity`,`subtotal`,`gid`,`oid`,`pid`)VALUES(?,?,?,?,?) ;BindParams:array (
  0 => NULL,
  1 => 71,
  2 => '12',
  3 => '1',
  4 => NULL,
)42S22;1054;Unknown column 'pid' in 'field list'
[ 2015-12-10T17:30:27+08:00 ]NOTICE: Undefined index: numD:\wamp\www\shangcheng\App\Home\Controller\TradeController.php (50).
[ 2015-12-10T17:30:27+08:00 ]NOTICE: Undefined index: glidD:\wamp\www\shangcheng\App\Home\Controller\TradeController.php (54).
[ 2015-12-10T17:30:27+08:00 ]EXCEPTION: INSERT INTO lashou_order_list (`quantity`,`subtotal`,`gid`,`oid`,`glid`)VALUES(?,?,?,?,?) ;BindParams:array (
  0 => NULL,
  1 => 71,
  2 => '12',
  3 => '2',
  4 => NULL,
)23000;1048;Column 'quantity' cannot be null
[ 2015-12-10T17:35:10+08:00 ]NOTICE: Undefined index: numD:\wamp\www\shangcheng\App\Home\Controller\TradeController.php (50).
[ 2015-12-10T17:35:10+08:00 ]NOTICE: Undefined index: glidD:\wamp\www\shangcheng\App\Home\Controller\TradeController.php (54).
[ 2015-12-10T17:35:10+08:00 ]EXCEPTION: INSERT INTO lashou_order_list (`quantity`,`subtotal`,`gid`,`oid`,`glid`)VALUES(?,?,?,?,?) ;BindParams:array (
  0 => NULL,
  1 => 71,
  2 => '12',
  3 => '3',
  4 => NULL,
)23000;1048;Column 'quantity' cannot be null
[ 2015-12-10T18:50:14+08:00 ]NOTICE: Undefined index: goodinfoD:\wamp\www\shangcheng\App\Home\Controller\TradeController.php (48).
[ 2015-12-10T18:50:14+08:00 ]NOTICE: Invalid argument supplied for foreach()D:\wamp\www\shangcheng\App\Home\Controller\TradeController.php (48).
[ 2015-12-10T18:50:16+08:00 ]EXCEPTION: Method Home\Controller\TradeController::pay() does not exist
[ 2015-12-10T18:50:27+08:00 ]NOTICE: Undefined index: numD:\wamp\www\shangcheng\App\Home\Controller\TradeController.php (50).
[ 2015-12-10T18:50:27+08:00 ]NOTICE: Undefined index: glidD:\wamp\www\shangcheng\App\Home\Controller\TradeController.php (54).
[ 2015-12-10T18:50:27+08:00 ]EXCEPTION: INSERT INTO lashou_order_list (`quantity`,`subtotal`,`gid`,`oid`,`glid`)VALUES(?,?,?,?,?) ;BindParams:array (
  0 => NULL,
  1 => 71,
  2 => '12',
  3 => '5',
  4 => NULL,
)23000;1048;Column 'quantity' cannot be null
[ 2015-12-10T19:16:33+08:00 ]NOTICE: Undefined index: numD:\wamp\www\shangcheng\App\Home\Controller\TradeController.php (50).
[ 2015-12-10T19:16:33+08:00 ]NOTICE: Undefined index: glidD:\wamp\www\shangcheng\App\Home\Controller\TradeController.php (54).
[ 2015-12-10T19:16:33+08:00 ]EXCEPTION: INSERT INTO lashou_order_list (`quantity`,`subtotal`,`gid`,`oid`,`glid`)VALUES(?,?,?,?,?) ;BindParams:array (
  0 => NULL,
  1 => 71,
  2 => '12',
  3 => '6',
  4 => NULL,
)23000;1048;Column 'quantity' cannot be null
[ 2015-12-10T19:17:28+08:00 ]NOTICE: Undefined index: numD:\wamp\www\shangcheng\App\Home\Controller\TradeController.php (51).
[ 2015-12-10T19:17:28+08:00 ]NOTICE: Undefined index: glidD:\wamp\www\shangcheng\App\Home\Controller\TradeController.php (55).
[ 2015-12-10T19:17:28+08:00 ]EXCEPTION: INSERT INTO lashou_order_list (`quantity`,`subtotal`,`gid`,`oid`,`glid`)VALUES(?,?,?,?,?) ;BindParams:array (
  0 => NULL,
  1 => 71,
  2 => '12',
  3 => '7',
  4 => NULL,
)23000;1048;Column 'quantity' cannot be null
[ 2015-12-10T19:18:07+08:00 ]NOTICE: Undefined index: numD:\wamp\www\shangcheng\App\Home\Controller\TradeController.php (51).
[ 2015-12-10T19:18:07+08:00 ]NOTICE: Undefined index: glidD:\wamp\www\shangcheng\App\Home\Controller\TradeController.php (55).
[ 2015-12-10T19:18:07+08:00 ]EXCEPTION: INSERT INTO lashou_order_list (`quantity`,`subtotal`,`gid`,`oid`,`glid`)VALUES(?,?,?,?,?) ;BindParams:array (
  0 => NULL,
  1 => 71,
  2 => '12',
  3 => '8',
  4 => NULL,
)23000;1048;Column 'quantity' cannot be null
[ 2015-12-10T19:23:09+08:00 ]NOTICE: Undefined index: plidD:\wamp\www\shangcheng\App\Home\Controller\TradeController.php (55).
[ 2015-12-10T19:23:09+08:00 ]EXCEPTION: INSERT INTO lashou_order_list (`quantity`,`subtotal`,`gid`,`oid`,`glid`)VALUES(?,?,?,?,?) ;BindParams:array (
  0 => '1',
  1 => 71,
  2 => '12',
  3 => '9',
  4 => NULL,
)23000;1048;Column 'glid' cannot be null
[ 2015-12-10T19:23:41+08:00 ]EXCEPTION: Method Home\Controller\TradeController::pay() does not exist
[ 2015-12-10T19:24:28+08:00 ]NOTICE: Undefined index: infoIndexD:\wamp\www\shangcheng\App\Home\Controller\TradeController.php (19).
[ 2015-12-10T19:24:28+08:00 ]NOTICE: Invalid argument supplied for foreach()D:\wamp\www\shangcheng\App\Home\Controller\TradeController.php (19).
[ 2015-12-10T19:24:28+08:00 ]NOTICE: Undefined index: infoIndexD:\wamp\www\shangcheng\App\Home\Controller\TradeController.php (23).
[ 2015-12-10T19:24:28+08:00 ]EXCEPTION: 模板不存在:App/Home/View/Trade/submitOrder.php
[ 2015-12-10T19:25:22+08:00 ]NOTICE: Undefined index: infoIndexD:\wamp\www\shangcheng\App\Home\Controller\TradeController.php (19).
[ 2015-12-10T19:25:22+08:00 ]NOTICE: Invalid argument supplied for foreach()D:\wamp\www\shangcheng\App\Home\Controller\TradeController.php (19).
[ 2015-12-10T19:25:22+08:00 ]NOTICE: Undefined index: infoIndexD:\wamp\www\shangcheng\App\Home\Controller\TradeController.php (23).
[ 2015-12-10T19:40:15+08:00 ]NOTICE: Undefined variable: indexD:\wamp\www\shangcheng\Storage\view\compile\f6b7ab362830c08eb9ad82f95f9a5eab.php (219).
[ 2015-12-10T19:40:15+08:00 ]NOTICE: Invalid argument supplied for foreach()D:\wamp\www\shangcheng\Storage\view\compile\f6b7ab362830c08eb9ad82f95f9a5eab.php (219).
[ 2015-12-10T19:41:23+08:00 ]NOTICE: Undefined variable: indexD:\wamp\www\shangcheng\Storage\view\compile\f6b7ab362830c08eb9ad82f95f9a5eab.php (219).
[ 2015-12-10T19:41:23+08:00 ]NOTICE: Invalid argument supplied for foreach()D:\wamp\www\shangcheng\Storage\view\compile\f6b7ab362830c08eb9ad82f95f9a5eab.php (219).
[ 2015-12-10T19:44:56+08:00 ]NOTICE: Illegal offset typeD:\wamp\www\shangcheng\Storage\view\compile\f6b7ab362830c08eb9ad82f95f9a5eab.php (222).
[ 2015-12-10T19:44:56+08:00 ]NOTICE: Illegal offset typeD:\wamp\www\shangcheng\Storage\view\compile\f6b7ab362830c08eb9ad82f95f9a5eab.php (226).
[ 2015-12-10T19:44:56+08:00 ]NOTICE: Illegal offset typeD:\wamp\www\shangcheng\Storage\view\compile\f6b7ab362830c08eb9ad82f95f9a5eab.php (228).
[ 2015-12-10T19:44:56+08:00 ]NOTICE: Invalid argument supplied for foreach()D:\wamp\www\shangcheng\Storage\view\compile\f6b7ab362830c08eb9ad82f95f9a5eab.php (228).
[ 2015-12-10T19:44:56+08:00 ]NOTICE: Illegal offset typeD:\wamp\www\shangcheng\Storage\view\compile\f6b7ab362830c08eb9ad82f95f9a5eab.php (233).
[ 2015-12-10T19:54:37+08:00 ]NOTICE: Undefined index: numD:\wamp\www\shangcheng\App\Home\Controller\TradeController.php (51).
[ 2015-12-10T19:54:37+08:00 ]EXCEPTION: INSERT INTO lashou_order_list (`quantity`,`subtotal`,`gid`,`oid`,`glid`)VALUES(?,?,?,?,?) ;BindParams:array (
  0 => NULL,
  1 => 71,
  2 => '12',
  3 => '17',
  4 => '40',
)23000;1048;Column 'quantity' cannot be null
[ 2015-12-10T21:19:14+08:00 ]NOTICE: Undefined index: addrressD:\wamp\www\shangcheng\App\Home\Controller\TradeController.php (33).
[ 2015-12-10T21:19:36+08:00 ]NOTICE: Undefined index: addrressD:\wamp\www\shangcheng\App\Home\Controller\TradeController.php (33).
[ 2015-12-10T21:20:04+08:00 ]NOTICE: Undefined index: addrressD:\wamp\www\shangcheng\App\Home\Controller\TradeController.php (33).
[ 2015-12-10T21:23:43+08:00 ]NOTICE: Undefined index: usernameD:\wamp\www\shangcheng\App\Home\Controller\TradeController.php (44).
[ 2015-12-10T21:23:43+08:00 ]EXCEPTION: INSERT INTO lashou_order (`number`,`consignee`,`address`,`mobile`,`total`,`time`,`remark`,`status`,`uid`)VALUES(?,?,?,?,?,?,?,?,?) ;BindParams:array (
  0 => '201512102123439273',
  1 => '杜磊',
  2 => '马泉营顺白路12号',
  3 => '110',
  4 => '286',
  5 => 1449753823,
  6 => '尽快发货',
  7 => '未付款',
  8 => NULL,
)23000;1048;Column 'uid' cannot be null
[ 2015-12-10T21:29:59+08:00 ]NOTICE: Undefined index: picD:\wamp\www\shangcheng\Storage\view\compile\6b9b6d44bc2e782f19a8c4d9413d2c92.php (44).
[ 2015-12-10T21:29:59+08:00 ]NOTICE: Undefined index: gnameD:\wamp\www\shangcheng\Storage\view\compile\6b9b6d44bc2e782f19a8c4d9413d2c92.php (47).
[ 2015-12-10T21:29:59+08:00 ]NOTICE: Undefined index: shoppriceD:\wamp\www\shangcheng\Storage\view\compile\6b9b6d44bc2e782f19a8c4d9413d2c92.php (48).
[ 2015-12-10T21:29:59+08:00 ]NOTICE: Undefined index: picD:\wamp\www\shangcheng\Storage\view\compile\6b9b6d44bc2e782f19a8c4d9413d2c92.php (44).
[ 2015-12-10T21:29:59+08:00 ]NOTICE: Undefined index: gnameD:\wamp\www\shangcheng\Storage\view\compile\6b9b6d44bc2e782f19a8c4d9413d2c92.php (47).
[ 2015-12-10T21:29:59+08:00 ]NOTICE: Undefined index: shoppriceD:\wamp\www\shangcheng\Storage\view\compile\6b9b6d44bc2e782f19a8c4d9413d2c92.php (48).
[ 2015-12-10T21:29:59+08:00 ]NOTICE: Undefined index: picD:\wamp\www\shangcheng\Storage\view\compile\6b9b6d44bc2e782f19a8c4d9413d2c92.php (44).
[ 2015-12-10T21:29:59+08:00 ]NOTICE: Undefined index: gnameD:\wamp\www\shangcheng\Storage\view\compile\6b9b6d44bc2e782f19a8c4d9413d2c92.php (47).
[ 2015-12-10T21:29:59+08:00 ]NOTICE: Undefined index: shoppriceD:\wamp\www\shangcheng\Storage\view\compile\6b9b6d44bc2e782f19a8c4d9413d2c92.php (48).
[ 2015-12-10T21:30:34+08:00 ]NOTICE: Undefined index: picD:\wamp\www\shangcheng\Storage\view\compile\6b9b6d44bc2e782f19a8c4d9413d2c92.php (44).
[ 2015-12-10T21:30:34+08:00 ]NOTICE: Undefined index: gnameD:\wamp\www\shangcheng\Storage\view\compile\6b9b6d44bc2e782f19a8c4d9413d2c92.php (47).
[ 2015-12-10T21:30:34+08:00 ]NOTICE: Undefined index: shoppriceD:\wamp\www\shangcheng\Storage\view\compile\6b9b6d44bc2e782f19a8c4d9413d2c92.php (48).
[ 2015-12-10T21:30:34+08:00 ]NOTICE: Undefined index: picD:\wamp\www\shangcheng\Storage\view\compile\6b9b6d44bc2e782f19a8c4d9413d2c92.php (44).
[ 2015-12-10T21:30:34+08:00 ]NOTICE: Undefined index: gnameD:\wamp\www\shangcheng\Storage\view\compile\6b9b6d44bc2e782f19a8c4d9413d2c92.php (47).
[ 2015-12-10T21:30:34+08:00 ]NOTICE: Undefined index: shoppriceD:\wamp\www\shangcheng\Storage\view\compile\6b9b6d44bc2e782f19a8c4d9413d2c92.php (48).
[ 2015-12-10T21:30:34+08:00 ]NOTICE: Undefined index: picD:\wamp\www\shangcheng\Storage\view\compile\6b9b6d44bc2e782f19a8c4d9413d2c92.php (44).
[ 2015-12-10T21:30:34+08:00 ]NOTICE: Undefined index: gnameD:\wamp\www\shangcheng\Storage\view\compile\6b9b6d44bc2e782f19a8c4d9413d2c92.php (47).
[ 2015-12-10T21:30:34+08:00 ]NOTICE: Undefined index: shoppriceD:\wamp\www\shangcheng\Storage\view\compile\6b9b6d44bc2e782f19a8c4d9413d2c92.php (48).
[ 2015-12-10T21:30:41+08:00 ]NOTICE: Undefined index: picD:\wamp\www\shangcheng\Storage\view\compile\6b9b6d44bc2e782f19a8c4d9413d2c92.php (44).
[ 2015-12-10T21:30:41+08:00 ]NOTICE: Undefined index: gnameD:\wamp\www\shangcheng\Storage\view\compile\6b9b6d44bc2e782f19a8c4d9413d2c92.php (47).
[ 2015-12-10T21:30:41+08:00 ]NOTICE: Undefined index: shoppriceD:\wamp\www\shangcheng\Storage\view\compile\6b9b6d44bc2e782f19a8c4d9413d2c92.php (48).
[ 2015-12-10T21:30:41+08:00 ]NOTICE: Undefined index: picD:\wamp\www\shangcheng\Storage\view\compile\6b9b6d44bc2e782f19a8c4d9413d2c92.php (44).
[ 2015-12-10T21:30:41+08:00 ]NOTICE: Undefined index: gnameD:\wamp\www\shangcheng\Storage\view\compile\6b9b6d44bc2e782f19a8c4d9413d2c92.php (47).
[ 2015-12-10T21:30:41+08:00 ]NOTICE: Undefined index: shoppriceD:\wamp\www\shangcheng\Storage\view\compile\6b9b6d44bc2e782f19a8c4d9413d2c92.php (48).
[ 2015-12-10T21:30:41+08:00 ]NOTICE: Undefined index: picD:\wamp\www\shangcheng\Storage\view\compile\6b9b6d44bc2e782f19a8c4d9413d2c92.php (44).
[ 2015-12-10T21:30:41+08:00 ]NOTICE: Undefined index: gnameD:\wamp\www\shangcheng\Storage\view\compile\6b9b6d44bc2e782f19a8c4d9413d2c92.php (47).
[ 2015-12-10T21:30:41+08:00 ]NOTICE: Undefined index: shoppriceD:\wamp\www\shangcheng\Storage\view\compile\6b9b6d44bc2e782f19a8c4d9413d2c92.php (48).
[ 2015-12-10T21:30:49+08:00 ]NOTICE: Undefined index: picD:\wamp\www\shangcheng\Storage\view\compile\6b9b6d44bc2e782f19a8c4d9413d2c92.php (44).
[ 2015-12-10T21:30:49+08:00 ]NOTICE: Undefined index: gnameD:\wamp\www\shangcheng\Storage\view\compile\6b9b6d44bc2e782f19a8c4d9413d2c92.php (47).
[ 2015-12-10T21:30:49+08:00 ]NOTICE: Undefined index: shoppriceD:\wamp\www\shangcheng\Storage\view\compile\6b9b6d44bc2e782f19a8c4d9413d2c92.php (48).
[ 2015-12-10T21:30:49+08:00 ]NOTICE: Undefined index: picD:\wamp\www\shangcheng\Storage\view\compile\6b9b6d44bc2e782f19a8c4d9413d2c92.php (44).
[ 2015-12-10T21:30:49+08:00 ]NOTICE: Undefined index: gnameD:\wamp\www\shangcheng\Storage\view\compile\6b9b6d44bc2e782f19a8c4d9413d2c92.php (47).
[ 2015-12-10T21:30:49+08:00 ]NOTICE: Undefined index: shoppriceD:\wamp\www\shangcheng\Storage\view\compile\6b9b6d44bc2e782f19a8c4d9413d2c92.php (48).
[ 2015-12-10T21:30:49+08:00 ]NOTICE: Undefined index: picD:\wamp\www\shangcheng\Storage\view\compile\6b9b6d44bc2e782f19a8c4d9413d2c92.php (44).
[ 2015-12-10T21:30:49+08:00 ]NOTICE: Undefined index: gnameD:\wamp\www\shangcheng\Storage\view\compile\6b9b6d44bc2e782f19a8c4d9413d2c92.php (47).
[ 2015-12-10T21:30:49+08:00 ]NOTICE: Undefined index: shoppriceD:\wamp\www\shangcheng\Storage\view\compile\6b9b6d44bc2e782f19a8c4d9413d2c92.php (48).
[ 2015-12-10T21:31:05+08:00 ]NOTICE: Undefined index: picD:\wamp\www\shangcheng\Storage\view\compile\6b9b6d44bc2e782f19a8c4d9413d2c92.php (44).
[ 2015-12-10T21:31:05+08:00 ]NOTICE: Undefined index: gnameD:\wamp\www\shangcheng\Storage\view\compile\6b9b6d44bc2e782f19a8c4d9413d2c92.php (47).
[ 2015-12-10T21:31:05+08:00 ]NOTICE: Undefined index: shoppriceD:\wamp\www\shangcheng\Storage\view\compile\6b9b6d44bc2e782f19a8c4d9413d2c92.php (48).
[ 2015-12-10T21:31:05+08:00 ]NOTICE: Undefined index: picD:\wamp\www\shangcheng\Storage\view\compile\6b9b6d44bc2e782f19a8c4d9413d2c92.php (44).
[ 2015-12-10T21:31:05+08:00 ]NOTICE: Undefined index: gnameD:\wamp\www\shangcheng\Storage\view\compile\6b9b6d44bc2e782f19a8c4d9413d2c92.php (47).
[ 2015-12-10T21:31:05+08:00 ]NOTICE: Undefined index: shoppriceD:\wamp\www\shangcheng\Storage\view\compile\6b9b6d44bc2e782f19a8c4d9413d2c92.php (48).
[ 2015-12-10T21:31:05+08:00 ]NOTICE: Undefined index: picD:\wamp\www\shangcheng\Storage\view\compile\6b9b6d44bc2e782f19a8c4d9413d2c92.php (44).
[ 2015-12-10T21:31:05+08:00 ]NOTICE: Undefined index: gnameD:\wamp\www\shangcheng\Storage\view\compile\6b9b6d44bc2e782f19a8c4d9413d2c92.php (47).
[ 2015-12-10T21:31:05+08:00 ]NOTICE: Undefined index: shoppriceD:\wamp\www\shangcheng\Storage\view\compile\6b9b6d44bc2e782f19a8c4d9413d2c92.php (48).
[ 2015-12-10T23:24:48+08:00 ]NOTICE: Undefined variable: gnameD:\wamp\www\shangcheng\Storage\view\compile\86589e6ffc089c870bf9bba1f5f8f654.php (185).
[ 2015-12-10T23:24:48+08:00 ]NOTICE: Undefined variable: gnameD:\wamp\www\shangcheng\Storage\view\compile\86589e6ffc089c870bf9bba1f5f8f654.php (185).
[ 2015-12-10T23:24:48+08:00 ]NOTICE: Undefined variable: gnameD:\wamp\www\shangcheng\Storage\view\compile\86589e6ffc089c870bf9bba1f5f8f654.php (185).
[ 2015-12-10T23:24:48+08:00 ]NOTICE: Undefined variable: gnameD:\wamp\www\shangcheng\Storage\view\compile\86589e6ffc089c870bf9bba1f5f8f654.php (185).
[ 2015-12-10T23:24:48+08:00 ]NOTICE: Undefined variable: gnameD:\wamp\www\shangcheng\Storage\view\compile\86589e6ffc089c870bf9bba1f5f8f654.php (185).
[ 2015-12-10T23:24:48+08:00 ]NOTICE: Undefined variable: gnameD:\wamp\www\shangcheng\Storage\view\compile\86589e6ffc089c870bf9bba1f5f8f654.php (185).
[ 2015-12-10T23:24:48+08:00 ]NOTICE: Undefined variable: gnameD:\wamp\www\shangcheng\Storage\view\compile\86589e6ffc089c870bf9bba1f5f8f654.php (185).
