[ 2015-12-11T08:35:35+08:00 ]NOTICE: Undefined index: usernameD:\wamp\www\shangcheng\App\Home\Controller\TradeController.php (44).
[ 2015-12-11T08:35:36+08:00 ]EXCEPTION: INSERT INTO lashou_order (`number`,`consignee`,`address`,`mobile`,`total`,`time`,`remark`,`status`,`uid`)VALUES(?,?,?,?,?,?,?,?,?) ;BindParams:array (
  0 => '201512110835351863',
  1 => 'ssS',
  2 => 'sss',
  3 => 'ss',
  4 => '143',
  5 => 1449794135,
  6 => 'sss',
  7 => '未付款',
  8 => NULL,
)23000;1048;Column 'uid' cannot be null
[ 2015-12-11T08:36:17+08:00 ]NOTICE: Undefined index: usernameD:\wamp\www\shangcheng\App\Home\Controller\TradeController.php (44).
[ 2015-12-11T08:36:17+08:00 ]EXCEPTION: INSERT INTO lashou_order (`number`,`consignee`,`address`,`mobile`,`total`,`time`,`remark`,`status`,`uid`)VALUES(?,?,?,?,?,?,?,?,?) ;BindParams:array (
  0 => '201512110836171560',
  1 => 'ssS',
  2 => 'sss',
  3 => 'sss',
  4 => '214',
  5 => 1449794177,
  6 => 'ss',
  7 => '未付款',
  8 => NULL,
)23000;1048;Column 'uid' cannot be null
[ 2015-12-11T08:36:29+08:00 ]NOTICE: Undefined index: usernameD:\wamp\www\shangcheng\App\Home\Controller\TradeController.php (44).
[ 2015-12-11T08:36:29+08:00 ]EXCEPTION: INSERT INTO lashou_order (`number`,`consignee`,`address`,`mobile`,`total`,`time`,`remark`,`status`,`uid`)VALUES(?,?,?,?,?,?,?,?,?) ;BindParams:array (
  0 => '201512110836293822',
  1 => 'ssS',
  2 => 'sss',
  3 => 'sss',
  4 => '214',
  5 => 1449794189,
  6 => 'ss',
  7 => '未付款',
  8 => NULL,
)23000;1048;Column 'uid' cannot be null
[ 2015-12-11T08:36:46+08:00 ]NOTICE: Undefined index: usernameD:\wamp\www\shangcheng\App\Home\Controller\TradeController.php (44).
[ 2015-12-11T08:36:46+08:00 ]EXCEPTION: INSERT INTO lashou_order (`number`,`consignee`,`address`,`mobile`,`total`,`time`,`remark`,`status`,`uid`)VALUES(?,?,?,?,?,?,?,?,?) ;BindParams:array (
  0 => '201512110836465128',
  1 => 'ssS',
  2 => 'sss',
  3 => 'sss',
  4 => '214',
  5 => 1449794206,
  6 => 'ssa',
  7 => '未付款',
  8 => NULL,
)23000;1048;Column 'uid' cannot be null
[ 2015-12-11T15:21:30+08:00 ]NOTICE: Uninitialized string offset: 0D:\wamp\www\shangcheng\App\Home\Controller\TradeController.php (66).
[ 2015-12-11T15:21:30+08:00 ]NOTICE: Uninitialized string offset: 0D:\wamp\www\shangcheng\App\Home\Controller\TradeController.php (67).
[ 2015-12-11T15:21:30+08:00 ]NOTICE: Uninitialized string offset: 0D:\wamp\www\shangcheng\App\Home\Controller\TradeController.php (69).
[ 2015-12-11T15:21:30+08:00 ]EXCEPTION: INSERT INTO lashou_order_list (`quantity`,`subtotal`,`gid`,`oid`,`glid`)VALUES(?,?,?,?,?) ;BindParams:array (
  0 => '1',
  1 => 0,
  2 => NULL,
  3 => '1',
  4 => NULL,
)23000;1048;Column 'gid' cannot be null
[ 2015-12-11T15:38:55+08:00 ]NOTICE: Undefined variable: totalpriceD:\wamp\www\shangcheng\Storage\view\compile\f6b7ab362830c08eb9ad82f95f9a5eab.php (218).
[ 2015-12-11T15:38:55+08:00 ]NOTICE: Undefined variable: goodinfoD:\wamp\www\shangcheng\Storage\view\compile\f6b7ab362830c08eb9ad82f95f9a5eab.php (221).
[ 2015-12-11T15:38:55+08:00 ]NOTICE: Invalid argument supplied for foreach()D:\wamp\www\shangcheng\Storage\view\compile\f6b7ab362830c08eb9ad82f95f9a5eab.php (221).
[ 2015-12-11T15:38:55+08:00 ]NOTICE: Undefined variable: totalpriceD:\wamp\www\shangcheng\Storage\view\compile\f6b7ab362830c08eb9ad82f95f9a5eab.php (505).
[ 2015-12-11T15:42:58+08:00 ]NOTICE: Undefined variable: totalpriceD:\wamp\www\shangcheng\Storage\view\compile\f6b7ab362830c08eb9ad82f95f9a5eab.php (218).
[ 2015-12-11T15:42:58+08:00 ]NOTICE: Undefined variable: goodinfoD:\wamp\www\shangcheng\Storage\view\compile\f6b7ab362830c08eb9ad82f95f9a5eab.php (221).
[ 2015-12-11T15:42:58+08:00 ]NOTICE: Invalid argument supplied for foreach()D:\wamp\www\shangcheng\Storage\view\compile\f6b7ab362830c08eb9ad82f95f9a5eab.php (221).
[ 2015-12-11T15:42:58+08:00 ]NOTICE: Undefined variable: totalpriceD:\wamp\www\shangcheng\Storage\view\compile\f6b7ab362830c08eb9ad82f95f9a5eab.php (505).
[ 2015-12-11T15:44:49+08:00 ]NOTICE: Undefined variable: totalpriceD:\wamp\www\shangcheng\Storage\view\compile\f6b7ab362830c08eb9ad82f95f9a5eab.php (218).
[ 2015-12-11T15:44:49+08:00 ]NOTICE: Undefined variable: goodinfoD:\wamp\www\shangcheng\Storage\view\compile\f6b7ab362830c08eb9ad82f95f9a5eab.php (221).
[ 2015-12-11T15:44:49+08:00 ]NOTICE: Invalid argument supplied for foreach()D:\wamp\www\shangcheng\Storage\view\compile\f6b7ab362830c08eb9ad82f95f9a5eab.php (221).
[ 2015-12-11T15:44:49+08:00 ]NOTICE: Undefined variable: totalpriceD:\wamp\www\shangcheng\Storage\view\compile\f6b7ab362830c08eb9ad82f95f9a5eab.php (505).
[ 2015-12-11T15:47:02+08:00 ]NOTICE: Undefined variable: totalpriceD:\wamp\www\shangcheng\Storage\view\compile\f6b7ab362830c08eb9ad82f95f9a5eab.php (218).
[ 2015-12-11T15:47:02+08:00 ]NOTICE: Undefined variable: goodinfoD:\wamp\www\shangcheng\Storage\view\compile\f6b7ab362830c08eb9ad82f95f9a5eab.php (221).
[ 2015-12-11T15:47:02+08:00 ]NOTICE: Invalid argument supplied for foreach()D:\wamp\www\shangcheng\Storage\view\compile\f6b7ab362830c08eb9ad82f95f9a5eab.php (221).
[ 2015-12-11T15:47:02+08:00 ]NOTICE: Undefined variable: totalpriceD:\wamp\www\shangcheng\Storage\view\compile\f6b7ab362830c08eb9ad82f95f9a5eab.php (505).
[ 2015-12-11T15:48:02+08:00 ]NOTICE: Undefined variable: totalpriceD:\wamp\www\shangcheng\Storage\view\compile\f6b7ab362830c08eb9ad82f95f9a5eab.php (218).
[ 2015-12-11T15:48:02+08:00 ]NOTICE: Undefined variable: goodinfoD:\wamp\www\shangcheng\Storage\view\compile\f6b7ab362830c08eb9ad82f95f9a5eab.php (221).
[ 2015-12-11T15:48:02+08:00 ]NOTICE: Invalid argument supplied for foreach()D:\wamp\www\shangcheng\Storage\view\compile\f6b7ab362830c08eb9ad82f95f9a5eab.php (221).
[ 2015-12-11T15:48:02+08:00 ]NOTICE: Undefined variable: totalpriceD:\wamp\www\shangcheng\Storage\view\compile\f6b7ab362830c08eb9ad82f95f9a5eab.php (505).
[ 2015-12-11T15:52:16+08:00 ]EXCEPTION: SELECT  *  FROM lashou_order o INNER JOIN lashou_order_list ol ON o.oid = ol.oid WHERE  uid=?  AND  oid=?  ;BindParams:array (
  0 => '2',
  1 => '3',
)23000;1052;Column 'oid' in where clause is ambiguous
[ 2015-12-11T16:00:36+08:00 ]NOTICE: Undefined variable: totalpriceD:\wamp\www\shangcheng\Storage\view\compile\f6b7ab362830c08eb9ad82f95f9a5eab.php (218).
[ 2015-12-11T16:00:36+08:00 ]NOTICE: Undefined variable: goodinfoD:\wamp\www\shangcheng\Storage\view\compile\f6b7ab362830c08eb9ad82f95f9a5eab.php (221).
[ 2015-12-11T16:00:36+08:00 ]NOTICE: Invalid argument supplied for foreach()D:\wamp\www\shangcheng\Storage\view\compile\f6b7ab362830c08eb9ad82f95f9a5eab.php (221).
[ 2015-12-11T16:00:36+08:00 ]NOTICE: Undefined variable: totalpriceD:\wamp\www\shangcheng\Storage\view\compile\f6b7ab362830c08eb9ad82f95f9a5eab.php (505).
[ 2015-12-11T16:01:56+08:00 ]NOTICE: Undefined variable: totalpriceD:\wamp\www\shangcheng\Storage\view\compile\f6b7ab362830c08eb9ad82f95f9a5eab.php (218).
[ 2015-12-11T16:01:56+08:00 ]NOTICE: Undefined variable: goodinfoD:\wamp\www\shangcheng\Storage\view\compile\f6b7ab362830c08eb9ad82f95f9a5eab.php (221).
[ 2015-12-11T16:01:56+08:00 ]NOTICE: Invalid argument supplied for foreach()D:\wamp\www\shangcheng\Storage\view\compile\f6b7ab362830c08eb9ad82f95f9a5eab.php (221).
[ 2015-12-11T16:01:56+08:00 ]NOTICE: Undefined variable: totalpriceD:\wamp\www\shangcheng\Storage\view\compile\f6b7ab362830c08eb9ad82f95f9a5eab.php (505).
[ 2015-12-11T16:02:13+08:00 ]NOTICE: Undefined variable: totalpriceD:\wamp\www\shangcheng\Storage\view\compile\f6b7ab362830c08eb9ad82f95f9a5eab.php (218).
[ 2015-12-11T16:02:13+08:00 ]NOTICE: Undefined variable: goodinfoD:\wamp\www\shangcheng\Storage\view\compile\f6b7ab362830c08eb9ad82f95f9a5eab.php (221).
[ 2015-12-11T16:02:13+08:00 ]NOTICE: Invalid argument supplied for foreach()D:\wamp\www\shangcheng\Storage\view\compile\f6b7ab362830c08eb9ad82f95f9a5eab.php (221).
[ 2015-12-11T16:02:13+08:00 ]NOTICE: Undefined variable: totalpriceD:\wamp\www\shangcheng\Storage\view\compile\f6b7ab362830c08eb9ad82f95f9a5eab.php (505).
[ 2015-12-11T16:02:23+08:00 ]NOTICE: Undefined variable: totalpriceD:\wamp\www\shangcheng\Storage\view\compile\f6b7ab362830c08eb9ad82f95f9a5eab.php (218).
[ 2015-12-11T16:02:23+08:00 ]NOTICE: Undefined variable: goodinfoD:\wamp\www\shangcheng\Storage\view\compile\f6b7ab362830c08eb9ad82f95f9a5eab.php (221).
[ 2015-12-11T16:02:23+08:00 ]NOTICE: Invalid argument supplied for foreach()D:\wamp\www\shangcheng\Storage\view\compile\f6b7ab362830c08eb9ad82f95f9a5eab.php (221).
[ 2015-12-11T16:02:23+08:00 ]NOTICE: Undefined variable: totalpriceD:\wamp\www\shangcheng\Storage\view\compile\f6b7ab362830c08eb9ad82f95f9a5eab.php (505).
[ 2015-12-11T16:02:56+08:00 ]NOTICE: Undefined variable: totalpriceD:\wamp\www\shangcheng\Storage\view\compile\f6b7ab362830c08eb9ad82f95f9a5eab.php (218).
[ 2015-12-11T16:02:56+08:00 ]NOTICE: Undefined index: picD:\wamp\www\shangcheng\Storage\view\compile\f6b7ab362830c08eb9ad82f95f9a5eab.php (224).
[ 2015-12-11T16:02:56+08:00 ]NOTICE: Undefined index: gnameD:\wamp\www\shangcheng\Storage\view\compile\f6b7ab362830c08eb9ad82f95f9a5eab.php (228).
[ 2015-12-11T16:02:56+08:00 ]NOTICE: Undefined index: specD:\wamp\www\shangcheng\Storage\view\compile\f6b7ab362830c08eb9ad82f95f9a5eab.php (230).
[ 2015-12-11T16:02:56+08:00 ]NOTICE: Invalid argument supplied for foreach()D:\wamp\www\shangcheng\Storage\view\compile\f6b7ab362830c08eb9ad82f95f9a5eab.php (230).
[ 2015-12-11T16:02:56+08:00 ]NOTICE: Undefined index: shoppriceD:\wamp\www\shangcheng\Storage\view\compile\f6b7ab362830c08eb9ad82f95f9a5eab.php (235).
[ 2015-12-11T16:02:56+08:00 ]NOTICE: Undefined index: numD:\wamp\www\shangcheng\Storage\view\compile\f6b7ab362830c08eb9ad82f95f9a5eab.php (236).
[ 2015-12-11T16:02:56+08:00 ]NOTICE: Undefined index: picD:\wamp\www\shangcheng\Storage\view\compile\f6b7ab362830c08eb9ad82f95f9a5eab.php (224).
[ 2015-12-11T16:02:56+08:00 ]NOTICE: Undefined index: gnameD:\wamp\www\shangcheng\Storage\view\compile\f6b7ab362830c08eb9ad82f95f9a5eab.php (228).
[ 2015-12-11T16:02:56+08:00 ]NOTICE: Undefined index: specD:\wamp\www\shangcheng\Storage\view\compile\f6b7ab362830c08eb9ad82f95f9a5eab.php (230).
[ 2015-12-11T16:02:56+08:00 ]NOTICE: Invalid argument supplied for foreach()D:\wamp\www\shangcheng\Storage\view\compile\f6b7ab362830c08eb9ad82f95f9a5eab.php (230).
[ 2015-12-11T16:02:56+08:00 ]NOTICE: Undefined index: shoppriceD:\wamp\www\shangcheng\Storage\view\compile\f6b7ab362830c08eb9ad82f95f9a5eab.php (235).
[ 2015-12-11T16:02:56+08:00 ]NOTICE: Undefined index: numD:\wamp\www\shangcheng\Storage\view\compile\f6b7ab362830c08eb9ad82f95f9a5eab.php (236).
[ 2015-12-11T16:02:56+08:00 ]NOTICE: Undefined index: picD:\wamp\www\shangcheng\Storage\view\compile\f6b7ab362830c08eb9ad82f95f9a5eab.php (224).
[ 2015-12-11T16:02:56+08:00 ]NOTICE: Undefined index: gnameD:\wamp\www\shangcheng\Storage\view\compile\f6b7ab362830c08eb9ad82f95f9a5eab.php (228).
[ 2015-12-11T16:02:56+08:00 ]NOTICE: Undefined index: specD:\wamp\www\shangcheng\Storage\view\compile\f6b7ab362830c08eb9ad82f95f9a5eab.php (230).
[ 2015-12-11T16:02:56+08:00 ]NOTICE: Invalid argument supplied for foreach()D:\wamp\www\shangcheng\Storage\view\compile\f6b7ab362830c08eb9ad82f95f9a5eab.php (230).
[ 2015-12-11T16:02:56+08:00 ]NOTICE: Undefined index: shoppriceD:\wamp\www\shangcheng\Storage\view\compile\f6b7ab362830c08eb9ad82f95f9a5eab.php (235).
[ 2015-12-11T16:02:56+08:00 ]NOTICE: Undefined index: numD:\wamp\www\shangcheng\Storage\view\compile\f6b7ab362830c08eb9ad82f95f9a5eab.php (236).
[ 2015-12-11T16:02:56+08:00 ]NOTICE: Undefined variable: totalpriceD:\wamp\www\shangcheng\Storage\view\compile\f6b7ab362830c08eb9ad82f95f9a5eab.php (505).
[ 2015-12-11T16:03:36+08:00 ]NOTICE: Undefined index: picD:\wamp\www\shangcheng\Storage\view\compile\f6b7ab362830c08eb9ad82f95f9a5eab.php (224).
[ 2015-12-11T16:03:36+08:00 ]NOTICE: Undefined index: gnameD:\wamp\www\shangcheng\Storage\view\compile\f6b7ab362830c08eb9ad82f95f9a5eab.php (228).
[ 2015-12-11T16:03:36+08:00 ]NOTICE: Undefined index: specD:\wamp\www\shangcheng\Storage\view\compile\f6b7ab362830c08eb9ad82f95f9a5eab.php (230).
[ 2015-12-11T16:03:36+08:00 ]NOTICE: Invalid argument supplied for foreach()D:\wamp\www\shangcheng\Storage\view\compile\f6b7ab362830c08eb9ad82f95f9a5eab.php (230).
[ 2015-12-11T16:03:36+08:00 ]NOTICE: Undefined index: shoppriceD:\wamp\www\shangcheng\Storage\view\compile\f6b7ab362830c08eb9ad82f95f9a5eab.php (235).
[ 2015-12-11T16:03:36+08:00 ]NOTICE: Undefined index: numD:\wamp\www\shangcheng\Storage\view\compile\f6b7ab362830c08eb9ad82f95f9a5eab.php (236).
[ 2015-12-11T16:03:36+08:00 ]NOTICE: Undefined index: picD:\wamp\www\shangcheng\Storage\view\compile\f6b7ab362830c08eb9ad82f95f9a5eab.php (224).
[ 2015-12-11T16:03:36+08:00 ]NOTICE: Undefined index: gnameD:\wamp\www\shangcheng\Storage\view\compile\f6b7ab362830c08eb9ad82f95f9a5eab.php (228).
[ 2015-12-11T16:03:36+08:00 ]NOTICE: Undefined index: specD:\wamp\www\shangcheng\Storage\view\compile\f6b7ab362830c08eb9ad82f95f9a5eab.php (230).
[ 2015-12-11T16:03:36+08:00 ]NOTICE: Invalid argument supplied for foreach()D:\wamp\www\shangcheng\Storage\view\compile\f6b7ab362830c08eb9ad82f95f9a5eab.php (230).
[ 2015-12-11T16:03:36+08:00 ]NOTICE: Undefined index: shoppriceD:\wamp\www\shangcheng\Storage\view\compile\f6b7ab362830c08eb9ad82f95f9a5eab.php (235).
[ 2015-12-11T16:03:36+08:00 ]NOTICE: Undefined index: numD:\wamp\www\shangcheng\Storage\view\compile\f6b7ab362830c08eb9ad82f95f9a5eab.php (236).
[ 2015-12-11T16:03:36+08:00 ]NOTICE: Undefined index: picD:\wamp\www\shangcheng\Storage\view\compile\f6b7ab362830c08eb9ad82f95f9a5eab.php (224).
[ 2015-12-11T16:03:36+08:00 ]NOTICE: Undefined index: gnameD:\wamp\www\shangcheng\Storage\view\compile\f6b7ab362830c08eb9ad82f95f9a5eab.php (228).
[ 2015-12-11T16:03:36+08:00 ]NOTICE: Undefined index: specD:\wamp\www\shangcheng\Storage\view\compile\f6b7ab362830c08eb9ad82f95f9a5eab.php (230).
[ 2015-12-11T16:03:36+08:00 ]NOTICE: Invalid argument supplied for foreach()D:\wamp\www\shangcheng\Storage\view\compile\f6b7ab362830c08eb9ad82f95f9a5eab.php (230).
[ 2015-12-11T16:03:36+08:00 ]NOTICE: Undefined index: shoppriceD:\wamp\www\shangcheng\Storage\view\compile\f6b7ab362830c08eb9ad82f95f9a5eab.php (235).
[ 2015-12-11T16:03:36+08:00 ]NOTICE: Undefined index: numD:\wamp\www\shangcheng\Storage\view\compile\f6b7ab362830c08eb9ad82f95f9a5eab.php (236).
[ 2015-12-11T16:03:59+08:00 ]NOTICE: Undefined index: picD:\wamp\www\shangcheng\Storage\view\compile\f6b7ab362830c08eb9ad82f95f9a5eab.php (224).
[ 2015-12-11T16:03:59+08:00 ]NOTICE: Undefined index: gnameD:\wamp\www\shangcheng\Storage\view\compile\f6b7ab362830c08eb9ad82f95f9a5eab.php (228).
[ 2015-12-11T16:03:59+08:00 ]NOTICE: Undefined index: specD:\wamp\www\shangcheng\Storage\view\compile\f6b7ab362830c08eb9ad82f95f9a5eab.php (230).
[ 2015-12-11T16:03:59+08:00 ]NOTICE: Invalid argument supplied for foreach()D:\wamp\www\shangcheng\Storage\view\compile\f6b7ab362830c08eb9ad82f95f9a5eab.php (230).
[ 2015-12-11T16:03:59+08:00 ]NOTICE: Undefined index: shoppriceD:\wamp\www\shangcheng\Storage\view\compile\f6b7ab362830c08eb9ad82f95f9a5eab.php (235).
[ 2015-12-11T16:03:59+08:00 ]NOTICE: Undefined index: numD:\wamp\www\shangcheng\Storage\view\compile\f6b7ab362830c08eb9ad82f95f9a5eab.php (236).
[ 2015-12-11T16:03:59+08:00 ]NOTICE: Undefined index: picD:\wamp\www\shangcheng\Storage\view\compile\f6b7ab362830c08eb9ad82f95f9a5eab.php (224).
[ 2015-12-11T16:03:59+08:00 ]NOTICE: Undefined index: gnameD:\wamp\www\shangcheng\Storage\view\compile\f6b7ab362830c08eb9ad82f95f9a5eab.php (228).
[ 2015-12-11T16:03:59+08:00 ]NOTICE: Undefined index: specD:\wamp\www\shangcheng\Storage\view\compile\f6b7ab362830c08eb9ad82f95f9a5eab.php (230).
[ 2015-12-11T16:03:59+08:00 ]NOTICE: Invalid argument supplied for foreach()D:\wamp\www\shangcheng\Storage\view\compile\f6b7ab362830c08eb9ad82f95f9a5eab.php (230).
[ 2015-12-11T16:03:59+08:00 ]NOTICE: Undefined index: shoppriceD:\wamp\www\shangcheng\Storage\view\compile\f6b7ab362830c08eb9ad82f95f9a5eab.php (235).
[ 2015-12-11T16:03:59+08:00 ]NOTICE: Undefined index: numD:\wamp\www\shangcheng\Storage\view\compile\f6b7ab362830c08eb9ad82f95f9a5eab.php (236).
[ 2015-12-11T16:03:59+08:00 ]NOTICE: Undefined index: picD:\wamp\www\shangcheng\Storage\view\compile\f6b7ab362830c08eb9ad82f95f9a5eab.php (224).
[ 2015-12-11T16:03:59+08:00 ]NOTICE: Undefined index: gnameD:\wamp\www\shangcheng\Storage\view\compile\f6b7ab362830c08eb9ad82f95f9a5eab.php (228).
[ 2015-12-11T16:03:59+08:00 ]NOTICE: Undefined index: specD:\wamp\www\shangcheng\Storage\view\compile\f6b7ab362830c08eb9ad82f95f9a5eab.php (230).
[ 2015-12-11T16:03:59+08:00 ]NOTICE: Invalid argument supplied for foreach()D:\wamp\www\shangcheng\Storage\view\compile\f6b7ab362830c08eb9ad82f95f9a5eab.php (230).
[ 2015-12-11T16:03:59+08:00 ]NOTICE: Undefined index: shoppriceD:\wamp\www\shangcheng\Storage\view\compile\f6b7ab362830c08eb9ad82f95f9a5eab.php (235).
[ 2015-12-11T16:03:59+08:00 ]NOTICE: Undefined index: numD:\wamp\www\shangcheng\Storage\view\compile\f6b7ab362830c08eb9ad82f95f9a5eab.php (236).
[ 2015-12-11T16:04:23+08:00 ]NOTICE: Undefined index: picD:\wamp\www\shangcheng\Storage\view\compile\f6b7ab362830c08eb9ad82f95f9a5eab.php (224).
[ 2015-12-11T16:04:23+08:00 ]NOTICE: Undefined index: gnameD:\wamp\www\shangcheng\Storage\view\compile\f6b7ab362830c08eb9ad82f95f9a5eab.php (228).
[ 2015-12-11T16:04:23+08:00 ]NOTICE: Undefined index: specD:\wamp\www\shangcheng\Storage\view\compile\f6b7ab362830c08eb9ad82f95f9a5eab.php (230).
[ 2015-12-11T16:04:23+08:00 ]NOTICE: Invalid argument supplied for foreach()D:\wamp\www\shangcheng\Storage\view\compile\f6b7ab362830c08eb9ad82f95f9a5eab.php (230).
[ 2015-12-11T16:04:23+08:00 ]NOTICE: Undefined index: shoppriceD:\wamp\www\shangcheng\Storage\view\compile\f6b7ab362830c08eb9ad82f95f9a5eab.php (235).
[ 2015-12-11T16:04:23+08:00 ]NOTICE: Undefined index: numD:\wamp\www\shangcheng\Storage\view\compile\f6b7ab362830c08eb9ad82f95f9a5eab.php (236).
[ 2015-12-11T16:04:23+08:00 ]NOTICE: Undefined index: picD:\wamp\www\shangcheng\Storage\view\compile\f6b7ab362830c08eb9ad82f95f9a5eab.php (224).
[ 2015-12-11T16:04:23+08:00 ]NOTICE: Undefined index: gnameD:\wamp\www\shangcheng\Storage\view\compile\f6b7ab362830c08eb9ad82f95f9a5eab.php (228).
[ 2015-12-11T16:04:23+08:00 ]NOTICE: Undefined index: specD:\wamp\www\shangcheng\Storage\view\compile\f6b7ab362830c08eb9ad82f95f9a5eab.php (230).
[ 2015-12-11T16:04:23+08:00 ]NOTICE: Invalid argument supplied for foreach()D:\wamp\www\shangcheng\Storage\view\compile\f6b7ab362830c08eb9ad82f95f9a5eab.php (230).
[ 2015-12-11T16:04:23+08:00 ]NOTICE: Undefined index: shoppriceD:\wamp\www\shangcheng\Storage\view\compile\f6b7ab362830c08eb9ad82f95f9a5eab.php (235).
[ 2015-12-11T16:04:23+08:00 ]NOTICE: Undefined index: numD:\wamp\www\shangcheng\Storage\view\compile\f6b7ab362830c08eb9ad82f95f9a5eab.php (236).
[ 2015-12-11T16:04:23+08:00 ]NOTICE: Undefined index: picD:\wamp\www\shangcheng\Storage\view\compile\f6b7ab362830c08eb9ad82f95f9a5eab.php (224).
[ 2015-12-11T16:04:23+08:00 ]NOTICE: Undefined index: gnameD:\wamp\www\shangcheng\Storage\view\compile\f6b7ab362830c08eb9ad82f95f9a5eab.php (228).
[ 2015-12-11T16:04:23+08:00 ]NOTICE: Undefined index: specD:\wamp\www\shangcheng\Storage\view\compile\f6b7ab362830c08eb9ad82f95f9a5eab.php (230).
[ 2015-12-11T16:04:23+08:00 ]NOTICE: Invalid argument supplied for foreach()D:\wamp\www\shangcheng\Storage\view\compile\f6b7ab362830c08eb9ad82f95f9a5eab.php (230).
[ 2015-12-11T16:04:23+08:00 ]NOTICE: Undefined index: shoppriceD:\wamp\www\shangcheng\Storage\view\compile\f6b7ab362830c08eb9ad82f95f9a5eab.php (235).
[ 2015-12-11T16:04:23+08:00 ]NOTICE: Undefined index: numD:\wamp\www\shangcheng\Storage\view\compile\f6b7ab362830c08eb9ad82f95f9a5eab.php (236).
[ 2015-12-11T16:47:07+08:00 ]NOTICE: Invalid argument supplied for foreach()D:\wamp\www\shangcheng\Hdphp\Db\Mysql.php (690).
[ 2015-12-11T16:47:07+08:00 ]EXCEPTION: SELECT  gtvalue  FROM lashou_goods_attr WHERE  gtid IN () ;BindParams:array (
)42000;1064;You have an error in your SQL syntax; check the manual that corresponds to your MySQL server version for the right syntax to use near ')' at line 1
[ 2015-12-11T16:47:29+08:00 ]NOTICE: Invalid argument supplied for foreach()D:\wamp\www\shangcheng\Hdphp\Db\Mysql.php (690).
[ 2015-12-11T16:47:29+08:00 ]EXCEPTION: SELECT  gtvalue  FROM lashou_goods_attr WHERE  gtid IN () ;BindParams:array (
)42000;1064;You have an error in your SQL syntax; check the manual that corresponds to your MySQL server version for the right syntax to use near ')' at line 1
[ 2015-12-11T16:47:58+08:00 ]NOTICE: Invalid argument supplied for foreach()D:\wamp\www\shangcheng\Hdphp\Db\Mysql.php (690).
[ 2015-12-11T16:47:58+08:00 ]EXCEPTION: SELECT  gtvalue  FROM lashou_goods_attr WHERE  gtid IN () ;BindParams:array (
)42000;1064;You have an error in your SQL syntax; check the manual that corresponds to your MySQL server version for the right syntax to use near ')' at line 1
[ 2015-12-11T16:48:21+08:00 ]NOTICE: Invalid argument supplied for foreach()D:\wamp\www\shangcheng\Hdphp\Db\Mysql.php (690).
[ 2015-12-11T16:48:21+08:00 ]EXCEPTION: SELECT  *  FROM lashou_goods_attr WHERE  gtid IN () ;BindParams:array (
)42000;1064;You have an error in your SQL syntax; check the manual that corresponds to your MySQL server version for the right syntax to use near ')' at line 1
[ 2015-12-11T16:50:34+08:00 ]NOTICE: Undefined index: picD:\wamp\www\shangcheng\Storage\view\compile\f6b7ab362830c08eb9ad82f95f9a5eab.php (224).
[ 2015-12-11T16:50:34+08:00 ]NOTICE: Undefined index: gnameD:\wamp\www\shangcheng\Storage\view\compile\f6b7ab362830c08eb9ad82f95f9a5eab.php (228).
[ 2015-12-11T16:50:34+08:00 ]NOTICE: Undefined index: specD:\wamp\www\shangcheng\Storage\view\compile\f6b7ab362830c08eb9ad82f95f9a5eab.php (230).
[ 2015-12-11T16:50:34+08:00 ]NOTICE: Invalid argument supplied for foreach()D:\wamp\www\shangcheng\Storage\view\compile\f6b7ab362830c08eb9ad82f95f9a5eab.php (230).
[ 2015-12-11T16:50:34+08:00 ]NOTICE: Undefined index: shoppriceD:\wamp\www\shangcheng\Storage\view\compile\f6b7ab362830c08eb9ad82f95f9a5eab.php (235).
[ 2015-12-11T16:50:34+08:00 ]NOTICE: Undefined index: numD:\wamp\www\shangcheng\Storage\view\compile\f6b7ab362830c08eb9ad82f95f9a5eab.php (236).
[ 2015-12-11T16:50:34+08:00 ]NOTICE: Undefined index: picD:\wamp\www\shangcheng\Storage\view\compile\f6b7ab362830c08eb9ad82f95f9a5eab.php (224).
[ 2015-12-11T16:50:34+08:00 ]NOTICE: Undefined index: gnameD:\wamp\www\shangcheng\Storage\view\compile\f6b7ab362830c08eb9ad82f95f9a5eab.php (228).
[ 2015-12-11T16:50:34+08:00 ]NOTICE: Undefined index: specD:\wamp\www\shangcheng\Storage\view\compile\f6b7ab362830c08eb9ad82f95f9a5eab.php (230).
[ 2015-12-11T16:50:34+08:00 ]NOTICE: Invalid argument supplied for foreach()D:\wamp\www\shangcheng\Storage\view\compile\f6b7ab362830c08eb9ad82f95f9a5eab.php (230).
[ 2015-12-11T16:50:34+08:00 ]NOTICE: Undefined index: shoppriceD:\wamp\www\shangcheng\Storage\view\compile\f6b7ab362830c08eb9ad82f95f9a5eab.php (235).
[ 2015-12-11T16:50:34+08:00 ]NOTICE: Undefined index: numD:\wamp\www\shangcheng\Storage\view\compile\f6b7ab362830c08eb9ad82f95f9a5eab.php (236).
[ 2015-12-11T16:50:34+08:00 ]NOTICE: Undefined index: picD:\wamp\www\shangcheng\Storage\view\compile\f6b7ab362830c08eb9ad82f95f9a5eab.php (224).
[ 2015-12-11T16:50:34+08:00 ]NOTICE: Undefined index: gnameD:\wamp\www\shangcheng\Storage\view\compile\f6b7ab362830c08eb9ad82f95f9a5eab.php (228).
[ 2015-12-11T16:50:34+08:00 ]NOTICE: Undefined index: specD:\wamp\www\shangcheng\Storage\view\compile\f6b7ab362830c08eb9ad82f95f9a5eab.php (230).
[ 2015-12-11T16:50:34+08:00 ]NOTICE: Invalid argument supplied for foreach()D:\wamp\www\shangcheng\Storage\view\compile\f6b7ab362830c08eb9ad82f95f9a5eab.php (230).
[ 2015-12-11T16:50:34+08:00 ]NOTICE: Undefined index: shoppriceD:\wamp\www\shangcheng\Storage\view\compile\f6b7ab362830c08eb9ad82f95f9a5eab.php (235).
[ 2015-12-11T16:50:34+08:00 ]NOTICE: Undefined index: numD:\wamp\www\shangcheng\Storage\view\compile\f6b7ab362830c08eb9ad82f95f9a5eab.php (236).
[ 2015-12-11T16:51:00+08:00 ]NOTICE: Undefined index: picD:\wamp\www\shangcheng\Storage\view\compile\f6b7ab362830c08eb9ad82f95f9a5eab.php (224).
[ 2015-12-11T16:51:00+08:00 ]NOTICE: Undefined index: gnameD:\wamp\www\shangcheng\Storage\view\compile\f6b7ab362830c08eb9ad82f95f9a5eab.php (228).
[ 2015-12-11T16:51:00+08:00 ]NOTICE: Undefined index: specD:\wamp\www\shangcheng\Storage\view\compile\f6b7ab362830c08eb9ad82f95f9a5eab.php (230).
[ 2015-12-11T16:51:00+08:00 ]NOTICE: Invalid argument supplied for foreach()D:\wamp\www\shangcheng\Storage\view\compile\f6b7ab362830c08eb9ad82f95f9a5eab.php (230).
[ 2015-12-11T16:51:00+08:00 ]NOTICE: Undefined index: shoppriceD:\wamp\www\shangcheng\Storage\view\compile\f6b7ab362830c08eb9ad82f95f9a5eab.php (235).
[ 2015-12-11T16:51:00+08:00 ]NOTICE: Undefined index: numD:\wamp\www\shangcheng\Storage\view\compile\f6b7ab362830c08eb9ad82f95f9a5eab.php (236).
[ 2015-12-11T16:51:00+08:00 ]NOTICE: Undefined index: picD:\wamp\www\shangcheng\Storage\view\compile\f6b7ab362830c08eb9ad82f95f9a5eab.php (224).
[ 2015-12-11T16:51:00+08:00 ]NOTICE: Undefined index: gnameD:\wamp\www\shangcheng\Storage\view\compile\f6b7ab362830c08eb9ad82f95f9a5eab.php (228).
[ 2015-12-11T16:51:00+08:00 ]NOTICE: Undefined index: specD:\wamp\www\shangcheng\Storage\view\compile\f6b7ab362830c08eb9ad82f95f9a5eab.php (230).
[ 2015-12-11T16:51:00+08:00 ]NOTICE: Invalid argument supplied for foreach()D:\wamp\www\shangcheng\Storage\view\compile\f6b7ab362830c08eb9ad82f95f9a5eab.php (230).
[ 2015-12-11T16:51:00+08:00 ]NOTICE: Undefined index: shoppriceD:\wamp\www\shangcheng\Storage\view\compile\f6b7ab362830c08eb9ad82f95f9a5eab.php (235).
[ 2015-12-11T16:51:00+08:00 ]NOTICE: Undefined index: numD:\wamp\www\shangcheng\Storage\view\compile\f6b7ab362830c08eb9ad82f95f9a5eab.php (236).
[ 2015-12-11T16:51:00+08:00 ]NOTICE: Undefined index: picD:\wamp\www\shangcheng\Storage\view\compile\f6b7ab362830c08eb9ad82f95f9a5eab.php (224).
[ 2015-12-11T16:51:00+08:00 ]NOTICE: Undefined index: gnameD:\wamp\www\shangcheng\Storage\view\compile\f6b7ab362830c08eb9ad82f95f9a5eab.php (228).
[ 2015-12-11T16:51:00+08:00 ]NOTICE: Undefined index: specD:\wamp\www\shangcheng\Storage\view\compile\f6b7ab362830c08eb9ad82f95f9a5eab.php (230).
[ 2015-12-11T16:51:00+08:00 ]NOTICE: Invalid argument supplied for foreach()D:\wamp\www\shangcheng\Storage\view\compile\f6b7ab362830c08eb9ad82f95f9a5eab.php (230).
[ 2015-12-11T16:51:00+08:00 ]NOTICE: Undefined index: shoppriceD:\wamp\www\shangcheng\Storage\view\compile\f6b7ab362830c08eb9ad82f95f9a5eab.php (235).
[ 2015-12-11T16:51:00+08:00 ]NOTICE: Undefined index: numD:\wamp\www\shangcheng\Storage\view\compile\f6b7ab362830c08eb9ad82f95f9a5eab.php (236).
[ 2015-12-11T16:51:20+08:00 ]NOTICE: Undefined index: picD:\wamp\www\shangcheng\Storage\view\compile\f6b7ab362830c08eb9ad82f95f9a5eab.php (224).
[ 2015-12-11T16:51:20+08:00 ]NOTICE: Undefined index: gnameD:\wamp\www\shangcheng\Storage\view\compile\f6b7ab362830c08eb9ad82f95f9a5eab.php (228).
[ 2015-12-11T16:51:20+08:00 ]NOTICE: Undefined index: specD:\wamp\www\shangcheng\Storage\view\compile\f6b7ab362830c08eb9ad82f95f9a5eab.php (230).
[ 2015-12-11T16:51:20+08:00 ]NOTICE: Invalid argument supplied for foreach()D:\wamp\www\shangcheng\Storage\view\compile\f6b7ab362830c08eb9ad82f95f9a5eab.php (230).
[ 2015-12-11T16:51:20+08:00 ]NOTICE: Undefined index: shoppriceD:\wamp\www\shangcheng\Storage\view\compile\f6b7ab362830c08eb9ad82f95f9a5eab.php (235).
[ 2015-12-11T16:51:20+08:00 ]NOTICE: Undefined index: numD:\wamp\www\shangcheng\Storage\view\compile\f6b7ab362830c08eb9ad82f95f9a5eab.php (236).
[ 2015-12-11T16:51:20+08:00 ]NOTICE: Undefined index: picD:\wamp\www\shangcheng\Storage\view\compile\f6b7ab362830c08eb9ad82f95f9a5eab.php (224).
[ 2015-12-11T16:51:20+08:00 ]NOTICE: Undefined index: gnameD:\wamp\www\shangcheng\Storage\view\compile\f6b7ab362830c08eb9ad82f95f9a5eab.php (228).
[ 2015-12-11T16:51:20+08:00 ]NOTICE: Undefined index: specD:\wamp\www\shangcheng\Storage\view\compile\f6b7ab362830c08eb9ad82f95f9a5eab.php (230).
[ 2015-12-11T16:51:20+08:00 ]NOTICE: Invalid argument supplied for foreach()D:\wamp\www\shangcheng\Storage\view\compile\f6b7ab362830c08eb9ad82f95f9a5eab.php (230).
[ 2015-12-11T16:51:20+08:00 ]NOTICE: Undefined index: shoppriceD:\wamp\www\shangcheng\Storage\view\compile\f6b7ab362830c08eb9ad82f95f9a5eab.php (235).
[ 2015-12-11T16:51:20+08:00 ]NOTICE: Undefined index: numD:\wamp\www\shangcheng\Storage\view\compile\f6b7ab362830c08eb9ad82f95f9a5eab.php (236).
[ 2015-12-11T16:51:20+08:00 ]NOTICE: Undefined index: picD:\wamp\www\shangcheng\Storage\view\compile\f6b7ab362830c08eb9ad82f95f9a5eab.php (224).
[ 2015-12-11T16:51:20+08:00 ]NOTICE: Undefined index: gnameD:\wamp\www\shangcheng\Storage\view\compile\f6b7ab362830c08eb9ad82f95f9a5eab.php (228).
[ 2015-12-11T16:51:20+08:00 ]NOTICE: Undefined index: specD:\wamp\www\shangcheng\Storage\view\compile\f6b7ab362830c08eb9ad82f95f9a5eab.php (230).
[ 2015-12-11T16:51:20+08:00 ]NOTICE: Invalid argument supplied for foreach()D:\wamp\www\shangcheng\Storage\view\compile\f6b7ab362830c08eb9ad82f95f9a5eab.php (230).
[ 2015-12-11T16:51:20+08:00 ]NOTICE: Undefined index: shoppriceD:\wamp\www\shangcheng\Storage\view\compile\f6b7ab362830c08eb9ad82f95f9a5eab.php (235).
[ 2015-12-11T16:51:20+08:00 ]NOTICE: Undefined index: numD:\wamp\www\shangcheng\Storage\view\compile\f6b7ab362830c08eb9ad82f95f9a5eab.php (236).
[ 2015-12-11T16:51:32+08:00 ]NOTICE: Undefined index: picD:\wamp\www\shangcheng\Storage\view\compile\f6b7ab362830c08eb9ad82f95f9a5eab.php (224).
[ 2015-12-11T16:51:32+08:00 ]NOTICE: Undefined index: gnameD:\wamp\www\shangcheng\Storage\view\compile\f6b7ab362830c08eb9ad82f95f9a5eab.php (228).
[ 2015-12-11T16:51:32+08:00 ]NOTICE: Undefined index: specD:\wamp\www\shangcheng\Storage\view\compile\f6b7ab362830c08eb9ad82f95f9a5eab.php (230).
[ 2015-12-11T16:51:32+08:00 ]NOTICE: Invalid argument supplied for foreach()D:\wamp\www\shangcheng\Storage\view\compile\f6b7ab362830c08eb9ad82f95f9a5eab.php (230).
[ 2015-12-11T16:51:32+08:00 ]NOTICE: Undefined index: shoppriceD:\wamp\www\shangcheng\Storage\view\compile\f6b7ab362830c08eb9ad82f95f9a5eab.php (235).
[ 2015-12-11T16:51:32+08:00 ]NOTICE: Undefined index: numD:\wamp\www\shangcheng\Storage\view\compile\f6b7ab362830c08eb9ad82f95f9a5eab.php (236).
[ 2015-12-11T16:51:32+08:00 ]NOTICE: Undefined index: picD:\wamp\www\shangcheng\Storage\view\compile\f6b7ab362830c08eb9ad82f95f9a5eab.php (224).
[ 2015-12-11T16:51:32+08:00 ]NOTICE: Undefined index: gnameD:\wamp\www\shangcheng\Storage\view\compile\f6b7ab362830c08eb9ad82f95f9a5eab.php (228).
[ 2015-12-11T16:51:32+08:00 ]NOTICE: Undefined index: specD:\wamp\www\shangcheng\Storage\view\compile\f6b7ab362830c08eb9ad82f95f9a5eab.php (230).
[ 2015-12-11T16:51:32+08:00 ]NOTICE: Invalid argument supplied for foreach()D:\wamp\www\shangcheng\Storage\view\compile\f6b7ab362830c08eb9ad82f95f9a5eab.php (230).
[ 2015-12-11T16:51:32+08:00 ]NOTICE: Undefined index: shoppriceD:\wamp\www\shangcheng\Storage\view\compile\f6b7ab362830c08eb9ad82f95f9a5eab.php (235).
[ 2015-12-11T16:51:32+08:00 ]NOTICE: Undefined index: numD:\wamp\www\shangcheng\Storage\view\compile\f6b7ab362830c08eb9ad82f95f9a5eab.php (236).
[ 2015-12-11T16:51:32+08:00 ]NOTICE: Undefined index: picD:\wamp\www\shangcheng\Storage\view\compile\f6b7ab362830c08eb9ad82f95f9a5eab.php (224).
[ 2015-12-11T16:51:32+08:00 ]NOTICE: Undefined index: gnameD:\wamp\www\shangcheng\Storage\view\compile\f6b7ab362830c08eb9ad82f95f9a5eab.php (228).
[ 2015-12-11T16:51:32+08:00 ]NOTICE: Undefined index: specD:\wamp\www\shangcheng\Storage\view\compile\f6b7ab362830c08eb9ad82f95f9a5eab.php (230).
[ 2015-12-11T16:51:32+08:00 ]NOTICE: Invalid argument supplied for foreach()D:\wamp\www\shangcheng\Storage\view\compile\f6b7ab362830c08eb9ad82f95f9a5eab.php (230).
[ 2015-12-11T16:51:32+08:00 ]NOTICE: Undefined index: shoppriceD:\wamp\www\shangcheng\Storage\view\compile\f6b7ab362830c08eb9ad82f95f9a5eab.php (235).
[ 2015-12-11T16:51:32+08:00 ]NOTICE: Undefined index: numD:\wamp\www\shangcheng\Storage\view\compile\f6b7ab362830c08eb9ad82f95f9a5eab.php (236).
[ 2015-12-11T16:57:35+08:00 ]NOTICE: Undefined index: picD:\wamp\www\shangcheng\Storage\view\compile\f6b7ab362830c08eb9ad82f95f9a5eab.php (224).
[ 2015-12-11T16:57:35+08:00 ]NOTICE: Undefined index: gnameD:\wamp\www\shangcheng\Storage\view\compile\f6b7ab362830c08eb9ad82f95f9a5eab.php (228).
[ 2015-12-11T16:57:35+08:00 ]NOTICE: Undefined index: specD:\wamp\www\shangcheng\Storage\view\compile\f6b7ab362830c08eb9ad82f95f9a5eab.php (230).
[ 2015-12-11T16:57:35+08:00 ]NOTICE: Invalid argument supplied for foreach()D:\wamp\www\shangcheng\Storage\view\compile\f6b7ab362830c08eb9ad82f95f9a5eab.php (230).
[ 2015-12-11T16:57:35+08:00 ]NOTICE: Undefined index: shoppriceD:\wamp\www\shangcheng\Storage\view\compile\f6b7ab362830c08eb9ad82f95f9a5eab.php (235).
[ 2015-12-11T16:57:35+08:00 ]NOTICE: Undefined index: numD:\wamp\www\shangcheng\Storage\view\compile\f6b7ab362830c08eb9ad82f95f9a5eab.php (236).
[ 2015-12-11T16:57:35+08:00 ]NOTICE: Undefined index: picD:\wamp\www\shangcheng\Storage\view\compile\f6b7ab362830c08eb9ad82f95f9a5eab.php (224).
[ 2015-12-11T16:57:35+08:00 ]NOTICE: Undefined index: gnameD:\wamp\www\shangcheng\Storage\view\compile\f6b7ab362830c08eb9ad82f95f9a5eab.php (228).
[ 2015-12-11T16:57:35+08:00 ]NOTICE: Undefined index: specD:\wamp\www\shangcheng\Storage\view\compile\f6b7ab362830c08eb9ad82f95f9a5eab.php (230).
[ 2015-12-11T16:57:35+08:00 ]NOTICE: Invalid argument supplied for foreach()D:\wamp\www\shangcheng\Storage\view\compile\f6b7ab362830c08eb9ad82f95f9a5eab.php (230).
[ 2015-12-11T16:57:35+08:00 ]NOTICE: Undefined index: shoppriceD:\wamp\www\shangcheng\Storage\view\compile\f6b7ab362830c08eb9ad82f95f9a5eab.php (235).
[ 2015-12-11T16:57:35+08:00 ]NOTICE: Undefined index: numD:\wamp\www\shangcheng\Storage\view\compile\f6b7ab362830c08eb9ad82f95f9a5eab.php (236).
[ 2015-12-11T16:57:35+08:00 ]NOTICE: Undefined index: picD:\wamp\www\shangcheng\Storage\view\compile\f6b7ab362830c08eb9ad82f95f9a5eab.php (224).
[ 2015-12-11T16:57:35+08:00 ]NOTICE: Undefined index: gnameD:\wamp\www\shangcheng\Storage\view\compile\f6b7ab362830c08eb9ad82f95f9a5eab.php (228).
[ 2015-12-11T16:57:35+08:00 ]NOTICE: Undefined index: specD:\wamp\www\shangcheng\Storage\view\compile\f6b7ab362830c08eb9ad82f95f9a5eab.php (230).
[ 2015-12-11T16:57:35+08:00 ]NOTICE: Invalid argument supplied for foreach()D:\wamp\www\shangcheng\Storage\view\compile\f6b7ab362830c08eb9ad82f95f9a5eab.php (230).
[ 2015-12-11T16:57:35+08:00 ]NOTICE: Undefined index: shoppriceD:\wamp\www\shangcheng\Storage\view\compile\f6b7ab362830c08eb9ad82f95f9a5eab.php (235).
[ 2015-12-11T16:57:35+08:00 ]NOTICE: Undefined index: numD:\wamp\www\shangcheng\Storage\view\compile\f6b7ab362830c08eb9ad82f95f9a5eab.php (236).
[ 2015-12-11T16:59:16+08:00 ]NOTICE: Undefined index: picD:\wamp\www\shangcheng\Storage\view\compile\f6b7ab362830c08eb9ad82f95f9a5eab.php (224).
[ 2015-12-11T16:59:16+08:00 ]NOTICE: Undefined index: gnameD:\wamp\www\shangcheng\Storage\view\compile\f6b7ab362830c08eb9ad82f95f9a5eab.php (228).
[ 2015-12-11T16:59:16+08:00 ]NOTICE: Undefined index: specD:\wamp\www\shangcheng\Storage\view\compile\f6b7ab362830c08eb9ad82f95f9a5eab.php (230).
[ 2015-12-11T16:59:16+08:00 ]NOTICE: Invalid argument supplied for foreach()D:\wamp\www\shangcheng\Storage\view\compile\f6b7ab362830c08eb9ad82f95f9a5eab.php (230).
[ 2015-12-11T16:59:16+08:00 ]NOTICE: Undefined index: shoppriceD:\wamp\www\shangcheng\Storage\view\compile\f6b7ab362830c08eb9ad82f95f9a5eab.php (235).
[ 2015-12-11T16:59:16+08:00 ]NOTICE: Undefined index: numD:\wamp\www\shangcheng\Storage\view\compile\f6b7ab362830c08eb9ad82f95f9a5eab.php (236).
[ 2015-12-11T16:59:16+08:00 ]NOTICE: Undefined index: picD:\wamp\www\shangcheng\Storage\view\compile\f6b7ab362830c08eb9ad82f95f9a5eab.php (224).
[ 2015-12-11T16:59:16+08:00 ]NOTICE: Undefined index: gnameD:\wamp\www\shangcheng\Storage\view\compile\f6b7ab362830c08eb9ad82f95f9a5eab.php (228).
[ 2015-12-11T16:59:16+08:00 ]NOTICE: Undefined index: specD:\wamp\www\shangcheng\Storage\view\compile\f6b7ab362830c08eb9ad82f95f9a5eab.php (230).
[ 2015-12-11T16:59:16+08:00 ]NOTICE: Invalid argument supplied for foreach()D:\wamp\www\shangcheng\Storage\view\compile\f6b7ab362830c08eb9ad82f95f9a5eab.php (230).
[ 2015-12-11T16:59:16+08:00 ]NOTICE: Undefined index: shoppriceD:\wamp\www\shangcheng\Storage\view\compile\f6b7ab362830c08eb9ad82f95f9a5eab.php (235).
[ 2015-12-11T16:59:16+08:00 ]NOTICE: Undefined index: numD:\wamp\www\shangcheng\Storage\view\compile\f6b7ab362830c08eb9ad82f95f9a5eab.php (236).
[ 2015-12-11T16:59:16+08:00 ]NOTICE: Undefined index: picD:\wamp\www\shangcheng\Storage\view\compile\f6b7ab362830c08eb9ad82f95f9a5eab.php (224).
[ 2015-12-11T16:59:16+08:00 ]NOTICE: Undefined index: gnameD:\wamp\www\shangcheng\Storage\view\compile\f6b7ab362830c08eb9ad82f95f9a5eab.php (228).
[ 2015-12-11T16:59:16+08:00 ]NOTICE: Undefined index: specD:\wamp\www\shangcheng\Storage\view\compile\f6b7ab362830c08eb9ad82f95f9a5eab.php (230).
[ 2015-12-11T16:59:16+08:00 ]NOTICE: Invalid argument supplied for foreach()D:\wamp\www\shangcheng\Storage\view\compile\f6b7ab362830c08eb9ad82f95f9a5eab.php (230).
[ 2015-12-11T16:59:16+08:00 ]NOTICE: Undefined index: shoppriceD:\wamp\www\shangcheng\Storage\view\compile\f6b7ab362830c08eb9ad82f95f9a5eab.php (235).
[ 2015-12-11T16:59:16+08:00 ]NOTICE: Undefined index: numD:\wamp\www\shangcheng\Storage\view\compile\f6b7ab362830c08eb9ad82f95f9a5eab.php (236).
[ 2015-12-11T16:59:58+08:00 ]NOTICE: Undefined index: picD:\wamp\www\shangcheng\Storage\view\compile\f6b7ab362830c08eb9ad82f95f9a5eab.php (224).
[ 2015-12-11T16:59:58+08:00 ]NOTICE: Undefined index: gnameD:\wamp\www\shangcheng\Storage\view\compile\f6b7ab362830c08eb9ad82f95f9a5eab.php (228).
[ 2015-12-11T16:59:58+08:00 ]NOTICE: Undefined index: specD:\wamp\www\shangcheng\Storage\view\compile\f6b7ab362830c08eb9ad82f95f9a5eab.php (230).
[ 2015-12-11T16:59:58+08:00 ]NOTICE: Invalid argument supplied for foreach()D:\wamp\www\shangcheng\Storage\view\compile\f6b7ab362830c08eb9ad82f95f9a5eab.php (230).
[ 2015-12-11T16:59:58+08:00 ]NOTICE: Undefined index: shoppriceD:\wamp\www\shangcheng\Storage\view\compile\f6b7ab362830c08eb9ad82f95f9a5eab.php (235).
[ 2015-12-11T16:59:58+08:00 ]NOTICE: Undefined index: numD:\wamp\www\shangcheng\Storage\view\compile\f6b7ab362830c08eb9ad82f95f9a5eab.php (236).
[ 2015-12-11T16:59:58+08:00 ]NOTICE: Undefined index: picD:\wamp\www\shangcheng\Storage\view\compile\f6b7ab362830c08eb9ad82f95f9a5eab.php (224).
[ 2015-12-11T16:59:58+08:00 ]NOTICE: Undefined index: gnameD:\wamp\www\shangcheng\Storage\view\compile\f6b7ab362830c08eb9ad82f95f9a5eab.php (228).
[ 2015-12-11T16:59:58+08:00 ]NOTICE: Undefined index: specD:\wamp\www\shangcheng\Storage\view\compile\f6b7ab362830c08eb9ad82f95f9a5eab.php (230).
[ 2015-12-11T16:59:58+08:00 ]NOTICE: Invalid argument supplied for foreach()D:\wamp\www\shangcheng\Storage\view\compile\f6b7ab362830c08eb9ad82f95f9a5eab.php (230).
[ 2015-12-11T16:59:58+08:00 ]NOTICE: Undefined index: shoppriceD:\wamp\www\shangcheng\Storage\view\compile\f6b7ab362830c08eb9ad82f95f9a5eab.php (235).
[ 2015-12-11T16:59:58+08:00 ]NOTICE: Undefined index: numD:\wamp\www\shangcheng\Storage\view\compile\f6b7ab362830c08eb9ad82f95f9a5eab.php (236).
[ 2015-12-11T16:59:58+08:00 ]NOTICE: Undefined index: picD:\wamp\www\shangcheng\Storage\view\compile\f6b7ab362830c08eb9ad82f95f9a5eab.php (224).
[ 2015-12-11T16:59:58+08:00 ]NOTICE: Undefined index: gnameD:\wamp\www\shangcheng\Storage\view\compile\f6b7ab362830c08eb9ad82f95f9a5eab.php (228).
[ 2015-12-11T16:59:58+08:00 ]NOTICE: Undefined index: specD:\wamp\www\shangcheng\Storage\view\compile\f6b7ab362830c08eb9ad82f95f9a5eab.php (230).
[ 2015-12-11T16:59:58+08:00 ]NOTICE: Invalid argument supplied for foreach()D:\wamp\www\shangcheng\Storage\view\compile\f6b7ab362830c08eb9ad82f95f9a5eab.php (230).
[ 2015-12-11T16:59:58+08:00 ]NOTICE: Undefined index: shoppriceD:\wamp\www\shangcheng\Storage\view\compile\f6b7ab362830c08eb9ad82f95f9a5eab.php (235).
[ 2015-12-11T16:59:58+08:00 ]NOTICE: Undefined index: numD:\wamp\www\shangcheng\Storage\view\compile\f6b7ab362830c08eb9ad82f95f9a5eab.php (236).
[ 2015-12-11T17:00:35+08:00 ]NOTICE: Undefined index: picD:\wamp\www\shangcheng\Storage\view\compile\f6b7ab362830c08eb9ad82f95f9a5eab.php (224).
[ 2015-12-11T17:00:35+08:00 ]NOTICE: Undefined index: gnameD:\wamp\www\shangcheng\Storage\view\compile\f6b7ab362830c08eb9ad82f95f9a5eab.php (228).
[ 2015-12-11T17:00:35+08:00 ]NOTICE: Undefined index: specD:\wamp\www\shangcheng\Storage\view\compile\f6b7ab362830c08eb9ad82f95f9a5eab.php (230).
[ 2015-12-11T17:00:35+08:00 ]NOTICE: Invalid argument supplied for foreach()D:\wamp\www\shangcheng\Storage\view\compile\f6b7ab362830c08eb9ad82f95f9a5eab.php (230).
[ 2015-12-11T17:00:35+08:00 ]NOTICE: Undefined index: shoppriceD:\wamp\www\shangcheng\Storage\view\compile\f6b7ab362830c08eb9ad82f95f9a5eab.php (235).
[ 2015-12-11T17:00:35+08:00 ]NOTICE: Undefined index: numD:\wamp\www\shangcheng\Storage\view\compile\f6b7ab362830c08eb9ad82f95f9a5eab.php (236).
[ 2015-12-11T17:00:35+08:00 ]NOTICE: Undefined index: picD:\wamp\www\shangcheng\Storage\view\compile\f6b7ab362830c08eb9ad82f95f9a5eab.php (224).
[ 2015-12-11T17:00:35+08:00 ]NOTICE: Undefined index: gnameD:\wamp\www\shangcheng\Storage\view\compile\f6b7ab362830c08eb9ad82f95f9a5eab.php (228).
[ 2015-12-11T17:00:35+08:00 ]NOTICE: Undefined index: specD:\wamp\www\shangcheng\Storage\view\compile\f6b7ab362830c08eb9ad82f95f9a5eab.php (230).
[ 2015-12-11T17:00:36+08:00 ]NOTICE: Invalid argument supplied for foreach()D:\wamp\www\shangcheng\Storage\view\compile\f6b7ab362830c08eb9ad82f95f9a5eab.php (230).
[ 2015-12-11T17:00:36+08:00 ]NOTICE: Undefined index: shoppriceD:\wamp\www\shangcheng\Storage\view\compile\f6b7ab362830c08eb9ad82f95f9a5eab.php (235).
[ 2015-12-11T17:00:36+08:00 ]NOTICE: Undefined index: numD:\wamp\www\shangcheng\Storage\view\compile\f6b7ab362830c08eb9ad82f95f9a5eab.php (236).
[ 2015-12-11T17:00:36+08:00 ]NOTICE: Undefined index: picD:\wamp\www\shangcheng\Storage\view\compile\f6b7ab362830c08eb9ad82f95f9a5eab.php (224).
[ 2015-12-11T17:00:36+08:00 ]NOTICE: Undefined index: gnameD:\wamp\www\shangcheng\Storage\view\compile\f6b7ab362830c08eb9ad82f95f9a5eab.php (228).
[ 2015-12-11T17:00:36+08:00 ]NOTICE: Undefined index: specD:\wamp\www\shangcheng\Storage\view\compile\f6b7ab362830c08eb9ad82f95f9a5eab.php (230).
[ 2015-12-11T17:00:36+08:00 ]NOTICE: Invalid argument supplied for foreach()D:\wamp\www\shangcheng\Storage\view\compile\f6b7ab362830c08eb9ad82f95f9a5eab.php (230).
[ 2015-12-11T17:00:36+08:00 ]NOTICE: Undefined index: shoppriceD:\wamp\www\shangcheng\Storage\view\compile\f6b7ab362830c08eb9ad82f95f9a5eab.php (235).
[ 2015-12-11T17:00:36+08:00 ]NOTICE: Undefined index: numD:\wamp\www\shangcheng\Storage\view\compile\f6b7ab362830c08eb9ad82f95f9a5eab.php (236).
[ 2015-12-11T17:00:49+08:00 ]NOTICE: Undefined index: picD:\wamp\www\shangcheng\Storage\view\compile\f6b7ab362830c08eb9ad82f95f9a5eab.php (224).
[ 2015-12-11T17:00:49+08:00 ]NOTICE: Undefined index: gnameD:\wamp\www\shangcheng\Storage\view\compile\f6b7ab362830c08eb9ad82f95f9a5eab.php (228).
[ 2015-12-11T17:00:49+08:00 ]NOTICE: Undefined index: specD:\wamp\www\shangcheng\Storage\view\compile\f6b7ab362830c08eb9ad82f95f9a5eab.php (230).
[ 2015-12-11T17:00:49+08:00 ]NOTICE: Invalid argument supplied for foreach()D:\wamp\www\shangcheng\Storage\view\compile\f6b7ab362830c08eb9ad82f95f9a5eab.php (230).
[ 2015-12-11T17:00:49+08:00 ]NOTICE: Undefined index: shoppriceD:\wamp\www\shangcheng\Storage\view\compile\f6b7ab362830c08eb9ad82f95f9a5eab.php (235).
[ 2015-12-11T17:00:49+08:00 ]NOTICE: Undefined index: numD:\wamp\www\shangcheng\Storage\view\compile\f6b7ab362830c08eb9ad82f95f9a5eab.php (236).
[ 2015-12-11T17:00:49+08:00 ]NOTICE: Undefined index: picD:\wamp\www\shangcheng\Storage\view\compile\f6b7ab362830c08eb9ad82f95f9a5eab.php (224).
[ 2015-12-11T17:00:49+08:00 ]NOTICE: Undefined index: gnameD:\wamp\www\shangcheng\Storage\view\compile\f6b7ab362830c08eb9ad82f95f9a5eab.php (228).
[ 2015-12-11T17:00:49+08:00 ]NOTICE: Undefined index: specD:\wamp\www\shangcheng\Storage\view\compile\f6b7ab362830c08eb9ad82f95f9a5eab.php (230).
[ 2015-12-11T17:00:49+08:00 ]NOTICE: Invalid argument supplied for foreach()D:\wamp\www\shangcheng\Storage\view\compile\f6b7ab362830c08eb9ad82f95f9a5eab.php (230).
[ 2015-12-11T17:00:49+08:00 ]NOTICE: Undefined index: shoppriceD:\wamp\www\shangcheng\Storage\view\compile\f6b7ab362830c08eb9ad82f95f9a5eab.php (235).
[ 2015-12-11T17:00:49+08:00 ]NOTICE: Undefined index: numD:\wamp\www\shangcheng\Storage\view\compile\f6b7ab362830c08eb9ad82f95f9a5eab.php (236).
[ 2015-12-11T17:00:49+08:00 ]NOTICE: Undefined index: picD:\wamp\www\shangcheng\Storage\view\compile\f6b7ab362830c08eb9ad82f95f9a5eab.php (224).
[ 2015-12-11T17:00:49+08:00 ]NOTICE: Undefined index: gnameD:\wamp\www\shangcheng\Storage\view\compile\f6b7ab362830c08eb9ad82f95f9a5eab.php (228).
[ 2015-12-11T17:00:49+08:00 ]NOTICE: Undefined index: specD:\wamp\www\shangcheng\Storage\view\compile\f6b7ab362830c08eb9ad82f95f9a5eab.php (230).
[ 2015-12-11T17:00:49+08:00 ]NOTICE: Invalid argument supplied for foreach()D:\wamp\www\shangcheng\Storage\view\compile\f6b7ab362830c08eb9ad82f95f9a5eab.php (230).
[ 2015-12-11T17:00:49+08:00 ]NOTICE: Undefined index: shoppriceD:\wamp\www\shangcheng\Storage\view\compile\f6b7ab362830c08eb9ad82f95f9a5eab.php (235).
[ 2015-12-11T17:00:49+08:00 ]NOTICE: Undefined index: numD:\wamp\www\shangcheng\Storage\view\compile\f6b7ab362830c08eb9ad82f95f9a5eab.php (236).
[ 2015-12-11T17:01:07+08:00 ]NOTICE: Undefined index: picD:\wamp\www\shangcheng\Storage\view\compile\f6b7ab362830c08eb9ad82f95f9a5eab.php (224).
[ 2015-12-11T17:01:07+08:00 ]NOTICE: Undefined index: gnameD:\wamp\www\shangcheng\Storage\view\compile\f6b7ab362830c08eb9ad82f95f9a5eab.php (228).
[ 2015-12-11T17:01:07+08:00 ]NOTICE: Undefined index: specD:\wamp\www\shangcheng\Storage\view\compile\f6b7ab362830c08eb9ad82f95f9a5eab.php (230).
[ 2015-12-11T17:01:07+08:00 ]NOTICE: Invalid argument supplied for foreach()D:\wamp\www\shangcheng\Storage\view\compile\f6b7ab362830c08eb9ad82f95f9a5eab.php (230).
[ 2015-12-11T17:01:07+08:00 ]NOTICE: Undefined index: shoppriceD:\wamp\www\shangcheng\Storage\view\compile\f6b7ab362830c08eb9ad82f95f9a5eab.php (235).
[ 2015-12-11T17:01:07+08:00 ]NOTICE: Undefined index: numD:\wamp\www\shangcheng\Storage\view\compile\f6b7ab362830c08eb9ad82f95f9a5eab.php (236).
[ 2015-12-11T17:01:07+08:00 ]NOTICE: Undefined index: picD:\wamp\www\shangcheng\Storage\view\compile\f6b7ab362830c08eb9ad82f95f9a5eab.php (224).
[ 2015-12-11T17:01:07+08:00 ]NOTICE: Undefined index: gnameD:\wamp\www\shangcheng\Storage\view\compile\f6b7ab362830c08eb9ad82f95f9a5eab.php (228).
[ 2015-12-11T17:01:07+08:00 ]NOTICE: Undefined index: specD:\wamp\www\shangcheng\Storage\view\compile\f6b7ab362830c08eb9ad82f95f9a5eab.php (230).
[ 2015-12-11T17:01:07+08:00 ]NOTICE: Invalid argument supplied for foreach()D:\wamp\www\shangcheng\Storage\view\compile\f6b7ab362830c08eb9ad82f95f9a5eab.php (230).
[ 2015-12-11T17:01:07+08:00 ]NOTICE: Undefined index: shoppriceD:\wamp\www\shangcheng\Storage\view\compile\f6b7ab362830c08eb9ad82f95f9a5eab.php (235).
[ 2015-12-11T17:01:07+08:00 ]NOTICE: Undefined index: numD:\wamp\www\shangcheng\Storage\view\compile\f6b7ab362830c08eb9ad82f95f9a5eab.php (236).
[ 2015-12-11T17:01:07+08:00 ]NOTICE: Undefined index: picD:\wamp\www\shangcheng\Storage\view\compile\f6b7ab362830c08eb9ad82f95f9a5eab.php (224).
[ 2015-12-11T17:01:07+08:00 ]NOTICE: Undefined index: gnameD:\wamp\www\shangcheng\Storage\view\compile\f6b7ab362830c08eb9ad82f95f9a5eab.php (228).
[ 2015-12-11T17:01:07+08:00 ]NOTICE: Undefined index: specD:\wamp\www\shangcheng\Storage\view\compile\f6b7ab362830c08eb9ad82f95f9a5eab.php (230).
[ 2015-12-11T17:01:07+08:00 ]NOTICE: Invalid argument supplied for foreach()D:\wamp\www\shangcheng\Storage\view\compile\f6b7ab362830c08eb9ad82f95f9a5eab.php (230).
[ 2015-12-11T17:01:07+08:00 ]NOTICE: Undefined index: shoppriceD:\wamp\www\shangcheng\Storage\view\compile\f6b7ab362830c08eb9ad82f95f9a5eab.php (235).
[ 2015-12-11T17:01:07+08:00 ]NOTICE: Undefined index: numD:\wamp\www\shangcheng\Storage\view\compile\f6b7ab362830c08eb9ad82f95f9a5eab.php (236).
[ 2015-12-11T17:09:35+08:00 ]NOTICE: Undefined variable: oidD:\wamp\www\shangcheng\App\Home\Controller\TradeController.php (96).
[ 2015-12-11T17:09:35+08:00 ]NOTICE: Undefined variable: oidD:\wamp\www\shangcheng\App\Home\Controller\TradeController.php (96).
[ 2015-12-11T17:09:35+08:00 ]NOTICE: Undefined variable: oidD:\wamp\www\shangcheng\App\Home\Controller\TradeController.php (96).
[ 2015-12-11T17:09:35+08:00 ]NOTICE: Undefined index: picD:\wamp\www\shangcheng\Storage\view\compile\f6b7ab362830c08eb9ad82f95f9a5eab.php (224).
[ 2015-12-11T17:09:35+08:00 ]NOTICE: Undefined index: gnameD:\wamp\www\shangcheng\Storage\view\compile\f6b7ab362830c08eb9ad82f95f9a5eab.php (228).
[ 2015-12-11T17:09:35+08:00 ]NOTICE: Undefined index: specD:\wamp\www\shangcheng\Storage\view\compile\f6b7ab362830c08eb9ad82f95f9a5eab.php (230).
[ 2015-12-11T17:09:35+08:00 ]NOTICE: Invalid argument supplied for foreach()D:\wamp\www\shangcheng\Storage\view\compile\f6b7ab362830c08eb9ad82f95f9a5eab.php (230).
[ 2015-12-11T17:09:35+08:00 ]NOTICE: Undefined index: shoppriceD:\wamp\www\shangcheng\Storage\view\compile\f6b7ab362830c08eb9ad82f95f9a5eab.php (235).
[ 2015-12-11T17:09:35+08:00 ]NOTICE: Undefined index: numD:\wamp\www\shangcheng\Storage\view\compile\f6b7ab362830c08eb9ad82f95f9a5eab.php (236).
[ 2015-12-11T17:09:35+08:00 ]NOTICE: Undefined index: picD:\wamp\www\shangcheng\Storage\view\compile\f6b7ab362830c08eb9ad82f95f9a5eab.php (224).
[ 2015-12-11T17:09:35+08:00 ]NOTICE: Undefined index: gnameD:\wamp\www\shangcheng\Storage\view\compile\f6b7ab362830c08eb9ad82f95f9a5eab.php (228).
[ 2015-12-11T17:09:35+08:00 ]NOTICE: Undefined index: specD:\wamp\www\shangcheng\Storage\view\compile\f6b7ab362830c08eb9ad82f95f9a5eab.php (230).
[ 2015-12-11T17:09:35+08:00 ]NOTICE: Invalid argument supplied for foreach()D:\wamp\www\shangcheng\Storage\view\compile\f6b7ab362830c08eb9ad82f95f9a5eab.php (230).
[ 2015-12-11T17:09:35+08:00 ]NOTICE: Undefined index: shoppriceD:\wamp\www\shangcheng\Storage\view\compile\f6b7ab362830c08eb9ad82f95f9a5eab.php (235).
[ 2015-12-11T17:09:35+08:00 ]NOTICE: Undefined index: numD:\wamp\www\shangcheng\Storage\view\compile\f6b7ab362830c08eb9ad82f95f9a5eab.php (236).
[ 2015-12-11T17:09:35+08:00 ]NOTICE: Undefined index: picD:\wamp\www\shangcheng\Storage\view\compile\f6b7ab362830c08eb9ad82f95f9a5eab.php (224).
[ 2015-12-11T17:09:35+08:00 ]NOTICE: Undefined index: gnameD:\wamp\www\shangcheng\Storage\view\compile\f6b7ab362830c08eb9ad82f95f9a5eab.php (228).
[ 2015-12-11T17:09:35+08:00 ]NOTICE: Undefined index: specD:\wamp\www\shangcheng\Storage\view\compile\f6b7ab362830c08eb9ad82f95f9a5eab.php (230).
[ 2015-12-11T17:09:35+08:00 ]NOTICE: Invalid argument supplied for foreach()D:\wamp\www\shangcheng\Storage\view\compile\f6b7ab362830c08eb9ad82f95f9a5eab.php (230).
[ 2015-12-11T17:09:35+08:00 ]NOTICE: Undefined index: shoppriceD:\wamp\www\shangcheng\Storage\view\compile\f6b7ab362830c08eb9ad82f95f9a5eab.php (235).
[ 2015-12-11T17:09:35+08:00 ]NOTICE: Undefined index: numD:\wamp\www\shangcheng\Storage\view\compile\f6b7ab362830c08eb9ad82f95f9a5eab.php (236).
[ 2015-12-11T17:09:45+08:00 ]NOTICE: Undefined variable: oidD:\wamp\www\shangcheng\App\Home\Controller\TradeController.php (96).
[ 2015-12-11T17:09:45+08:00 ]NOTICE: Undefined variable: oidD:\wamp\www\shangcheng\App\Home\Controller\TradeController.php (96).
[ 2015-12-11T17:09:45+08:00 ]NOTICE: Undefined variable: oidD:\wamp\www\shangcheng\App\Home\Controller\TradeController.php (96).
[ 2015-12-11T17:09:45+08:00 ]NOTICE: Undefined index: picD:\wamp\www\shangcheng\Storage\view\compile\f6b7ab362830c08eb9ad82f95f9a5eab.php (224).
[ 2015-12-11T17:09:45+08:00 ]NOTICE: Undefined index: gnameD:\wamp\www\shangcheng\Storage\view\compile\f6b7ab362830c08eb9ad82f95f9a5eab.php (228).
[ 2015-12-11T17:09:45+08:00 ]NOTICE: Undefined index: specD:\wamp\www\shangcheng\Storage\view\compile\f6b7ab362830c08eb9ad82f95f9a5eab.php (230).
[ 2015-12-11T17:09:45+08:00 ]NOTICE: Invalid argument supplied for foreach()D:\wamp\www\shangcheng\Storage\view\compile\f6b7ab362830c08eb9ad82f95f9a5eab.php (230).
[ 2015-12-11T17:09:45+08:00 ]NOTICE: Undefined index: shoppriceD:\wamp\www\shangcheng\Storage\view\compile\f6b7ab362830c08eb9ad82f95f9a5eab.php (235).
[ 2015-12-11T17:09:45+08:00 ]NOTICE: Undefined index: numD:\wamp\www\shangcheng\Storage\view\compile\f6b7ab362830c08eb9ad82f95f9a5eab.php (236).
[ 2015-12-11T17:09:45+08:00 ]NOTICE: Undefined index: picD:\wamp\www\shangcheng\Storage\view\compile\f6b7ab362830c08eb9ad82f95f9a5eab.php (224).
[ 2015-12-11T17:09:45+08:00 ]NOTICE: Undefined index: gnameD:\wamp\www\shangcheng\Storage\view\compile\f6b7ab362830c08eb9ad82f95f9a5eab.php (228).
[ 2015-12-11T17:09:45+08:00 ]NOTICE: Undefined index: specD:\wamp\www\shangcheng\Storage\view\compile\f6b7ab362830c08eb9ad82f95f9a5eab.php (230).
[ 2015-12-11T17:09:45+08:00 ]NOTICE: Invalid argument supplied for foreach()D:\wamp\www\shangcheng\Storage\view\compile\f6b7ab362830c08eb9ad82f95f9a5eab.php (230).
[ 2015-12-11T17:09:45+08:00 ]NOTICE: Undefined index: shoppriceD:\wamp\www\shangcheng\Storage\view\compile\f6b7ab362830c08eb9ad82f95f9a5eab.php (235).
[ 2015-12-11T17:09:45+08:00 ]NOTICE: Undefined index: numD:\wamp\www\shangcheng\Storage\view\compile\f6b7ab362830c08eb9ad82f95f9a5eab.php (236).
[ 2015-12-11T17:09:45+08:00 ]NOTICE: Undefined index: picD:\wamp\www\shangcheng\Storage\view\compile\f6b7ab362830c08eb9ad82f95f9a5eab.php (224).
[ 2015-12-11T17:09:45+08:00 ]NOTICE: Undefined index: gnameD:\wamp\www\shangcheng\Storage\view\compile\f6b7ab362830c08eb9ad82f95f9a5eab.php (228).
[ 2015-12-11T17:09:45+08:00 ]NOTICE: Undefined index: specD:\wamp\www\shangcheng\Storage\view\compile\f6b7ab362830c08eb9ad82f95f9a5eab.php (230).
[ 2015-12-11T17:09:45+08:00 ]NOTICE: Invalid argument supplied for foreach()D:\wamp\www\shangcheng\Storage\view\compile\f6b7ab362830c08eb9ad82f95f9a5eab.php (230).
[ 2015-12-11T17:09:45+08:00 ]NOTICE: Undefined index: shoppriceD:\wamp\www\shangcheng\Storage\view\compile\f6b7ab362830c08eb9ad82f95f9a5eab.php (235).
[ 2015-12-11T17:09:45+08:00 ]NOTICE: Undefined index: numD:\wamp\www\shangcheng\Storage\view\compile\f6b7ab362830c08eb9ad82f95f9a5eab.php (236).
[ 2015-12-11T17:10:03+08:00 ]NOTICE: Undefined variable: oidD:\wamp\www\shangcheng\App\Home\Controller\TradeController.php (96).
[ 2015-12-11T17:10:03+08:00 ]NOTICE: Undefined variable: oidD:\wamp\www\shangcheng\App\Home\Controller\TradeController.php (96).
[ 2015-12-11T17:10:03+08:00 ]NOTICE: Undefined variable: oidD:\wamp\www\shangcheng\App\Home\Controller\TradeController.php (96).
[ 2015-12-11T17:10:03+08:00 ]NOTICE: Undefined variable: oidD:\wamp\www\shangcheng\App\Home\Controller\TradeController.php (96).
[ 2015-12-11T17:10:03+08:00 ]NOTICE: Undefined index: picD:\wamp\www\shangcheng\Storage\view\compile\f6b7ab362830c08eb9ad82f95f9a5eab.php (224).
[ 2015-12-11T17:10:03+08:00 ]NOTICE: Undefined index: gnameD:\wamp\www\shangcheng\Storage\view\compile\f6b7ab362830c08eb9ad82f95f9a5eab.php (228).
[ 2015-12-11T17:10:03+08:00 ]NOTICE: Undefined index: specD:\wamp\www\shangcheng\Storage\view\compile\f6b7ab362830c08eb9ad82f95f9a5eab.php (230).
[ 2015-12-11T17:10:03+08:00 ]NOTICE: Invalid argument supplied for foreach()D:\wamp\www\shangcheng\Storage\view\compile\f6b7ab362830c08eb9ad82f95f9a5eab.php (230).
[ 2015-12-11T17:10:03+08:00 ]NOTICE: Undefined index: shoppriceD:\wamp\www\shangcheng\Storage\view\compile\f6b7ab362830c08eb9ad82f95f9a5eab.php (235).
[ 2015-12-11T17:10:03+08:00 ]NOTICE: Undefined index: numD:\wamp\www\shangcheng\Storage\view\compile\f6b7ab362830c08eb9ad82f95f9a5eab.php (236).
[ 2015-12-11T17:10:03+08:00 ]NOTICE: Undefined index: picD:\wamp\www\shangcheng\Storage\view\compile\f6b7ab362830c08eb9ad82f95f9a5eab.php (224).
[ 2015-12-11T17:10:03+08:00 ]NOTICE: Undefined index: gnameD:\wamp\www\shangcheng\Storage\view\compile\f6b7ab362830c08eb9ad82f95f9a5eab.php (228).
[ 2015-12-11T17:10:03+08:00 ]NOTICE: Undefined index: specD:\wamp\www\shangcheng\Storage\view\compile\f6b7ab362830c08eb9ad82f95f9a5eab.php (230).
[ 2015-12-11T17:10:03+08:00 ]NOTICE: Invalid argument supplied for foreach()D:\wamp\www\shangcheng\Storage\view\compile\f6b7ab362830c08eb9ad82f95f9a5eab.php (230).
[ 2015-12-11T17:10:03+08:00 ]NOTICE: Undefined index: shoppriceD:\wamp\www\shangcheng\Storage\view\compile\f6b7ab362830c08eb9ad82f95f9a5eab.php (235).
[ 2015-12-11T17:10:03+08:00 ]NOTICE: Undefined index: numD:\wamp\www\shangcheng\Storage\view\compile\f6b7ab362830c08eb9ad82f95f9a5eab.php (236).
[ 2015-12-11T17:10:03+08:00 ]NOTICE: Undefined index: picD:\wamp\www\shangcheng\Storage\view\compile\f6b7ab362830c08eb9ad82f95f9a5eab.php (224).
[ 2015-12-11T17:10:03+08:00 ]NOTICE: Undefined index: gnameD:\wamp\www\shangcheng\Storage\view\compile\f6b7ab362830c08eb9ad82f95f9a5eab.php (228).
[ 2015-12-11T17:10:03+08:00 ]NOTICE: Undefined index: specD:\wamp\www\shangcheng\Storage\view\compile\f6b7ab362830c08eb9ad82f95f9a5eab.php (230).
[ 2015-12-11T17:10:03+08:00 ]NOTICE: Invalid argument supplied for foreach()D:\wamp\www\shangcheng\Storage\view\compile\f6b7ab362830c08eb9ad82f95f9a5eab.php (230).
[ 2015-12-11T17:10:03+08:00 ]NOTICE: Undefined index: shoppriceD:\wamp\www\shangcheng\Storage\view\compile\f6b7ab362830c08eb9ad82f95f9a5eab.php (235).
[ 2015-12-11T17:10:03+08:00 ]NOTICE: Undefined index: numD:\wamp\www\shangcheng\Storage\view\compile\f6b7ab362830c08eb9ad82f95f9a5eab.php (236).
[ 2015-12-11T17:10:03+08:00 ]NOTICE: Undefined index: picD:\wamp\www\shangcheng\Storage\view\compile\f6b7ab362830c08eb9ad82f95f9a5eab.php (224).
[ 2015-12-11T17:10:03+08:00 ]NOTICE: Undefined index: gnameD:\wamp\www\shangcheng\Storage\view\compile\f6b7ab362830c08eb9ad82f95f9a5eab.php (228).
[ 2015-12-11T17:10:03+08:00 ]NOTICE: Undefined index: specD:\wamp\www\shangcheng\Storage\view\compile\f6b7ab362830c08eb9ad82f95f9a5eab.php (230).
[ 2015-12-11T17:10:03+08:00 ]NOTICE: Invalid argument supplied for foreach()D:\wamp\www\shangcheng\Storage\view\compile\f6b7ab362830c08eb9ad82f95f9a5eab.php (230).
[ 2015-12-11T17:10:03+08:00 ]NOTICE: Undefined index: shoppriceD:\wamp\www\shangcheng\Storage\view\compile\f6b7ab362830c08eb9ad82f95f9a5eab.php (235).
[ 2015-12-11T17:10:03+08:00 ]NOTICE: Undefined index: numD:\wamp\www\shangcheng\Storage\view\compile\f6b7ab362830c08eb9ad82f95f9a5eab.php (236).
[ 2015-12-11T17:11:33+08:00 ]NOTICE: Undefined index: picD:\wamp\www\shangcheng\Storage\view\compile\f6b7ab362830c08eb9ad82f95f9a5eab.php (224).
[ 2015-12-11T17:11:33+08:00 ]NOTICE: Undefined index: gnameD:\wamp\www\shangcheng\Storage\view\compile\f6b7ab362830c08eb9ad82f95f9a5eab.php (228).
[ 2015-12-11T17:11:33+08:00 ]NOTICE: Undefined index: specD:\wamp\www\shangcheng\Storage\view\compile\f6b7ab362830c08eb9ad82f95f9a5eab.php (230).
[ 2015-12-11T17:11:33+08:00 ]NOTICE: Invalid argument supplied for foreach()D:\wamp\www\shangcheng\Storage\view\compile\f6b7ab362830c08eb9ad82f95f9a5eab.php (230).
[ 2015-12-11T17:11:33+08:00 ]NOTICE: Undefined index: shoppriceD:\wamp\www\shangcheng\Storage\view\compile\f6b7ab362830c08eb9ad82f95f9a5eab.php (235).
[ 2015-12-11T17:11:33+08:00 ]NOTICE: Undefined index: numD:\wamp\www\shangcheng\Storage\view\compile\f6b7ab362830c08eb9ad82f95f9a5eab.php (236).
[ 2015-12-11T17:11:33+08:00 ]NOTICE: Undefined index: picD:\wamp\www\shangcheng\Storage\view\compile\f6b7ab362830c08eb9ad82f95f9a5eab.php (224).
[ 2015-12-11T17:11:33+08:00 ]NOTICE: Undefined index: gnameD:\wamp\www\shangcheng\Storage\view\compile\f6b7ab362830c08eb9ad82f95f9a5eab.php (228).
[ 2015-12-11T17:11:33+08:00 ]NOTICE: Undefined index: specD:\wamp\www\shangcheng\Storage\view\compile\f6b7ab362830c08eb9ad82f95f9a5eab.php (230).
[ 2015-12-11T17:11:33+08:00 ]NOTICE: Invalid argument supplied for foreach()D:\wamp\www\shangcheng\Storage\view\compile\f6b7ab362830c08eb9ad82f95f9a5eab.php (230).
[ 2015-12-11T17:11:33+08:00 ]NOTICE: Undefined index: shoppriceD:\wamp\www\shangcheng\Storage\view\compile\f6b7ab362830c08eb9ad82f95f9a5eab.php (235).
[ 2015-12-11T17:11:33+08:00 ]NOTICE: Undefined index: numD:\wamp\www\shangcheng\Storage\view\compile\f6b7ab362830c08eb9ad82f95f9a5eab.php (236).
[ 2015-12-11T17:11:33+08:00 ]NOTICE: Undefined index: picD:\wamp\www\shangcheng\Storage\view\compile\f6b7ab362830c08eb9ad82f95f9a5eab.php (224).
[ 2015-12-11T17:11:33+08:00 ]NOTICE: Undefined index: gnameD:\wamp\www\shangcheng\Storage\view\compile\f6b7ab362830c08eb9ad82f95f9a5eab.php (228).
[ 2015-12-11T17:11:33+08:00 ]NOTICE: Undefined index: specD:\wamp\www\shangcheng\Storage\view\compile\f6b7ab362830c08eb9ad82f95f9a5eab.php (230).
[ 2015-12-11T17:11:33+08:00 ]NOTICE: Invalid argument supplied for foreach()D:\wamp\www\shangcheng\Storage\view\compile\f6b7ab362830c08eb9ad82f95f9a5eab.php (230).
[ 2015-12-11T17:11:33+08:00 ]NOTICE: Undefined index: shoppriceD:\wamp\www\shangcheng\Storage\view\compile\f6b7ab362830c08eb9ad82f95f9a5eab.php (235).
[ 2015-12-11T17:11:33+08:00 ]NOTICE: Undefined index: numD:\wamp\www\shangcheng\Storage\view\compile\f6b7ab362830c08eb9ad82f95f9a5eab.php (236).
[ 2015-12-11T17:11:33+08:00 ]NOTICE: Undefined index: picD:\wamp\www\shangcheng\Storage\view\compile\f6b7ab362830c08eb9ad82f95f9a5eab.php (224).
[ 2015-12-11T17:11:33+08:00 ]NOTICE: Undefined index: gnameD:\wamp\www\shangcheng\Storage\view\compile\f6b7ab362830c08eb9ad82f95f9a5eab.php (228).
[ 2015-12-11T17:11:33+08:00 ]NOTICE: Undefined index: specD:\wamp\www\shangcheng\Storage\view\compile\f6b7ab362830c08eb9ad82f95f9a5eab.php (230).
[ 2015-12-11T17:11:33+08:00 ]NOTICE: Invalid argument supplied for foreach()D:\wamp\www\shangcheng\Storage\view\compile\f6b7ab362830c08eb9ad82f95f9a5eab.php (230).
[ 2015-12-11T17:11:33+08:00 ]NOTICE: Undefined index: shoppriceD:\wamp\www\shangcheng\Storage\view\compile\f6b7ab362830c08eb9ad82f95f9a5eab.php (235).
[ 2015-12-11T17:11:33+08:00 ]NOTICE: Undefined index: numD:\wamp\www\shangcheng\Storage\view\compile\f6b7ab362830c08eb9ad82f95f9a5eab.php (236).
[ 2015-12-11T17:12:27+08:00 ]NOTICE: Undefined index: shoppriceD:\wamp\www\shangcheng\Storage\view\compile\f6b7ab362830c08eb9ad82f95f9a5eab.php (235).
[ 2015-12-11T17:12:27+08:00 ]NOTICE: Undefined index: numD:\wamp\www\shangcheng\Storage\view\compile\f6b7ab362830c08eb9ad82f95f9a5eab.php (236).
[ 2015-12-11T17:12:38+08:00 ]NOTICE: Undefined index: shoppriceD:\wamp\www\shangcheng\Storage\view\compile\f6b7ab362830c08eb9ad82f95f9a5eab.php (235).
[ 2015-12-11T17:12:38+08:00 ]NOTICE: Undefined index: numD:\wamp\www\shangcheng\Storage\view\compile\f6b7ab362830c08eb9ad82f95f9a5eab.php (236).
[ 2015-12-11T17:14:01+08:00 ]NOTICE: Undefined index: shoppriceD:\wamp\www\shangcheng\Storage\view\compile\f6b7ab362830c08eb9ad82f95f9a5eab.php (235).
[ 2015-12-11T19:25:21+08:00 ]NOTICE: Undefined offset: 0D:\wamp\www\shangcheng\Storage\view\compile\9bdc46234dd8d31c151aa4ad10b10f3b.php (221).
[ 2015-12-11T19:25:21+08:00 ]NOTICE: Undefined offset: 0D:\wamp\www\shangcheng\Storage\view\compile\9bdc46234dd8d31c151aa4ad10b10f3b.php (232).
[ 2015-12-11T19:26:35+08:00 ]NOTICE: Undefined offset: 0D:\wamp\www\shangcheng\Storage\view\compile\9bdc46234dd8d31c151aa4ad10b10f3b.php (221).
[ 2015-12-11T19:26:35+08:00 ]NOTICE: Undefined offset: 0D:\wamp\www\shangcheng\Storage\view\compile\9bdc46234dd8d31c151aa4ad10b10f3b.php (232).
[ 2015-12-11T19:52:12+08:00 ]EXCEPTION: SELECT  *  FROM lashou_account WHERE  username=?  LIMIT 1 ;BindParams:array (
  0 => 'pobeizhang',
)42S02;1146;Table 'hd_lashou.lashou_account' doesn't exist
[ 2015-12-11T20:03:35+08:00 ]NOTICE: Undefined variable: orders_pricesD:\wamp\www\shangcheng\Storage\view\compile\ec54b4ecdfb9533211d33a366c55e644.php (218).
[ 2015-12-11T20:03:35+08:00 ]NOTICE: Undefined variable: ordersD:\wamp\www\shangcheng\Storage\view\compile\ec54b4ecdfb9533211d33a366c55e644.php (221).
[ 2015-12-11T20:03:35+08:00 ]NOTICE: Invalid argument supplied for foreach()D:\wamp\www\shangcheng\Storage\view\compile\ec54b4ecdfb9533211d33a366c55e644.php (221).
[ 2015-12-11T20:03:35+08:00 ]NOTICE: Undefined variable: orders_pricesD:\wamp\www\shangcheng\Storage\view\compile\ec54b4ecdfb9533211d33a366c55e644.php (260).
[ 2015-12-11T20:03:35+08:00 ]NOTICE: Undefined variable: accountD:\wamp\www\shangcheng\Storage\view\compile\ec54b4ecdfb9533211d33a366c55e644.php (263).
[ 2015-12-11T20:19:59+08:00 ]EXCEPTION: UPDATE lashou_username SET `account`=?  WHERE  username=?  ;BindParams:array (
  'account' => 9999721,
  0 => 'pobeizhang',
)42S02;1146;Table 'hd_lashou.lashou_username' doesn't exist
[ 2015-12-11T20:20:47+08:00 ]NOTICE: Undefined index: oidD:\wamp\www\shangcheng\App\Home\Controller\TradeController.php (127).
[ 2015-12-11T20:20:47+08:00 ]NOTICE: Undefined index: accountD:\wamp\www\shangcheng\App\Home\Controller\TradeController.php (128).
[ 2015-12-11T20:20:49+08:00 ]NOTICE: Undefined index: oidD:\wamp\www\shangcheng\App\Home\Controller\TradeController.php (127).
[ 2015-12-11T20:20:49+08:00 ]NOTICE: Undefined index: accountD:\wamp\www\shangcheng\App\Home\Controller\TradeController.php (128).
[ 2015-12-11T20:20:50+08:00 ]NOTICE: Undefined index: oidD:\wamp\www\shangcheng\App\Home\Controller\TradeController.php (127).
[ 2015-12-11T20:20:50+08:00 ]NOTICE: Undefined index: accountD:\wamp\www\shangcheng\App\Home\Controller\TradeController.php (128).
[ 2015-12-11T20:20:52+08:00 ]NOTICE: Undefined index: oidD:\wamp\www\shangcheng\App\Home\Controller\TradeController.php (127).
[ 2015-12-11T20:20:52+08:00 ]NOTICE: Undefined index: accountD:\wamp\www\shangcheng\App\Home\Controller\TradeController.php (128).
[ 2015-12-11T20:20:53+08:00 ]NOTICE: Undefined index: oidD:\wamp\www\shangcheng\App\Home\Controller\TradeController.php (127).
[ 2015-12-11T20:20:53+08:00 ]NOTICE: Undefined index: accountD:\wamp\www\shangcheng\App\Home\Controller\TradeController.php (128).
[ 2015-12-11T20:20:55+08:00 ]NOTICE: Undefined index: oidD:\wamp\www\shangcheng\App\Home\Controller\TradeController.php (127).
[ 2015-12-11T20:20:55+08:00 ]NOTICE: Undefined index: accountD:\wamp\www\shangcheng\App\Home\Controller\TradeController.php (128).
[ 2015-12-11T20:20:56+08:00 ]NOTICE: Undefined index: oidD:\wamp\www\shangcheng\App\Home\Controller\TradeController.php (127).
[ 2015-12-11T20:20:56+08:00 ]NOTICE: Undefined index: accountD:\wamp\www\shangcheng\App\Home\Controller\TradeController.php (128).
[ 2015-12-11T20:20:58+08:00 ]NOTICE: Undefined index: oidD:\wamp\www\shangcheng\App\Home\Controller\TradeController.php (127).
[ 2015-12-11T20:20:58+08:00 ]NOTICE: Undefined index: accountD:\wamp\www\shangcheng\App\Home\Controller\TradeController.php (128).
[ 2015-12-11T20:20:59+08:00 ]NOTICE: Undefined index: oidD:\wamp\www\shangcheng\App\Home\Controller\TradeController.php (127).
[ 2015-12-11T20:20:59+08:00 ]NOTICE: Undefined index: accountD:\wamp\www\shangcheng\App\Home\Controller\TradeController.php (128).
[ 2015-12-11T20:21:00+08:00 ]NOTICE: Undefined index: oidD:\wamp\www\shangcheng\App\Home\Controller\TradeController.php (127).
[ 2015-12-11T20:21:00+08:00 ]NOTICE: Undefined index: accountD:\wamp\www\shangcheng\App\Home\Controller\TradeController.php (128).
[ 2015-12-11T20:21:02+08:00 ]NOTICE: Undefined index: oidD:\wamp\www\shangcheng\App\Home\Controller\TradeController.php (127).
[ 2015-12-11T20:21:02+08:00 ]NOTICE: Undefined index: accountD:\wamp\www\shangcheng\App\Home\Controller\TradeController.php (128).
[ 2015-12-11T20:21:03+08:00 ]NOTICE: Undefined index: oidD:\wamp\www\shangcheng\App\Home\Controller\TradeController.php (127).
[ 2015-12-11T20:21:03+08:00 ]NOTICE: Undefined index: accountD:\wamp\www\shangcheng\App\Home\Controller\TradeController.php (128).
[ 2015-12-11T20:21:05+08:00 ]NOTICE: Undefined index: oidD:\wamp\www\shangcheng\App\Home\Controller\TradeController.php (127).
[ 2015-12-11T20:21:05+08:00 ]NOTICE: Undefined index: accountD:\wamp\www\shangcheng\App\Home\Controller\TradeController.php (128).
[ 2015-12-11T20:21:06+08:00 ]NOTICE: Undefined index: oidD:\wamp\www\shangcheng\App\Home\Controller\TradeController.php (127).
[ 2015-12-11T20:21:06+08:00 ]NOTICE: Undefined index: accountD:\wamp\www\shangcheng\App\Home\Controller\TradeController.php (128).
[ 2015-12-11T20:21:08+08:00 ]NOTICE: Undefined index: oidD:\wamp\www\shangcheng\App\Home\Controller\TradeController.php (127).
[ 2015-12-11T20:21:08+08:00 ]NOTICE: Undefined index: accountD:\wamp\www\shangcheng\App\Home\Controller\TradeController.php (128).
[ 2015-12-11T20:21:09+08:00 ]NOTICE: Undefined index: oidD:\wamp\www\shangcheng\App\Home\Controller\TradeController.php (127).
[ 2015-12-11T20:21:09+08:00 ]NOTICE: Undefined index: accountD:\wamp\www\shangcheng\App\Home\Controller\TradeController.php (128).
[ 2015-12-11T20:21:11+08:00 ]NOTICE: Undefined index: oidD:\wamp\www\shangcheng\App\Home\Controller\TradeController.php (127).
[ 2015-12-11T20:21:11+08:00 ]NOTICE: Undefined index: accountD:\wamp\www\shangcheng\App\Home\Controller\TradeController.php (128).
[ 2015-12-11T20:21:12+08:00 ]NOTICE: Undefined index: oidD:\wamp\www\shangcheng\App\Home\Controller\TradeController.php (127).
[ 2015-12-11T20:21:12+08:00 ]NOTICE: Undefined index: accountD:\wamp\www\shangcheng\App\Home\Controller\TradeController.php (128).
[ 2015-12-11T20:21:14+08:00 ]NOTICE: Undefined index: oidD:\wamp\www\shangcheng\App\Home\Controller\TradeController.php (127).
[ 2015-12-11T20:21:14+08:00 ]NOTICE: Undefined index: accountD:\wamp\www\shangcheng\App\Home\Controller\TradeController.php (128).
[ 2015-12-11T20:21:15+08:00 ]NOTICE: Undefined index: oidD:\wamp\www\shangcheng\App\Home\Controller\TradeController.php (127).
[ 2015-12-11T20:21:15+08:00 ]NOTICE: Undefined index: accountD:\wamp\www\shangcheng\App\Home\Controller\TradeController.php (128).
[ 2015-12-11T20:21:17+08:00 ]NOTICE: Undefined index: oidD:\wamp\www\shangcheng\App\Home\Controller\TradeController.php (127).
[ 2015-12-11T20:21:17+08:00 ]NOTICE: Undefined index: accountD:\wamp\www\shangcheng\App\Home\Controller\TradeController.php (128).
[ 2015-12-11T20:21:18+08:00 ]NOTICE: Undefined index: oidD:\wamp\www\shangcheng\App\Home\Controller\TradeController.php (127).
[ 2015-12-11T20:21:18+08:00 ]NOTICE: Undefined index: accountD:\wamp\www\shangcheng\App\Home\Controller\TradeController.php (128).
[ 2015-12-11T20:21:20+08:00 ]NOTICE: Undefined index: oidD:\wamp\www\shangcheng\App\Home\Controller\TradeController.php (127).
[ 2015-12-11T20:21:20+08:00 ]NOTICE: Undefined index: accountD:\wamp\www\shangcheng\App\Home\Controller\TradeController.php (128).
[ 2015-12-11T20:21:21+08:00 ]NOTICE: Undefined index: oidD:\wamp\www\shangcheng\App\Home\Controller\TradeController.php (127).
[ 2015-12-11T20:21:21+08:00 ]NOTICE: Undefined index: accountD:\wamp\www\shangcheng\App\Home\Controller\TradeController.php (128).
[ 2015-12-11T20:21:22+08:00 ]NOTICE: Undefined index: oidD:\wamp\www\shangcheng\App\Home\Controller\TradeController.php (127).
[ 2015-12-11T20:21:22+08:00 ]NOTICE: Undefined index: accountD:\wamp\www\shangcheng\App\Home\Controller\TradeController.php (128).
[ 2015-12-11T20:21:24+08:00 ]NOTICE: Undefined index: oidD:\wamp\www\shangcheng\App\Home\Controller\TradeController.php (127).
[ 2015-12-11T20:21:24+08:00 ]NOTICE: Undefined index: accountD:\wamp\www\shangcheng\App\Home\Controller\TradeController.php (128).
[ 2015-12-11T20:21:25+08:00 ]NOTICE: Undefined index: oidD:\wamp\www\shangcheng\App\Home\Controller\TradeController.php (127).
[ 2015-12-11T20:21:25+08:00 ]NOTICE: Undefined index: accountD:\wamp\www\shangcheng\App\Home\Controller\TradeController.php (128).
[ 2015-12-11T20:21:27+08:00 ]NOTICE: Undefined index: oidD:\wamp\www\shangcheng\App\Home\Controller\TradeController.php (127).
[ 2015-12-11T20:21:27+08:00 ]NOTICE: Undefined index: accountD:\wamp\www\shangcheng\App\Home\Controller\TradeController.php (128).
[ 2015-12-11T20:21:28+08:00 ]NOTICE: Undefined index: oidD:\wamp\www\shangcheng\App\Home\Controller\TradeController.php (127).
[ 2015-12-11T20:21:28+08:00 ]NOTICE: Undefined index: accountD:\wamp\www\shangcheng\App\Home\Controller\TradeController.php (128).
[ 2015-12-11T20:21:30+08:00 ]NOTICE: Undefined index: oidD:\wamp\www\shangcheng\App\Home\Controller\TradeController.php (127).
[ 2015-12-11T20:21:30+08:00 ]NOTICE: Undefined index: accountD:\wamp\www\shangcheng\App\Home\Controller\TradeController.php (128).
[ 2015-12-11T20:21:32+08:00 ]NOTICE: Undefined index: oidD:\wamp\www\shangcheng\App\Home\Controller\TradeController.php (127).
[ 2015-12-11T20:21:32+08:00 ]NOTICE: Undefined index: accountD:\wamp\www\shangcheng\App\Home\Controller\TradeController.php (128).
[ 2015-12-11T20:21:33+08:00 ]NOTICE: Undefined index: oidD:\wamp\www\shangcheng\App\Home\Controller\TradeController.php (127).
[ 2015-12-11T20:21:33+08:00 ]NOTICE: Undefined index: accountD:\wamp\www\shangcheng\App\Home\Controller\TradeController.php (128).
[ 2015-12-11T20:21:34+08:00 ]NOTICE: Undefined index: oidD:\wamp\www\shangcheng\App\Home\Controller\TradeController.php (127).
[ 2015-12-11T20:21:34+08:00 ]NOTICE: Undefined index: accountD:\wamp\www\shangcheng\App\Home\Controller\TradeController.php (128).
[ 2015-12-11T20:21:36+08:00 ]NOTICE: Undefined index: oidD:\wamp\www\shangcheng\App\Home\Controller\TradeController.php (127).
[ 2015-12-11T20:21:36+08:00 ]NOTICE: Undefined index: accountD:\wamp\www\shangcheng\App\Home\Controller\TradeController.php (128).
[ 2015-12-11T20:21:38+08:00 ]NOTICE: Undefined index: oidD:\wamp\www\shangcheng\App\Home\Controller\TradeController.php (127).
[ 2015-12-11T20:21:38+08:00 ]NOTICE: Undefined index: accountD:\wamp\www\shangcheng\App\Home\Controller\TradeController.php (128).
[ 2015-12-11T20:21:39+08:00 ]NOTICE: Undefined index: oidD:\wamp\www\shangcheng\App\Home\Controller\TradeController.php (127).
[ 2015-12-11T20:21:39+08:00 ]NOTICE: Undefined index: accountD:\wamp\www\shangcheng\App\Home\Controller\TradeController.php (128).
[ 2015-12-11T20:21:40+08:00 ]NOTICE: Undefined index: oidD:\wamp\www\shangcheng\App\Home\Controller\TradeController.php (127).
[ 2015-12-11T20:21:40+08:00 ]NOTICE: Undefined index: accountD:\wamp\www\shangcheng\App\Home\Controller\TradeController.php (128).
[ 2015-12-11T20:55:28+08:00 ]NOTICE: Undefined offset: 3D:\wamp\www\shangcheng\Storage\view\compile\9bdc46234dd8d31c151aa4ad10b10f3b.php (221).
[ 2015-12-11T20:55:28+08:00 ]NOTICE: Undefined offset: 3D:\wamp\www\shangcheng\Storage\view\compile\9bdc46234dd8d31c151aa4ad10b10f3b.php (232).
[ 2015-12-11T20:56:25+08:00 ]NOTICE: Undefined offset: 3D:\wamp\www\shangcheng\Storage\view\compile\9bdc46234dd8d31c151aa4ad10b10f3b.php (221).
[ 2015-12-11T20:56:25+08:00 ]NOTICE: Undefined offset: 3D:\wamp\www\shangcheng\Storage\view\compile\9bdc46234dd8d31c151aa4ad10b10f3b.php (232).
[ 2015-12-11T20:57:22+08:00 ]NOTICE: Undefined offset: 3D:\wamp\www\shangcheng\Storage\view\compile\9bdc46234dd8d31c151aa4ad10b10f3b.php (221).
[ 2015-12-11T20:57:22+08:00 ]NOTICE: Undefined offset: 3D:\wamp\www\shangcheng\Storage\view\compile\9bdc46234dd8d31c151aa4ad10b10f3b.php (232).
[ 2015-12-11T20:58:52+08:00 ]NOTICE: Undefined offset: 3D:\wamp\www\shangcheng\Storage\view\compile\9bdc46234dd8d31c151aa4ad10b10f3b.php (221).
[ 2015-12-11T20:58:52+08:00 ]NOTICE: Undefined offset: 3D:\wamp\www\shangcheng\Storage\view\compile\9bdc46234dd8d31c151aa4ad10b10f3b.php (232).
[ 2015-12-11T20:58:58+08:00 ]NOTICE: Undefined offset: 3D:\wamp\www\shangcheng\Storage\view\compile\9bdc46234dd8d31c151aa4ad10b10f3b.php (221).
[ 2015-12-11T20:58:58+08:00 ]NOTICE: Undefined offset: 3D:\wamp\www\shangcheng\Storage\view\compile\9bdc46234dd8d31c151aa4ad10b10f3b.php (232).
[ 2015-12-11T20:59:23+08:00 ]NOTICE: Undefined offset: 0D:\wamp\www\shangcheng\Storage\view\compile\9bdc46234dd8d31c151aa4ad10b10f3b.php (221).
[ 2015-12-11T20:59:23+08:00 ]NOTICE: Undefined offset: 0D:\wamp\www\shangcheng\Storage\view\compile\9bdc46234dd8d31c151aa4ad10b10f3b.php (232).
[ 2015-12-11T20:59:23+08:00 ]NOTICE: Undefined offset: 3D:\wamp\www\shangcheng\Storage\view\compile\9bdc46234dd8d31c151aa4ad10b10f3b.php (221).
[ 2015-12-11T20:59:23+08:00 ]NOTICE: Undefined offset: 3D:\wamp\www\shangcheng\Storage\view\compile\9bdc46234dd8d31c151aa4ad10b10f3b.php (232).
[ 2015-12-11T21:00:05+08:00 ]NOTICE: Undefined offset: 0D:\wamp\www\shangcheng\Storage\view\compile\9bdc46234dd8d31c151aa4ad10b10f3b.php (221).
[ 2015-12-11T21:00:05+08:00 ]NOTICE: Undefined offset: 0D:\wamp\www\shangcheng\Storage\view\compile\9bdc46234dd8d31c151aa4ad10b10f3b.php (232).
[ 2015-12-11T21:00:05+08:00 ]NOTICE: Undefined offset: 2D:\wamp\www\shangcheng\Storage\view\compile\9bdc46234dd8d31c151aa4ad10b10f3b.php (221).
[ 2015-12-11T21:00:05+08:00 ]NOTICE: Undefined offset: 2D:\wamp\www\shangcheng\Storage\view\compile\9bdc46234dd8d31c151aa4ad10b10f3b.php (232).
[ 2015-12-11T21:00:08+08:00 ]NOTICE: Undefined offset: 0D:\wamp\www\shangcheng\Storage\view\compile\9bdc46234dd8d31c151aa4ad10b10f3b.php (221).
[ 2015-12-11T21:00:08+08:00 ]NOTICE: Undefined offset: 0D:\wamp\www\shangcheng\Storage\view\compile\9bdc46234dd8d31c151aa4ad10b10f3b.php (232).
[ 2015-12-11T21:00:11+08:00 ]NOTICE: Undefined offset: 0D:\wamp\www\shangcheng\Storage\view\compile\9bdc46234dd8d31c151aa4ad10b10f3b.php (221).
[ 2015-12-11T21:00:11+08:00 ]NOTICE: Undefined offset: 0D:\wamp\www\shangcheng\Storage\view\compile\9bdc46234dd8d31c151aa4ad10b10f3b.php (232).
[ 2015-12-11T21:26:32+08:00 ]EXCEPTION: SELECT  *  FROM lashou_user WHERE  username=?  AND  status=?  ;BindParams:array (
  0 => 'pobeizhang',
  1 => '已完成',
)42S22;1054;Unknown column 'status' in 'where clause'
[ 2015-12-11T23:44:59+08:00 ]NOTICE: Undefined variable: errorD:\wamp\www\shangcheng\Storage\view\compile\cff062d8d7c2e62a5401ec21ae15c399.php (148).
[ 2015-12-11T23:44:59+08:00 ]NOTICE: Undefined variable: ordersD:\wamp\www\shangcheng\Storage\view\compile\cff062d8d7c2e62a5401ec21ae15c399.php (179).
[ 2015-12-11T23:44:59+08:00 ]NOTICE: Invalid argument supplied for foreach()D:\wamp\www\shangcheng\Storage\view\compile\cff062d8d7c2e62a5401ec21ae15c399.php (179).
[ 2015-12-11T23:44:59+08:00 ]NOTICE: Undefined variable: numbersD:\wamp\www\shangcheng\Storage\view\compile\cff062d8d7c2e62a5401ec21ae15c399.php (228).
[ 2015-12-11T23:44:59+08:00 ]NOTICE: Undefined variable: accountD:\wamp\www\shangcheng\Storage\view\compile\cff062d8d7c2e62a5401ec21ae15c399.php (230).
[ 2015-12-11T23:50:55+08:00 ]NOTICE: Undefined variable: successD:\wamp\www\shangcheng\Storage\view\compile\cff062d8d7c2e62a5401ec21ae15c399.php (150).
[ 2015-12-11T23:51:11+08:00 ]NOTICE: Undefined variable: successD:\wamp\www\shangcheng\Storage\view\compile\cff062d8d7c2e62a5401ec21ae15c399.php (150).
[ 2015-12-11T23:51:57+08:00 ]NOTICE: Undefined variable: successD:\wamp\www\shangcheng\Storage\view\compile\cff062d8d7c2e62a5401ec21ae15c399.php (150).
[ 2015-12-11T23:52:30+08:00 ]NOTICE: Undefined variable: successD:\wamp\www\shangcheng\Storage\view\compile\cff062d8d7c2e62a5401ec21ae15c399.php (150).
[ 2015-12-11T23:52:32+08:00 ]NOTICE: Undefined variable: successD:\wamp\www\shangcheng\App\Home\Controller\MemberController.php (36).
[ 2015-12-11T23:52:42+08:00 ]NOTICE: Undefined variable: successD:\wamp\www\shangcheng\App\Home\Controller\MemberController.php (36).
[ 2015-12-11T23:53:06+08:00 ]NOTICE: Undefined variable: successD:\wamp\www\shangcheng\Storage\view\compile\cff062d8d7c2e62a5401ec21ae15c399.php (150).
