[ 2015-11-28T12:01:52+08:00 ]EXCEPTION: show columns from `brand` ;BindParams:array (
)3D000;1046;No database selected
[ 2015-11-28T12:02:30+08:00 ]EXCEPTION: SQLSTATE[42000] [1049] Unknown database 'hd_lahsou'
[ 2015-11-28T12:32:06+08:00 ]EXCEPTION: Admin\Controller\LoginController 不存在
[ 2015-11-28T12:32:07+08:00 ]EXCEPTION: Admin\Controller\LoginController 不存在
[ 2015-11-28T12:32:11+08:00 ]EXCEPTION: Admin\Controller\LoginController 不存在
[ 2015-11-28T12:32:31+08:00 ]EXCEPTION: Method Admin\Controller\ShopTypeController::addShopType() does not exist
[ 2015-11-28T12:33:24+08:00 ]EXCEPTION: Method Admin\Controller\ShopTypeController::addShopType() does not exist
[ 2015-11-28T12:35:51+08:00 ]NOTICE: Use of undefined constant Admin - assumed 'Admin'D:\wamp\www\shangcheng\Storage\view\compile\8a7519419d397bd19b432f2110839b6d.php (37).
[ 2015-11-28T12:35:51+08:00 ]NOTICE: Use of undefined constant ShopType - assumed 'ShopType'D:\wamp\www\shangcheng\Storage\view\compile\8a7519419d397bd19b432f2110839b6d.php (37).
[ 2015-11-28T12:35:51+08:00 ]NOTICE: Division by zeroD:\wamp\www\shangcheng\Storage\view\compile\8a7519419d397bd19b432f2110839b6d.php (37).
[ 2015-11-28T12:35:51+08:00 ]NOTICE: Use of undefined constant shopAttribute - assumed 'shopAttribute'D:\wamp\www\shangcheng\Storage\view\compile\8a7519419d397bd19b432f2110839b6d.php (37).
[ 2015-11-28T12:35:51+08:00 ]NOTICE: Division by zeroD:\wamp\www\shangcheng\Storage\view\compile\8a7519419d397bd19b432f2110839b6d.php (37).
[ 2015-11-28T12:35:51+08:00 ]NOTICE: Use of undefined constant Admin - assumed 'Admin'D:\wamp\www\shangcheng\Storage\view\compile\8a7519419d397bd19b432f2110839b6d.php (38).
[ 2015-11-28T12:35:51+08:00 ]NOTICE: Use of undefined constant ShopType - assumed 'ShopType'D:\wamp\www\shangcheng\Storage\view\compile\8a7519419d397bd19b432f2110839b6d.php (38).
[ 2015-11-28T12:35:51+08:00 ]NOTICE: Division by zeroD:\wamp\www\shangcheng\Storage\view\compile\8a7519419d397bd19b432f2110839b6d.php (38).
[ 2015-11-28T12:35:51+08:00 ]NOTICE: Use of undefined constant editShopType - assumed 'editShopType'D:\wamp\www\shangcheng\Storage\view\compile\8a7519419d397bd19b432f2110839b6d.php (38).
[ 2015-11-28T12:35:51+08:00 ]NOTICE: Division by zeroD:\wamp\www\shangcheng\Storage\view\compile\8a7519419d397bd19b432f2110839b6d.php (38).
[ 2015-11-28T12:35:51+08:00 ]NOTICE: Use of undefined constant Admin - assumed 'Admin'D:\wamp\www\shangcheng\Storage\view\compile\8a7519419d397bd19b432f2110839b6d.php (39).
[ 2015-11-28T12:35:51+08:00 ]NOTICE: Use of undefined constant ShopType - assumed 'ShopType'D:\wamp\www\shangcheng\Storage\view\compile\8a7519419d397bd19b432f2110839b6d.php (39).
[ 2015-11-28T12:35:51+08:00 ]NOTICE: Division by zeroD:\wamp\www\shangcheng\Storage\view\compile\8a7519419d397bd19b432f2110839b6d.php (39).
[ 2015-11-28T12:35:51+08:00 ]NOTICE: Use of undefined constant delShopType - assumed 'delShopType'D:\wamp\www\shangcheng\Storage\view\compile\8a7519419d397bd19b432f2110839b6d.php (39).
[ 2015-11-28T12:35:51+08:00 ]NOTICE: Division by zeroD:\wamp\www\shangcheng\Storage\view\compile\8a7519419d397bd19b432f2110839b6d.php (39).
[ 2015-11-28T15:50:25+08:00 ]EXCEPTION: Method Admin\Controller\LoginController::verify?0.24482295592315495() does not exist
[ 2015-11-28T15:50:26+08:00 ]EXCEPTION: Method Admin\Controller\LoginController::verify?0.24482295592315495?0.10053657134994864() does not exist
[ 2015-11-28T15:52:11+08:00 ]EXCEPTION: Method Admin\Controller\LoginController::verify?0.7545535799581558() does not exist
[ 2015-11-28T15:56:09+08:00 ]EXCEPTION: Method Admin\Controller\LoginController::verify?0.4472839003428817() does not exist
[ 2015-11-28T15:56:10+08:00 ]EXCEPTION: Method Admin\Controller\LoginController::verify?0.4472839003428817?0.48562019946984947() does not exist
[ 2015-11-28T15:57:56+08:00 ]EXCEPTION: Method Admin\Controller\LoginController::verify?0.8167796386405826() does not exist
[ 2015-11-28T15:57:57+08:00 ]EXCEPTION: Method Admin\Controller\LoginController::verify?0.8167796386405826?0.6435178879182786() does not exist
[ 2015-11-28T15:57:57+08:00 ]EXCEPTION: Method Admin\Controller\LoginController::verify?0.8167796386405826?0.6435178879182786?0.6903720798436552() does not exist
[ 2015-11-28T15:57:58+08:00 ]EXCEPTION: Method Admin\Controller\LoginController::verify?0.8167796386405826?0.6435178879182786?0.6903720798436552?0.5238415519706905() does not exist
[ 2015-11-28T15:57:58+08:00 ]EXCEPTION: Method Admin\Controller\LoginController::verify?0.8167796386405826?0.6435178879182786?0.6903720798436552?0.5238415519706905?0.9210723335854709() does not exist
[ 2015-11-28T15:58:08+08:00 ]EXCEPTION: Method Admin\Controller\LoginController::verify?0.2544220162089914() does not exist
[ 2015-11-28T15:58:14+08:00 ]EXCEPTION: Method Admin\Controller\LoginController::verify?0.2544220162089914?0.1544289500452578() does not exist
[ 2015-11-28T15:58:15+08:00 ]EXCEPTION: Method Admin\Controller\LoginController::verify?0.2544220162089914?0.1544289500452578?0.24359012371860445() does not exist
[ 2015-11-28T15:58:15+08:00 ]EXCEPTION: Method Admin\Controller\LoginController::verify?0.2544220162089914?0.1544289500452578?0.24359012371860445?0.7186684249900281() does not exist
[ 2015-11-28T15:58:26+08:00 ]EXCEPTION: Method Admin\Controller\LoginController::verify?0.2544220162089914?0.1544289500452578?0.24359012371860445?0.7186684249900281?0.47881400771439075() does not exist
[ 2015-11-28T16:21:16+08:00 ]NOTICE: Undefined index: HTTP_CLIENT_IPD:\wamp\www\shangcheng\App\Admin\Controller\IndexController.php (15).
[ 2015-11-28T16:22:49+08:00 ]NOTICE: Undefined index: HTTP_CLIENT_IPD:\wamp\www\shangcheng\App\Admin\Controller\IndexController.php (15).
[ 2015-11-28T17:14:21+08:00 ]EXCEPTION: Method Admin\Controller\IndexController::info() does not exist
[ 2015-11-28T17:14:26+08:00 ]EXCEPTION: Method Admin\Controller\IndexController::info() does not exist
[ 2015-11-28T19:04:28+08:00 ]NOTICE: Use of undefined constant tavalue - assumed 'tavalue'D:\wamp\www\shangcheng\Storage\view\compile\bc7ff64ebb65f2b7fd466fb8dc652d11.php (45).
[ 2015-11-28T19:05:16+08:00 ]NOTICE: Use of undefined constant tavalue - assumed 'tavalue'D:\wamp\www\shangcheng\Storage\view\compile\bc7ff64ebb65f2b7fd466fb8dc652d11.php (47).
