[ 2015-11-30T08:04:10+08:00 ]NOTICE: Undefined index: tnameD:\wamp\www\shangcheng\Storage\view\compile\d55b049f580e8b1f1641c93aa99ddca1.php (42).
[ 2015-11-30T08:07:41+08:00 ]NOTICE: Undefined index: valueD:\wamp\www\shangcheng\Storage\view\compile\d55b049f580e8b1f1641c93aa99ddca1.php (45).
[ 2015-11-30T08:08:04+08:00 ]NOTICE: Undefined index: taidD:\wamp\www\shangcheng\App\Admin\Model\Type_attr.php (18).
[ 2015-11-30T09:43:58+08:00 ]NOTICE: Undefined index: levelD:\wamp\www\shangcheng\Storage\view\compile\75a2c7abcee189d759c3c12c81f426a5.php (41).
[ 2015-11-30T09:43:58+08:00 ]NOTICE: Undefined index: htmlD:\wamp\www\shangcheng\Storage\view\compile\75a2c7abcee189d759c3c12c81f426a5.php (43).
[ 2015-11-30T09:43:58+08:00 ]NOTICE: Undefined index: levelD:\wamp\www\shangcheng\Storage\view\compile\75a2c7abcee189d759c3c12c81f426a5.php (41).
[ 2015-11-30T09:43:58+08:00 ]NOTICE: Undefined index: htmlD:\wamp\www\shangcheng\Storage\view\compile\75a2c7abcee189d759c3c12c81f426a5.php (43).
[ 2015-11-30T09:43:58+08:00 ]NOTICE: Undefined index: levelD:\wamp\www\shangcheng\Storage\view\compile\75a2c7abcee189d759c3c12c81f426a5.php (41).
[ 2015-11-30T09:43:58+08:00 ]NOTICE: Undefined index: htmlD:\wamp\www\shangcheng\Storage\view\compile\75a2c7abcee189d759c3c12c81f426a5.php (43).
[ 2015-11-30T09:43:58+08:00 ]NOTICE: Undefined index: levelD:\wamp\www\shangcheng\Storage\view\compile\75a2c7abcee189d759c3c12c81f426a5.php (41).
[ 2015-11-30T09:43:58+08:00 ]NOTICE: Undefined index: htmlD:\wamp\www\shangcheng\Storage\view\compile\75a2c7abcee189d759c3c12c81f426a5.php (43).
[ 2015-11-30T09:43:59+08:00 ]NOTICE: Undefined index: levelD:\wamp\www\shangcheng\Storage\view\compile\75a2c7abcee189d759c3c12c81f426a5.php (41).
[ 2015-11-30T09:43:59+08:00 ]NOTICE: Undefined index: htmlD:\wamp\www\shangcheng\Storage\view\compile\75a2c7abcee189d759c3c12c81f426a5.php (43).
[ 2015-11-30T09:43:59+08:00 ]NOTICE: Undefined index: levelD:\wamp\www\shangcheng\Storage\view\compile\75a2c7abcee189d759c3c12c81f426a5.php (41).
[ 2015-11-30T09:43:59+08:00 ]NOTICE: Undefined index: htmlD:\wamp\www\shangcheng\Storage\view\compile\75a2c7abcee189d759c3c12c81f426a5.php (43).
[ 2015-11-30T09:43:59+08:00 ]NOTICE: Undefined index: levelD:\wamp\www\shangcheng\Storage\view\compile\75a2c7abcee189d759c3c12c81f426a5.php (41).
[ 2015-11-30T09:43:59+08:00 ]NOTICE: Undefined index: htmlD:\wamp\www\shangcheng\Storage\view\compile\75a2c7abcee189d759c3c12c81f426a5.php (43).
[ 2015-11-30T09:43:59+08:00 ]NOTICE: Undefined index: levelD:\wamp\www\shangcheng\Storage\view\compile\75a2c7abcee189d759c3c12c81f426a5.php (41).
[ 2015-11-30T09:43:59+08:00 ]NOTICE: Undefined index: htmlD:\wamp\www\shangcheng\Storage\view\compile\75a2c7abcee189d759c3c12c81f426a5.php (43).
[ 2015-11-30T10:14:32+08:00 ]NOTICE: Use of undefined constant __Public__ - assumed '__Public__'D:\wamp\www\shangcheng\Storage\view\compile\b0cef37a0386a1faffd967a594ec1e7e.php (7).
[ 2015-11-30T10:14:32+08:00 ]NOTICE: Use of undefined constant __Public__ - assumed '__Public__'D:\wamp\www\shangcheng\Storage\view\compile\b0cef37a0386a1faffd967a594ec1e7e.php (8).
[ 2015-11-30T10:14:32+08:00 ]NOTICE: Use of undefined constant __Public__ - assumed '__Public__'D:\wamp\www\shangcheng\Storage\view\compile\b0cef37a0386a1faffd967a594ec1e7e.php (9).
[ 2015-11-30T10:14:32+08:00 ]NOTICE: Use of undefined constant __Public__ - assumed '__Public__'D:\wamp\www\shangcheng\Storage\view\compile\b0cef37a0386a1faffd967a594ec1e7e.php (10).
[ 2015-11-30T10:14:32+08:00 ]NOTICE: Use of undefined constant __Public__ - assumed '__Public__'D:\wamp\www\shangcheng\Storage\view\compile\b0cef37a0386a1faffd967a594ec1e7e.php (11).
[ 2015-11-30T10:14:32+08:00 ]NOTICE: Use of undefined constant __Public__ - assumed '__Public__'D:\wamp\www\shangcheng\Storage\view\compile\b0cef37a0386a1faffd967a594ec1e7e.php (12).
[ 2015-11-30T10:14:32+08:00 ]NOTICE: Use of undefined constant __Public__ - assumed '__Public__'D:\wamp\www\shangcheng\Storage\view\compile\b0cef37a0386a1faffd967a594ec1e7e.php (13).
[ 2015-11-30T10:14:32+08:00 ]NOTICE: Use of undefined constant __Public__ - assumed '__Public__'D:\wamp\www\shangcheng\Storage\view\compile\b0cef37a0386a1faffd967a594ec1e7e.php (14).
[ 2015-11-30T10:16:05+08:00 ]NOTICE: Use of undefined constant __Public__ - assumed '__Public__'D:\wamp\www\shangcheng\Storage\view\compile\b0cef37a0386a1faffd967a594ec1e7e.php (7).
[ 2015-11-30T10:16:05+08:00 ]NOTICE: Use of undefined constant __Public__ - assumed '__Public__'D:\wamp\www\shangcheng\Storage\view\compile\b0cef37a0386a1faffd967a594ec1e7e.php (8).
[ 2015-11-30T10:16:05+08:00 ]NOTICE: Use of undefined constant __Public__ - assumed '__Public__'D:\wamp\www\shangcheng\Storage\view\compile\b0cef37a0386a1faffd967a594ec1e7e.php (9).
[ 2015-11-30T10:16:05+08:00 ]NOTICE: Use of undefined constant __Public__ - assumed '__Public__'D:\wamp\www\shangcheng\Storage\view\compile\b0cef37a0386a1faffd967a594ec1e7e.php (10).
[ 2015-11-30T10:16:05+08:00 ]NOTICE: Use of undefined constant __Public__ - assumed '__Public__'D:\wamp\www\shangcheng\Storage\view\compile\b0cef37a0386a1faffd967a594ec1e7e.php (11).
[ 2015-11-30T10:16:05+08:00 ]NOTICE: Use of undefined constant __Public__ - assumed '__Public__'D:\wamp\www\shangcheng\Storage\view\compile\b0cef37a0386a1faffd967a594ec1e7e.php (12).
[ 2015-11-30T10:16:05+08:00 ]NOTICE: Use of undefined constant __Public__ - assumed '__Public__'D:\wamp\www\shangcheng\Storage\view\compile\b0cef37a0386a1faffd967a594ec1e7e.php (13).
[ 2015-11-30T10:16:05+08:00 ]NOTICE: Use of undefined constant __Public__ - assumed '__Public__'D:\wamp\www\shangcheng\Storage\view\compile\b0cef37a0386a1faffd967a594ec1e7e.php (14).
[ 2015-11-30T10:38:17+08:00 ]NOTICE: Use of undefined constant __Public__ - assumed '__Public__'D:\wamp\www\shangcheng\Storage\view\compile\f5ccc5ff1d1b3f86daab7931152720f6.php (6).
[ 2015-11-30T10:38:17+08:00 ]NOTICE: Use of undefined constant __Public__ - assumed '__Public__'D:\wamp\www\shangcheng\Storage\view\compile\f5ccc5ff1d1b3f86daab7931152720f6.php (7).
[ 2015-11-30T10:38:17+08:00 ]NOTICE: Use of undefined constant __Public__ - assumed '__Public__'D:\wamp\www\shangcheng\Storage\view\compile\f5ccc5ff1d1b3f86daab7931152720f6.php (8).
[ 2015-11-30T10:38:17+08:00 ]NOTICE: Use of undefined constant __Public__ - assumed '__Public__'D:\wamp\www\shangcheng\Storage\view\compile\f5ccc5ff1d1b3f86daab7931152720f6.php (9).
[ 2015-11-30T10:38:17+08:00 ]NOTICE: Use of undefined constant __Public__ - assumed '__Public__'D:\wamp\www\shangcheng\Storage\view\compile\f5ccc5ff1d1b3f86daab7931152720f6.php (10).
[ 2015-11-30T11:16:53+08:00 ]NOTICE: Use of undefined constant cname - assumed 'cname'D:\wamp\www\shangcheng\Storage\view\compile\b0cef37a0386a1faffd967a594ec1e7e.php (81).
[ 2015-11-30T11:16:53+08:00 ]NOTICE: Undefined variable: vD:\wamp\www\shangcheng\Storage\view\compile\b0cef37a0386a1faffd967a594ec1e7e.php (81).
[ 2015-11-30T11:16:53+08:00 ]NOTICE: Use of undefined constant cname - assumed 'cname'D:\wamp\www\shangcheng\Storage\view\compile\b0cef37a0386a1faffd967a594ec1e7e.php (81).
[ 2015-11-30T11:16:53+08:00 ]NOTICE: Undefined variable: vD:\wamp\www\shangcheng\Storage\view\compile\b0cef37a0386a1faffd967a594ec1e7e.php (81).
[ 2015-11-30T11:16:53+08:00 ]NOTICE: Use of undefined constant cname - assumed 'cname'D:\wamp\www\shangcheng\Storage\view\compile\b0cef37a0386a1faffd967a594ec1e7e.php (81).
[ 2015-11-30T11:16:53+08:00 ]NOTICE: Undefined variable: vD:\wamp\www\shangcheng\Storage\view\compile\b0cef37a0386a1faffd967a594ec1e7e.php (81).
[ 2015-11-30T11:16:53+08:00 ]NOTICE: Use of undefined constant cname - assumed 'cname'D:\wamp\www\shangcheng\Storage\view\compile\b0cef37a0386a1faffd967a594ec1e7e.php (81).
[ 2015-11-30T11:16:53+08:00 ]NOTICE: Undefined variable: vD:\wamp\www\shangcheng\Storage\view\compile\b0cef37a0386a1faffd967a594ec1e7e.php (81).
[ 2015-11-30T12:02:04+08:00 ]NOTICE: Undefined index: bidD:\wamp\www\shangcheng\App\Admin\Model\Brand.php (10).
[ 2015-11-30T12:03:11+08:00 ]NOTICE: Undefined index: bidD:\wamp\www\shangcheng\App\Admin\Model\Brand.php (10).
[ 2015-11-30T12:22:50+08:00 ]EXCEPTION: 模板不存在:App/Admin/View/Category/addSonCategory.php
[ 2015-11-30T12:24:47+08:00 ]NOTICE: Undefined variable: typesdataD:\wamp\www\shangcheng\Storage\view\compile\0719c062976a38c175e06295090b03ad.php (23).
[ 2015-11-30T12:24:47+08:00 ]NOTICE: Invalid argument supplied for foreach()D:\wamp\www\shangcheng\Storage\view\compile\0719c062976a38c175e06295090b03ad.php (23).
[ 2015-11-30T12:26:24+08:00 ]NOTICE: Undefined variable: typesdataD:\wamp\www\shangcheng\Storage\view\compile\0719c062976a38c175e06295090b03ad.php (23).
[ 2015-11-30T12:26:24+08:00 ]NOTICE: Invalid argument supplied for foreach()D:\wamp\www\shangcheng\Storage\view\compile\0719c062976a38c175e06295090b03ad.php (23).
[ 2015-11-30T12:27:06+08:00 ]NOTICE: Undefined variable: typesdataD:\wamp\www\shangcheng\Storage\view\compile\0719c062976a38c175e06295090b03ad.php (23).
[ 2015-11-30T12:27:06+08:00 ]NOTICE: Invalid argument supplied for foreach()D:\wamp\www\shangcheng\Storage\view\compile\0719c062976a38c175e06295090b03ad.php (23).
[ 2015-11-30T12:27:12+08:00 ]NOTICE: Undefined variable: typesdataD:\wamp\www\shangcheng\Storage\view\compile\0719c062976a38c175e06295090b03ad.php (23).
[ 2015-11-30T12:27:12+08:00 ]NOTICE: Invalid argument supplied for foreach()D:\wamp\www\shangcheng\Storage\view\compile\0719c062976a38c175e06295090b03ad.php (23).
[ 2015-11-30T12:28:52+08:00 ]NOTICE: Undefined index: tnameD:\wamp\www\shangcheng\Storage\view\compile\0719c062976a38c175e06295090b03ad.php (22).
[ 2015-11-30T13:32:51+08:00 ]NOTICE: Undefined index: _cnameD:\wamp\www\shangcheng\Storage\view\compile\75a2c7abcee189d759c3c12c81f426a5.php (50).
[ 2015-11-30T13:32:51+08:00 ]NOTICE: Undefined index: _cnameD:\wamp\www\shangcheng\Storage\view\compile\75a2c7abcee189d759c3c12c81f426a5.php (50).
[ 2015-11-30T13:32:51+08:00 ]NOTICE: Undefined index: _cnameD:\wamp\www\shangcheng\Storage\view\compile\75a2c7abcee189d759c3c12c81f426a5.php (50).
[ 2015-11-30T13:32:51+08:00 ]NOTICE: Undefined index: _cnameD:\wamp\www\shangcheng\Storage\view\compile\75a2c7abcee189d759c3c12c81f426a5.php (50).
[ 2015-11-30T13:32:51+08:00 ]NOTICE: Undefined index: _cnameD:\wamp\www\shangcheng\Storage\view\compile\75a2c7abcee189d759c3c12c81f426a5.php (50).
[ 2015-11-30T13:43:03+08:00 ]NOTICE: Undefined variable: catedataD:\wamp\www\shangcheng\Storage\view\compile\a33444d2cf2e3489fed248b914e9a6c5.php (34).
[ 2015-11-30T13:43:03+08:00 ]NOTICE: Invalid argument supplied for foreach()D:\wamp\www\shangcheng\Storage\view\compile\a33444d2cf2e3489fed248b914e9a6c5.php (34).
[ 2015-11-30T13:46:07+08:00 ]NOTICE: Use of undefined constant scate - assumed 'scate'D:\wamp\www\shangcheng\App\Admin\Controller\CategoryController.php (112).
[ 2015-11-30T13:58:17+08:00 ]EXCEPTION: SELECT  *  FROM lashou_category c LEFT JOIN lashou_category t ON c.pid = t.cid WHERE  pid = ?  ;BindParams:array (
  0 => '2',
)23000;1052;Column 'pid' in where clause is ambiguous
[ 2015-11-30T14:26:36+08:00 ]NOTICE: Use of undefined constant tid - assumed 'tid'D:\wamp\www\shangcheng\Storage\view\compile\a33444d2cf2e3489fed248b914e9a6c5.php (35).
[ 2015-11-30T14:26:36+08:00 ]NOTICE: Use of undefined constant tid - assumed 'tid'D:\wamp\www\shangcheng\Storage\view\compile\a33444d2cf2e3489fed248b914e9a6c5.php (35).
[ 2015-11-30T14:26:36+08:00 ]NOTICE: Use of undefined constant tid - assumed 'tid'D:\wamp\www\shangcheng\Storage\view\compile\a33444d2cf2e3489fed248b914e9a6c5.php (35).
[ 2015-11-30T14:26:36+08:00 ]NOTICE: Use of undefined constant tid - assumed 'tid'D:\wamp\www\shangcheng\Storage\view\compile\a33444d2cf2e3489fed248b914e9a6c5.php (35).
[ 2015-11-30T14:26:36+08:00 ]NOTICE: Use of undefined constant tid - assumed 'tid'D:\wamp\www\shangcheng\Storage\view\compile\a33444d2cf2e3489fed248b914e9a6c5.php (35).
[ 2015-11-30T15:18:31+08:00 ]NOTICE: Undefined index: _cnameD:\wamp\www\shangcheng\Storage\view\compile\a33444d2cf2e3489fed248b914e9a6c5.php (41).
[ 2015-11-30T15:18:31+08:00 ]NOTICE: Undefined index: _cnameD:\wamp\www\shangcheng\Storage\view\compile\a33444d2cf2e3489fed248b914e9a6c5.php (41).
[ 2015-11-30T15:18:31+08:00 ]NOTICE: Undefined index: _cnameD:\wamp\www\shangcheng\Storage\view\compile\a33444d2cf2e3489fed248b914e9a6c5.php (41).
[ 2015-11-30T15:25:32+08:00 ]NOTICE: Undefined variable: cateDateD:\wamp\www\shangcheng\App\Admin\Controller\GoodsController.php (27).
[ 2015-11-30T15:52:08+08:00 ]NOTICE: Missing argument 3 for Hdphp\Data\Data::tree(), called in D:\wamp\www\shangcheng\Hdphp\Kernel\Facade.php on line 48 and definedD:\wamp\www\shangcheng\Hdphp\Data\Data.php (95).
[ 2015-11-30T16:20:04+08:00 ]NOTICE: Undefined index: valueD:\wamp\www\shangcheng\Hdphp\View\HdphpTag.php (151).
